Start auto log messages stack - Iteration 5.	[MsgId: MMSG-10545]
Action.c(57): web_reg_find started  	[MsgId: MMSG-26355]
Action.c(57): Registering web_reg_find was successful  	[MsgId: MMSG-26390]
Action.c(60): web_submit_data("login.pl") started  	[MsgId: MMSG-26355]
Action.c(60): Detected non-resource "http://localhost:1080/cgi-bin/nav.pl?username=user4&password=vuser4" in "http://localhost:1080/cgi-bin/login.pl"  	[MsgId: MMSG-26574]
Action.c(60): Detected non-resource "http://localhost:1080/cgi-bin/error.pl?error=badPassword" in "http://localhost:1080/cgi-bin/login.pl"  	[MsgId: MMSG-26574]
Action.c(60): Resource "http://localhost:1080/WebTours/images/mer_login.gif" is in the cache already and will not be downloaded again  	[MsgId: MMSG-26655]
Action.c(60): Error -26366: "Text=User password was correct" not found for web_reg_find  	[MsgId: MERR-26366]
End auto log messages stack.	[MsgId: MMSG-10544]


Start auto log messages stack - Iteration 6.	[MsgId: MMSG-10545]
Action.c(57): web_reg_find started  	[MsgId: MMSG-26355]
Action.c(57): Registering web_reg_find was successful  	[MsgId: MMSG-26390]
Action.c(60): web_submit_data("login.pl") started  	[MsgId: MMSG-26355]
Action.c(60): Detected non-resource "http://localhost:1080/cgi-bin/nav.pl?username=user5&password=vuser5" in "http://localhost:1080/cgi-bin/login.pl"  	[MsgId: MMSG-26574]
Action.c(60): Detected non-resource "http://localhost:1080/cgi-bin/error.pl?error=badPassword" in "http://localhost:1080/cgi-bin/login.pl"  	[MsgId: MMSG-26574]
Action.c(60): Resource "http://localhost:1080/WebTours/images/mer_login.gif" is in the cache already and will not be downloaded again  	[MsgId: MMSG-26655]
Action.c(60): Error -26366: "Text=User password was correct" not found for web_reg_find  	[MsgId: MERR-26366]
End auto log messages stack.	[MsgId: MMSG-10544]


Start auto log messages stack - Iteration 7.	[MsgId: MMSG-10545]
Action.c(57): web_reg_find started  	[MsgId: MMSG-26355]
Action.c(57): Registering web_reg_find was successful  	[MsgId: MMSG-26390]
Action.c(60): web_submit_data("login.pl") started  	[MsgId: MMSG-26355]
Action.c(60): Detected non-resource "http://localhost:1080/cgi-bin/nav.pl?username=user6&password=vuser6" in "http://localhost:1080/cgi-bin/login.pl"  	[MsgId: MMSG-26574]
Action.c(60): Detected non-resource "http://localhost:1080/cgi-bin/error.pl?error=badPassword" in "http://localhost:1080/cgi-bin/login.pl"  	[MsgId: MMSG-26574]
Action.c(60): Resource "http://localhost:1080/WebTours/images/mer_login.gif" is in the cache already and will not be downloaded again  	[MsgId: MMSG-26655]
Action.c(60): Error -26366: "Text=User password was correct" not found for web_reg_find  	[MsgId: MERR-26366]
End auto log messages stack.	[MsgId: MMSG-10544]


Start auto log messages stack - Iteration 8.	[MsgId: MMSG-10545]
Action.c(57): web_reg_find started  	[MsgId: MMSG-26355]
Action.c(57): Registering web_reg_find was successful  	[MsgId: MMSG-26390]
Action.c(60): web_submit_data("login.pl") started  	[MsgId: MMSG-26355]
Action.c(60): Detected non-resource "http://localhost:1080/cgi-bin/nav.pl?username=user7&password=vuser7" in "http://localhost:1080/cgi-bin/login.pl"  	[MsgId: MMSG-26574]
Action.c(60): Detected non-resource "http://localhost:1080/cgi-bin/error.pl?error=badPassword" in "http://localhost:1080/cgi-bin/login.pl"  	[MsgId: MMSG-26574]
Action.c(60): Resource "http://localhost:1080/WebTours/images/mer_login.gif" is in the cache already and will not be downloaded again  	[MsgId: MMSG-26655]
Action.c(60): Error -26366: "Text=User password was correct" not found for web_reg_find  	[MsgId: MERR-26366]
End auto log messages stack.	[MsgId: MMSG-10544]


Start auto log messages stack - Iteration 9.	[MsgId: MMSG-10545]
Action.c(57): web_reg_find started  	[MsgId: MMSG-26355]
Action.c(57): Registering web_reg_find was successful  	[MsgId: MMSG-26390]
Action.c(60): web_submit_data("login.pl") started  	[MsgId: MMSG-26355]
Action.c(60): Detected non-resource "http://localhost:1080/cgi-bin/nav.pl?username=user8&password=vuser8" in "http://localhost:1080/cgi-bin/login.pl"  	[MsgId: MMSG-26574]
Action.c(60): Detected non-resource "http://localhost:1080/cgi-bin/error.pl?error=badPassword" in "http://localhost:1080/cgi-bin/login.pl"  	[MsgId: MMSG-26574]
Action.c(60): Resource "http://localhost:1080/WebTours/images/mer_login.gif" is in the cache already and will not be downloaded again  	[MsgId: MMSG-26655]
Action.c(60): Error -26366: "Text=User password was correct" not found for web_reg_find  	[MsgId: MERR-26366]
End auto log messages stack.	[MsgId: MMSG-10544]


Start auto log messages stack - Iteration 5.	[MsgId: MMSG-10545]
Action.c(57): web_reg_find started  	[MsgId: MMSG-26355]
Action.c(57): Registering web_reg_find was successful  	[MsgId: MMSG-26390]
Action.c(60): web_submit_data("login.pl") started  	[MsgId: MMSG-26355]
Action.c(60): Detected non-resource "http://localhost:1080/cgi-bin/nav.pl?username=user4&password=vuser4" in "http://localhost:1080/cgi-bin/login.pl"  	[MsgId: MMSG-26574]
Action.c(60): Detected non-resource "http://localhost:1080/cgi-bin/error.pl?error=badPassword" in "http://localhost:1080/cgi-bin/login.pl"  	[MsgId: MMSG-26574]
Action.c(60): Resource "http://localhost:1080/WebTours/images/mer_login.gif" is in the cache already and will not be downloaded again  	[MsgId: MMSG-26655]
Action.c(60): Error -26366: "Text=User password was correct" not found for web_reg_find  	[MsgId: MERR-26366]
End auto log messages stack.	[MsgId: MMSG-10544]


Start auto log messages stack - Iteration 6.	[MsgId: MMSG-10545]
Action.c(57): web_reg_find started  	[MsgId: MMSG-26355]
Action.c(57): Registering web_reg_find was successful  	[MsgId: MMSG-26390]
Action.c(60): web_submit_data("login.pl") started  	[MsgId: MMSG-26355]
Action.c(60): Detected non-resource "http://localhost:1080/cgi-bin/nav.pl?username=user5&password=vuser5" in "http://localhost:1080/cgi-bin/login.pl"  	[MsgId: MMSG-26574]
Action.c(60): Detected non-resource "http://localhost:1080/cgi-bin/error.pl?error=badPassword" in "http://localhost:1080/cgi-bin/login.pl"  	[MsgId: MMSG-26574]
Action.c(60): Resource "http://localhost:1080/WebTours/images/mer_login.gif" is in the cache already and will not be downloaded again  	[MsgId: MMSG-26655]
Action.c(60): Error -26366: "Text=User password was correct" not found for web_reg_find  	[MsgId: MERR-26366]
End auto log messages stack.	[MsgId: MMSG-10544]


Start auto log messages stack - Iteration 7.	[MsgId: MMSG-10545]
Action.c(57): web_reg_find started  	[MsgId: MMSG-26355]
Action.c(57): Registering web_reg_find was successful  	[MsgId: MMSG-26390]
Action.c(60): web_submit_data("login.pl") started  	[MsgId: MMSG-26355]
Action.c(60): Detected non-resource "http://localhost:1080/cgi-bin/nav.pl?username=user6&password=vuser6" in "http://localhost:1080/cgi-bin/login.pl"  	[MsgId: MMSG-26574]
Action.c(60): Detected non-resource "http://localhost:1080/cgi-bin/error.pl?error=badPassword" in "http://localhost:1080/cgi-bin/login.pl"  	[MsgId: MMSG-26574]
Action.c(60): Resource "http://localhost:1080/WebTours/images/mer_login.gif" is in the cache already and will not be downloaded again  	[MsgId: MMSG-26655]
Action.c(60): Error -26366: "Text=User password was correct" not found for web_reg_find  	[MsgId: MERR-26366]
End auto log messages stack.	[MsgId: MMSG-10544]


Start auto log messages stack - Iteration 8.	[MsgId: MMSG-10545]
Action.c(57): web_reg_find started  	[MsgId: MMSG-26355]
Action.c(57): Registering web_reg_find was successful  	[MsgId: MMSG-26390]
Action.c(60): web_submit_data("login.pl") started  	[MsgId: MMSG-26355]
Action.c(60): Detected non-resource "http://localhost:1080/cgi-bin/nav.pl?username=user7&password=vuser7" in "http://localhost:1080/cgi-bin/login.pl"  	[MsgId: MMSG-26574]
Action.c(60): Detected non-resource "http://localhost:1080/cgi-bin/error.pl?error=badPassword" in "http://localhost:1080/cgi-bin/login.pl"  	[MsgId: MMSG-26574]
Action.c(60): Resource "http://localhost:1080/WebTours/images/mer_login.gif" is in the cache already and will not be downloaded again  	[MsgId: MMSG-26655]
Action.c(60): Error -26366: "Text=User password was correct" not found for web_reg_find  	[MsgId: MERR-26366]
End auto log messages stack.	[MsgId: MMSG-10544]


Start auto log messages stack - Iteration 9.	[MsgId: MMSG-10545]
Action.c(57): web_reg_find started  	[MsgId: MMSG-26355]
Action.c(57): Registering web_reg_find was successful  	[MsgId: MMSG-26390]
Action.c(60): web_submit_data("login.pl") started  	[MsgId: MMSG-26355]
Action.c(60): Detected non-resource "http://localhost:1080/cgi-bin/nav.pl?username=user8&password=vuser8" in "http://localhost:1080/cgi-bin/login.pl"  	[MsgId: MMSG-26574]
Action.c(60): Detected non-resource "http://localhost:1080/cgi-bin/error.pl?error=badPassword" in "http://localhost:1080/cgi-bin/login.pl"  	[MsgId: MMSG-26574]
Action.c(60): Resource "http://localhost:1080/WebTours/images/mer_login.gif" is in the cache already and will not be downloaded again  	[MsgId: MMSG-26655]
Action.c(60): Error -26366: "Text=User password was correct" not found for web_reg_find  	[MsgId: MERR-26366]
End auto log messages stack.	[MsgId: MMSG-10544]


Start auto log messages stack - Iteration 14.	[MsgId: MMSG-10545]
Action.c(57): web_reg_find started  	[MsgId: MMSG-26355]
Action.c(57): Registering web_reg_find was successful  	[MsgId: MMSG-26390]
Action.c(60): web_submit_data("login.pl") started  	[MsgId: MMSG-26355]
Action.c(60): Detected non-resource "http://localhost:1080/cgi-bin/nav.pl?username=user4&password=vuser4" in "http://localhost:1080/cgi-bin/login.pl"  	[MsgId: MMSG-26574]
Action.c(60): Detected non-resource "http://localhost:1080/cgi-bin/error.pl?error=badPassword" in "http://localhost:1080/cgi-bin/login.pl"  	[MsgId: MMSG-26574]
Action.c(60): Resource "http://localhost:1080/WebTours/images/mer_login.gif" is in the cache already and will not be downloaded again  	[MsgId: MMSG-26655]
Action.c(60): Error -26366: "Text=User password was correct" not found for web_reg_find  	[MsgId: MERR-26366]
End auto log messages stack.	[MsgId: MMSG-10544]


Start auto log messages stack - Iteration 15.	[MsgId: MMSG-10545]
Action.c(57): web_reg_find started  	[MsgId: MMSG-26355]
Action.c(57): Registering web_reg_find was successful  	[MsgId: MMSG-26390]
Action.c(60): web_submit_data("login.pl") started  	[MsgId: MMSG-26355]
Action.c(60): Detected non-resource "http://localhost:1080/cgi-bin/nav.pl?username=user5&password=vuser5" in "http://localhost:1080/cgi-bin/login.pl"  	[MsgId: MMSG-26574]
Action.c(60): Detected non-resource "http://localhost:1080/cgi-bin/error.pl?error=badPassword" in "http://localhost:1080/cgi-bin/login.pl"  	[MsgId: MMSG-26574]
Action.c(60): Resource "http://localhost:1080/WebTours/images/mer_login.gif" is in the cache already and will not be downloaded again  	[MsgId: MMSG-26655]
Action.c(60): Error -26366: "Text=User password was correct" not found for web_reg_find  	[MsgId: MERR-26366]
End auto log messages stack.	[MsgId: MMSG-10544]


Start auto log messages stack - Iteration 16.	[MsgId: MMSG-10545]
Action.c(57): web_reg_find started  	[MsgId: MMSG-26355]
Action.c(57): Registering web_reg_find was successful  	[MsgId: MMSG-26390]
Action.c(60): web_submit_data("login.pl") started  	[MsgId: MMSG-26355]
Action.c(60): Detected non-resource "http://localhost:1080/cgi-bin/nav.pl?username=user6&password=vuser6" in "http://localhost:1080/cgi-bin/login.pl"  	[MsgId: MMSG-26574]
Action.c(60): Detected non-resource "http://localhost:1080/cgi-bin/error.pl?error=badPassword" in "http://localhost:1080/cgi-bin/login.pl"  	[MsgId: MMSG-26574]
Action.c(60): Resource "http://localhost:1080/WebTours/images/mer_login.gif" is in the cache already and will not be downloaded again  	[MsgId: MMSG-26655]
Action.c(60): Error -26366: "Text=User password was correct" not found for web_reg_find  	[MsgId: MERR-26366]
End auto log messages stack.	[MsgId: MMSG-10544]


Start auto log messages stack - Iteration 17.	[MsgId: MMSG-10545]
Action.c(57): web_reg_find started  	[MsgId: MMSG-26355]
Action.c(57): Registering web_reg_find was successful  	[MsgId: MMSG-26390]
Action.c(60): web_submit_data("login.pl") started  	[MsgId: MMSG-26355]
Action.c(60): Detected non-resource "http://localhost:1080/cgi-bin/nav.pl?username=user7&password=vuser7" in "http://localhost:1080/cgi-bin/login.pl"  	[MsgId: MMSG-26574]
Action.c(60): Detected non-resource "http://localhost:1080/cgi-bin/error.pl?error=badPassword" in "http://localhost:1080/cgi-bin/login.pl"  	[MsgId: MMSG-26574]
Action.c(60): Resource "http://localhost:1080/WebTours/images/mer_login.gif" is in the cache already and will not be downloaded again  	[MsgId: MMSG-26655]
Action.c(60): Error -26366: "Text=User password was correct" not found for web_reg_find  	[MsgId: MERR-26366]
End auto log messages stack.	[MsgId: MMSG-10544]


Start auto log messages stack - Iteration 18.	[MsgId: MMSG-10545]
Action.c(57): web_reg_find started  	[MsgId: MMSG-26355]
Action.c(57): Registering web_reg_find was successful  	[MsgId: MMSG-26390]
Action.c(60): web_submit_data("login.pl") started  	[MsgId: MMSG-26355]
Action.c(60): Detected non-resource "http://localhost:1080/cgi-bin/nav.pl?username=user8&password=vuser8" in "http://localhost:1080/cgi-bin/login.pl"  	[MsgId: MMSG-26574]
Action.c(60): Detected non-resource "http://localhost:1080/cgi-bin/error.pl?error=badPassword" in "http://localhost:1080/cgi-bin/login.pl"  	[MsgId: MMSG-26574]
Action.c(60): Resource "http://localhost:1080/WebTours/images/mer_login.gif" is in the cache already and will not be downloaded again  	[MsgId: MMSG-26655]
Action.c(60): Error -26366: "Text=User password was correct" not found for web_reg_find  	[MsgId: MERR-26366]
End auto log messages stack.	[MsgId: MMSG-10544]


Start auto log messages stack - Iteration 14.	[MsgId: MMSG-10545]
Action.c(57): web_reg_find started  	[MsgId: MMSG-26355]
Action.c(57): Registering web_reg_find was successful  	[MsgId: MMSG-26390]
Action.c(60): web_submit_data("login.pl") started  	[MsgId: MMSG-26355]
Action.c(60): Detected non-resource "http://localhost:1080/cgi-bin/nav.pl?username=user4&password=vuser4" in "http://localhost:1080/cgi-bin/login.pl"  	[MsgId: MMSG-26574]
Action.c(60): Detected non-resource "http://localhost:1080/cgi-bin/error.pl?error=badPassword" in "http://localhost:1080/cgi-bin/login.pl"  	[MsgId: MMSG-26574]
Action.c(60): Resource "http://localhost:1080/WebTours/images/mer_login.gif" is in the cache already and will not be downloaded again  	[MsgId: MMSG-26655]
Action.c(60): Error -26366: "Text=User password was correct" not found for web_reg_find  	[MsgId: MERR-26366]
End auto log messages stack.	[MsgId: MMSG-10544]


Start auto log messages stack - Iteration 15.	[MsgId: MMSG-10545]
Action.c(57): web_reg_find started  	[MsgId: MMSG-26355]
Action.c(57): Registering web_reg_find was successful  	[MsgId: MMSG-26390]
Action.c(60): web_submit_data("login.pl") started  	[MsgId: MMSG-26355]
Action.c(60): Detected non-resource "http://localhost:1080/cgi-bin/nav.pl?username=user5&password=vuser5" in "http://localhost:1080/cgi-bin/login.pl"  	[MsgId: MMSG-26574]
Action.c(60): Detected non-resource "http://localhost:1080/cgi-bin/error.pl?error=badPassword" in "http://localhost:1080/cgi-bin/login.pl"  	[MsgId: MMSG-26574]
Action.c(60): Resource "http://localhost:1080/WebTours/images/mer_login.gif" is in the cache already and will not be downloaded again  	[MsgId: MMSG-26655]
Action.c(60): Error -26366: "Text=User password was correct" not found for web_reg_find  	[MsgId: MERR-26366]
End auto log messages stack.	[MsgId: MMSG-10544]


Start auto log messages stack - Iteration 16.	[MsgId: MMSG-10545]
Action.c(57): web_reg_find started  	[MsgId: MMSG-26355]
Action.c(57): Registering web_reg_find was successful  	[MsgId: MMSG-26390]
Action.c(60): web_submit_data("login.pl") started  	[MsgId: MMSG-26355]
Action.c(60): Detected non-resource "http://localhost:1080/cgi-bin/nav.pl?username=user6&password=vuser6" in "http://localhost:1080/cgi-bin/login.pl"  	[MsgId: MMSG-26574]
Action.c(60): Detected non-resource "http://localhost:1080/cgi-bin/error.pl?error=badPassword" in "http://localhost:1080/cgi-bin/login.pl"  	[MsgId: MMSG-26574]
Action.c(60): Resource "http://localhost:1080/WebTours/images/mer_login.gif" is in the cache already and will not be downloaded again  	[MsgId: MMSG-26655]
Action.c(60): Error -26366: "Text=User password was correct" not found for web_reg_find  	[MsgId: MERR-26366]
End auto log messages stack.	[MsgId: MMSG-10544]


Start auto log messages stack - Iteration 17.	[MsgId: MMSG-10545]
Action.c(57): web_reg_find started  	[MsgId: MMSG-26355]
Action.c(57): Registering web_reg_find was successful  	[MsgId: MMSG-26390]
Action.c(60): web_submit_data("login.pl") started  	[MsgId: MMSG-26355]
Action.c(60): Detected non-resource "http://localhost:1080/cgi-bin/nav.pl?username=user7&password=vuser7" in "http://localhost:1080/cgi-bin/login.pl"  	[MsgId: MMSG-26574]
Action.c(60): Detected non-resource "http://localhost:1080/cgi-bin/error.pl?error=badPassword" in "http://localhost:1080/cgi-bin/login.pl"  	[MsgId: MMSG-26574]
Action.c(60): Resource "http://localhost:1080/WebTours/images/mer_login.gif" is in the cache already and will not be downloaded again  	[MsgId: MMSG-26655]
Action.c(60): Error -26366: "Text=User password was correct" not found for web_reg_find  	[MsgId: MERR-26366]
End auto log messages stack.	[MsgId: MMSG-10544]


Start auto log messages stack - Iteration 18.	[MsgId: MMSG-10545]
Action.c(57): web_reg_find started  	[MsgId: MMSG-26355]
Action.c(57): Registering web_reg_find was successful  	[MsgId: MMSG-26390]
Action.c(60): web_submit_data("login.pl") started  	[MsgId: MMSG-26355]
Action.c(60): Detected non-resource "http://localhost:1080/cgi-bin/nav.pl?username=user8&password=vuser8" in "http://localhost:1080/cgi-bin/login.pl"  	[MsgId: MMSG-26574]
Action.c(60): Detected non-resource "http://localhost:1080/cgi-bin/error.pl?error=badPassword" in "http://localhost:1080/cgi-bin/login.pl"  	[MsgId: MMSG-26574]
Action.c(60): Resource "http://localhost:1080/WebTours/images/mer_login.gif" is in the cache already and will not be downloaded again  	[MsgId: MMSG-26655]
Action.c(60): Error -26366: "Text=User password was correct" not found for web_reg_find  	[MsgId: MERR-26366]
End auto log messages stack.	[MsgId: MMSG-10544]


Start auto log messages stack - Iteration 23.	[MsgId: MMSG-10545]
Action.c(57): web_reg_find started  	[MsgId: MMSG-26355]
Action.c(57): Registering web_reg_find was successful  	[MsgId: MMSG-26390]
Action.c(60): web_submit_data("login.pl") started  	[MsgId: MMSG-26355]
Action.c(60): Detected non-resource "http://localhost:1080/cgi-bin/nav.pl?username=user4&password=vuser4" in "http://localhost:1080/cgi-bin/login.pl"  	[MsgId: MMSG-26574]
Action.c(60): Detected non-resource "http://localhost:1080/cgi-bin/error.pl?error=badPassword" in "http://localhost:1080/cgi-bin/login.pl"  	[MsgId: MMSG-26574]
Action.c(60): Resource "http://localhost:1080/WebTours/images/mer_login.gif" is in the cache already and will not be downloaded again  	[MsgId: MMSG-26655]
Action.c(60): Error -26366: "Text=User password was correct" not found for web_reg_find  	[MsgId: MERR-26366]
End auto log messages stack.	[MsgId: MMSG-10544]


Start auto log messages stack - Iteration 24.	[MsgId: MMSG-10545]
Action.c(57): web_reg_find started  	[MsgId: MMSG-26355]
Action.c(57): Registering web_reg_find was successful  	[MsgId: MMSG-26390]
Action.c(60): web_submit_data("login.pl") started  	[MsgId: MMSG-26355]
Action.c(60): Detected non-resource "http://localhost:1080/cgi-bin/nav.pl?username=user5&password=vuser5" in "http://localhost:1080/cgi-bin/login.pl"  	[MsgId: MMSG-26574]
Action.c(60): Detected non-resource "http://localhost:1080/cgi-bin/error.pl?error=badPassword" in "http://localhost:1080/cgi-bin/login.pl"  	[MsgId: MMSG-26574]
Action.c(60): Resource "http://localhost:1080/WebTours/images/mer_login.gif" is in the cache already and will not be downloaded again  	[MsgId: MMSG-26655]
Action.c(60): Error -26366: "Text=User password was correct" not found for web_reg_find  	[MsgId: MERR-26366]
End auto log messages stack.	[MsgId: MMSG-10544]


Start auto log messages stack - Iteration 25.	[MsgId: MMSG-10545]
Action.c(57): web_reg_find started  	[MsgId: MMSG-26355]
Action.c(57): Registering web_reg_find was successful  	[MsgId: MMSG-26390]
Action.c(60): web_submit_data("login.pl") started  	[MsgId: MMSG-26355]
Action.c(60): Detected non-resource "http://localhost:1080/cgi-bin/nav.pl?username=user6&password=vuser6" in "http://localhost:1080/cgi-bin/login.pl"  	[MsgId: MMSG-26574]
Action.c(60): Detected non-resource "http://localhost:1080/cgi-bin/error.pl?error=badPassword" in "http://localhost:1080/cgi-bin/login.pl"  	[MsgId: MMSG-26574]
Action.c(60): Resource "http://localhost:1080/WebTours/images/mer_login.gif" is in the cache already and will not be downloaded again  	[MsgId: MMSG-26655]
Action.c(60): Error -26366: "Text=User password was correct" not found for web_reg_find  	[MsgId: MERR-26366]
End auto log messages stack.	[MsgId: MMSG-10544]


Start auto log messages stack - Iteration 26.	[MsgId: MMSG-10545]
Action.c(57): web_reg_find started  	[MsgId: MMSG-26355]
Action.c(57): Registering web_reg_find was successful  	[MsgId: MMSG-26390]
Action.c(60): web_submit_data("login.pl") started  	[MsgId: MMSG-26355]
Action.c(60): Detected non-resource "http://localhost:1080/cgi-bin/nav.pl?username=user7&password=vuser7" in "http://localhost:1080/cgi-bin/login.pl"  	[MsgId: MMSG-26574]
Action.c(60): Detected non-resource "http://localhost:1080/cgi-bin/error.pl?error=badPassword" in "http://localhost:1080/cgi-bin/login.pl"  	[MsgId: MMSG-26574]
Action.c(60): Resource "http://localhost:1080/WebTours/images/mer_login.gif" is in the cache already and will not be downloaded again  	[MsgId: MMSG-26655]
Action.c(60): Error -26366: "Text=User password was correct" not found for web_reg_find  	[MsgId: MERR-26366]
End auto log messages stack.	[MsgId: MMSG-10544]


Start auto log messages stack - Iteration 27.	[MsgId: MMSG-10545]
Action.c(57): web_reg_find started  	[MsgId: MMSG-26355]
Action.c(57): Registering web_reg_find was successful  	[MsgId: MMSG-26390]
Action.c(60): web_submit_data("login.pl") started  	[MsgId: MMSG-26355]
Action.c(60): Detected non-resource "http://localhost:1080/cgi-bin/nav.pl?username=user8&password=vuser8" in "http://localhost:1080/cgi-bin/login.pl"  	[MsgId: MMSG-26574]
Action.c(60): Detected non-resource "http://localhost:1080/cgi-bin/error.pl?error=badPassword" in "http://localhost:1080/cgi-bin/login.pl"  	[MsgId: MMSG-26574]
Action.c(60): Resource "http://localhost:1080/WebTours/images/mer_login.gif" is in the cache already and will not be downloaded again  	[MsgId: MMSG-26655]
Action.c(60): Error -26366: "Text=User password was correct" not found for web_reg_find  	[MsgId: MERR-26366]
End auto log messages stack.	[MsgId: MMSG-10544]


