Action.c(92):       <TD width="45%" valign=top><b>Invoice sent to:</b><br/>\n
Action.c(92):           <center>\n
Action.c(92):           <Table width="80%" cellspacing="0" > <tr> <td>\n
Action.c(92):               User5 Userovich\n
Action.c(92):     <br/>\n
Action.c(92):               <br/>\n
Action.c(92):               <br/>\n
Action.c(92):               <br/>\n
Action.c(92):               Total Charge: $ 621 <BR/> (CC: x-7789)\n
Action.c(92):           </td> </tr> </table>\n
Action.c(92):           </center>\n
Action.c(92):       </TD>\n
Action.c(92):     </TR>\n
Action.c(92):     <TR bgcolor="#EFF2F7">\n
Action.c(92):       <TD COLSPAN="3">\n
Action.c(92):       <b>Flight Details:</b><BR/>  <center>\n
Action.c(92):       05/25/2020\n
Action.c(92):      :  8am : Flight 450 leaves Paris  for Portland.<br>  </center>\n
Action.c(92):       </TD>\n
Action.c(92):     </TR>\n
Action.c(92):     \n
Action.c(92):     <TR bgcolor="#EFF2F7">\n
Action.c(92):       <TD COLSPAN="4">\n
Action.c(92):       <hr/>\n
Action.c(92):       </TD>\n
Action.c(92):     </TR>\n
Action.c(92):     \n
Action.c(92):     <!-- Flight #1 -->\n
Action.c(92):     <TR bgcolor="#EFF2F7">\n
Action.c(92):       <TD width="5%" rowspan="2" align="left" valign="top">\n
Action.c(92):     <b>\n
Action.c(92):     <label><input type="checkbox" name="463" value="on" /></label></font></b>\n
Action.c(92):     <input type="hidden" name="flightID" value="28849483-35620-UU"  />\n
Action.c(92):       </TD>\n
Action.c(92):       <TD width="45%" valign="top">\n
Action.c(92):           <b>&nbsp;&nbsp;A Coach class ticket for :</b><br/>\n
Action.c(92):           <center><table border="0" width="85%"><tr><td>\n
Action.c(92):           <li><i>User5 Userovich\n
Action.c(92):           <li><i></i>\n
Action.c(92):           </td></tr></table></center>\n
Action.c(92):       </TD>\n
Action.c(92):       <TD width="5%" >.<br/>.<br/>.<br/>.</TD>\n
Action.c(92):       <TD width="45%" valign=top><b>Invoice sent to:</b><br/>\n
Action.c(92):           <center>\n
Action.c(92):           <Table width="80%" cellspacing="0" > <tr> <td>\n
Action.c(92):               User5 Userovich\n
Action.c(92):     <br/>\n
Action.c(92):               <br/>\n
Action.c(92):               <br/>\n
Action.c(92):               <br/>\n
Action.c(92):               Total Charge: $ 60 <BR/> (CC: x-7789)\n
Action.c(92):           </td> </tr> </table>\n
Action.c(92):           </center>\n
Action.c(92):       </TD>\n
Action.c(92):     </TR>\n
Action.c(92):     <TR bgcolor="#EFF2F7">\n
Action.c(92):       <TD COLSPAN="3">\n
Action.c(92):       <b>Flight Details:</b><BR/>  <center>\n
Action.c(92):       05/25/2020\n
Action.c(92):      :  8am : Flight 360 leaves Los Angeles  for San Francisco.<br>  </center>\n
Action.c(92):       </TD>\n
Action.c(92):     </TR>\n
Action.c(92):     \n
Action.c(92):     <TR bgcolor="#EFF2F7">\n
Action.c(92):       <TD COLSPAN="4">\n
Action.c(92):       <hr/>\n
Action.c(92):       </TD>\n
Action.c(92):     </TR>\n
Action.c(92):     \n
Action.c(92):     <!-- Flight #1 -->\n
Action.c(92):     <TR bgcolor="#EFF2F7">\n
Action.c(92):       <TD width="5%" rowspan="2" align="left" valign="top">\n
Action.c(92):     <b>\n
Action.c(92):     <label><input type="checkbox" name="464" value="on" /></label></font></b>\n
Action.c(92):     <input type="hidden" name="flightID" value="28849483-35696-UU"  />\n
Action.c(92):       </TD>\n
Action.c(92):       <TD width="45%" valign="top">\n
Action.c(92):           <b>&nbsp;&nbsp;A Coach class ticket for :</b><br/>\n
Action.c(92):           <center><table border="0" width="85%"><tr><td>\n
Action.c(92):           <li><i>User5 Userovich\n
Action.c(92):           <li><i></i>\n
Action.c(92):           </td></tr></table></center>\n
Action.c(92):       </TD>\n
Action.c(92):       <TD width="5%" >.<br/>.<br/>.<br/>.</TD>\n
Action.c(92):       <TD width="45%" valign=top><b>Invoice sent to:</b><br/>\n
Action.c(92):           <center>\n
Action.c(92):           <Table width="80%" cellspacing="0" > <tr> <td>\n
Action.c(92):               User5 Userovich\n
Action.c(92):     <br/>\n
Action.c(92):               <br/>\n
Action.c(92):               <br/>\n
Action.c(92):               <br/>\n
Action.c(92):               Total Charge: $ 60 <BR/> (CC: x-7789)\n
Action.c(92):           </td> </tr> </table>\n
Action.c(92):           </center>\n
Action.c(92):       </TD>\n
Action.c(92):     </TR>\n
Action.c(92):     <TR bgcolor="#EFF2F7">\n
Action.c(92):       <TD COLSPAN="3">\n
Action.c(92):       <b>Flight Details:</b><BR/>  <center>\n
Action.c(92):       05/25/2020\n
Action.c(92):      :  8am : Flight 360 leaves Los Angeles  for San Francisco.<br>  </center>\n
Action.c(92):       </TD>\n
Action.c(92):     </TR>\n
Action.c(92):     \n
Action.c(92):     <TR bgcolor="#EFF2F7">\n
Action.c(92):       <TD COLSPAN="4">\n
Action.c(92):       <hr/>\n
Action.c(92):       </TD>\n
Action.c(92):     </TR>\n
Action.c(92):     \n
Action.c(92):     <!-- Flight #1 -->\n
Action.c(92):     <TR bgcolor="#EFF2F7">\n
Action.c(92):       <TD width="5%" rowspan="2" align="left" valign="top">\n
Action.c(92):     <b>\n
Action.c(92):     <label><input type="checkbox" name="465" value="on" /></label></font></b>\n
Action.c(92):     <input type="hidden" name="flightID" value="28849483-35773-UU"  />\n
Action.c(92):       </TD>\n
Action.c(92):       <TD width="45%" valign="top">\n
Action.c(92):           <b>&nbsp;&nbsp;A Coach class ticket for :</b><br/>\n
Action.c(92):           <center><table border="0" width="85%"><tr><td>\n
Action.c(92):           <li><i>User5 Userovich\n
Action.c(92):           <li><i></i>\n
Action.c(92):           </td></tr></table></center>\n
Action.c(92):       </TD>\n
Action.c(92):       <TD width="5%" >.<br/>.<br/>.<br/>.</TD>\n
Action.c(92):       <TD width="45%" valign=top><b>Invoice sent to:</b><br/>\n
Action.c(92):           <center>\n
Action.c(92):           <Table width="80%" cellspacing="0" > <tr> <td>\n
Action.c(92):               User5 Userovich\n
Action.c(92):     <br/>\n
Action.c(92):               <br/>\n
Action.c(92):               <br/>\n
Action.c(92):               <br/>\n
Action.c(92):               Total Charge: $ 60 <BR/> (CC: x-7789)\n
Action.c(92):           </td> </tr> </table>\n
Action.c(92):           </center>\n
Action.c(92):       </TD>\n
Action.c(92):     </TR>\n
Action.c(92):     <TR bgcolor="#EFF2F7">\n
Action.c(92):       <TD COLSPAN="3">\n
Action.c(92):       <b>Flight Details:</b><BR/>  <center>\n
Action.c(92):       05/25/2020\n
Action.c(92):      :  8am : Flight 360 leaves Los Angeles  for San Francisco.<br>  </center>\n
Action.c(92):       </TD>\n
Action.c(92):     </TR>\n
Action.c(92):     \n
Action.c(92):     <TR bgcolor="#EFF2F7">\n
Action.c(92):       <TD COLSPAN="4">\n
Action.c(92):       <hr/>\n
Action.c(92):       </TD>\n
Action.c(92):     </TR>\n
Action.c(92):     \n
Action.c(92):     <!-- Flight #1 -->\n
Action.c(92):     <TR bgcolor="#EFF2F7">\n
Action.c(92):       <TD width="5%" rowspan="2" align="left" valign="top">\n
Action.c(92):     <b>\n
Action.c(92):     <label><input type="checkbox" name="466" value="on" /></label></font></b>\n
Action.c(92):     <input type="hidden" name="flightID" value="28849483-35850-UU"  />\n
Action.c(92):       </TD>\n
Action.c(92):       <TD width="45%" valign="top">\n
Action.c(92):           <b>&nbsp;&nbsp;A Coach class ticket for :</b><br/>\n
Action.c(92):           <center><table border="0" width="85%"><tr><td>\n
Action.c(92):           <li><i>User5 Userovich\n
Action.c(92):           <li><i></i>\n
Action.c(92):           </td></tr></table></center>\n
Action.c(92):       </TD>\n
Action.c(92):       <TD width="5%" >.<br/>.<br/>.<br/>.</TD>\n
Action.c(92):       <TD width="45%" valign=top><b>Invoice sent to:</b><br/>\n
Action.c(92):           <center>\n
Action.c(92):           <Table width="80%" cellspacing="0" > <tr> <td>\n
Action.c(92):               User5 Userovich\n
Action.c(92):     <br/>\n
Action.c(92):               <br/>\n
Action.c(92):               <br/>\n
Action.c(92):               <br/>\n
Action.c(92):               Total Charge: $ 60 <BR/> (CC: x-7789)\n
Action.c(92):           </td> </tr> </table>\n
Action.c(92):           </center>\n
Action.c(92):       </TD>\n
Action.c(92):     </TR>\n
Action.c(92):     <TR bgcolor="#EFF2F7">\n
Action.c(92):       <TD COLSPAN="3">\n
Action.c(92):       <b>Flight Details:</b><BR/>  <center>\n
Action.c(92):       05/25/2020\n
Action.c(92):      :  8am : Flight 360 leaves Los Angeles  for San Francisco.<br>  </center>\n
Action.c(92):       </TD>\n
Action.c(92):     </TR>\n
Action.c(92):     \n
Action.c(92):     <TR bgcolor="#EFF2F7">\n
Action.c(92):       <TD COLSPAN="4">\n
Action.c(92):       <hr/>\n
Action.c(92):       </TD>\n
Action.c(92):     </TR>\n
Action.c(92):     \n
Action.c(92):     <!-- Flight #1 -->\n
Action.c(92):     <TR bgcolor="#EFF2F7">\n
Action.c(92):       <TD width="5%" rowspan="2" align="left" valign="top">\n
Action.c(92):     <b>\n
Action.c(92):     <label><input type="checkbox" name="467" value="on" /></label></font></b>\n
Action.c(92):     <input type="hidden" name="flightID" value="28849483-35927-UU"  />\n
Action.c(92):       </TD>\n
Action.c(92):       <TD width="45%" valign="top">\n
Action.c(92):           <b>&nbsp;&nbsp;A Coach class ticket for :</b><br/>\n
Action.c(92):           <center><table border="0" width="85%"><tr><td>\n
Action.c(92):           <li><i>User5 Userovich\n
Action.c(92):           <li><i></i>\n
Action.c(92):           </td></tr></table></center>\n
Action.c(92):       </TD>\n
Action.c(92):       <TD width="5%" >.<br/>.<br/>.<br/>.</TD>\n
Action.c(92):       <TD width="45%" valign=top><b>Invoice sent to:</b><br/>\n
Action.c(92):           <center>\n
Action.c(92):           <Table width="80%" cellspacing="0" > <tr> <td>\n
Action.c(92):               User5 Userovich\n
Action.c(92):     <br/>\n
Action.c(92):               <br/>\n
Action.c(92):               <br/>\n
Action.c(92):               <br/>\n
Action.c(92):               Total Charge: $ 60 <BR/> (CC: x-7789)\n
Action.c(92):           </td> </tr> </table>\n
Action.c(92):           </center>\n
Action.c(92):       </TD>\n
Action.c(92):     </TR>\n
Action.c(92):     <TR bgcolor="#EFF2F7">\n
Action.c(92):       <TD COLSPAN="3">\n
Action.c(92):       <b>Flight Details:</b><BR/>  <center>\n
Action.c(92):       05/25/2020\n
Action.c(92):      :  8am : Flight 360 leaves Los Angeles  for San Francisco.<br>  </center>\n
Action.c(92):       </TD>\n
Action.c(92):     </TR>\n
Action.c(92):     \n
Action.c(92):     <TR bgcolor="#EFF2F7">\n
Action.c(92):       <TD COLSPAN="4">\n
Action.c(92):       <hr/>\n
Action.c(92):       </TD>\n
Action.c(92):     </TR>\n
Action.c(92):     \n
Action.c(92):     <!-- Flight #1 -->\n
Action.c(92):     <TR bgcolor="#EFF2F7">\n
Action.c(92):       <TD width="5%" rowspan="2" align="left" valign="top">\n
Action.c(92):     <b>\n
Action.c(92):     <label><input type="checkbox" name="468" value="on" /></label></font></b>\n
Action.c(92):     <input type="hidden" name="flightID" value="28849483-36004-UU"  />\n
Action.c(92):       </TD>\n
Action.c(92):       <TD width="45%" valign="top">\n
Action.c(92):           <b>&nbsp;&nbsp;A Coach class ticket for :</b><br/>\n
Action.c(92):           <center><table border="0" width="85%"><tr><td>\n
Action.c(92):           <li><i>User5 Userovich\n
Action.c(92):           <li><i></i>\n
Action.c(92):           </td></tr></table></center>\n
Action.c(92):       </TD>\n
Action.c(92):       <TD width="5%" >.<br/>.<br/>.<br/>.</TD>\n
Action.c(92):       <TD width="45%" valign=top><b>Invoice sent to:</b><br/>\n
Action.c(92):           <center>\n
Action.c(92):           <Table width="80%" cellspacing="0" > <tr> <td>\n
Action.c(92):               User5 Userovich\n
Action.c(92):     <br/>\n
Action.c(92):               <br/>\n
Action.c(92):               <br/>\n
Action.c(92):               <br/>\n
Action.c(92):               Total Charge: $ 60 <BR/> (CC: x-7789)\n
Action.c(92):           </td> </tr> </table>\n
Action.c(92):           </center>\n
Action.c(92):       </TD>\n
Action.c(92):     </TR>\n
Action.c(92):     <TR bgcolor="#EFF2F7">\n
Action.c(92):       <TD COLSPAN="3">\n
Action.c(92):       <b>Flight Details:</b><BR/>  <center>\n
Action.c(92):       05/25/2020\n
Action.c(92):      :  8am : Flight 360 leaves Los Angeles  for San Francisco.<br>  </center>\n
Action.c(92):       </TD>\n
Action.c(92):     </TR>\n
Action.c(92):     \n
Action.c(92):     <TR bgcolor="#EFF2F7">\n
Action.c(92):       <TD COLSPAN="4">\n
Action.c(92):       <hr/>\n
Action.c(92):       </TD>\n
Action.c(92):     </TR>\n
Action.c(92):     \n
Action.c(92):     <!-- Flight #1 -->\n
Action.c(92):     <TR bgcolor="#EFF2F7">\n
Action.c(92):       <TD width="5%" rowspan="2" align="left" valign="top">\n
Action.c(92):     <b>\n
Action.c(92):     <label><input type="checkbox" name="469" value="on" /></label></font></b>\n
Action.c(92):     <input type="hidden" name="flightID" value="288491502-360812-UU"  />\n
Action.c(92):       </TD>\n
Action.c(92):       <TD width="45%" valign="top">\n
Action.c(92):           <b>&nbsp;&nbsp;A Coach class ticket for :</b><br/>\n
Action.c(92):           <center><table border="0" width="85%"><tr><td>\n
Action.c(92):           <li><i>User5 Userovich\n
Action.c(92):           <li><i></i>\n
Action.c(92):           </td></tr></table></center>\n
Action.c(92): t=4589914ms: 8-byte chunked response overhead for "http://localhost:1080/cgi-bin/itinerary.pl" (RelFrameId=1.2, Internal ID=2306)
Action.c(92):     \r\n
Action.c(92):     1000\r\n
Action.c(92): t=4589922ms: 8-byte chunked response overhead for "http://localhost:1080/cgi-bin/itinerary.pl" (RelFrameId=1.2, Internal ID=2306)
Action.c(92):     \r\n
Action.c(92):     1000\r\n
Action.c(92): t=4589923ms: 8-byte chunked response overhead for "http://localhost:1080/cgi-bin/itinerary.pl" (RelFrameId=1.2, Internal ID=2306)
Action.c(92):     \r\n
Action.c(92):     1000\r\n
Action.c(92): t=4589923ms: 12263-byte chunked response body for "http://localhost:1080/cgi-bin/itinerary.pl" (RelFrameId=1.2, Internal ID=2306)
Action.c(92):       </TD>\n
Action.c(92):       <TD width="5%" >.<br/>.<br/>.<br/>.</TD>\n
Action.c(92):       <TD width="45%" valign=top><b>Invoice sent to:</b><br/>\n
Action.c(92):           <center>\n
Action.c(92):           <Table width="80%" cellspacing="0" > <tr> <td>\n
Action.c(92):               User5 Userovich\n
Action.c(92):     <br/>\n
Action.c(92):               <br/>\n
Action.c(92):               <br/>\n
Action.c(92):               <br/>\n
Action.c(92):               Total Charge: $ 565 <BR/> (CC: x-7789)\n
Action.c(92):           </td> </tr> </table>\n
Action.c(92):           </center>\n
Action.c(92):       </TD>\n
Action.c(92):     </TR>\n
Action.c(92):     <TR bgcolor="#EFF2F7">\n
Action.c(92):       <TD COLSPAN="3">\n
Action.c(92):       <b>Flight Details:</b><BR/>  <center>\n
Action.c(92):       05/25/2020\n
Action.c(92):      :  8am : Flight 270 leaves London  for Seattle.<br>  </center>\n
Action.c(92):       </TD>\n
Action.c(92):     </TR>\n
Action.c(92):     \n
Action.c(92):     <TR bgcolor="#EFF2F7">\n
Action.c(92):       <TD COLSPAN="4">\n
Action.c(92):       <hr/>\n
Action.c(92):       </TD>\n
Action.c(92):     </TR>\n
Action.c(92):     \n
Action.c(92):     <!-- Flight #1 -->\n
Action.c(92):     <TR bgcolor="#EFF2F7">\n
Action.c(92):       <TD width="5%" rowspan="2" align="left" valign="top">\n
Action.c(92):     <b>\n
Action.c(92):     <label><input type="checkbox" name="470" value="on" /></label></font></b>\n
Action.c(92):     <input type="hidden" name="flightID" value="288491502-361581-UU"  />\n
Action.c(92):       </TD>\n
Action.c(92):       <TD width="45%" valign="top">\n
Action.c(92):           <b>&nbsp;&nbsp;A Coach class ticket for :</b><br/>\n
Action.c(92):           <center><table border="0" width="85%"><tr><td>\n
Action.c(92):           <li><i>User5 Userovich\n
Action.c(92):           <li><i></i>\n
Action.c(92):           </td></tr></table></center>\n
Action.c(92):       </TD>\n
Action.c(92):       <TD width="5%" >.<br/>.<br/>.<br/>.</TD>\n
Action.c(92):       <TD width="45%" valign=top><b>Invoice sent to:</b><br/>\n
Action.c(92):           <center>\n
Action.c(92):           <Table width="80%" cellspacing="0" > <tr> <td>\n
Action.c(92):               User5 Userovich\n
Action.c(92):     <br/>\n
Action.c(92):               <br/>\n
Action.c(92):               <br/>\n
Action.c(92):               <br/>\n
Action.c(92):               Total Charge: $ 565 <BR/> (CC: x-7789)\n
Action.c(92):           </td> </tr> </table>\n
Action.c(92):           </center>\n
Action.c(92):       </TD>\n
Action.c(92):     </TR>\n
Action.c(92):     <TR bgcolor="#EFF2F7">\n
Action.c(92):       <TD COLSPAN="3">\n
Action.c(92):       <b>Flight Details:</b><BR/>  <center>\n
Action.c(92):       05/25/2020\n
Action.c(92):      :  8am : Flight 270 leaves London  for Seattle.<br>  </center>\n
Action.c(92):       </TD>\n
Action.c(92):     </TR>\n
Action.c(92):     \n
Action.c(92):     <TR bgcolor="#EFF2F7">\n
Action.c(92):       <TD COLSPAN="4">\n
Action.c(92):       <hr/>\n
Action.c(92):       </TD>\n
Action.c(92):     </TR>\n
Action.c(92):     \n
Action.c(92):     <!-- Flight #1 -->\n
Action.c(92):     <TR bgcolor="#EFF2F7">\n
Action.c(92):       <TD width="5%" rowspan="2" align="left" valign="top">\n
Action.c(92):     <b>\n
Action.c(92):     <label><input type="checkbox" name="471" value="on" /></label></font></b>\n
Action.c(92):     <input type="hidden" name="flightID" value="288491502-362351-UU"  />\n
Action.c(92):       </TD>\n
Action.c(92):       <TD width="45%" valign="top">\n
Action.c(92):           <b>&nbsp;&nbsp;A Coach class ticket for :</b><br/>\n
Action.c(92):           <center><table border="0" width="85%"><tr><td>\n
Action.c(92):           <li><i>User5 Userovich\n
Action.c(92):           <li><i></i>\n
Action.c(92):           </td></tr></table></center>\n
Action.c(92):       </TD>\n
Action.c(92):       <TD width="5%" >.<br/>.<br/>.<br/>.</TD>\n
Action.c(92):       <TD width="45%" valign=top><b>Invoice sent to:</b><br/>\n
Action.c(92):           <center>\n
Action.c(92):           <Table width="80%" cellspacing="0" > <tr> <td>\n
Action.c(92):               User5 Userovich\n
Action.c(92):     <br/>\n
Action.c(92):               <br/>\n
Action.c(92):               <br/>\n
Action.c(92):               <br/>\n
Action.c(92):               Total Charge: $ 565 <BR/> (CC: x-7789)\n
Action.c(92):           </td> </tr> </table>\n
Action.c(92):           </center>\n
Action.c(92):       </TD>\n
Action.c(92):     </TR>\n
Action.c(92):     <TR bgcolor="#EFF2F7">\n
Action.c(92):       <TD COLSPAN="3">\n
Action.c(92):       <b>Flight Details:</b><BR/>  <center>\n
Action.c(92):       05/25/2020\n
Action.c(92):      :  8am : Flight 270 leaves London  for Seattle.<br>  </center>\n
Action.c(92):       </TD>\n
Action.c(92):     </TR>\n
Action.c(92):     \n
Action.c(92):     <TR bgcolor="#EFF2F7">\n
Action.c(92):       <TD COLSPAN="4">\n
Action.c(92):       <hr/>\n
Action.c(92):       </TD>\n
Action.c(92):     </TR>\n
Action.c(92):     \n
Action.c(92):     <!-- Flight #1 -->\n
Action.c(92):     <TR bgcolor="#EFF2F7">\n
Action.c(92):       <TD width="5%" rowspan="2" align="left" valign="top">\n
Action.c(92):     <b>\n
Action.c(92):     <label><input type="checkbox" name="472" value="on" /></label></font></b>\n
Action.c(92):     <input type="hidden" name="flightID" value="288491502-363120-UU"  />\n
Action.c(92):       </TD>\n
Action.c(92):       <TD width="45%" valign="top">\n
Action.c(92):           <b>&nbsp;&nbsp;A Coach class ticket for :</b><br/>\n
Action.c(92):           <center><table border="0" width="85%"><tr><td>\n
Action.c(92):           <li><i>User5 Userovich\n
Action.c(92):           <li><i></i>\n
Action.c(92):           </td></tr></table></center>\n
Action.c(92):       </TD>\n
Action.c(92):       <TD width="5%" >.<br/>.<br/>.<br/>.</TD>\n
Action.c(92):       <TD width="45%" valign=top><b>Invoice sent to:</b><br/>\n
Action.c(92):           <center>\n
Action.c(92):           <Table width="80%" cellspacing="0" > <tr> <td>\n
Action.c(92):               User5 Userovich\n
Action.c(92):     <br/>\n
Action.c(92):               <br/>\n
Action.c(92):               <br/>\n
Action.c(92):               <br/>\n
Action.c(92):               Total Charge: $ 565 <BR/> (CC: x-7789)\n
Action.c(92):           </td> </tr> </table>\n
Action.c(92):           </center>\n
Action.c(92):       </TD>\n
Action.c(92):     </TR>\n
Action.c(92):     <TR bgcolor="#EFF2F7">\n
Action.c(92):       <TD COLSPAN="3">\n
Action.c(92):       <b>Flight Details:</b><BR/>  <center>\n
Action.c(92):       05/25/2020\n
Action.c(92):      :  8am : Flight 270 leaves London  for Seattle.<br>  </center>\n
Action.c(92):       </TD>\n
Action.c(92):     </TR>\n
Action.c(92):     \n
Action.c(92):     <TR bgcolor="#EFF2F7">\n
Action.c(92):       <TD COLSPAN="4">\n
Action.c(92):       <hr/>\n
Action.c(92):       </TD>\n
Action.c(92):     </TR>\n
Action.c(92):     \n
Action.c(92):     <!-- Flight #1 -->\n
Action.c(92):     <TR bgcolor="#EFF2F7">\n
Action.c(92):       <TD width="5%" rowspan="2" align="left" valign="top">\n
Action.c(92):     <b>\n
Action.c(92):     <label><input type="checkbox" name="473" value="on" /></label></font></b>\n
Action.c(92):     <input type="hidden" name="flightID" value="288491502-363889-UU"  />\n
Action.c(92):       </TD>\n
Action.c(92):       <TD width="45%" valign="top">\n
Action.c(92):           <b>&nbsp;&nbsp;A Coach class ticket for :</b><br/>\n
Action.c(92):           <center><table border="0" width="85%"><tr><td>\n
Action.c(92):           <li><i>User5 Userovich\n
Action.c(92):           <li><i></i>\n
Action.c(92):           </td></tr></table></center>\n
Action.c(92):       </TD>\n
Action.c(92):       <TD width="5%" >.<br/>.<br/>.<br/>.</TD>\n
Action.c(92):       <TD width="45%" valign=top><b>Invoice sent to:</b><br/>\n
Action.c(92):           <center>\n
Action.c(92):           <Table width="80%" cellspacing="0" > <tr> <td>\n
Action.c(92):               User5 Userovich\n
Action.c(92):     <br/>\n
Action.c(92):               <br/>\n
Action.c(92):               <br/>\n
Action.c(92):               <br/>\n
Action.c(92):               Total Charge: $ 565 <BR/> (CC: x-7789)\n
Action.c(92):           </td> </tr> </table>\n
Action.c(92):           </center>\n
Action.c(92):       </TD>\n
Action.c(92):     </TR>\n
Action.c(92):     <TR bgcolor="#EFF2F7">\n
Action.c(92):       <TD COLSPAN="3">\n
Action.c(92):       <b>Flight Details:</b><BR/>  <center>\n
Action.c(92):       05/25/2020\n
Action.c(92):      :  8am : Flight 270 leaves London  for Seattle.<br>  </center>\n
Action.c(92):       </TD>\n
Action.c(92):     </TR>\n
Action.c(92):     \n
Action.c(92):     <TR bgcolor="#EFF2F7">\n
Action.c(92):       <TD COLSPAN="4">\n
Action.c(92):       <hr/>\n
Action.c(92):       </TD>\n
Action.c(92):     </TR>\n
Action.c(92):     \n
Action.c(92):     <!-- Flight #1 -->\n
Action.c(92):     <TR bgcolor="#EFF2F7">\n
Action.c(92):       <TD width="5%" rowspan="2" align="left" valign="top">\n
Action.c(92):     <b>\n
Action.c(92):     <label><input type="checkbox" name="474" value="on" /></label></font></b>\n
Action.c(92):     <input type="hidden" name="flightID" value="288491502-364658-UU"  />\n
Action.c(92):       </TD>\n
Action.c(92):       <TD width="45%" valign="top">\n
Action.c(92):           <b>&nbsp;&nbsp;A Coach class ticket for :</b><br/>\n
Action.c(92):           <center><table border="0" width="85%"><tr><td>\n
Action.c(92):           <li><i>User5 Userovich\n
Action.c(92):           <li><i></i>\n
Action.c(92):           </td></tr></table></center>\n
Action.c(92):       </TD>\n
Action.c(92):       <TD width="5%" >.<br/>.<br/>.<br/>.</TD>\n
Action.c(92):       <TD width="45%" valign=top><b>Invoice sent to:</b><br/>\n
Action.c(92):           <center>\n
Action.c(92):           <Table width="80%" cellspacing="0" > <tr> <td>\n
Action.c(92):               User5 Userovich\n
Action.c(92):     <br/>\n
Action.c(92):               <br/>\n
Action.c(92):               <br/>\n
Action.c(92):               <br/>\n
Action.c(92):               Total Charge: $ 565 <BR/> (CC: x-7789)\n
Action.c(92):           </td> </tr> </table>\n
Action.c(92):           </center>\n
Action.c(92):       </TD>\n
Action.c(92):     </TR>\n
Action.c(92):     <TR bgcolor="#EFF2F7">\n
Action.c(92):       <TD COLSPAN="3">\n
Action.c(92):       <b>Flight Details:</b><BR/>  <center>\n
Action.c(92):       05/25/2020\n
Action.c(92):      :  8am : Flight 270 leaves London  for Seattle.<br>  </center>\n
Action.c(92):       </TD>\n
Action.c(92):     </TR>\n
Action.c(92):     \n
Action.c(92):     <TR bgcolor="#EFF2F7">\n
Action.c(92):       <TD COLSPAN="4">\n
Action.c(92):       <hr/>\n
Action.c(92):       </TD>\n
Action.c(92):     </TR>\n
Action.c(92):     \n
Action.c(92):     <!-- Flight #1 -->\n
Action.c(92):     <TR bgcolor="#EFF2F7">\n
Action.c(92):       <TD width="5%" rowspan="2" align="left" valign="top">\n
Action.c(92):     <b>\n
Action.c(92):     <label><input type="checkbox" name="475" value="on" /></label></font></b>\n
Action.c(92):     <input type="hidden" name="flightID" value="2884881526-3653939-UU"  />\n
Action.c(92):       </TD>\n
Action.c(92):       <TD width="45%" valign="top">\n
Action.c(92):           <b>&nbsp;&nbsp;A Coach class ticket for :</b><br/>\n
Action.c(92):           <center><table border="0" width="85%"><tr><td>\n
Action.c(92):           <li><i>User5 Userovich\n
Action.c(92):           <li><i></i>\n
Action.c(92):           </td></tr></table></center>\n
Action.c(92):       </TD>\n
Action.c(92):       <TD width="5%" >.<br/>.<br/>.<br/>.</TD>\n
Action.c(92):       <TD width="45%" valign=top><b>Invoice sent to:</b><br/>\n
Action.c(92):           <center>\n
Action.c(92):           <Table width="80%" cellspacing="0" > <tr> <td>\n
Action.c(92):               User5 Userovich\n
Action.c(92):     <br/>\n
Action.c(92):               <br/>\n
Action.c(92):               <br/>\n
Action.c(92):               <br/>\n
Action.c(92):               Total Charge: $ 1219 <BR/> (CC: x-7789)\n
Action.c(92):           </td> </tr> </table>\n
Action.c(92):           </center>\n
Action.c(92):       </TD>\n
Action.c(92):     </TR>\n
Action.c(92):     <TR bgcolor="#EFF2F7">\n
Action.c(92):       <TD COLSPAN="3">\n
Action.c(92):       <b>Flight Details:</b><BR/>  <center>\n
Action.c(92):       05/25/2020\n
Action.c(92):      :  8am : Flight 180 leaves Frankfurt  for Sydney.<br>  </center>\n
Action.c(92):       </TD>\n
Action.c(92):     </TR>\n
Action.c(92):     \n
Action.c(92):     <TR bgcolor="#EFF2F7">\n
Action.c(92):       <TD COLSPAN="4">\n
Action.c(92):       <hr/>\n
Action.c(92):       </TD>\n
Action.c(92):     </TR>\n
Action.c(92):     \n
Action.c(92):     <!-- Flight #1 -->\n
Action.c(92):     <TR bgcolor="#EFF2F7">\n
Action.c(92):       <TD width="5%" rowspan="2" align="left" valign="top">\n
Action.c(92):     <b>\n
Action.c(92):     <label><input type="checkbox" name="476" value="on" /></label></font></b>\n
Action.c(92):     <input type="hidden" name="flightID" value="2884881526-3661632-UU"  />\n
Action.c(92):       </TD>\n
Action.c(92):       <TD width="45%" valign="top">\n
Action.c(92):           <b>&nbsp;&nbsp;A Coach class ticket for :</b><br/>\n
Action.c(92):           <center><table border="0" width="85%"><tr><td>\n
Action.c(92):           <li><i>User5 Userovich\n
Action.c(92):           <li><i></i>\n
Action.c(92):           </td></tr></table></center>\n
Action.c(92):       </TD>\n
Action.c(92):       <TD width="5%" >.<br/>.<br/>.<br/>.</TD>\n
Action.c(92):       <TD width="45%" valign=top><b>Invoice sent to:</b><br/>\n
Action.c(92):           <center>\n
Action.c(92):           <Table width="80%" cellspacing="0" > <tr> <td>\n
Action.c(92):               User5 Userovich\n
Action.c(92):     <br/>\n
Action.c(92):               <br/>\n
Action.c(92):               <br/>\n
Action.c(92):               <br/>\n
Action.c(92):               Total Charge: $ 1219 <BR/> (CC: x-7789)\n
Action.c(92):           </td> </tr> </table>\n
Action.c(92):           </center>\n
Action.c(92):       </TD>\n
Action.c(92):     </TR>\n
Action.c(92):     <TR bgcolor="#EFF2F7">\n
Action.c(92):       <TD COLSPAN="3">\n
Action.c(92):       <b>Flight Details:</b><BR/>  <center>\n
Action.c(92):       05/25/2020\n
Action.c(92):      :  8am : Flight 180 leaves Frankfurt  for Sydney.<br>  </center>\n
Action.c(92):       </TD>\n
Action.c(92):     </TR>\n
Action.c(92):     \n
Action.c(92):     <TR bgcolor="#EFF2F7">\n
Action.c(92):       <TD COLSPAN="4">\n
Action.c(92):       <hr/>\n
Action.c(92):       </TD>\n
Action.c(92):     </TR>\n
Action.c(92):     \n
Action.c(92):     <!-- Flight #1 -->\n
Action.c(92):     <TR bgcolor="#EFF2F7">\n
Action.c(92):       <TD width="5%" rowspan="2" align="left" valign="top">\n
Action.c(92):     <b>\n
Action.c(92):     <label><input type="checkbox" name="477" value="on" /></label></font></b>\n
Action.c(92):     <input type="hidden" name="flightID" value="2884881526-3669324-UU"  />\n
Action.c(92):       </TD>\n
Action.c(92):       <TD width="45%" valign="top">\n
Action.c(92):           <b>&nbsp;&nbsp;A Coach class ticket for :</b><br/>\n
Action.c(92):           <center><table border="0" width="85%"><tr><td>\n
Action.c(92):           <li><i>User5 Userovich\n
Action.c(92):           <li><i></i>\n
Action.c(92):           </td></tr></table></center>\n
Action.c(92):       </TD>\n
Action.c(92):       <TD width="5%" >.<br/>.<br/>.<br/>.</TD>\n
Action.c(92):       <TD width="45%" valign=top><b>Invoice sent to:</b><br/>\n
Action.c(92):           <center>\n
Action.c(92):           <Table width="80%" cellspacing="0" > <tr> <td>\n
Action.c(92):               User5 Userovich\n
Action.c(92):     <br/>\n
Action.c(92):               <br/>\n
Action.c(92):               <br/>\n
Action.c(92):               <br/>\n
Action.c(92):               Total Charge: $ 1219 <BR/> (CC: x-7789)\n
Action.c(92):           </td> </tr> </table>\n
Action.c(92):           </center>\n
Action.c(92):       </TD>\n
Action.c(92):     </TR>\n
Action.c(92):     <TR bgcolor="#EFF2F7">\n
Action.c(92):       <TD COLSPAN="3">\n
Action.c(92):       <b>Flight Details:</b><BR/>  <center>\n
Action.c(92):       05/25/2020\n
Action.c(92):      :  8am : Flight 180 leaves Frankfurt  for Sydney.<br>  </center>\n
Action.c(92):       </TD>\n
Action.c(92):     </TR>\n
Action.c(92):     \n
Action.c(92):     <TR bgcolor="#EFF2F7">\n
Action.c(92):       <TD COLSPAN="4">\n
Action.c(92):       <hr/>\n
Action.c(92):       </TD>\n
Action.c(92):     </TR>\n
Action.c(92):     \n
Action.c(92):     <!-- Flight #1 -->\n
Action.c(92):     <TR bgcolor="#EFF2F7">\n
Action.c(92):       <TD width="5%" rowspan="2" align="left" valign="top">\n
Action.c(92):     <b>\n
Action.c(92):     <label><input type="checkbox" name="478" value="on" /></label></font></b>\n
Action.c(92):     <input type="hidden" name="flightID" value="2884881526-3677016-UU"  />\n
Action.c(92):       </TD>\n
Action.c(92):       <TD width="45%" valign="top">\n
Action.c(92):           <b>&nbsp;&nbsp;A Coach class ticket for :</b><br/>\n
Action.c(92):           <center><table border="0" width="85%"><tr><td>\n
Action.c(92):           <li><i>User5 Userovich\n
Action.c(92):           <li><i></i>\n
Action.c(92):           </td></tr></table></center>\n
Action.c(92):       </TD>\n
Action.c(92):       <TD width="5%" >.<br/>.<br/>.<br/>.</TD>\n
Action.c(92):       <TD width="45%" valign=top><b>Invoice sent to:</b><br/>\n
Action.c(92):           <center>\n
Action.c(92):           <Table width="80%" cellspacing="0" > <tr> <td>\n
Action.c(92):               User5 Userovich\n
Action.c(92):     <br/>\n
Action.c(92):               <br/>\n
Action.c(92):               <br/>\n
Action.c(92):               <br/>\n
Action.c(92):               Total Charge: $ 1219 <BR/> (CC: x-7789)\n
Action.c(92):           </td> </tr> </table>\n
Action.c(92):           </center>\n
Action.c(92):       </TD>\n
Action.c(92):     </TR>\n
Action.c(92):     <TR bgcolor="#EFF2F7">\n
Action.c(92):       <TD COLSPAN="3">\n
Action.c(92):       <b>Flight Details:</b><BR/>  <center>\n
Action.c(92):       05/25/2020\n
Action.c(92):      :  8am : Flight 180 leaves Frankfurt  for Sydney.<br>  </center>\n
Action.c(92):       </TD>\n
Action.c(92):     </TR>\n
Action.c(92):     \n
Action.c(92):     <TR bgcolor="#EFF2F7">\n
Action.c(92):       <TD COLSPAN="4">\n
Action.c(92):       <hr/>\n
Action.c(92):       </TD>\n
Action.c(92):     </TR>\n
Action.c(92):     \n
Action.c(92):     <!-- Flight #1 -->\n
Action.c(92):     <TR bgcolor="#EFF2F7">\n
Action.c(92):       <TD width="5%" rowspan="2" align="left" valign="top">\n
Action.c(92):     <b>\n
Action.c(92):     <label><input type="checkbox" name="479" value="on" /></label></font></b>\n
Action.c(92):     <input type="hidden" name="flightID" value="2884881526-3684709-UU"  />\n
Action.c(92):       </TD>\n
Action.c(92):       <TD width="45%" valign="top">\n
Action.c(92):           <b>&nbsp;&nbsp;A Coach class ticket for :</b><br/>\n
Action.c(92):           <center><table border="0" width="85%"><tr><td>\n
Action.c(92):           <li><i>User5 Userovich\n
Action.c(92):           <li><i></i>\n
Action.c(92):           </td></tr></table></center>\n
Action.c(92):       </TD>\n
Action.c(92):       <TD width="5%" >.<br/>.<br/>.<br/>.</TD>\n
Action.c(92):       <TD width="45%" valign=top><b>Invoice sent to:</b><br/>\n
Action.c(92):           <center>\n
Action.c(92):           <Table width="80%" cellspacing="0" > <tr> <td>\n
Action.c(92):               User5 Userovich\n
Action.c(92):     <br/>\n
Action.c(92):               <br/>\n
Action.c(92):               <br/>\n
Action.c(92):               <br/>\n
Action.c(92):               Total Charge: $ 1219 <BR/> (CC: x-7789)\n
Action.c(92):           </td> </tr> </table>\n
Action.c(92):           </center>\n
Action.c(92):       </TD>\n
Action.c(92):     </TR>\n
Action.c(92):     <TR bgcolor="#EFF2F7">\n
Action.c(92):       <TD COLSPAN="3">\n
Action.c(92):       <b>Flight Details:</b><BR/>  <center>\n
Action.c(92):       05/25/2020\n
Action.c(92):      :  8am : Flight 180 leaves Frankfurt  for Sydney.<br>  </center>\n
Action.c(92):       </TD>\n
Action.c(92):     </TR>\n
Action.c(92):     \n
Action.c(92):     <TR bgcolor="#EFF2F7">\n
Action.c(92):       <TD COLSPAN="4">\n
Action.c(92):       <hr/>\n
Action.c(92):       </TD>\n
Action.c(92):     </TR>\n
Action.c(92):     \n
Action.c(92):     <!-- Flight #1 -->\n
Action.c(92):     <TR bgcolor="#EFF2F7">\n
Action.c(92):       <TD width="5%" rowspan="2" align="left" valign="top">\n
Action.c(92):     <b>\n
Action.c(92):     <label><input type="checkbox" name="480" value="on" /></label></font></b>\n
Action.c(92):     <input type="hidden" name="flightID" value="2884881526-3692401-UU"  />\n
Action.c(92):       </TD>\n
Action.c(92):       <TD width="45%" valign="top">\n
Action.c(92):           <b>&nbsp;&nbsp;A Coach class ticket for :</b><br/>\n
Action.c(92):           <center><table border="0" width="85%"><tr><td>\n
Action.c(92):           <li><i>User5 Userovich\n
Action.c(92):           <li><i></i>\n
Action.c(92):           </td></tr></table></center>\n
Action.c(92):       </TD>\n
Action.c(92):       <TD width="5%" >.<br/>.<br/>.<br/>.</TD>\n
Action.c(92):       <TD width="45%" valign=top><b>Invoice sent to:</b><br/>\n
Action.c(92):           <center>\n
Action.c(92):           <Table width="80%" cellspacing="0" > <tr> <td>\n
Action.c(92):               User5 Userovich\n
Action.c(92):     <br/>\n
Action.c(92):               <br/>\n
Action.c(92):               <br/>\n
Action.c(92):               <br/>\n
Action.c(92):               Total Charge: $ 1219 <BR/> (CC: x-7789)\n
Action.c(92):           </td> </tr> </table>\n
Action.c(92):           </center>\n
Action.c(92):       </TD>\n
Action.c(92):     </TR>\n
Action.c(92):     <TR bgcolor="#
Action.c(92): t=4590030ms: 8-byte chunked response overhead for "http://localhost:1080/cgi-bin/itinerary.pl" (RelFrameId=1.2, Internal ID=2306)
Action.c(92):     \r\n
Action.c(92):     6000\r\n
Action.c(92): t=4590030ms: 12279-byte chunked response body for "http://localhost:1080/cgi-bin/itinerary.pl" (RelFrameId=1.2, Internal ID=2306)
Action.c(92):     EFF2F7">\n
Action.c(92):       <TD COLSPAN="3">\n
Action.c(92):       <b>Flight Details:</b><BR/>  <center>\n
Action.c(92):       05/25/2020\n
Action.c(92):      :  8am : Flight 180 leaves Frankfurt  for Sydney.<br>  </center>\n
Action.c(92):       </TD>\n
Action.c(92):     </TR>\n
Action.c(92):     \n
Action.c(92):     <TR bgcolor="#EFF2F7">\n
Action.c(92):       <TD COLSPAN="4">\n
Action.c(92):       <hr/>\n
Action.c(92):       </TD>\n
Action.c(92):     </TR>\n
Action.c(92):     \n
Action.c(92):     <!-- Flight #1 -->\n
Action.c(92):     <TR bgcolor="#EFF2F7">\n
Action.c(92):       <TD width="5%" rowspan="2" align="left" valign="top">\n
Action.c(92):     <b>\n
Action.c(92):     <label><input type="checkbox" name="481" value="on" /></label></font></b>\n
Action.c(92):     <input type="hidden" name="flightID" value="288484830-370032-UU"  />\n
Action.c(92):       </TD>\n
Action.c(92):       <TD width="45%" valign="top">\n
Action.c(92):           <b>&nbsp;&nbsp;A Coach class ticket for :</b><br/>\n
Action.c(92):           <center><table border="0" width="85%"><tr><td>\n
Action.c(92):           <li><i>User5 Userovich\n
Action.c(92):           <li><i></i>\n
Action.c(92):           </td></tr></table></center>\n
Action.c(92):       </TD>\n
Action.c(92):       <TD width="5%" >.<br/>.<br/>.<br/>.</TD>\n
Action.c(92):       <TD width="45%" valign=top><b>Invoice sent to:</b><br/>\n
Action.c(92):           <center>\n
Action.c(92):           <Table width="80%" cellspacing="0" > <tr> <td>\n
Action.c(92):               User5 Userovich\n
Action.c(92):     <br/>\n
Action.c(92):               <br/>\n
Action.c(92):               <br/>\n
Action.c(92):               <br/>\n
Action.c(92):               Total Charge: $ 421 <BR/> (CC: x-7789)\n
Action.c(92):           </td> </tr> </table>\n
Action.c(92):           </center>\n
Action.c(92):       </TD>\n
Action.c(92):     </TR>\n
Action.c(92):     <TR bgcolor="#EFF2F7">\n
Action.c(92):       <TD COLSPAN="3">\n
Action.c(92):       <b>Flight Details:</b><BR/>  <center>\n
Action.c(92):       05/25/2020\n
Action.c(92):      :  8am : Flight 090 leaves Denver  for Zurich.<br>  </center>\n
Action.c(92):       </TD>\n
Action.c(92):     </TR>\n
Action.c(92):     \n
Action.c(92):     <TR bgcolor="#EFF2F7">\n
Action.c(92):       <TD COLSPAN="4">\n
Action.c(92):       <hr/>\n
Action.c(92):       </TD>\n
Action.c(92):     </TR>\n
Action.c(92):     \n
Action.c(92):     <!-- Flight #1 -->\n
Action.c(92):     <TR bgcolor="#EFF2F7">\n
Action.c(92):       <TD width="5%" rowspan="2" align="left" valign="top">\n
Action.c(92):     <b>\n
Action.c(92):     <label><input type="checkbox" name="482" value="on" /></label></font></b>\n
Action.c(92):     <input type="hidden" name="flightID" value="288484830-370801-UU"  />\n
Action.c(92):       </TD>\n
Action.c(92):       <TD width="45%" valign="top">\n
Action.c(92):           <b>&nbsp;&nbsp;A Coach class ticket for :</b><br/>\n
Action.c(92):           <center><table border="0" width="85%"><tr><td>\n
Action.c(92):           <li><i>User5 Userovich\n
Action.c(92):           <li><i></i>\n
Action.c(92):           </td></tr></table></center>\n
Action.c(92):       </TD>\n
Action.c(92):       <TD width="5%" >.<br/>.<br/>.<br/>.</TD>\n
Action.c(92):       <TD width="45%" valign=top><b>Invoice sent to:</b><br/>\n
Action.c(92):           <center>\n
Action.c(92):           <Table width="80%" cellspacing="0" > <tr> <td>\n
Action.c(92):               User5 Userovich\n
Action.c(92):     <br/>\n
Action.c(92):               <br/>\n
Action.c(92):               <br/>\n
Action.c(92):               <br/>\n
Action.c(92):               Total Charge: $ 421 <BR/> (CC: x-7789)\n
Action.c(92):           </td> </tr> </table>\n
Action.c(92):           </center>\n
Action.c(92):       </TD>\n
Action.c(92):     </TR>\n
Action.c(92):     <TR bgcolor="#EFF2F7">\n
Action.c(92):       <TD COLSPAN="3">\n
Action.c(92):       <b>Flight Details:</b><BR/>  <center>\n
Action.c(92):       05/25/2020\n
Action.c(92):      :  8am : Flight 090 leaves Denver  for Zurich.<br>  </center>\n
Action.c(92):       </TD>\n
Action.c(92):     </TR>\n
Action.c(92):     \n
Action.c(92):     <TR bgcolor="#EFF2F7">\n
Action.c(92):       <TD COLSPAN="4">\n
Action.c(92):       <hr/>\n
Action.c(92):       </TD>\n
Action.c(92):     </TR>\n
Action.c(92):     <TR>\n
Action.c(92):        <TD align="center" COLSPAN="4">\n
Action.c(92):        <b>A total of 482 scheduled flights.</font></b>\n
Action.c(92):        </TD>\n
Action.c(92):     </TR>\n
Action.c(92):     </TABLE>\n
Action.c(92):     \n
Action.c(92):     <TABLE WIDTH="87%" BORDER="0" CELLSPACING="0">\n
Action.c(92):     <TR>\n
Action.c(92):     <TD align="left" width="50%" >\n
Action.c(92):     <input type="image" name="removeFlights" src="/WebTours/images/cancelreservation.gif" bord
Action.c(92):     er="0" /></TD>\n
Action.c(92):     <TD align="right" width="50%" >\n
Action.c(92):     <input type="image" name="removeAllFlights" src="/WebTours/images/cancelallreservations.gi
Action.c(92):     f" border="0" /></TD>\n
Action.c(92):     </TABLE>\n
Action.c(92):     \n
Action.c(92):     <div><input type="hidden" name=".cgifields" value="127"  /><input type="hidden" name=".cgi
Action.c(92):     fields" value="32"  /><input type="hidden" name=".cgifields" value="276"  /><input type="h
Action.c(92):     idden" name=".cgifields" value="90"  /><input type="hidden" name=".cgifields" value="443" 
Action.c(92):      /><input type="hidden" name=".cgifields" value="206"  /><input type="hidden" name=".cgifi
Action.c(92):     elds" value="118"  /><input type="hidden" name=".cgifields" value="71"  /><input type="hid
Action.c(92):     den" name=".cgifields" value="102"  /><input type="hidden" name=".cgifields" value="358"  
Action.c(92):     /><input type="hidden" name=".cgifields" value="331"  /><input type="hidden" name=".cgifie
Action.c(92):     lds" value="16"  /><input type="hidden" name=".cgifields" value="55"  /><input type="hidde
Action.c(92):     n" name=".cgifields" value="84"  /><input type="hidden" name=".cgifields" value="233"  /><
Action.c(92):     input type="hidden" name=".cgifields" value="437"  /><input type="hidden" name=".cgifields
Action.c(92):     " value="463"  /><input type="hidden" name=".cgifields" value="259"  /><input type="hidden
Action.c(92):     " name=".cgifields" value="194"  /><input type="hidden" name=".cgifields" value="57"  /><i
Action.c(92):     nput type="hidden" name=".cgifields" value="458"  /><input type="hidden" name=".cgifields"
Action.c(92):      value="424"  /><input type="hidden" name=".cgifields" value="368"  /><input type="hidden"
Action.c(92):      name=".cgifields" value="451"  /><input type="hidden" name=".cgifields" value="220"  /><i
Action.c(92):     nput type="hidden" name=".cgifields" value="454"  /><input type="hidden" name=".cgifields"
Action.c(92):      value="316"  /><input type="hidden" name=".cgifields" value="163"  /><input type="hidden"
Action.c(92):      name=".cgifields" value="395"  /><input type="hidden" name=".cgifields" value="89"  /><in
Action.c(92):     put type="hidden" name=".cgifields" value="175"  /><input type="hidden" name=".cgifields" 
Action.c(92):     value="31"  /><input type="hidden" name=".cgifields" value="35"  /><input type="hidden" na
Action.c(92):     me=".cgifields" value="11"  /><input type="hidden" name=".cgifields" value="347"  /><input
Action.c(92):      type="hidden" name=".cgifields" value="208"  /><input type="hidden" name=".cgifields" val
Action.c(92):     ue="434"  /><input type="hidden" name=".cgifields" value="93"  /><input type="hidden" name
Action.c(92):     =".cgifields" value="292"  /><input type="hidden" name=".cgifields" value="378"  /><input 
Action.c(92):     type="hidden" name=".cgifields" value="325"  /><input type="hidden" name=".cgifields" valu
Action.c(92):     e="29"  /><input type="hidden" name=".cgifields" value="350"  /><input type="hidden" name=
Action.c(92):     ".cgifields" value="291"  /><input type="hidden" name=".cgifields" value="374"  /><input t
Action.c(92):     ype="hidden" name=".cgifields" value="442"  /><input type="hidden" name=".cgifields" value
Action.c(92):     ="199"  /><input type="hidden" name=".cgifields" value="114"  /><input type="hidden" name=
Action.c(92):     ".cgifields" value="429"  /><input type="hidden" name=".cgifields" value="226"  /><input t
Action.c(92):     ype="hidden" name=".cgifields" value="58"  /><input type="hidden" name=".cgifields" value=
Action.c(92):     "211"  /><input type="hidden" name=".cgifields" value="153"  /><input type="hidden" name="
Action.c(92):     .cgifields" value="15"  /><input type="hidden" name=".cgifields" value="431"  /><input typ
Action.c(92):     e="hidden" name=".cgifields" value="382"  /><input type="hidden" name=".cgifields" value="
Action.c(92):     337"  /><input type="hidden" name=".cgifields" value="409"  /><input type="hidden" name=".
Action.c(92):     cgifields" value="101"  /><input type="hidden" name=".cgifields" value="73"  /><input type
Action.c(92):     ="hidden" name=".cgifields" value="340"  /><input type="hidden" name=".cgifields" value="7
Action.c(92):     6"  /><input type="hidden" name=".cgifields" value="311"  /><input type="hidden" name=".cg
Action.c(92):     ifields" value="62"  /><input type="hidden" name=".cgifields" value="67"  /><input type="h
Action.c(92):     idden" name=".cgifields" value="241"  /><input type="hidden" name=".cgifields" value="198"
Action.c(92):       /><input type="hidden" name=".cgifields" value="139"  /><input type="hidden" name=".cgif
Action.c(92):     ields" value="389"  /><input type="hidden" name=".cgifields" value="129"  /><input type="h
Action.c(92):     idden" name=".cgifields" value="327"  /><input type="hidden" name=".cgifields" value="320"
Action.c(92):       /><input type="hidden" name=".cgifields" value="418"  /><input type="hidden" name=".cgif
Action.c(92):     ields" value="280"  /><input type="hidden" name=".cgifields" value="273"  /><input type="h
Action.c(92):     idden" name=".cgifields" value="471"  /><input type="hidden" name=".cgifields" value="236"
Action.c(92):       /><input type="hidden" name=".cgifields" value="465"  /><input type="hidden" name=".cgif
Action.c(92):     ields" value="361"  /><input type="hidden" name=".cgifields" value="249"  /><input type="h
Action.c(92):     idden" name=".cgifields" value="218"  /><input type="hidden" name=".cgifields" value="202"
Action.c(92):       /><input type="hidden" name=".cgifields" value="168"  /><input type="hidden" name=".cgif
Action.c(92):     ields" value="184"  /><input type="hidden" name=".cgifields" value="135"  /><input type="h
Action.c(92):     idden" name=".cgifields" value="14"  /><input type="hidden" name=".cgifields" value="348" 
Action.c(92):      /><input type="hidden" name=".cgifields" value="145"  /><input type="hidden" name=".cgifi
Action.c(92):     elds" value="49"  /><input type="hidden" name=".cgifields" value="178"  /><input type="hid
Action.c(92):     den" name=".cgifields" value="24"  /><input type="hidden" name=".cgifields" value="285"  /
Action.c(92):     ><input type="hidden" name=".cgifields" value="140"  /><input type="hidden" name=".cgifiel
Action.c(92):     ds" value="124"  /><input type="hidden" name=".cgifields" value="104"  /><input type="hidd
Action.c(92):     en" name=".cgifields" value="131"  /><input type="hidden" name=".cgifields" value="412"  /
Action.c(92):     ><input type="hidden" name=".cgifields" value="181"  /><input type="hidden" name=".cgifiel
Action.c(92):     ds" value="385"  /><input type="hidden" name=".cgifields" value="234"  /><input type="hidd
Action.c(92):     en" name=".cgifields" value="314"  /><input type="hidden" name=".cgifields" value="307"  /
Action.c(92):     ><input type="hidden" name=".cgifields" value="154"  /><input type="hidden" name=".cgifiel
Action.c(92):     ds" value="23"  /><input type="hidden" name=".cgifields" value="388"  /><input type="hidde
Action.c(92):     n" name=".cgifields" value="364"  /><input type="hidden" name=".cgifields" value="96"  /><
Action.c(92):     input type="hidden" name=".cgifields" value="355"  /><input type="hidden" name=".cgifields
Action.c(92):     " value="479"  /><input type="hidden" name=".cgifields" value="159"  /><input type="hidden
Action.c(92):     " name=".cgifields" value="326"  /><input type="hidden" name=".cgifields" value="160"  /><
Action.c(92):     input type="hidden" name=".cgifields" value="47"  /><input type="hidden" name=".cgifields"
Action.c(92):      value="367"  /><input type="hidden" name=".cgifields" value="8"  /><input type="hidden" n
Action.c(92):     ame=".cgifields" value="98"  /><input type="hidden" name=".cgifields" value="335"  /><inpu
Action.c(92):     t type="hidden" name=".cgifields" value="37"  /><input type="hidden" name=".cgifields" val
Action.c(92):     ue="43"  /><input type="hidden" name=".cgifields" value="270"  /><input type="hidden" name
Action.c(92):     =".cgifields" value="195"  /><input type="hidden" name=".cgifields" value="5"  /><input ty
Action.c(92):     pe="hidden" name=".cgifields" value="391"  /><input type="hidden" name=".cgifields" value=
Action.c(92):     "21"  /><input type="hidden" name=".cgifields" value="288"  /><input type="hidden" name=".
Action.c(92):     cgifields" value="193"  /><input type="hidden" name=".cgifields" value="460"  /><input typ
Action.c(92):     e="hidden" name=".cgifields" value="119"  /><input type="hidden" name=".cgifields" value="
Action.c(92):     453"  /><input type="hidden" name=".cgifields" value="324"  /><input type="hidden" name=".
Action.c(92):     cgifields" value="180"  /><input type="hidden" name=".cgifields" value="244"  /><input typ
Action.c(92):     e="hidden" name=".cgifields" value="162"  /><input type="hidden" name=".cgifields" value="
Action.c(92):     433"  /><input type="hidden" name=".cgifields" value="351"  /><input type="hidden" name=".
Action.c(92):     cgifields" value="410"  /><input type="hidden" name=".cgifields" value="246"  /><input typ
Action.c(92):     e="hidden" name=".cgifields" value="240"  /><input type="hidden" name=".cgifields" value="
Action.c(92):     74"  /><input type="hidden" name=".cgifields" value="334"  /><input type="hidden" name=".c
Action.c(92):     gifields" value="440"  /><input type="hidden" name=".cgifields" value="61"  /><input type=
Action.c(92):     "hidden" name=".cgifields" value="230"  /><input type="hidden" name=".cgifields" value="29
Action.c(92):     9"  /><input type="hidden" name=".cgifields" value="115"  /><input type="hidden" name=".cg
Action.c(92):     ifields" value="430"  /><input type="hidden" name=".cgifields" value="377"  /><input type=
Action.c(92):     "hidden" name=".cgifields" value="447"  /><input type="hidden" name=".cgifields" value="10
Action.c(92):     3"  /><input type="hidden" name=".cgifields" value="201"  /><input type="hidden" name=".cg
Action.c(92):     ifields" value="379"  /><input type="hidden" name=".cgifields" value="423"  /><input type=
Action.c(92):     "hidden" name=".cgifields" value="415"  /><input type="hidden" name=".cgifields" value="11
Action.c(92):     3"  /><input type="hidden" name=".cgifields" value="152"  /><input type="hidden" name=".cg
Action.c(92):     ifields" value="189"  /><input type="hidden" name=".cgifields" value="452"  /><input type=
Action.c(92):     "hidden" name=".cgifields" value="342"  /><input type="hidden" name=".cgifields" value="29
Action.c(92):     5"  /><input type="hidden" name=".cgifields" value="266"  /><input type="hidden" name=".cg
Action.c(92):     ifields" value="91"  /><input type="hidden" name=".cgifields" value="480"  /><input type="
Action.c(92):     hidden" name=".cgifields" value="341"  /><input type="hidden" name=".cgifields" value="438
Action.c(92):     "  /><input type="hidden" name=".cgifields" value="107"  /><input type="hidden" name=".cgi
Action.c(92):     fields" value="467"  /><input type="hidden" name=".cgifields" value="87"  /><input type="h
Action.c(92):     idden" name=".cgifields" value="481"  /><input type="hidden" name=".cgifields" value="474"
Action.c(92):       /><input type="hidden" name=".cgifields" value="174"  /><input type="hidden" name=".cgif
Action.c(92):     ields" value="77"  /><input type="hidden" name=".cgifields" value="444"  /><input type="hi
Action.c(92):     dden" name=".cgifields" value="214"  /><input type="hidden" name=".cgifields" value="422" 
Action.c(92):      /><input type="hidden" name=".cgifields" value="221"  /><input type="hidden" nam
Action.c(92): Found resource "http://localhost:1080/WebTours/images/cancelreservation.gif" in HTML "http://localhost:1080/cgi-bin/itinerary.pl"  	[MsgId: MMSG-26659]
Action.c(92): Found resource "http://localhost:1080/WebTours/images/cancelallreservations.gif" in HTML "http://localhost:1080/cgi-bin/itinerary.pl"  	[MsgId: MMSG-26659]
Action.c(92): t=4590052ms: 12287-byte chunked response body for "http://localhost:1080/cgi-bin/itinerary.pl" (RelFrameId=1.2, Internal ID=2306)
Action.c(92):     e=".cgifields" value="39"  /><input type="hidden" name=".cgifields" value="64"  /><input t
Action.c(92):     ype="hidden" name=".cgifields" value="97"  /><input type="hidden" name=".cgifields" value=
Action.c(92):     "417"  /><input type="hidden" name=".cgifields" value="12"  /><input type="hidden" name=".
Action.c(92):     cgifields" value="41"  /><input type="hidden" name=".cgifields" value="52"  /><input type=
Action.c(92):     "hidden" name=".cgifields" value="312"  /><input type="hidden" name=".cgifields" value="30
Action.c(92):     2"  /><input type="hidden" name=".cgifields" value="229"  /><input type="hidden" name=".cg
Action.c(92):     ifields" value="45"  /><input type="hidden" name=".cgifields" value="405"  /><input type="
Action.c(92):     hidden" name=".cgifields" value="260"  /><input type="hidden" name=".cgifields" value="237
Action.c(92):     "  /><input type="hidden" name=".cgifields" value="370"  /><input type="hidden" name=".cgi
Action.c(92):     fields" value="309"  /><input type="hidden" name=".cgifields" value="188"  /><input type="
Action.c(92):     hidden" name=".cgifields" value="68"  /><input type="hidden" name=".cgifields" value="402"
Action.c(92):       /><input type="hidden" name=".cgifields" value="315"  /><input type="hidden" name=".cgif
Action.c(92):     ields" value="1"  /><input type="hidden" name=".cgifields" value="136"  /><input type="hid
Action.c(92):     den" name=".cgifields" value="116"  /><input type="hidden" name=".cgifields" value="416"  
Action.c(92):     /><input type="hidden" name=".cgifields" value="338"  /><input type="hidden" name=".cgifie
Action.c(92):     lds" value="144"  /><input type="hidden" name=".cgifields" value="380"  /><input type="hid
Action.c(92):     den" name=".cgifields" value="100"  /><input type="hidden" name=".cgifields" value="300"  
Action.c(92):     /><input type="hidden" name=".cgifields" value="222"  /><input type="hidden" name=".cgifie
Action.c(92):     lds" value="25"  /><input type="hidden" name=".cgifields" value="286"  /><input type="hidd
Action.c(92):     en" name=".cgifields" value="120"  /><input type="hidden" name=".cgifields" value="83"  />
Action.c(92):     <input type="hidden" name=".cgifields" value="381"  /><input type="hidden" name=".cgifield
Action.c(92):     s" value="305"  /><input type="hidden" name=".cgifields" value="308"  /><input type="hidde
Action.c(92):     n" name=".cgifields" value="392"  /><input type="hidden" name=".cgifields" value="254"  />
Action.c(92):     <input type="hidden" name=".cgifields" value="177"  /><input type="hidden" name=".cgifield
Action.c(92):     s" value="373"  /><input type="hidden" name=".cgifields" value="217"  /><input type="hidde
Action.c(92):     n" name=".cgifields" value="328"  /><input type="hidden" name=".cgifields" value="239"  />
Action.c(92):     <input type="hidden" name=".cgifields" value="122"  /><input type="hidden" name=".cgifield
Action.c(92):     s" value="143"  /><input type="hidden" name=".cgifields" value="464"  /><input type="hidde
Action.c(92):     n" name=".cgifields" value="281"  /><input type="hidden" name=".cgifields" value="269"  />
Action.c(92):     <input type="hidden" name=".cgifields" value="205"  /><input type="hidden" name=".cgifield
Action.c(92):     s" value="158"  /><input type="hidden" name=".cgifields" value="42"  /><input type="hidden
Action.c(92):     " name=".cgifields" value="22"  /><input type="hidden" name=".cgifields" value="363"  /><i
Action.c(92):     nput type="hidden" name=".cgifields" value="46"  /><input type="hidden" name=".cgifields" 
Action.c(92):     value="399"  /><input type="hidden" name=".cgifields" value="235"  /><input type="hidden" 
Action.c(92):     name=".cgifields" value="301"  /><input type="hidden" name=".cgifields" value="6"  /><inpu
Action.c(92):     t type="hidden" name=".cgifields" value="436"  /><input type="hidden" name=".cgifields" va
Action.c(92):     lue="36"  /><input type="hidden" name=".cgifields" value="213"  /><input type="hidden" nam
Action.c(92):     e=".cgifields" value="183"  /><input type="hidden" name=".cgifields" value="94"  /><input 
Action.c(92):     type="hidden" name=".cgifields" value="51"  /><input type="hidden" name=".cgifields" value
Action.c(92):     ="472"  /><input type="hidden" name=".cgifields" value="456"  /><input type="hidden" name=
Action.c(92):     ".cgifields" value="439"  /><input type="hidden" name=".cgifields" value="362"  /><input t
Action.c(92):     ype="hidden" name=".cgifields" value="317"  /><input type="hidden" name=".cgifields" value
Action.c(92):     ="296"  /><input type="hidden" name=".cgifields" value="265"  /><input type="hidden" name=
Action.c(92):     ".cgifields" value="411"  /><input type="hidden" name=".cgifields" value="169"  /><input t
Action.c(92):     ype="hidden" name=".cgifields" value="132"  /><input type="hidden" name=".cgifields" value
Action.c(92):     ="171"  /><input type="hidden" name=".cgifields" value="478"  /><input type="hidden" name=
Action.c(92):     ".cgifields" value="398"  /><input type="hidden" name=".cgifields" value="384"  /><input t
Action.c(92):     ype="hidden" name=".cgifields" value="386"  /><input type="hidden" name=".cgifields" value
Action.c(92):     ="407"  /><input type="hidden" name=".cgifields" value="445"  /><input type="hidden" name=
Action.c(92):     ".cgifields" value="200"  /><input type="hidden" name=".cgifields" value="18"  /><input ty
Action.c(92):     pe="hidden" name=".cgifields" value="376"  /><input type="hidden" name=".cgifields" value=
Action.c(92):     "366"  /><input type="hidden" name=".cgifields" value="125"  /><input type="hidden" name="
Action.c(92):     .cgifields" value="329"  /><input type="hidden" name=".cgifields" value="44"  /><input typ
Action.c(92):     e="hidden" name=".cgifields" value="27"  /><input type="hidden" name=".cgifields" value="2
Action.c(92):     72"  /><input type="hidden" name=".cgifields" value="161"  /><input type="hidden" name=".c
Action.c(92):     gifields" value="190"  /><input type="hidden" name=".cgifields" value="298"  /><input type
Action.c(92):     ="hidden" name=".cgifields" value="95"  /><input type="hidden" name=".cgifields" value="40
Action.c(92):     0"  /><input type="hidden" name=".cgifields" value="313"  /><input type="hidden" name=".cg
Action.c(92):     ifields" value="20"  /><input type="hidden" name=".cgifields" value="109"  /><input type="
Action.c(92):     hidden" name=".cgifields" value="231"  /><input type="hidden" name=".cgifields" value="243
Action.c(92):     "  /><input type="hidden" name=".cgifields" value="151"  /><input type="hidden" name=".cgi
Action.c(92):     fields" value="148"  /><input type="hidden" name=".cgifields" value="343"  /><input type="
Action.c(92):     hidden" name=".cgifields" value="468"  /><input type="hidden" name=".cgifields" value="287
Action.c(92):     "  /><input type="hidden" name=".cgifields" value="475"  /><input type="hidden" name=".cgi
Action.c(92):     fields" value="441"  /><input type="hidden" name=".cgifields" value="78"  /><input type="h
Action.c(92):     idden" name=".cgifields" value="413"  /><input type="hidden" name=".cgifields" value="397"
Action.c(92):       /><input type="hidden" name=".cgifields" value="294"  /><input type="hidden" name=".cgif
Action.c(92):     ields" value="349"  /><input type="hidden" name=".cgifields" value="106"  /><input type="h
Action.c(92):     idden" name=".cgifields" value="275"  /><input type="hidden" name=".cgifields" value="157"
Action.c(92):       /><input type="hidden" name=".cgifields" value="65"  /><input type="hidden" name=".cgifi
Action.c(92):     elds" value="197"  /><input type="hidden" name=".cgifields" value="203"  /><input type="hi
Action.c(92):     dden" name=".cgifields" value="261"  /><input type="hidden" name=".cgifields" value="138" 
Action.c(92):      /><input type="hidden" name=".cgifields" value="81"  /><input type="hidden" name=".cgifie
Action.c(92):     lds" value="137"  /><input type="hidden" name=".cgifields" value="60"  /><input type="hidd
Action.c(92):     en" name=".cgifields" value="459"  /><input type="hidden" name=".cgifields" value="432"  /
Action.c(92):     ><input type="hidden" name=".cgifields" value="321"  /><input type="hidden" name=".cgifiel
Action.c(92):     ds" value="284"  /><input type="hidden" name=".cgifields" value="86"  /><input type="hidde
Action.c(92):     n" name=".cgifields" value="247"  /><input type="hidden" name=".cgifields" value="371"  />
Action.c(92):     <input type="hidden" name=".cgifields" value="204"  /><input type="hidden" name=".cgifield
Action.c(92):     s" value="289"  /><input type="hidden" name=".cgifields" value="165"  /><input type="hidde
Action.c(92):     n" name=".cgifields" value="346"  /><input type="hidden" name=".cgifields" value="17"  /><
Action.c(92):     input type="hidden" name=".cgifields" value="2"  /><input type="hidden" name=".cgifields" 
Action.c(92):     value="435"  /><input type="hidden" name=".cgifields" value="427"  /><input type="hidden" 
Action.c(92):     name=".cgifields" value="401"  /><input type="hidden" name=".cgifields" value="186"  /><in
Action.c(92):     put type="hidden" name=".cgifields" value="82"  /><input type="hidden" name=".cgifields" v
Action.c(92):     alue="110"  /><input type="hidden" name=".cgifields" value="147"  /><input type="hidden" n
Action.c(92):     ame=".cgifields" value="333"  /><input type="hidden" name=".cgifields" value="339"  /><inp
Action.c(92):     ut type="hidden" name=".cgifields" value="228"  /><input type="hidden" name=".cgifields" v
Action.c(92):     alue="323"  /><input type="hidden" name=".cgifields" value="268"  /><input type="hidden" n
Action.c(92):     ame=".cgifields" value="345"  /><input type="hidden" name=".cgifields" value="69"  /><inpu
Action.c(92):     t type="hidden" name=".cgifields" value="112"  /><input type="hidden" name=".cgifields" va
Action.c(92):     lue="319"  /><input type="hidden" name=".cgifields" value="172"  /><input type="hidden" na
Action.c(92):     me=".cgifields" value="191"  /><input type="hidden" name=".cgifields" value="224"  /><inpu
Action.c(92):     t type="hidden" name=".cgifields" value="187"  /><input type="hidden" name=".cgifields" va
Action.c(92):     lue="404"  /><input type="hidden" name=".cgifields" value="223"  /><input type="hidden" na
Action.c(92):     me=".cgifields" value="446"  /><input type="hidden" name=".cgifields" value="282"  /><inpu
Action.c(92):     t type="hidden" name=".cgifields" value="420"  /><input type="hidden" name=".cgifields" va
Action.c(92):     lue="262"  /><input type="hidden" name=".cgifields" value="79"  /><input type="hidden" nam
Action.c(92):     e=".cgifields" value="121"  /><input type="hidden" name=".cgifields" value="212"  /><input
Action.c(92):      type="hidden" name=".cgifields" value="352"  /><input type="hidden" name=".cgifields" val
Action.c(92):     ue="344"  /><input type="hidden" name=".cgifields" value="126"  /><input type="hidden" nam
Action.c(92):     e=".cgifields" value="238"  /><input type="hidden" name=".cgifields" value="426"  /><input
Action.c(92):      type="hidden" name=".cgifields" value="251"  /><input type="hidden" name=".cgifields" val
Action.c(92):     ue="369"  /><input type="hidden" name=".cgifields" value="253"  /><input type="hidden" nam
Action.c(92):     e=".cgifields" value="279"  /><input type="hidden" name=".cgifields" value="176"  /><input
Action.c(92):      type="hidden" name=".cgifields" value="448"  /><input type="hidden" name=".cgifields" val
Action.c(92):     ue="209"  /><input type="hidden" name=".cgifields" value="357"  /><input type="hidden" nam
Action.c(92):     e=".cgifields" value="216"  /><input type="hidden" name=".cgifields" value="256"  /><input
Action.c(92):      type="hidden" name=".cgifields" value="372"  /><input type="hidden" name=".cgifields" val
Action.c(92):     ue="117"  /><input type="hidden" name=".cgifields" value="170"  /><input type="hidden" nam
Action.c(92):     e=".cgifields" value="33"  /><input type="hidden" name=".cgifields" value="63"  /><input t
Action.c(92):     ype="hidden" name=".cgifields" value="428"  /><input type="hidden" name=".cgifields" value
Action.c(92):     ="455"  /><input type="hidden" name=".cgifields" value="7"  /><input type="hidden" name=".
Action.c(92):     cgifields" value="80"  /><input type="hidden" name=".cgifields" value="26"  /><input type=
Action.c(92):     "hidden" name=".cgifields" value="227"  /><input type="hidden" name=".cgifields" value="33
Action.c(92):     6"  /><input type="hidden" name=".cgifields" value="457"  /><input type="hidden" name=".cg
Action.c(92):     ifields" value="99"  /><input type="hidden" name=".cgifields" value="72"  /><input type="h
Action.c(92):     idden" name=".cgifields" value="179"  /><input type="hidden" name=".cgifields" value="383"
Action.c(92):       /><input type="hidden" name=".cgifields" value="264"  /><input type="hidden" name=".cgif
Action.c(92):     ields" value="255"  /><input type="hidden" name=".cgifields" value="297"  /><input type="h
Action.c(92):     idden" name=".cgifields" value="359"  /><input type="hidden" name=".cgifields" value="182"
Action.c(92):       /><input type="hidden" name=".cgifields" value="108"  /><input type="hidden" name=".cgif
Action.c(92):     ields" value="277"  /><input type="hidden" name=".cgifields" value="92"  /><input type="hi
Action.c(92):     dden" name=".cgifields" value="462"  /><input type="hidden" name=".cgifields" value="414" 
Action.c(92):      /><input type="hidden" name=".cgifields" value="232"  /><input type="hidden" name=".cgifi
Action.c(92):     elds" value="477"  /><input type="hidden" name=".cgifields" value="10"  /><input type="hid
Action.c(92):     den" name=".cgifields" value="225"  /><input type="hidden" name=".cgifields" value="330"  
Action.c(92):     /><input type="hidden" name=".cgifields" value="142"  /><input type="hidden" name=".cgifie
Action.c(92):     lds" value="207"  /><input type="hidden" name=".cgifields" value="263"  /><input type="hid
Action.c(92):     den" name=".cgifields" value="394"  /><input type="hidden" name=".cgifields" value="167"  
Action.c(92):     /><input type="hidden" name=".cgifields" value="48"  /><input type="hidden" name=".cgifiel
Action.c(92):     ds" value="360"  /><input type="hidden" name=".cgifields" value="419"  /><input type="hidd
Action.c(92):     en" name=".cgifields" value="133"  /><input type="hidden" name=".cgifields" value="290"  /
Action.c(92):     ><input type="hidden" name=".cgifields" value="123"  /><input type="hidden" name=".cgifiel
Action.c(92):     ds" value="149"  /><input type="hidden" name=".cgifields" value="304"  /><input type="hidd
Action.c(92):     en" name=".cgifields" value="50"  /><input type="hidden" name=".cgifields" value="476"  />
Action.c(92):     <input type="hidden" name=".cgifields" value="2
Action.c(92): t=4590057ms: 7-byte chunked response overhead for "http://localhost:1080/cgi-bin/itinerary.pl" (RelFrameId=1.2, Internal ID=2306)
Action.c(92):     \r\n
Action.c(92):     c6c\r\n
Action.c(92): t=4590057ms: 7-byte chunked response overhead for "http://localhost:1080/cgi-bin/itinerary.pl" (RelFrameId=1.2, Internal ID=2306)
Action.c(92):     \r\n
Action.c(92):     0\r\n
Action.c(92):     \r\n
Action.c(92): t=4590057ms: 4238-byte chunked response body for "http://localhost:1080/cgi-bin/itinerary.pl" (RelFrameId=1.2, Internal ID=2306)
Action.c(92):     10"  /><input type="hidden" name=".cgifields" value="406"  /><input type="hidden" name=".c
Action.c(92):     gifields" value="396"  /><input type="hidden" name=".cgifields" value="258"  /><input type
Action.c(92):     ="hidden" name=".cgifields" value="482"  /><input type="hidden" name=".cgifields" value="1
Action.c(92):     73"  /><input type="hidden" name=".cgifields" value="393"  /><input type="hidden" name=".c
Action.c(92):     gifields" value="56"  /><input type="hidden" name=".cgifields" value="66"  /><input type="
Action.c(92):     hidden" name=".cgifields" value="449"  /><input type="hidden" name=".cgifields" value="19"
Action.c(92):       /><input type="hidden" name=".cgifields" value="293"  /><input type="hidden" name=".cgif
Action.c(92):     ields" value="54"  /><input type="hidden" name=".cgifields" value="365"  /><input type="hi
Action.c(92):     dden" name=".cgifields" value="274"  /><input type="hidden" name=".cgifields" value="306" 
Action.c(92):      /><input type="hidden" name=".cgifields" value="470"  /><input type="hidden" name=".cgifi
Action.c(92):     elds" value="70"  /><input type="hidden" name=".cgifields" value="322"  /><input type="hid
Action.c(92):     den" name=".cgifields" value="469"  /><input type="hidden" name=".cgifields" value="353"  
Action.c(92):     /><input type="hidden" name=".cgifields" value="166"  /><input type="hidden" name=".cgifie
Action.c(92):     lds" value="375"  /><input type="hidden" name=".cgifields" value="88"  /><input type="hidd
Action.c(92):     en" name=".cgifields" value="30"  /><input type="hidden" name=".cgifields" value="141"  />
Action.c(92):     <input type="hidden" name=".cgifields" value="403"  /><input type="hidden" name=".cgifield
Action.c(92):     s" value="128"  /><input type="hidden" name=".cgifields" value="466"  /><input type="hidde
Action.c(92):     n" name=".cgifields" value="252"  /><input type="hidden" name=".cgifields" value="28"  /><
Action.c(92):     input type="hidden" name=".cgifields" value="310"  /><input type="hidden" name=".cgifields
Action.c(92):     " value="283"  /><input type="hidden" name=".cgifields" value="75"  /><input type="hidden"
Action.c(92):      name=".cgifields" value="40"  /><input type="hidden" name=".cgifields" value="134"  /><in
Action.c(92):     put type="hidden" name=".cgifields" value="156"  /><input type="hidden" name=".cgifields" 
Action.c(92):     value="303"  /><input type="hidden" name=".cgifields" value="192"  /><input type="hidden" 
Action.c(92):     name=".cgifields" value="250"  /><input type="hidden" name=".cgifields" value="421"  /><in
Action.c(92):     put type="hidden" name=".cgifields" value="59"  /><input type="hidden" name=".cgifields" v
Action.c(92):     alue="215"  /><input type="hidden" name=".cgifields" value="450"  /><input type="hidden" n
Action.c(92):     ame=".cgifields" value="278"  /><input type="hidden" name=".cgifields" value="150"  /><inp
Action.c(92):     ut type="hidden" name=".cgifields" value="271"  /><input type="hidden" name=".cgifields" v
Action.c(92):     alue="130"  /><input type="hidden" name=".cgifields" value="155"  /><input type="hidden" n
Action.c(92):     ame=".cgifields" value="387"  /><input type="hidden" name=".cgifields" value="53"  /><inpu
Action.c(92):     t type="hidden" name=".cgifields" value="245"  /><input type="hidden" name=".cgifields" va
Action.c(92):     lue="267"  /><input type="hidden" name=".cgifields" value="354"  /><input type="hidden" na
Action.c(92):     me=".cgifields" value="461"  /><input type="hidden" name=".cgifields" value="219"  /><inpu
Action.c(92):     t type="hidden" name=".cgifields" value="318"  /><input type="hidden" name=".cgifields" va
Action.c(92):     lue="13"  /><input type="hidden" name=".cgifields" value="257"  /><input type="hidden" nam
Action.c(92):     e=".cgifields" value="105"  /><input type="hidden" name=".cgifields" value="473"  /><input
Action.c(92):      type="hidden" name=".cgifields" value="85"  /><input type="hidden" name=".cgifields" valu
Action.c(92):     e="3"  /><input type="hidden" name=".cgifields" value="185"  /><input type="hidden" name="
Action.c(92):     .cgifields" value="390"  /><input type="hidden" name=".cgifields" value="332"  /><input ty
Action.c(92):     pe="hidden" name=".cgifields" value="248"  /><input type="hidden" name=".cgifields" value=
Action.c(92):     "111"  /><input type="hidden" name=".cgifields" value="9"  /><input type="hidden" name=".c
Action.c(92):     gifields" value="146"  /><input type="hidden" name=".cgifields" value="425"  /><input type
Action.c(92):     ="hidden" name=".cgifields" value="408"  /><input type="hidden" name=".cgifields" value="3
Action.c(92):     56"  /><input type="hidden" name=".cgifields" value="38"  /><input type="hidden" name=".cg
Action.c(92):     ifields" value="4"  /><input type="hidden" name=".cgifields" value="34"  /><input type="hi
Action.c(92):     dden" name=".cgifields" value="164"  /><input type="hidden" name=".cgifields" value="196" 
Action.c(92):      /><input type="hidden" name=".cgifields" value="242"  /></div></form>\n
Action.c(92):     \n
Action.c(92):     </center>\n
Action.c(92):     \n
Action.c(92):     </body>\n
Action.c(92):     </html>
Action.c(92): t=4590059ms: 297-byte response headers for "http://localhost:1080/WebTours/images/cancelreservation.gif" (RelFrameId=, Internal ID=2309)
Action.c(92):     HTTP/1.1 200 OK\r\n
Action.c(92):     Date: Mon, 25 May 2020 14:20:01 GMT\r\n
Action.c(92):     Server: Apache/2.2.21 (Win32)\r\n
Action.c(92):     Last-Modified: Tue, 28 Apr 2020 12:55:55 GMT\r\n
Action.c(92):     ETag: "100000006f428-33f-5a4595a269b9b"\r\n
Action.c(92):     Accept-Ranges: bytes\r\n
Action.c(92):     Content-Length: 831\r\n
Action.c(92):     Keep-Alive: timeout=5, max=98\r\n
Action.c(92):     Connection: Keep-Alive\r\n
Action.c(92):     Content-Type: image/gif\r\n
Action.c(92):     \r\n
Action.c(92): t=4590060ms: 831-byte response body for "http://localhost:1080/WebTours/images/cancelreservation.gif" (RelFrameId=, Internal ID=2309)
Action.c(92): t=4590060ms: 297-byte response headers for "http://localhost:1080/WebTours/images/cancelallreservations.gif" (RelFrameId=, Internal ID=2310)
Action.c(92):     HTTP/1.1 200 OK\r\n
Action.c(92):     Date: Mon, 25 May 2020 14:20:01 GMT\r\n
Action.c(92):     Server: Apache/2.2.21 (Win32)\r\n
Action.c(92):     Last-Modified: Tue, 28 Apr 2020 12:55:55 GMT\r\n
Action.c(92):     ETag: "100000006f427-2e6-5a4595a2641d1"\r\n
Action.c(92):     Accept-Ranges: bytes\r\n
Action.c(92):     Content-Length: 742\r\n
Action.c(92):     Keep-Alive: timeout=5, max=99\r\n
Action.c(92):     Connection: Keep-Alive\r\n
Action.c(92):     Content-Type: image/gif\r\n
Action.c(92):     \r\n
Action.c(92): t=4590060ms: 742-byte response body for "http://localhost:1080/WebTours/images/cancelallreservations.gif" (RelFrameId=, Internal ID=2310)
Action.c(92): t=4590061ms: 298-byte response headers for "http://localhost:1080/WebTours/images/home.gif" (RelFrameId=, Internal ID=2308)
Action.c(92):     HTTP/1.1 200 OK\r\n
Action.c(92):     Date: Mon, 25 May 2020 14:20:01 GMT\r\n
Action.c(92):     Server: Apache/2.2.21 (Win32)\r\n
Action.c(92):     Last-Modified: Tue, 28 Apr 2020 12:55:55 GMT\r\n
Action.c(92):     ETag: "100000006f42d-2b0-5a4595a286073"\r\n
Action.c(92):     Accept-Ranges: bytes\r\n
Action.c(92):     Content-Length: 688\r\n
Action.c(92):     Keep-Alive: timeout=5, max=100\r\n
Action.c(92):     Connection: Keep-Alive\r\n
Action.c(92):     Content-Type: image/gif\r\n
Action.c(92):     \r\n
Action.c(92): t=4590062ms: 688-byte response body for "http://localhost:1080/WebTours/images/home.gif" (RelFrameId=, Internal ID=2308)
Action.c(92): Registered web_reg_find successful for "Text=User wants the intineraries" (count=1)  	[MsgId: MMSG-26364]
Action.c(92): web_url("Itinerary Button") was successful, 552891 body bytes, 1917 header bytes, 1059 chunking overhead bytes  	[MsgId: MMSG-26385]
Action.c(102): Notify: Transaction "transaction_click_itinerary" ended with a "Pass" status (Duration: 0,9840 Wasted Time: 0,0037).	[MsgId: MMSG-16871]
Action.c(103): Notify: Transaction "5_view_reservation_transaction" ended with a "Pass" status (Duration: 11,2491 Think Time: 10,0019 Wasted Time: 0,0038).	[MsgId: MMSG-16870]
Ending action Action.	[MsgId: MMSG-15918]
Ending iteration 105.	[MsgId: MMSG-15965]
Waiting 30,7500 seconds for iteration pacing.	[MsgId: MMSG-15996]
Action was aborted.	[MsgId: MMSG-10694]
Ending Vuser...	[MsgId: MMSG-15966]
Starting action vuser_end.	[MsgId: MMSG-15919]
vuser_end.c(3): lr_think_time: 5,00 seconds.	[MsgId: MMSG-15948]
vuser_end.c(5): Notify: Transaction "transaction_logout" started.	[MsgId: MMSG-16999]
vuser_end.c(7): web_remove_auto_header("Sec-Fetch-User") started  	[MsgId: MMSG-26355]
vuser_end.c(7): Previous automatically added web header for "Sec-Fetch-User" removed  	[MsgId: MMSG-26587]
vuser_end.c(7): web_remove/revert_auto_header("Sec-Fetch-User") was successful  	[MsgId: MMSG-26392]
vuser_end.c(9): web_reg_find started  	[MsgId: MMSG-26355]
vuser_end.c(9): Registering web_reg_find was successful  	[MsgId: MMSG-26390]
vuser_end.c(12): web_url("SignOff Button") started  	[MsgId: MMSG-26355]
vuser_end.c(12): t=4610704ms: 328-byte response headers for "http://localhost:1080/cgi-bin/welcome.pl?signOff=1" (RelFrameId=1, Internal ID=2311)
vuser_end.c(12):     HTTP/1.1 200 OK\r\n
vuser_end.c(12):     Date: Mon, 25 May 2020 14:20:21 GMT\r\n
vuser_end.c(12):     Server: Apache/2.2.21 (Win32)\r\n
vuser_end.c(12):     Set-Cookie: MSO=SID&1590416421; path=/\r\n
vuser_end.c(12):     Set-Cookie: MTUserInfo=; path=/; expires=Sun, 24-May-2020 14:20:21 GMT\r\n
vuser_end.c(12):     Keep-Alive: timeout=5, max=100\r\n
vuser_end.c(12):     Connection: Keep-Alive\r\n
vuser_end.c(12):     Transfer-Encoding: chunked\r\n
vuser_end.c(12):     Content-Type: text/html; charset=ISO-8859-1\r\n
vuser_end.c(12):     \r\n
vuser_end.c(12): t=4610704ms: 5-byte chunked response overhead for "http://localhost:1080/cgi-bin/welcome.pl?signOff=1" (RelFrameId=1, Internal ID=2311)
vuser_end.c(12):     2ae\r\n
vuser_end.c(12): t=4610704ms: 2-byte chunked response overhead for "http://localhost:1080/cgi-bin/welcome.pl?signOff=1" (RelFrameId=1, Internal ID=2311)
vuser_end.c(12):     \r\n
vuser_end.c(12): t=4610705ms: 686-byte chunked response body for "http://localhost:1080/cgi-bin/welcome.pl?signOff=1" (RelFrameId=1, Internal ID=2311)
vuser_end.c(12):     <!-- \n
vuser_end.c(12):      A Session ID has been created and loaded into a cookie called MSO.\n
vuser_end.c(12):      Also, the server options have been loaded into the cookie called\n
vuser_end.c(12):      MSO as well.  The server options can be set via the Admin page.\n
vuser_end.c(12):      --->\n
vuser_end.c(12):     \n
vuser_end.c(12):     <html>\n
vuser_end.c(12):     <title>Web Tours</title>\n
vuser_end.c(12):        <!-- Frame Set -->\n
vuser_end.c(12):        <frameset cols="160,*" border="1" frameborder="1">\n
vuser_end.c(12):           <!-- Navigation Frame -->\n
vuser_end.c(12):           <frame src="nav.pl?in=home" name="navbar" marginheight="2" marginwidth="2" \n
vuser_end.c(12):                 noresize="noresize" scrolling="auto"/>\n
vuser_end.c(12):           <!-- Home Frame -->\n
vuser_end.c(12):           <frame src="/WebTours/home.html" name="info" marginheight="2" marginwidth="2" \n
vuser_end.c(12):                 noresize="noresize" scrolling="auto"/>\n
vuser_end.c(12):        </frameset>\n
vuser_end.c(12):     </html>\n
vuser_end.c(12):     \n
vuser_end.c(12):     </body>\n
vuser_end.c(12):     </html>
vuser_end.c(12): Detected non-resource "http://localhost:1080/cgi-bin/nav.pl?in=home" in "http://localhost:1080/cgi-bin/welcome.pl?signOff=1"  	[MsgId: MMSG-26574]
vuser_end.c(12): Detected non-resource "http://localhost:1080/WebTours/home.html" in "http://localhost:1080/cgi-bin/welcome.pl?signOff=1"  	[MsgId: MMSG-26574]
vuser_end.c(12): Retrieving data from cache for "http://localhost:1080/WebTours/home.html"  	[MsgId: MMSG-26558]
vuser_end.c(12): t=4610706ms: 1361-byte response body retrieved from cache for "http://localhost:1080/WebTours/home.html" (RelFrameId=1.2, Internal ID=2313)
vuser_end.c(12):     <HTML>\n
vuser_end.c(12):     <HEAD>\n
vuser_end.c(12):     \t<title>Web Tours</title>\n
vuser_end.c(12):     </HEAD>\n
vuser_end.c(12):     <style>\n
vuser_end.c(12):     \tblockquote {font-family: tahoma; font-size : 10pt}\n
vuser_end.c(12):     \tH1 {font-family: tahoma; font-size : 22pt; color: #003366}\n
vuser_end.c(12):     \tsmall {font-family: tahoma; font-size : 8pt}\n
vuser_end.c(12):     \tH3{font-family: tahoma; font-size : 10pt; color: black}\n
vuser_end.c(12):     \tA {FONT-WEIGHT: bold; FONT-SIZE: 10pt; COLOR: black; FONT-FAMILY: Tahoma; TEXT-DECORATIO
vuser_end.c(12):     N: none}\n
vuser_end.c(12):     \tA:hover{ FONT-WEIGHT: bold; FONT-SIZE: 10pt; COLOR: #993333; FONT-FAMILY: Tahoma;TEXT-DE
vuser_end.c(12):     CORATION: underline}\n
vuser_end.c(12):     \tTD {font-family: tahoma; font-size : 10pt; color: black}\n
vuser_end.c(12):     </style>\n
vuser_end.c(12):     <body bgcolor="#e0e7f1">\n
vuser_end.c(12):     <BR/>\n
vuser_end.c(12):     <BR/>\n
vuser_end.c(12):     <BR/>\n
vuser_end.c(12):     <br/>\n
vuser_end.c(12):     <table border="0">\n
vuser_end.c(12):     <tr><td></td></tr>\n
vuser_end.c(12):     <TR><TD></TD></TR>\n
vuser_end.c(12):     <TR><TD>\n
vuser_end.c(12):     <blockquote>\n
vuser_end.c(12):     <H1><b>Web Tours</b></H1>\n
vuser_end.c(12):     Welcome to the Web Tours site.\n
vuser_end.c(12):     <br/>\n
vuser_end.c(12):     To make reservations,please enter your account information to the left.\n
vuser_end.c(12):     <br/>\n
vuser_end.c(12):     If you haven't registered yet, <A href="/cgi-bin/login.pl?username=&amp;password=&amp;getI
vuser_end.c(12):     nfo=true" ><B>sign up now</B></A> to get access to all our resources.\n
vuser_end.c(12):     <br/>\n
vuser_end.c(12):     To configure the server options, use <A href="/cgi-bin/admin.pl" target="body" ><b>adminis
vuser_end.c(12):     tration</b></A> link.\n
vuser_end.c(12):     <br/><br/><br/><br/><br/><br/>\n
vuser_end.c(12):     <br/><small>\n
vuser_end.c(12):     This product uses parts of the SMT Kernel, Copyright (c) 1991-99 <A href="http://www.imati
vuser_end.c(12):     x.com" target="new"><B><small>iMatix Corporation</small></B></A> \n
vuser_end.c(12):     </small>\n
vuser_end.c(12):     </blockquote></TD>\n
vuser_end.c(12):     <TD></TD></TR>\n
vuser_end.c(12):     </table>\n
vuser_end.c(12):     </body>\n
vuser_end.c(12):     </HTML>\n
vuser_end.c(12): t=4610708ms: 5-byte chunked response overhead for "http://localhost:1080/cgi-bin/welcome.pl?signOff=1" (RelFrameId=1, Internal ID=2311)
vuser_end.c(12):     0\r\n
vuser_end.c(12):     \r\n
vuser_end.c(12): t=4610768ms: 256-byte response headers for "http://localhost:1080/cgi-bin/nav.pl?in=home" (RelFrameId=1.1, Internal ID=2312)
vuser_end.c(12):     HTTP/1.1 200 OK\r\n
vuser_end.c(12):     Date: Mon, 25 May 2020 14:20:21 GMT\r\n
vuser_end.c(12):     Server: Apache/2.2.21 (Win32)\r\n
vuser_end.c(12):     Expires: Sun, 24 May 2020 14:20:21 GMT\r\n
vuser_end.c(12):     Keep-Alive: timeout=5, max=100\r\n
vuser_end.c(12):     Connection: Keep-Alive\r\n
vuser_end.c(12):     Transfer-Encoding: chunked\r\n
vuser_end.c(12):     Content-Type: text/html; charset=ISO-8859-1\r\n
vuser_end.c(12):     \r\n
vuser_end.c(12): t=4610769ms: 5-byte chunked response overhead for "http://localhost:1080/cgi-bin/nav.pl?in=home" (RelFrameId=1.1, Internal ID=2312)
vuser_end.c(12):     5ce\r\n
vuser_end.c(12): t=4610769ms: 2-byte chunked response overhead for "http://localhost:1080/cgi-bin/nav.pl?in=home" (RelFrameId=1.1, Internal ID=2312)
vuser_end.c(12):     \r\n
vuser_end.c(12): t=4610769ms: 1486-byte chunked response body for "http://localhost:1080/cgi-bin/nav.pl?in=home" (RelFrameId=1.1, Internal ID=2312)
vuser_end.c(12):     <!DOCTYPE html\n
vuser_end.c(12):     \tPUBLIC "-//W3C//DTD XHTML 1.0 Transitional//EN"\n
vuser_end.c(12):     \t "http://www.w3.org/TR/xhtml1/DTD/xhtml1-transitional.dtd">\n
vuser_end.c(12):     <html xmlns="http://www.w3.org/1999/xhtml" lang="en-US" xml:lang="en-US">\n
vuser_end.c(12):     <head>\n
vuser_end.c(12):     <title>Web Tours Navigation Bar</title>\n
vuser_end.c(12):     <meta http-equiv="Content-Type" content="text/html; charset=iso-8859-1" />\n
vuser_end.c(12):     </head>\n
vuser_end.c(12):     <body bgcolor="#E0E7F1">\n
vuser_end.c(12):     <style>\n
vuser_end.c(12):     blockquote {font-family: tahoma; font-size : 10pt}\n
vuser_end.c(12):     H1 {font-family: tahoma; font-size : 22pt; color: #993333}\n
vuser_end.c(12):     H3 {font-family: tahoma; font-size : 10pt; color: black}\n
vuser_end.c(12):     small {font-family: tahoma; font-size : 8pt}\n
vuser_end.c(12):     </style>\n
vuser_end.c(12):     <form method="post" action="/cgi-bin/login.pl" target="body">\n
vuser_end.c(12):     <input type="hidden" name="userSession" value="128830.815795869zzczHDfpAiHfDQHzAptVAfcf"/>
vuser_end.c(12):     \n
vuser_end.c(12):     <table border="0"><tr><td>&nbsp;</td>\n
vuser_end.c(12):     <td>&nbsp;</td></tr>\n
vuser_end.c(12):     <tr><td>&nbsp;</td>\n
vuser_end.c(12):     <td>&nbsp;</td></tr>\n
vuser_end.c(12):     <tr><td>&nbsp;</td>\n
vuser_end.c(12):     <td><small>&nbsp;Username</small></td></tr>\n
vuser_end.c(12):     <tr><td>&nbsp;</td>\n
vuser_end.c(12):     <td><input type="text" name="username" value="" size="14" maxlength="14"/></td></tr>\n
vuser_end.c(12):     <tr><td>&nbsp;</td>\n
vuser_end.c(12):     <td><small>&nbsp;Password</small></td>\n
vuser_end.c(12):     <tr><td>&nbsp;</td>\n
vuser_end.c(12):     <td><input type="password" name="password" value="" size="14" maxlength="14"/></td></tr>\n
vuser_end.c(12):     <tr><td>&nbsp;</td>\n
vuser_end.c(12):     <td>&nbsp;</td></tr>\n
vuser_end.c(12):     <tr><td>&nbsp;</td>\n
vuser_end.c(12):     <td><input type="image" name="login" value="Login" alt="Login" border="1" \n
vuser_end.c(12):     src="/WebTours/images/mer_login.gif"/></td></tr>\n
vuser_end.c(12):     <tr><td>&nbsp;</td><td>&nbsp;</td></tr>\n
vuser_end.c(12):     </table><input type="hidden" name="JSFormSubmit" value="off"/>\n
vuser_end.c(12):     </form>\n
vuser_end.c(12):     \n
vuser_end.c(12):     </body>\n
vuser_end.c(12):     </html>\n
vuser_end.c(12): Resource "http://localhost:1080/WebTours/images/mer_login.gif" is in the cache already and will not be downloaded again  	[MsgId: MMSG-26655]
vuser_end.c(12): t=4610771ms: 5-byte chunked response overhead for "http://localhost:1080/cgi-bin/nav.pl?in=home" (RelFrameId=1.1, Internal ID=2312)
vuser_end.c(12):     0\r\n
vuser_end.c(12):     \r\n
vuser_end.c(12): Registered web_reg_find successful for "Text=A Session ID has been created" (count=1)  	[MsgId: MMSG-26364]
vuser_end.c(12): web_url("SignOff Button") was successful, 2172 body bytes, 584 header bytes, 24 chunking overhead bytes  	[MsgId: MMSG-26385]
vuser_end.c(22): Notify: Transaction "transaction_logout" ended with a "Pass" status (Duration: 0,1234 Wasted Time: 0,0000).	[MsgId: MMSG-16871]
Ending action vuser_end.	[MsgId: MMSG-15918]
Vuser Terminated.	[MsgId: MMSG-15963]
Vuser 3 (thread 179564), ended OK."	[MsgId: MMSG-10695]
