Start auto log messages stack - Iteration 2.	[MsgId: MMSG-10545]
Action.c(102): Notify: Transaction "transaction_click_itinerary" ended with a "Pass" status (Duration: 0,1456 Wasted Time: 0,0000).	[MsgId: MMSG-16871]
Action.c(104): lr_think_time: 5,00 seconds.	[MsgId: MMSG-15948]
Action.c(106): Notify: Transaction "transaction_delete_reservation" started.	[MsgId: MMSG-16999]
Action.c(108): web_add_header("Origin") started  	[MsgId: MMSG-26355]
Action.c(108): web_add_header("Origin") was successful  	[MsgId: MMSG-26392]
Action.c(111): web_reg_find started  	[MsgId: MMSG-26355]
Action.c(111): Registering web_reg_find was successful  	[MsgId: MMSG-26390]
Action.c(114): web_reg_find started  	[MsgId: MMSG-26355]
Action.c(114): Registering web_reg_find was successful  	[MsgId: MMSG-26390]
Action.c(117): web_submit_form("itinerary.pl") started  	[MsgId: MMSG-26355]
Action.c(117): Error -27979: Requested form not found  	[MsgId: MERR-27979]
End auto log messages stack.	[MsgId: MMSG-10544]


Start auto log messages stack - Iteration 2.	[MsgId: MMSG-10545]
Action.c(117): Warning -26379: Pending web_reg_save_param/web_reg_find/web_create_html_param/web_create_html_param_ex request(s) are deleted and will be handled as "not found"  	[MsgId: MWAR-26379]
Action.c(117): Registered web_reg_find successful for "Text=Unfortunately, we could not delete"  	[MsgId: MMSG-26362]
Action.c(117): Error -26366: "Text=Flights List" not found for web_reg_find  	[MsgId: MERR-26366]
Action.c(117): Error -26374: The above "not found" error(s) may be explained by header and body byte counts being 0 and 0, respectively.  	[MsgId: MERR-26374]
End auto log messages stack.	[MsgId: MMSG-10544]


Start auto log messages stack - Iteration 1.	[MsgId: MMSG-10545]
Action.c(104): lr_think_time: 5,00 seconds.	[MsgId: MMSG-15948]
Action.c(106): Notify: Transaction "transaction_delete_reservation" started.	[MsgId: MMSG-16999]
Action.c(108): web_add_header("Origin") started  	[MsgId: MMSG-26355]
Action.c(108): web_add_header("Origin") was successful  	[MsgId: MMSG-26392]
Action.c(111): web_reg_find started  	[MsgId: MMSG-26355]
Action.c(111): Registering web_reg_find was successful  	[MsgId: MMSG-26390]
Action.c(114): web_reg_find started  	[MsgId: MMSG-26355]
Action.c(114): Registering web_reg_find was successful  	[MsgId: MMSG-26390]
Action.c(117): web_submit_form("itinerary.pl") started  	[MsgId: MMSG-26355]
Action.c(117): Submitting form to "http://localhost:1080/cgi-bin/itinerary.pl", Target Frame=""  	[MsgId: MMSG-27978]
Action.c(117): Error -26368: "Text=Unfortunately, we could not delete" found for web_reg_find (count=1)  	[MsgId: MERR-26368]
End auto log messages stack.	[MsgId: MMSG-10544]


Start auto log messages stack - Iteration 2.	[MsgId: MMSG-10545]
Action.c(102): Notify: Transaction "transaction_click_itinerary" ended with a "Pass" status (Duration: 0,2142 Wasted Time: 0,0000).	[MsgId: MMSG-16871]
Action.c(104): lr_think_time: 5,00 seconds.	[MsgId: MMSG-15948]
Action.c(106): Notify: Transaction "transaction_delete_reservation" started.	[MsgId: MMSG-16999]
Action.c(108): web_add_header("Origin") started  	[MsgId: MMSG-26355]
Action.c(108): web_add_header("Origin") was successful  	[MsgId: MMSG-26392]
Action.c(111): web_reg_find started  	[MsgId: MMSG-26355]
Action.c(111): Registering web_reg_find was successful  	[MsgId: MMSG-26390]
Action.c(114): web_reg_find started  	[MsgId: MMSG-26355]
Action.c(114): Registering web_reg_find was successful  	[MsgId: MMSG-26390]
Action.c(117): web_submit_form("itinerary.pl") started  	[MsgId: MMSG-26355]
Action.c(117): Error -27979: Requested form not found  	[MsgId: MERR-27979]
End auto log messages stack.	[MsgId: MMSG-10544]


Start auto log messages stack - Iteration 2.	[MsgId: MMSG-10545]
Action.c(117): Registered web_reg_find successful for "Text=Unfortunately, we could not delete"  	[MsgId: MMSG-26362]
Action.c(117): Error -26366: "Text=Flights List" not found for web_reg_find  	[MsgId: MERR-26366]
Action.c(117): Error -26374: The above "not found" error(s) may be explained by header and body byte counts being 0 and 0, respectively.  	[MsgId: MERR-26374]
End auto log messages stack.	[MsgId: MMSG-10544]


Start auto log messages stack - Iteration 3.	[MsgId: MMSG-10545]
Action.c(102): Notify: Transaction "transaction_click_itinerary" ended with a "Pass" status (Duration: 0,1672 Wasted Time: 0,0000).	[MsgId: MMSG-16871]
Action.c(104): lr_think_time: 5,00 seconds.	[MsgId: MMSG-15948]
Action.c(106): Notify: Transaction "transaction_delete_reservation" started.	[MsgId: MMSG-16999]
Action.c(108): web_add_header("Origin") started  	[MsgId: MMSG-26355]
Action.c(108): web_add_header("Origin") was successful  	[MsgId: MMSG-26392]
Action.c(111): web_reg_find started  	[MsgId: MMSG-26355]
Action.c(111): Registering web_reg_find was successful  	[MsgId: MMSG-26390]
Action.c(114): web_reg_find started  	[MsgId: MMSG-26355]
Action.c(114): Registering web_reg_find was successful  	[MsgId: MMSG-26390]
Action.c(117): web_submit_form("itinerary.pl") started  	[MsgId: MMSG-26355]
Action.c(117): Error -27979: Requested form not found  	[MsgId: MERR-27979]
End auto log messages stack.	[MsgId: MMSG-10544]


Start auto log messages stack - Iteration 3.	[MsgId: MMSG-10545]
Action.c(117): Registered web_reg_find successful for "Text=Unfortunately, we could not delete"  	[MsgId: MMSG-26362]
Action.c(117): Error -26366: "Text=Flights List" not found for web_reg_find  	[MsgId: MERR-26366]
Action.c(117): Error -26374: The above "not found" error(s) may be explained by header and body byte counts being 0 and 0, respectively.  	[MsgId: MERR-26374]
End auto log messages stack.	[MsgId: MMSG-10544]


Start auto log messages stack - Iteration 4.	[MsgId: MMSG-10545]
Action.c(102): Notify: Transaction "transaction_click_itinerary" ended with a "Pass" status (Duration: 0,1339 Wasted Time: 0,0000).	[MsgId: MMSG-16871]
Action.c(104): lr_think_time: 5,00 seconds.	[MsgId: MMSG-15948]
Action.c(106): Notify: Transaction "transaction_delete_reservation" started.	[MsgId: MMSG-16999]
Action.c(108): web_add_header("Origin") started  	[MsgId: MMSG-26355]
Action.c(108): web_add_header("Origin") was successful  	[MsgId: MMSG-26392]
Action.c(111): web_reg_find started  	[MsgId: MMSG-26355]
Action.c(111): Registering web_reg_find was successful  	[MsgId: MMSG-26390]
Action.c(114): web_reg_find started  	[MsgId: MMSG-26355]
Action.c(114): Registering web_reg_find was successful  	[MsgId: MMSG-26390]
Action.c(117): web_submit_form("itinerary.pl") started  	[MsgId: MMSG-26355]
Action.c(117): Error -27979: Requested form not found  	[MsgId: MERR-27979]
End auto log messages stack.	[MsgId: MMSG-10544]


Start auto log messages stack - Iteration 4.	[MsgId: MMSG-10545]
Action.c(117): Registered web_reg_find successful for "Text=Unfortunately, we could not delete"  	[MsgId: MMSG-26362]
Action.c(117): Error -26366: "Text=Flights List" not found for web_reg_find  	[MsgId: MERR-26366]
Action.c(117): Error -26374: The above "not found" error(s) may be explained by header and body byte counts being 0 and 0, respectively.  	[MsgId: MERR-26374]
End auto log messages stack.	[MsgId: MMSG-10544]


Start auto log messages stack - Iteration 5.	[MsgId: MMSG-10545]
Action.c(57): web_reg_find started  	[MsgId: MMSG-26355]
Action.c(57): Registering web_reg_find was successful  	[MsgId: MMSG-26390]
Action.c(60): web_submit_data("login.pl") started  	[MsgId: MMSG-26355]
Action.c(60): Detected non-resource "http://localhost:1080/cgi-bin/nav.pl?username=user4&password=vuser4" in "http://localhost:1080/cgi-bin/login.pl"  	[MsgId: MMSG-26574]
Action.c(60): Detected non-resource "http://localhost:1080/cgi-bin/error.pl?error=badPassword" in "http://localhost:1080/cgi-bin/login.pl"  	[MsgId: MMSG-26574]
Action.c(60): Resource "http://localhost:1080/WebTours/images/mer_login.gif" is in the cache already and will not be downloaded again  	[MsgId: MMSG-26655]
Action.c(60): Error -26366: "Text=User password was correct" not found for web_reg_find  	[MsgId: MERR-26366]
End auto log messages stack.	[MsgId: MMSG-10544]


Start auto log messages stack - Iteration 4.	[MsgId: MMSG-10545]
Action.c(102): Notify: Transaction "transaction_click_itinerary" ended with a "Pass" status (Duration: 0,1932 Wasted Time: 0,0000).	[MsgId: MMSG-16871]
Action.c(104): lr_think_time: 5,00 seconds.	[MsgId: MMSG-15948]
Action.c(106): Notify: Transaction "transaction_delete_reservation" started.	[MsgId: MMSG-16999]
Action.c(108): web_add_header("Origin") started  	[MsgId: MMSG-26355]
Action.c(108): web_add_header("Origin") was successful  	[MsgId: MMSG-26392]
Action.c(111): web_reg_find started  	[MsgId: MMSG-26355]
Action.c(111): Registering web_reg_find was successful  	[MsgId: MMSG-26390]
Action.c(114): web_reg_find started  	[MsgId: MMSG-26355]
Action.c(114): Registering web_reg_find was successful  	[MsgId: MMSG-26390]
Action.c(117): web_submit_form("itinerary.pl") started  	[MsgId: MMSG-26355]
Action.c(117): Error -27979: Requested form not found  	[MsgId: MERR-27979]
End auto log messages stack.	[MsgId: MMSG-10544]


Start auto log messages stack - Iteration 4.	[MsgId: MMSG-10545]
Action.c(117): Registered web_reg_find successful for "Text=Unfortunately, we could not delete"  	[MsgId: MMSG-26362]
Action.c(117): Error -26366: "Text=Flights List" not found for web_reg_find  	[MsgId: MERR-26366]
Action.c(117): Error -26374: The above "not found" error(s) may be explained by header and body byte counts being 0 and 0, respectively.  	[MsgId: MERR-26374]
End auto log messages stack.	[MsgId: MMSG-10544]


Start auto log messages stack - Iteration 6.	[MsgId: MMSG-10545]
Action.c(57): web_reg_find started  	[MsgId: MMSG-26355]
Action.c(57): Registering web_reg_find was successful  	[MsgId: MMSG-26390]
Action.c(60): web_submit_data("login.pl") started  	[MsgId: MMSG-26355]
Action.c(60): Detected non-resource "http://localhost:1080/cgi-bin/nav.pl?username=user5&password=vuser5" in "http://localhost:1080/cgi-bin/login.pl"  	[MsgId: MMSG-26574]
Action.c(60): Detected non-resource "http://localhost:1080/cgi-bin/error.pl?error=badPassword" in "http://localhost:1080/cgi-bin/login.pl"  	[MsgId: MMSG-26574]
Action.c(60): Resource "http://localhost:1080/WebTours/images/mer_login.gif" is in the cache already and will not be downloaded again  	[MsgId: MMSG-26655]
Action.c(60): Error -26366: "Text=User password was correct" not found for web_reg_find  	[MsgId: MERR-26366]
End auto log messages stack.	[MsgId: MMSG-10544]


Start auto log messages stack - Iteration 5.	[MsgId: MMSG-10545]
Action.c(57): web_reg_find started  	[MsgId: MMSG-26355]
Action.c(57): Registering web_reg_find was successful  	[MsgId: MMSG-26390]
Action.c(60): web_submit_data("login.pl") started  	[MsgId: MMSG-26355]
Action.c(60): Detected non-resource "http://localhost:1080/cgi-bin/nav.pl?username=user4&password=vuser4" in "http://localhost:1080/cgi-bin/login.pl"  	[MsgId: MMSG-26574]
Action.c(60): Detected non-resource "http://localhost:1080/cgi-bin/error.pl?error=badPassword" in "http://localhost:1080/cgi-bin/login.pl"  	[MsgId: MMSG-26574]
Action.c(60): Resource "http://localhost:1080/WebTours/images/mer_login.gif" is in the cache already and will not be downloaded again  	[MsgId: MMSG-26655]
Action.c(60): Error -26366: "Text=User password was correct" not found for web_reg_find  	[MsgId: MERR-26366]
End auto log messages stack.	[MsgId: MMSG-10544]


Start auto log messages stack - Iteration 7.	[MsgId: MMSG-10545]
Action.c(57): web_reg_find started  	[MsgId: MMSG-26355]
Action.c(57): Registering web_reg_find was successful  	[MsgId: MMSG-26390]
Action.c(60): web_submit_data("login.pl") started  	[MsgId: MMSG-26355]
Action.c(60): Detected non-resource "http://localhost:1080/cgi-bin/nav.pl?username=user6&password=vuser6" in "http://localhost:1080/cgi-bin/login.pl"  	[MsgId: MMSG-26574]
Action.c(60): Detected non-resource "http://localhost:1080/cgi-bin/error.pl?error=badPassword" in "http://localhost:1080/cgi-bin/login.pl"  	[MsgId: MMSG-26574]
Action.c(60): Resource "http://localhost:1080/WebTours/images/mer_login.gif" is in the cache already and will not be downloaded again  	[MsgId: MMSG-26655]
Action.c(60): Error -26366: "Text=User password was correct" not found for web_reg_find  	[MsgId: MERR-26366]
End auto log messages stack.	[MsgId: MMSG-10544]


Start auto log messages stack - Iteration 6.	[MsgId: MMSG-10545]
Action.c(57): web_reg_find started  	[MsgId: MMSG-26355]
Action.c(57): Registering web_reg_find was successful  	[MsgId: MMSG-26390]
Action.c(60): web_submit_data("login.pl") started  	[MsgId: MMSG-26355]
Action.c(60): Detected non-resource "http://localhost:1080/cgi-bin/nav.pl?username=user5&password=vuser5" in "http://localhost:1080/cgi-bin/login.pl"  	[MsgId: MMSG-26574]
Action.c(60): Detected non-resource "http://localhost:1080/cgi-bin/error.pl?error=badPassword" in "http://localhost:1080/cgi-bin/login.pl"  	[MsgId: MMSG-26574]
Action.c(60): Resource "http://localhost:1080/WebTours/images/mer_login.gif" is in the cache already and will not be downloaded again  	[MsgId: MMSG-26655]
Action.c(60): Error -26366: "Text=User password was correct" not found for web_reg_find  	[MsgId: MERR-26366]
End auto log messages stack.	[MsgId: MMSG-10544]


