Start auto log messages stack - Iteration 1.	[MsgId: MMSG-10545]
Action.c(104): lr_think_time: 5,00 seconds.	[MsgId: MMSG-15948]
Action.c(106): Notify: Transaction "transaction_delete_reservation" started.	[MsgId: MMSG-16999]
Action.c(108): web_add_header("Origin") started  	[MsgId: MMSG-26355]
Action.c(108): web_add_header("Origin") was successful  	[MsgId: MMSG-26392]
Action.c(111): web_reg_find started  	[MsgId: MMSG-26355]
Action.c(111): Registering web_reg_find was successful  	[MsgId: MMSG-26390]
Action.c(114): web_reg_find started  	[MsgId: MMSG-26355]
Action.c(114): Registering web_reg_find was successful  	[MsgId: MMSG-26390]
Action.c(117): web_submit_form("itinerary.pl") started  	[MsgId: MMSG-26355]
Action.c(117): Submitting form to "http://localhost:1080/cgi-bin/itinerary.pl", Target Frame=""  	[MsgId: MMSG-27978]
Action.c(117): Error -26368: "Text=Unfortunately, we could not delete" found for web_reg_find (count=1)  	[MsgId: MERR-26368]
Action.c(117): Error -26366: "Text=Flight #1" not found for web_reg_find  	[MsgId: MERR-26366]
End auto log messages stack.	[MsgId: MMSG-10544]


Start auto log messages stack - Iteration 1.	[MsgId: MMSG-10545]
Action.c(104): lr_think_time: 5,00 seconds.	[MsgId: MMSG-15948]
Action.c(106): Notify: Transaction "transaction_delete_reservation" started.	[MsgId: MMSG-16999]
Action.c(108): web_add_header("Origin") started  	[MsgId: MMSG-26355]
Action.c(108): web_add_header("Origin") was successful  	[MsgId: MMSG-26392]
Action.c(111): web_reg_find started  	[MsgId: MMSG-26355]
Action.c(111): Registering web_reg_find was successful  	[MsgId: MMSG-26390]
Action.c(114): web_reg_find started  	[MsgId: MMSG-26355]
Action.c(114): Registering web_reg_find was successful  	[MsgId: MMSG-26390]
Action.c(117): web_submit_form("itinerary.pl") started  	[MsgId: MMSG-26355]
Action.c(117): Submitting form to "http://localhost:1080/cgi-bin/itinerary.pl", Target Frame=""  	[MsgId: MMSG-27978]
Action.c(117): Error -26368: "Text=Unfortunately, we could not delete" found for web_reg_find (count=1)  	[MsgId: MERR-26368]
Action.c(117): Error -26366: "Text=Flight #1" not found for web_reg_find  	[MsgId: MERR-26366]
End auto log messages stack.	[MsgId: MMSG-10544]


Start auto log messages stack - Iteration 1.	[MsgId: MMSG-10545]
Action.c(104): lr_think_time: 5,00 seconds.	[MsgId: MMSG-15948]
Action.c(106): Notify: Transaction "transaction_delete_reservation" started.	[MsgId: MMSG-16999]
Action.c(108): web_add_header("Origin") started  	[MsgId: MMSG-26355]
Action.c(108): web_add_header("Origin") was successful  	[MsgId: MMSG-26392]
Action.c(111): web_reg_find started  	[MsgId: MMSG-26355]
Action.c(111): Registering web_reg_find was successful  	[MsgId: MMSG-26390]
Action.c(114): web_reg_find started  	[MsgId: MMSG-26355]
Action.c(114): Registering web_reg_find was successful  	[MsgId: MMSG-26390]
Action.c(117): web_submit_form("itinerary.pl") started  	[MsgId: MMSG-26355]
Action.c(117): Submitting form to "http://localhost:1080/cgi-bin/itinerary.pl", Target Frame=""  	[MsgId: MMSG-27978]
Action.c(117): Error -26368: "Text=Unfortunately, we could not delete" found for web_reg_find (count=1)  	[MsgId: MERR-26368]
Action.c(117): Error -26366: "Text=Flight #1" not found for web_reg_find  	[MsgId: MERR-26366]
End auto log messages stack.	[MsgId: MMSG-10544]


Start auto log messages stack - Iteration 1.	[MsgId: MMSG-10545]
Action.c(104): lr_think_time: 5,00 seconds.	[MsgId: MMSG-15948]
Action.c(106): Notify: Transaction "transaction_delete_reservation" started.	[MsgId: MMSG-16999]
Action.c(108): web_add_header("Origin") started  	[MsgId: MMSG-26355]
Action.c(108): web_add_header("Origin") was successful  	[MsgId: MMSG-26392]
Action.c(111): web_reg_find started  	[MsgId: MMSG-26355]
Action.c(111): Registering web_reg_find was successful  	[MsgId: MMSG-26390]
Action.c(114): web_reg_find started  	[MsgId: MMSG-26355]
Action.c(114): Registering web_reg_find was successful  	[MsgId: MMSG-26390]
Action.c(117): web_submit_form("itinerary.pl") started  	[MsgId: MMSG-26355]
Action.c(117): Submitting form to "http://localhost:1080/cgi-bin/itinerary.pl", Target Frame=""  	[MsgId: MMSG-27978]
Action.c(117): Error -26368: "Text=Unfortunately, we could not delete" found for web_reg_find (count=1)  	[MsgId: MERR-26368]
Action.c(117): Error -26366: "Text=Flight #1" not found for web_reg_find  	[MsgId: MERR-26366]
End auto log messages stack.	[MsgId: MMSG-10544]


Start auto log messages stack - Iteration 1.	[MsgId: MMSG-10545]
Action.c(104): lr_think_time: 5,00 seconds.	[MsgId: MMSG-15948]
Action.c(106): Notify: Transaction "transaction_delete_reservation" started.	[MsgId: MMSG-16999]
Action.c(108): web_add_header("Origin") started  	[MsgId: MMSG-26355]
Action.c(108): web_add_header("Origin") was successful  	[MsgId: MMSG-26392]
Action.c(111): web_reg_find started  	[MsgId: MMSG-26355]
Action.c(111): Registering web_reg_find was successful  	[MsgId: MMSG-26390]
Action.c(114): web_reg_find started  	[MsgId: MMSG-26355]
Start auto log messages stack - Iteration 1.	[MsgId: MMSG-10545]
Action.c(104): lr_think_time: 5,00 seconds.	[MsgId: MMSG-15948]
Action.c(106): Notify: Transaction "transaction_delete_reservation" started.	[MsgId: MMSG-16999]
Action.c(108): web_add_header("Origin") started  	[MsgId: MMSG-26355]
Action.c(108): web_add_header("Origin") was successful  	[MsgId: MMSG-26392]
Action.c(111): web_reg_find started  	[MsgId: MMSG-26355]
Action.c(111): Registering web_reg_find was successful  	[MsgId: MMSG-26390]
Action.c(114): web_reg_find started  	[MsgId: MMSG-26355]
Start auto log messages stack - Iteration 1.	[MsgId: MMSG-10545]
Action.c(104): lr_think_time: 5,00 seconds.	[MsgId: MMSG-15948]
Action.c(106): Notify: Transaction "transaction_delete_reservation" started.	[MsgId: MMSG-16999]
Action.c(108): web_add_header("Origin") started  	[MsgId: MMSG-26355]
Action.c(108): web_add_header("Origin") was successful  	[MsgId: MMSG-26392]
Action.c(111): web_reg_find started  	[MsgId: MMSG-26355]
Action.c(111): Registering web_reg_find was successful  	[MsgId: MMSG-26390]
Action.c(114): web_reg_find started  	[MsgId: MMSG-26355]
Action.c(114): Registering web_reg_find was successful  	[MsgId: MMSG-26390]
Action.c(117): web_submit_form("itinerary.pl") started  	[MsgId: MMSG-26355]
Action.c(117): Submitting form to "http://localhost:1080/cgi-bin/itinerary.pl", Target Frame=""  	[MsgId: MMSG-27978]
Action.c(117): Error -26368: "Text=Unfortunately, we could not delete" found for web_reg_find (count=1)  	[MsgId: MERR-26368]
Action.c(117): Error -26366: "Text=Flight #1" not found for web_reg_find  	[MsgId: MERR-26366]
End auto log messages stack.	[MsgId: MMSG-10544]


Action.c(114): Registering web_reg_find was successful  	[MsgId: MMSG-26390]
Action.c(117): web_submit_form("itinerary.pl") started  	[MsgId: MMSG-26355]
Action.c(117): Submitting form to "http://localhost:1080/cgi-bin/itinerary.pl", Target Frame=""  	[MsgId: MMSG-27978]
Action.c(117): Error -26368: "Text=Unfortunately, we could not delete" found for web_reg_find (count=1)  	[MsgId: MERR-26368]
Action.c(117): Error -26366: "Text=Flight #1" not found for web_reg_find  	[MsgId: MERR-26366]
End auto log messages stack.	[MsgId: MMSG-10544]


Action.c(114): Registering web_reg_find was successful  	[MsgId: MMSG-26390]
Action.c(117): web_submit_form("itinerary.pl") started  	[MsgId: MMSG-26355]
Action.c(117): Submitting form to "http://localhost:1080/cgi-bin/itinerary.pl", Target Frame=""  	[MsgId: MMSG-27978]
Action.c(117): Error -26368: "Text=Unfortunately, we could not delete" found for web_reg_find (count=1)  	[MsgId: MERR-26368]
Action.c(117): Error -26366: "Text=Flight #1" not found for web_reg_find  	[MsgId: MERR-26366]
End auto log messages stack.	[MsgId: MMSG-10544]


