Action.c(161):     Keep-Alive: timeout=5, max=99\r\n
Action.c(161):     Connection: Keep-Alive\r\n
Action.c(161):     Transfer-Encoding: chunked\r\n
Action.c(161):     Content-Type: text/html; charset=ISO-8859-1\r\n
Action.c(161):     \r\n
Action.c(161): t=1314715ms: 5-byte chunked response overhead for "http://localhost:1080/cgi-bin/reservations.pl" (RelFrameId=1, Internal ID=1115)
Action.c(161):     a97\r\n
Action.c(161): t=1314715ms: 2-byte chunked response overhead for "http://localhost:1080/cgi-bin/reservations.pl" (RelFrameId=1, Internal ID=1115)
Action.c(161):     \r\n
Action.c(161): t=1314715ms: 2711-byte chunked response body for "http://localhost:1080/cgi-bin/reservations.pl" (RelFrameId=1, Internal ID=1115)
Action.c(161):     <!DOCTYPE html\n
Action.c(161):     \tPUBLIC "-//W3C//DTD XHTML 1.0 Transitional//EN"\n
Action.c(161):     \t "http://www.w3.org/TR/xhtml1/DTD/xhtml1-transitional.dtd">\n
Action.c(161):     <html xmlns="http://www.w3.org/1999/xhtml" lang="en-US" xml:lang="en-US">\n
Action.c(161):     <head>\n
Action.c(161):     <title>Flight Reservation</title>\n
Action.c(161):     <meta http-equiv="Content-Type" content="text/html; charset=iso-8859-1" />\n
Action.c(161):     </head>\n
Action.c(161):     <body bgcolor="#E0E7F1">\n
Action.c(161):     <style>blockquote {font-family: tahoma; font-size : 10pt}H1 {font-family: tahoma; font-siz
Action.c(161):     e : 22pt; color: #993333}small {font-family: tahoma; font-size : 8pt}H3 {font-family: taho
Action.c(161):     ma; font-size : 10pt; color: black}TD {font-family: tahoma; font-size : 10pt; color: black
Action.c(161):     }</style><BR/><BR/><h1><font color="#003366">&nbsp;&nbsp;<b>Payment Details</font></b></h1
Action.c(161):     ><blockquote><form method="post" action="reservations.pl" enctype="application/x-www-form-
Action.c(161):     urlencoded" onsubmit="return true ;">\n
Action.c(161):     <table><tr><td align="right">First Name : <td><input type="text" name="firstName" value="U
Action.c(161):     ser3" size="15" /><tr><td align="right">Last Name : <td><input type="text" name="lastName"
Action.c(161):      value="Userovich&#10;" size="15" /><tr><td align="right">Street Address : <td colspan="3"
Action.c(161):     ><input type="text" name="address1"  size="30" /><tr><td align="right">City/State/Zip : <t
Action.c(161):     d colspan="3"><input type="text" name="address2"  size="30" /><tr><td align="right">Passen
Action.c(161):     ger Names : <td colspan="3"><input type="text" name="pass1" value="User3 Userovich&#10;" s
Action.c(161):     ize="30" /><tr><td height="10"><tr><td height="10" align="center" colspan="4">Total for 1 
Action.c(161):     ticket(s) is = $ 789<tr><td align="right">Credit Card : <td><input type="text" name="credi
Action.c(161):     tCard"  size="20" maxlength="20" /><td align="right">Exp Date : <td><input type="text" nam
Action.c(161):     e="expDate" value="&#10;" size="5" maxlength="5" /><tr><TD><td colspan="3" align="left"><l
Action.c(161):     abel><input type="checkbox" name="saveCC" value="on" />Save this Credit Card Information</
Action.c(161):     label><input type="hidden" name="oldCCOption" value=""  /></table><input type="hidden" nam
Action.c(161):     e="numPassengers" value="1"  /><input type="hidden" name="seatType" value="First"  /><inpu
Action.c(161):     t type="hidden" name="seatPref" value="Asile"  /><input type="hidden" name="outboundFlight
Action.c(161):     " value="900;789;05/14/2020"  /><input type="hidden" name="advanceDiscount" value="0"  /><
Action.c(161):     input type="hidden" name="returnFlight" value=""  /><input type="hidden" name="JSFormSubmi
Action.c(161):     t" value="off"  /><center><table width=80% cellspacing=1><tr><td align=center>\n
Action.c(161):     <input type="image" name="buyFlights" src="/WebTours/images/button_next.gif" border="0" />
Action.c(161):     <div><input type="hidden" name=".cgifields" value="saveCC"  /></div></form>\n
Action.c(161):     <td>&nbsp;<td align=center><form method="post" action="reservations.pl" enctype="applicati
Action.c(161):     on/x-www-form-urlencoded" onsubmit="void(0);">\n
Action.c(161):     </form></table></center></blockquote>\n
Action.c(161):     </body>\n
Action.c(161):     </html>
Action.c(161): Resource "http://localhost:1080/WebTours/images/button_next.gif" is in the cache already and will not be downloaded again  	[MsgId: MMSG-26655]
Action.c(161): t=1314718ms: 5-byte chunked response overhead for "http://localhost:1080/cgi-bin/reservations.pl" (RelFrameId=1, Internal ID=1115)
Action.c(161):     0\r\n
Action.c(161):     \r\n
Action.c(161): Registered web_reg_find successful for "Text=Payment Details" (count=1)  	[MsgId: MMSG-26364]
Action.c(161): web_submit_data("reservations.pl_2") was successful, 2711 body bytes, 255 header bytes, 12 chunking overhead bytes  	[MsgId: MMSG-26385]
Action.c(179): Notify: Transaction "transaction_select_flight" ended with a "Pass" status (Duration: 0,0708 Wasted Time: 0,0000).	[MsgId: MMSG-16871]
Action.c(181): lr_think_time: 5,00 seconds.	[MsgId: MMSG-15948]
Action.c(155): Notify: Transaction "transaction_select_flight" started.	[MsgId: MMSG-16999]
Action.c(157): web_reg_find started  	[MsgId: MMSG-26355]
Action.c(157): Registering web_reg_find was successful  	[MsgId: MMSG-26390]
Action.c(161): web_submit_data("reservations.pl_2") started  	[MsgId: MMSG-26355]
Action.c(161): Notify: Parameter Substitution: parameter "outboundFlight" =  "270;1060;05/14/2020"	[MsgId: MMSG-13992]
Action.c(161): Notify: Parameter Substitution: parameter "Type" =  "First"	[MsgId: MMSG-13992]
Action.c(161): Notify: Parameter Substitution: parameter "Pref" =  "Asile"	[MsgId: MMSG-13992]
Action.c(161): t=1315889ms: 255-byte response headers for "http://localhost:1080/cgi-bin/reservations.pl" (RelFrameId=1, Internal ID=1199)
Action.c(161):     HTTP/1.1 200 OK\r\n
Action.c(161):     Date: Thu, 14 May 2020 16:22:54 GMT\r\n
Action.c(161):     Server: Apache/2.2.21 (Win32)\r\n
Action.c(161):     Expires: Wed, 13 May 2020 16:22:54 GMT\r\n
Action.c(161):     Keep-Alive: timeout=5, max=99\r\n
Action.c(161):     Connection: Keep-Alive\r\n
Action.c(161):     Transfer-Encoding: chunked\r\n
Action.c(161):     Content-Type: text/html; charset=ISO-8859-1\r\n
Action.c(161):     \r\n
Action.c(161): t=1315890ms: 5-byte chunked response overhead for "http://localhost:1080/cgi-bin/reservations.pl" (RelFrameId=1, Internal ID=1199)
Action.c(161):     a99\r\n
Action.c(161): t=1315890ms: 2-byte chunked response overhead for "http://localhost:1080/cgi-bin/reservations.pl" (RelFrameId=1, Internal ID=1199)
Action.c(161):     \r\n
Action.c(161): t=1315890ms: 2713-byte chunked response body for "http://localhost:1080/cgi-bin/reservations.pl" (RelFrameId=1, Internal ID=1199)
Action.c(161):     <!DOCTYPE html\n
Action.c(161):     \tPUBLIC "-//W3C//DTD XHTML 1.0 Transitional//EN"\n
Action.c(161):     \t "http://www.w3.org/TR/xhtml1/DTD/xhtml1-transitional.dtd">\n
Action.c(161):     <html xmlns="http://www.w3.org/1999/xhtml" lang="en-US" xml:lang="en-US">\n
Action.c(161):     <head>\n
Action.c(161):     <title>Flight Reservation</title>\n
Action.c(161):     <meta http-equiv="Content-Type" content="text/html; charset=iso-8859-1" />\n
Action.c(161):     </head>\n
Action.c(161):     <body bgcolor="#E0E7F1">\n
Action.c(161):     <style>blockquote {font-family: tahoma; font-size : 10pt}H1 {font-family: tahoma; font-siz
Action.c(161):     e : 22pt; color: #993333}small {font-family: tahoma; font-size : 8pt}H3 {font-family: taho
Action.c(161):     ma; font-size : 10pt; color: black}TD {font-family: tahoma; font-size : 10pt; color: black
Action.c(161):     }</style><BR/><BR/><h1><font color="#003366">&nbsp;&nbsp;<b>Payment Details</font></b></h1
Action.c(161):     ><blockquote><form method="post" action="reservations.pl" enctype="application/x-www-form-
Action.c(161):     urlencoded" onsubmit="return true ;">\n
Action.c(161):     <table><tr><td align="right">First Name : <td><input type="text" name="firstName" value="U
Action.c(161):     ser6" size="15" /><tr><td align="right">Last Name : <td><input type="text" name="lastName"
Action.c(161):      value="Userovich&#10;" size="15" /><tr><td align="right">Street Address : <td colspan="3"
Action.c(161):     ><input type="text" name="address1"  size="30" /><tr><td align="right">City/State/Zip : <t
Action.c(161):     d colspan="3"><input type="text" name="address2"  size="30" /><tr><td align="right">Passen
Action.c(161):     ger Names : <td colspan="3"><input type="text" name="pass1" value="User6 Userovich&#10;" s
Action.c(161):     ize="30" /><tr><td height="10"><tr><td height="10" align="center" colspan="4">Total for 1 
Action.c(161):     ticket(s) is = $ 1060<tr><td align="right">Credit Card : <td><input type="text" name="cred
Action.c(161):     itCard"  size="20" maxlength="20" /><td align="right">Exp Date : <td><input type="text" na
Action.c(161):     me="expDate" value="&#10;" size="5" maxlength="5" /><tr><TD><td colspan="3" align="left"><
Action.c(161):     label><input type="checkbox" name="saveCC" value="on" />Save this Credit Card Information<
Action.c(161):     /label><input type="hidden" name="oldCCOption" value=""  /></table><input type="hidden" na
Action.c(161):     me="numPassengers" value="1"  /><input type="hidden" name="seatType" value="First"  /><inp
Action.c(161):     ut type="hidden" name="seatPref" value="Asile"  /><input type="hidden" name="outboundFligh
Action.c(161):     t" value="270;1060;05/14/2020"  /><input type="hidden" name="advanceDiscount" value="0"  /
Action.c(161):     ><input type="hidden" name="returnFlight" value=""  /><input type="hidden" name="JSFormSub
Action.c(161):     mit" value="off"  /><center><table width=80% cellspacing=1><tr><td align=center>\n
Action.c(161):     <input type="image" name="buyFlights" src="/WebTours/images/button_next.gif" border="0" />
Action.c(161):     <div><input type="hidden" name=".cgifields" value="saveCC"  /></div></form>\n
Action.c(161):     <td>&nbsp;<td align=center><form method="post" action="reservations.pl" enctype="applicati
Action.c(161):     on/x-www-form-urlencoded" onsubmit="void(0);">\n
Action.c(161):     </form></table></center></blockquote>\n
Action.c(161):     </body>\n
Action.c(161):     </html>
Action.c(161): Resource "http://localhost:1080/WebTours/images/button_next.gif" is in the cache already and will not be downloaded again  	[MsgId: MMSG-26655]
Action.c(161): t=1315894ms: 5-byte chunked response overhead for "http://localhost:1080/cgi-bin/reservations.pl" (RelFrameId=1, Internal ID=1199)
Action.c(161):     0\r\n
Action.c(161):     \r\n
Action.c(161): Registered web_reg_find successful for "Text=Payment Details" (count=1)  	[MsgId: MMSG-26364]
Action.c(161): web_submit_data("reservations.pl_2") was successful, 2713 body bytes, 255 header bytes, 12 chunking overhead bytes  	[MsgId: MMSG-26385]
Action.c(179): Notify: Transaction "transaction_select_flight" ended with a "Pass" status (Duration: 0,1130 Wasted Time: 0,0000).	[MsgId: MMSG-16871]
Action.c(181): lr_think_time: 5,00 seconds.	[MsgId: MMSG-15948]
Action.c(183): Notify: Transaction "transaction_payment_details" started.	[MsgId: MMSG-16999]
Action.c(185): web_remove_auto_header("Origin") started  	[MsgId: MMSG-26355]
Action.c(185): Previous automatically added web header for "Origin" removed  	[MsgId: MMSG-26587]
Action.c(185): web_remove/revert_auto_header("Origin") was successful  	[MsgId: MMSG-26392]
Action.c(187): web_remove_auto_header("Sec-Fetch-User") started  	[MsgId: MMSG-26355]
Action.c(187): Previous automatically added web header for "Sec-Fetch-User" removed  	[MsgId: MMSG-26587]
Action.c(187): web_remove/revert_auto_header("Sec-Fetch-User") was successful  	[MsgId: MMSG-26392]
Action.c(189): web_remove_auto_header("Upgrade-Insecure-Requests") started  	[MsgId: MMSG-26355]
Action.c(189): Previous automatically added web header for "Upgrade-Insecure-Requests" removed  	[MsgId: MMSG-26587]
Action.c(189): web_remove/revert_auto_header("Upgrade-Insecure-Requests") was successful  	[MsgId: MMSG-26392]
Action.c(191): web_add_header("Origin") started  	[MsgId: MMSG-26355]
Action.c(191): web_add_header("Origin") was successful  	[MsgId: MMSG-26392]
Action.c(194): web_reg_find started  	[MsgId: MMSG-26355]
Action.c(194): Registering web_reg_find was successful  	[MsgId: MMSG-26390]
Action.c(197): web_submit_data("reservations.pl_3") started  	[MsgId: MMSG-26355]
Action.c(197): Notify: Parameter Substitution: parameter "firstName" =  "User3"	[MsgId: MMSG-13992]
Action.c(197): Notify: Next row for parameter lastName = 4 [table  = lastName].	[MsgId: MMSG-13876]
Action.c(197): Notify: Parameter Substitution: parameter "lastName" =  "Userovich"	[MsgId: MMSG-13992]
Action.c(197): Notify: Parameter Substitution: parameter "passenger" =  "User3 Userovich"	[MsgId: MMSG-13992]
Action.c(197): Notify: Parameter Substitution: parameter "card" =  "1234567789"	[MsgId: MMSG-13992]
Action.c(197): Notify: Parameter Substitution: parameter "date" =  "12/20"	[MsgId: MMSG-13992]
Action.c(197): Notify: Parameter Substitution: parameter "Type" =  "First"	[MsgId: MMSG-13992]
Action.c(197): Notify: Parameter Substitution: parameter "Pref" =  "Asile"	[MsgId: MMSG-13992]
Action.c(197): Notify: Parameter Substitution: parameter "outboundFlight" =  "900;789;05/14/2020"	[MsgId: MMSG-13992]
Action.c(197): t=1319781ms: 369-byte response headers for "http://localhost:1080/cgi-bin/reservations.pl" (RelFrameId=1, Internal ID=1116)
Action.c(197):     HTTP/1.1 200 OK\r\n
Action.c(197):     Date: Thu, 14 May 2020 16:22:58 GMT\r\n
Action.c(197):     Server: Apache/2.2.21 (Win32)\r\n
Action.c(197):     Expires: Wed, 13 May 2020 16:22:58 GMT\r\n
Action.c(197):     Set-Cookie: MTUserInfo=firstName&User3&username&user3&address2&&hash&115&address1&&lastNam
Action.c(197):     e&Userovich%0A; path=/\r\n
Action.c(197):     Keep-Alive: timeout=5, max=98\r\n
Action.c(197):     Connection: Keep-Alive\r\n
Action.c(197):     Transfer-Encoding: chunked\r\n
Action.c(197):     Content-Type: text/html; charset=ISO-8859-1\r\n
Action.c(197):     \r\n
Action.c(197): t=1319782ms: 5-byte chunked response overhead for "http://localhost:1080/cgi-bin/reservations.pl" (RelFrameId=1, Internal ID=1116)
Action.c(197):     9ad\r\n
Action.c(197): t=1319782ms: 2-byte chunked response overhead for "http://localhost:1080/cgi-bin/reservations.pl" (RelFrameId=1, Internal ID=1116)
Action.c(197):     \r\n
Action.c(197): t=1319782ms: 2477-byte chunked response body for "http://localhost:1080/cgi-bin/reservations.pl" (RelFrameId=1, Internal ID=1116)
Action.c(197):     <!DOCTYPE html\n
Action.c(197):     \tPUBLIC "-//W3C//DTD XHTML 1.0 Transitional//EN"\n
Action.c(197):     \t "http://www.w3.org/TR/xhtml1/DTD/xhtml1-transitional.dtd">\n
Action.c(197):     <html xmlns="http://www.w3.org/1999/xhtml" lang="en-US" xml:lang="en-US">\n
Action.c(197):     <head>\n
Action.c(197):     <title>Reservation Made!</title>\n
Action.c(197):     <meta http-equiv="Content-Type" content="text/html; charset=iso-8859-1" />\n
Action.c(197):     </head>\n
Action.c(197):     <body bgcolor="#E0E7F1">\n
Action.c(197):     <style>blockquote {font-family: tahoma; font-size : 10pt}H1 {font-family: tahoma; font-siz
Action.c(197):     e : 22pt; color: #993333}small {font-family: tahoma; font-size : 8pt}H3 {font-family: taho
Action.c(197):     ma; font-size : 10pt; color: black}TD {font-family: tahoma; font-size : 10pt; color: black
Action.c(197):     }</style><BR/><BR/><h1><font color="#003366">&nbsp;&nbsp;<b>Invoice</font></b></h1><blockq
Action.c(197):     uote>\n
Action.c(197):     <CENTER>\n
Action.c(197):     <small><B>Thank you for booking through Web Tours.</B></small>\n
Action.c(197):     <BR/>\n
Action.c(197):     <BR/>\n
Action.c(197):     <!-- Customer Name header -->\n
Action.c(197):     <Table width="85%" border="0" cellspacing="0" >\n
Action.c(197):       <TR bgcolor="#5E7884">\n
Action.c(197):          <TD colspan="2" align="center">\n
Action.c(197):             <font color="white"><b>User3Userovich's Flight Invoice</b></font>\n
Action.c(197):          </TD>\n
Action.c(197):          <TD width="160" align="right">\n
Action.c(197):              <font color="white"><small>Thu May 14 19:22:58 2020\n
Action.c(197):     </small>\n
Action.c(197):          </TD>\n
Action.c(197):       </TR>\n
Action.c(197):     </Table>\n
Action.c(197):     \n
Action.c(197):     <Table width="85%" border="0" cellspacing="1" >\n
Action.c(197):     <!-- Flight Item header -->\n
Action.c(197):       <TR bgcolor="#EFF2F7">\n
Action.c(197):          <TD colspan="2" align="left">\n
Action.c(197):              Flights Reservation Requests:\n
Action.c(197):         </TD>\n
Action.c(197):         <TD align="center">Cost\n
Action.c(197):         </TD>\n
Action.c(197):       </TR>\n
Action.c(197):     \n
Action.c(197):     <!-- Flight reserved -->\n
Action.c(197):     <TR bgcolor="#EFF2F7">\n
Action.c(197):         <TD valign="top">1.</TD>\n
Action.c(197):         <TD align="left">\n
Action.c(197):            A First Class ticket\n
Action.c(197):      from Zurich to Denver.</u></b>\n
Action.c(197):     <br/>\n
Action.c(197):     <center>\n
Action.c(197):            <i>\n
Action.c(197):               05/14/2020 :  8am : Flight 900 leaves Zurich  for Denver.<br>\n
Action.c(197):            <br/>\n
Action.c(197):         </TD>\n
Action.c(197):         <TD valign="top">\n
Action.c(197):              $789\n
Action.c(197):         </TD>\n
Action.c(197):       </TR>\n
Action.c(197):     <!-- Total Cost -->\n
Action.c(197):       <TR bgcolor="#EFF2F7">\n
Action.c(197):         <TD>*\n
Action.c(197):         </TD>\n
Action.c(197):         <TD > Total Cost\n
Action.c(197):         </TD>\n
Action.c(197):         <TD>\n
Action.c(197):            <b> $789 </b>\n
Action.c(197):         </TD>\n
Action.c(197):       </TR>\n
Action.c(197):     \n
Action.c(197):       <TR bgcolor="#EFF2F7">\n
Action.c(197):         <TD>-\n
Action.c(197):         </TD>\n
Action.c(197):         <TD >\n
Action.c(197):            Total Charged to Credit Card # 1234567789\n
Action.c(197):         </TD>\n
Action.c(197):         <TD>\n
Action.c(197):            <b> $789 </b>\n
Action.c(197):         </TD>\n
Action.c(197):       </TR>\n
Action.c(197):     \n
Action.c(197):       <TR bgcolor="#EFF2F7">\n
Action.c(197):         <TD>*\n
Action.c(197):         </TD>\n
Action.c(197):         <TD >\n
Action.c(197):             Credit Account Balance\n
Action.c(197):         </TD>\n
Action.c(197):         <TD>\n
Action.c(197):            <b> $0.00 </b>\n
Action.c(197):         </TD>\n
Action.c(197):       </TR></Table>\n
Action.c(197):     <BR/>\n
Action.c(197):     <Table width="85%" border="0">\n
Action.c(197):       <tr>\n
Action.c(197):         <td align=right>\n
Action.c(197):     <form method="post" action="" enctype="application/x-www-form-urlencoded">\n
Action.c(197):     <input type="image" name="Book Another" src="/WebTours/images/bookanother.gif" border="0" 
Action.c(197):     /></form>    </td>\n
Action.c(197):       </tr>\n
Action.c(197):     </Table>\n
Action.c(197):     \n
Action.c(197):     </Center>\n
Action.c(197):     \n
Action.c(197):     </body>\n
Action.c(197):     </html>
Action.c(197): Found resource "http://localhost:1080/WebTours/images/bookanother.gif" in HTML "http://localhost:1080/cgi-bin/reservations.pl"  	[MsgId: MMSG-26659]
Action.c(197): t=1319785ms: 5-byte chunked response overhead for "http://localhost:1080/cgi-bin/reservations.pl" (RelFrameId=1, Internal ID=1116)
Action.c(197):     0\r\n
Action.c(197):     \r\n
Action.c(197): t=1319786ms: 298-byte response headers for "http://localhost:1080/WebTours/images/bookanother.gif" (RelFrameId=, Internal ID=1117)
Action.c(197):     HTTP/1.1 200 OK\r\n
Action.c(197):     Date: Thu, 14 May 2020 16:22:58 GMT\r\n
Action.c(197):     Server: Apache/2.2.21 (Win32)\r\n
Action.c(197):     Last-Modified: Tue, 28 Apr 2020 12:55:55 GMT\r\n
Action.c(197):     ETag: "100000006f425-326-5a4595a256f04"\r\n
Action.c(197):     Accept-Ranges: bytes\r\n
Action.c(197):     Content-Length: 806\r\n
Action.c(197):     Keep-Alive: timeout=5, max=100\r\n
Action.c(197):     Connection: Keep-Alive\r\n
Action.c(197):     Content-Type: image/gif\r\n
Action.c(197):     \r\n
Action.c(197): t=1319787ms: 806-byte response body for "http://localhost:1080/WebTours/images/bookanother.gif" (RelFrameId=, Internal ID=1117)
Action.c(197): Registered web_reg_find successful for "Text=Reservation Made!" (count=1)  	[MsgId: MMSG-26364]
Action.c(197): web_submit_data("reservations.pl_3") was successful, 3283 body bytes, 667 header bytes, 12 chunking overhead bytes  	[MsgId: MMSG-26385]
Action.c(226): Notify: Transaction "transaction_payment_details" ended with a "Pass" status (Duration: 0,0679 Wasted Time: 0,0000).	[MsgId: MMSG-16871]
Action.c(228): lr_think_time: 5,00 seconds.	[MsgId: MMSG-15948]
Action.c(183): Notify: Transaction "transaction_payment_details" started.	[MsgId: MMSG-16999]
Action.c(185): web_remove_auto_header("Origin") started  	[MsgId: MMSG-26355]
Action.c(185): Previous automatically added web header for "Origin" removed  	[MsgId: MMSG-26587]
Action.c(185): web_remove/revert_auto_header("Origin") was successful  	[MsgId: MMSG-26392]
Action.c(187): web_remove_auto_header("Sec-Fetch-User") started  	[MsgId: MMSG-26355]
Action.c(187): Previous automatically added web header for "Sec-Fetch-User" removed  	[MsgId: MMSG-26587]
Action.c(187): web_remove/revert_auto_header("Sec-Fetch-User") was successful  	[MsgId: MMSG-26392]
Action.c(189): web_remove_auto_header("Upgrade-Insecure-Requests") started  	[MsgId: MMSG-26355]
Action.c(189): Previous automatically added web header for "Upgrade-Insecure-Requests" removed  	[MsgId: MMSG-26587]
Action.c(189): web_remove/revert_auto_header("Upgrade-Insecure-Requests") was successful  	[MsgId: MMSG-26392]
Action.c(191): web_add_header("Origin") started  	[MsgId: MMSG-26355]
Action.c(191): web_add_header("Origin") was successful  	[MsgId: MMSG-26392]
Action.c(194): web_reg_find started  	[MsgId: MMSG-26355]
Action.c(194): Registering web_reg_find was successful  	[MsgId: MMSG-26390]
Action.c(197): web_submit_data("reservations.pl_3") started  	[MsgId: MMSG-26355]
Action.c(197): Notify: Parameter Substitution: parameter "firstName" =  "User6"	[MsgId: MMSG-13992]
Action.c(197): Notify: Next row for parameter lastName = 7 [table  = lastName].	[MsgId: MMSG-13876]
Action.c(197): Notify: Parameter Substitution: parameter "lastName" =  "Userovich"	[MsgId: MMSG-13992]
Action.c(197): Notify: Parameter Substitution: parameter "passenger" =  "User6 Userovich"	[MsgId: MMSG-13992]
Action.c(197): Notify: Parameter Substitution: parameter "card" =  "1234567789"	[MsgId: MMSG-13992]
Action.c(197): Notify: Parameter Substitution: parameter "date" =  "12/20"	[MsgId: MMSG-13992]
Action.c(197): Notify: Parameter Substitution: parameter "Type" =  "First"	[MsgId: MMSG-13992]
Action.c(197): Notify: Parameter Substitution: parameter "Pref" =  "Asile"	[MsgId: MMSG-13992]
Action.c(197): Notify: Parameter Substitution: parameter "outboundFlight" =  "270;1060;05/14/2020"	[MsgId: MMSG-13992]
Action.c(197): t=1320999ms: 369-byte response headers for "http://localhost:1080/cgi-bin/reservations.pl" (RelFrameId=1, Internal ID=1200)
Action.c(197):     HTTP/1.1 200 OK\r\n
Action.c(197):     Date: Thu, 14 May 2020 16:22:59 GMT\r\n
Action.c(197):     Server: Apache/2.2.21 (Win32)\r\n
Action.c(197):     Expires: Wed, 13 May 2020 16:22:59 GMT\r\n
Action.c(197):     Set-Cookie: MTUserInfo=firstName&User6&username&user6&address2&&hash&118&address1&&lastNam
Action.c(197):     e&Userovich%0A; path=/\r\n
Action.c(197):     Keep-Alive: timeout=5, max=98\r\n
Action.c(197):     Connection: Keep-Alive\r\n
Action.c(197):     Transfer-Encoding: chunked\r\n
Action.c(197):     Content-Type: text/html; charset=ISO-8859-1\r\n
Action.c(197):     \r\n
Action.c(197): t=1321000ms: 5-byte chunked response overhead for "http://localhost:1080/cgi-bin/reservations.pl" (RelFrameId=1, Internal ID=1200)
Action.c(197):     9b2\r\n
Action.c(197): t=1321000ms: 2-byte chunked response overhead for "http://localhost:1080/cgi-bin/reservations.pl" (RelFrameId=1, Internal ID=1200)
Action.c(197):     \r\n
Action.c(197): t=1321000ms: 2482-byte chunked response body for "http://localhost:1080/cgi-bin/reservations.pl" (RelFrameId=1, Internal ID=1200)
Action.c(197):     <!DOCTYPE html\n
Action.c(197):     \tPUBLIC "-//W3C//DTD XHTML 1.0 Transitional//EN"\n
Action.c(197):     \t "http://www.w3.org/TR/xhtml1/DTD/xhtml1-transitional.dtd">\n
Action.c(197):     <html xmlns="http://www.w3.org/1999/xhtml" lang="en-US" xml:lang="en-US">\n
Action.c(197):     <head>\n
Action.c(197):     <title>Reservation Made!</title>\n
Action.c(197):     <meta http-equiv="Content-Type" content="text/html; charset=iso-8859-1" />\n
Action.c(197):     </head>\n
Action.c(197):     <body bgcolor="#E0E7F1">\n
Action.c(197):     <style>blockquote {font-family: tahoma; font-size : 10pt}H1 {font-family: tahoma; font-siz
Action.c(197):     e : 22pt; color: #993333}small {font-family: tahoma; font-size : 8pt}H3 {font-family: taho
Action.c(197):     ma; font-size : 10pt; color: black}TD {font-family: tahoma; font-size : 10pt; color: black
Action.c(197):     }</style><BR/><BR/><h1><font color="#003366">&nbsp;&nbsp;<b>Invoice</font></b></h1><blockq
Action.c(197):     uote>\n
Action.c(197):     <CENTER>\n
Action.c(197):     <small><B>Thank you for booking through Web Tours.</B></small>\n
Action.c(197):     <BR/>\n
Action.c(197):     <BR/>\n
Action.c(197):     <!-- Customer Name header -->\n
Action.c(197):     <Table width="85%" border="0" cellspacing="0" >\n
Action.c(197):       <TR bgcolor="#5E7884">\n
Action.c(197):          <TD colspan="2" align="center">\n
Action.c(197):             <font color="white"><b>User6Userovich's Flight Invoice</b></font>\n
Action.c(197):          </TD>\n
Action.c(197):          <TD width="160" align="right">\n
Action.c(197):              <font color="white"><small>Thu May 14 19:22:59 2020\n
Action.c(197):     </small>\n
Action.c(197):          </TD>\n
Action.c(197):       </TR>\n
Action.c(197):     </Table>\n
Action.c(197):     \n
Action.c(197):     <Table width="85%" border="0" cellspacing="1" >\n
Action.c(197):     <!-- Flight Item header -->\n
Action.c(197):       <TR bgcolor="#EFF2F7">\n
Action.c(197):          <TD colspan="2" align="left">\n
Action.c(197):              Flights Reservation Requests:\n
Action.c(197):         </TD>\n
Action.c(197):         <TD align="center">Cost\n
Action.c(197):         </TD>\n
Action.c(197):       </TR>\n
Action.c(197):     \n
Action.c(197):     <!-- Flight reserved -->\n
Action.c(197):     <TR bgcolor="#EFF2F7">\n
Action.c(197):         <TD valign="top">1.</TD>\n
Action.c(197):         <TD align="left">\n
Action.c(197):            A First Class ticket\n
Action.c(197):      from London to Seattle.</u></b>\n
Action.c(197):     <br/>\n
Action.c(197):     <center>\n
Action.c(197):            <i>\n
Action.c(197):               05/14/2020 :  8am : Flight 270 leaves London  for Seattle.<br>\n
Action.c(197):            <br/>\n
Action.c(197):         </TD>\n
Action.c(197):         <TD valign="top">\n
Action.c(197):              $1060\n
Action.c(197):         </TD>\n
Action.c(197):       </TR>\n
Action.c(197):     <!-- Total Cost -->\n
Action.c(197):       <TR bgcolor="#EFF2F7">\n
Action.c(197):         <TD>*\n
Action.c(197):         </TD>\n
Action.c(197):         <TD > Total Cost\n
Action.c(197):         </TD>\n
Action.c(197):         <TD>\n
Action.c(197):            <b> $1060 </b>\n
Action.c(197):         </TD>\n
Action.c(197):       </TR>\n
Action.c(197):     \n
Action.c(197):       <TR bgcolor="#EFF2F7">\n
Action.c(197):         <TD>-\n
Action.c(197):         </TD>\n
Action.c(197):         <TD >\n
Action.c(197):            Total Charged to Credit Card # 1234567789\n
Action.c(197):         </TD>\n
Action.c(197):         <TD>\n
Action.c(197):            <b> $1060 </b>\n
Action.c(197):         </TD>\n
Action.c(197):       </TR>\n
Action.c(197):     \n
Action.c(197):       <TR bgcolor="#EFF2F7">\n
Action.c(197):         <TD>*\n
Action.c(197):         </TD>\n
Action.c(197):         <TD >\n
Action.c(197):             Credit Account Balance\n
Action.c(197):         </TD>\n
Action.c(197):         <TD>\n
Action.c(197):            <b> $0.00 </b>\n
Action.c(197):         </TD>\n
Action.c(197):       </TR></Table>\n
Action.c(197):     <BR/>\n
Action.c(197):     <Table width="85%" border="0">\n
Action.c(197):       <tr>\n
Action.c(197):         <td align=right>\n
Action.c(197):     <form method="post" action="" enctype="application/x-www-form-urlencoded">\n
Action.c(197):     <input type="image" name="Book Another" src="/WebTours/images/bookanother.gif" border="0" 
Action.c(197):     /></form>    </td>\n
Action.c(197):       </tr>\n
Action.c(197):     </Table>\n
Action.c(197):     \n
Action.c(197):     </Center>\n
Action.c(197):     \n
Action.c(197):     </body>\n
Action.c(197):     </html>
Action.c(197): Found resource "http://localhost:1080/WebTours/images/bookanother.gif" in HTML "http://localhost:1080/cgi-bin/reservations.pl"  	[MsgId: MMSG-26659]
Action.c(197): t=1321005ms: 5-byte chunked response overhead for "http://localhost:1080/cgi-bin/reservations.pl" (RelFrameId=1, Internal ID=1200)
Action.c(197):     0\r\n
Action.c(197):     \r\n
Action.c(197): t=1321006ms: 298-byte response headers for "http://localhost:1080/WebTours/images/bookanother.gif" (RelFrameId=, Internal ID=1201)
Action.c(197):     HTTP/1.1 200 OK\r\n
Action.c(197):     Date: Thu, 14 May 2020 16:22:59 GMT\r\n
Action.c(197):     Server: Apache/2.2.21 (Win32)\r\n
Action.c(197):     Last-Modified: Tue, 28 Apr 2020 12:55:55 GMT\r\n
Action.c(197):     ETag: "100000006f425-326-5a4595a256f04"\r\n
Action.c(197):     Accept-Ranges: bytes\r\n
Action.c(197):     Content-Length: 806\r\n
Action.c(197):     Keep-Alive: timeout=5, max=100\r\n
Action.c(197):     Connection: Keep-Alive\r\n
Action.c(197):     Content-Type: image/gif\r\n
Action.c(197):     \r\n
Action.c(197): t=1321007ms: 806-byte response body for "http://localhost:1080/WebTours/images/bookanother.gif" (RelFrameId=, Internal ID=1201)
Action.c(197): Registered web_reg_find successful for "Text=Reservation Made!" (count=1)  	[MsgId: MMSG-26364]
Action.c(197): web_submit_data("reservations.pl_3") was successful, 3288 body bytes, 667 header bytes, 12 chunking overhead bytes  	[MsgId: MMSG-26385]
Action.c(226): Notify: Transaction "transaction_payment_details" ended with a "Pass" status (Duration: 0,1094 Wasted Time: 0,0000).	[MsgId: MMSG-16871]
Action.c(228): lr_think_time: 5,00 seconds.	[MsgId: MMSG-15948]
Action.c(230): Notify: Transaction "transaction_logout" started.	[MsgId: MMSG-16999]
Action.c(232): web_add_header("Sec-Fetch-User") started  	[MsgId: MMSG-26355]
Action.c(232): web_add_header("Sec-Fetch-User") was successful  	[MsgId: MMSG-26392]
Action.c(235): web_add_header("Upgrade-Insecure-Requests") started  	[MsgId: MMSG-26355]
Action.c(235): web_add_header("Upgrade-Insecure-Requests") was successful  	[MsgId: MMSG-26392]
Action.c(238): web_reg_find started  	[MsgId: MMSG-26355]
Action.c(238): Registering web_reg_find was successful  	[MsgId: MMSG-26390]
Action.c(241): web_url("SignOff Button") started  	[MsgId: MMSG-26355]
Action.c(241): t=1324840ms: 327-byte response headers for "http://localhost:1080/cgi-bin/welcome.pl?signOff=1" (RelFrameId=1, Internal ID=1118)
Action.c(241):     HTTP/1.1 200 OK\r\n
Action.c(241):     Date: Thu, 14 May 2020 16:23:03 GMT\r\n
Action.c(241):     Server: Apache/2.2.21 (Win32)\r\n
Action.c(241):     Set-Cookie: MSO=SID&1589473383; path=/\r\n
Action.c(241):     Set-Cookie: MTUserInfo=; path=/; expires=Wed, 13-May-2020 16:23:03 GMT\r\n
Action.c(241):     Keep-Alive: timeout=5, max=97\r\n
Action.c(241):     Connection: Keep-Alive\r\n
Action.c(241):     Transfer-Encoding: chunked\r\n
Action.c(241):     Content-Type: text/html; charset=ISO-8859-1\r\n
Action.c(241):     \r\n
Action.c(241): t=1324840ms: 5-byte chunked response overhead for "http://localhost:1080/cgi-bin/welcome.pl?signOff=1" (RelFrameId=1, Internal ID=1118)
Action.c(241):     2ae\r\n
Action.c(241): t=1324840ms: 2-byte chunked response overhead for "http://localhost:1080/cgi-bin/welcome.pl?signOff=1" (RelFrameId=1, Internal ID=1118)
Action.c(241):     \r\n
Action.c(241): t=1324840ms: 686-byte chunked response body for "http://localhost:1080/cgi-bin/welcome.pl?signOff=1" (RelFrameId=1, Internal ID=1118)
Action.c(241):     <!-- \n
Action.c(241):      A Session ID has been created and loaded into a cookie called MSO.\n
Action.c(241):      Also, the server options have been loaded into the cookie called\n
Action.c(241):      MSO as well.  The server options can be set via the Admin page.\n
Action.c(241):      --->\n
Action.c(241):     \n
Action.c(241):     <html>\n
Action.c(241):     <title>Web Tours</title>\n
Action.c(241):        <!-- Frame Set -->\n
Action.c(241):        <frameset cols="160,*" border="1" frameborder="1">\n
Action.c(241):           <!-- Navigation Frame -->\n
Action.c(241):           <frame src="nav.pl?in=home" name="navbar" marginheight="2" marginwidth="2" \n
Action.c(241):                 noresize="noresize" scrolling="auto"/>\n
Action.c(241):           <!-- Home Frame -->\n
Action.c(241):           <frame src="/WebTours/home.html" name="info" marginheight="2" marginwidth="2" \n
Action.c(241):                 noresize="noresize" scrolling="auto"/>\n
Action.c(241):        </frameset>\n
Action.c(241):     </html>\n
Action.c(241):     \n
Action.c(241):     </body>\n
Action.c(241):     </html>
Action.c(241): Detected non-resource "http://localhost:1080/cgi-bin/nav.pl?in=home" in "http://localhost:1080/cgi-bin/welcome.pl?signOff=1"  	[MsgId: MMSG-26574]
Action.c(241): Detected non-resource "http://localhost:1080/WebTours/home.html" in "http://localhost:1080/cgi-bin/welcome.pl?signOff=1"  	[MsgId: MMSG-26574]
Action.c(241): Retrieving data from cache for "http://localhost:1080/WebTours/home.html"  	[MsgId: MMSG-26558]
Action.c(241): t=1324841ms: 1361-byte response body retrieved from cache for "http://localhost:1080/WebTours/home.html" (RelFrameId=1.2, Internal ID=1120)
Action.c(241):     <HTML>\n
Action.c(241):     <HEAD>\n
Action.c(241):     \t<title>Web Tours</title>\n
Action.c(241):     </HEAD>\n
Action.c(241):     <style>\n
Action.c(241):     \tblockquote {font-family: tahoma; font-size : 10pt}\n
Action.c(241):     \tH1 {font-family: tahoma; font-size : 22pt; color: #003366}\n
Action.c(241):     \tsmall {font-family: tahoma; font-size : 8pt}\n
Action.c(241):     \tH3{font-family: tahoma; font-size : 10pt; color: black}\n
Action.c(241):     \tA {FONT-WEIGHT: bold; FONT-SIZE: 10pt; COLOR: black; FONT-FAMILY: Tahoma; TEXT-DECORATIO
Action.c(241):     N: none}\n
Action.c(241):     \tA:hover{ FONT-WEIGHT: bold; FONT-SIZE: 10pt; COLOR: #993333; FONT-FAMILY: Tahoma;TEXT-DE
Action.c(241):     CORATION: underline}\n
Action.c(241):     \tTD {font-family: tahoma; font-size : 10pt; color: black}\n
Action.c(241):     </style>\n
Action.c(241):     <body bgcolor="#e0e7f1">\n
Action.c(241):     <BR/>\n
Action.c(241):     <BR/>\n
Action.c(241):     <BR/>\n
Action.c(241):     <br/>\n
Action.c(241):     <table border="0">\n
Action.c(241):     <tr><td></td></tr>\n
Action.c(241):     <TR><TD></TD></TR>\n
Action.c(241):     <TR><TD>\n
Action.c(241):     <blockquote>\n
Action.c(241):     <H1><b>Web Tours</b></H1>\n
Action.c(241):     Welcome to the Web Tours site.\n
Action.c(241):     <br/>\n
Action.c(241):     To make reservations,please enter your account information to the left.\n
Action.c(241):     <br/>\n
Action.c(241):     If you haven't registered yet, <A href="/cgi-bin/login.pl?username=&amp;password=&amp;getI
Action.c(241):     nfo=true" ><B>sign up now</B></A> to get access to all our resources.\n
Action.c(241):     <br/>\n
Action.c(241):     To configure the server options, use <A href="/cgi-bin/admin.pl" target="body" ><b>adminis
Action.c(241):     tration</b></A> link.\n
Action.c(241):     <br/><br/><br/><br/><br/><br/>\n
Action.c(241):     <br/><small>\n
Action.c(241):     This product uses parts of the SMT Kernel, Copyright (c) 1991-99 <A href="http://www.imati
Action.c(241):     x.com" target="new"><B><small>iMatix Corporation</small></B></A> \n
Action.c(241):     </small>\n
Action.c(241):     </blockquote></TD>\n
Action.c(241):     <TD></TD></TR>\n
Action.c(241):     </table>\n
Action.c(241):     </body>\n
Action.c(241):     </HTML>\n
Action.c(241): t=1324843ms: 5-byte chunked response overhead for "http://localhost:1080/cgi-bin/welcome.pl?signOff=1" (RelFrameId=1, Internal ID=1118)
Action.c(241):     0\r\n
Action.c(241):     \r\n
Action.c(241): t=1324894ms: 256-byte response headers for "http://localhost:1080/cgi-bin/nav.pl?in=home" (RelFrameId=1.1, Internal ID=1119)
Action.c(241):     HTTP/1.1 200 OK\r\n
Action.c(241):     Date: Thu, 14 May 2020 16:23:03 GMT\r\n
Action.c(241):     Server: Apache/2.2.21 (Win32)\r\n
Action.c(241):     Expires: Wed, 13 May 2020 16:23:03 GMT\r\n
Action.c(241):     Keep-Alive: timeout=5, max=100\r\n
Action.c(241):     Connection: Keep-Alive\r\n
Action.c(241):     Transfer-Encoding: chunked\r\n
Action.c(241):     Content-Type: text/html; charset=ISO-8859-1\r\n
Action.c(241):     \r\n
Action.c(241): t=1324894ms: 5-byte chunked response overhead for "http://localhost:1080/cgi-bin/nav.pl?in=home" (RelFrameId=1.1, Internal ID=1119)
Action.c(241):     5ce\r\n
Action.c(241): t=1324894ms: 2-byte chunked response overhead for "http://localhost:1080/cgi-bin/nav.pl?in=home" (RelFrameId=1.1, Internal ID=1119)
Action.c(241):     \r\n
Action.c(241): t=1324894ms: 1486-byte chunked response body for "http://localhost:1080/cgi-bin/nav.pl?in=home" (RelFrameId=1.1, Internal ID=1119)
Action.c(241):     <!DOCTYPE html\n
Action.c(241):     \tPUBLIC "-//W3C//DTD XHTML 1.0 Transitional//EN"\n
Action.c(241):     \t "http://www.w3.org/TR/xhtml1/DTD/xhtml1-transitional.dtd">\n
Action.c(241):     <html xmlns="http://www.w3.org/1999/xhtml" lang="en-US" xml:lang="en-US">\n
Action.c(241):     <head>\n
Action.c(241):     <title>Web Tours Navigation Bar</title>\n
Action.c(241):     <meta http-equiv="Content-Type" content="text/html; charset=iso-8859-1" />\n
Action.c(241):     </head>\n
Action.c(241):     <body bgcolor="#E0E7F1">\n
Action.c(241):     <style>\n
Action.c(241):     blockquote {font-family: tahoma; font-size : 10pt}\n
Action.c(241):     H1 {font-family: tahoma; font-size : 22pt; color: #993333}\n
Action.c(241):     H3 {font-family: tahoma; font-size : 10pt; color: black}\n
Action.c(241):     small {font-family: tahoma; font-size : 8pt}\n
Action.c(241):     </style>\n
Action.c(241):     <form method="post" action="/cgi-bin/login.pl" target="body">\n
Action.c(241):     <input type="hidden" name="userSession" value="128754.425516403zzcciAfpHzcfDQHDzpiDtfHf"/>
Action.c(241):     \n
Action.c(241):     <table border="0"><tr><td>&nbsp;</td>\n
Action.c(241):     <td>&nbsp;</td></tr>\n
Action.c(241):     <tr><td>&nbsp;</td>\n
Action.c(241):     <td>&nbsp;</td></tr>\n
Action.c(241):     <tr><td>&nbsp;</td>\n
Action.c(241):     <td><small>&nbsp;Username</small></td></tr>\n
Action.c(241):     <tr><td>&nbsp;</td>\n
Action.c(241):     <td><input type="text" name="username" value="" size="14" maxlength="14"/></td></tr>\n
Action.c(241):     <tr><td>&nbsp;</td>\n
Action.c(241):     <td><small>&nbsp;Password</small></td>\n
Action.c(241):     <tr><td>&nbsp;</td>\n
Action.c(241):     <td><input type="password" name="password" value="" size="14" maxlength="14"/></td></tr>\n
Action.c(241):     <tr><td>&nbsp;</td>\n
Action.c(241):     <td>&nbsp;</td></tr>\n
Action.c(241):     <tr><td>&nbsp;</td>\n
Action.c(241):     <td><input type="image" name="login" value="Login" alt="Login" border="1" \n
Action.c(241):     src="/WebTours/images/mer_login.gif"/></td></tr>\n
Action.c(241):     <tr><td>&nbsp;</td><td>&nbsp;</td></tr>\n
Action.c(241):     </table><input type="hidden" name="JSFormSubmit" value="off"/>\n
Action.c(241):     </form>\n
Action.c(241):     \n
Action.c(241):     </body>\n
Action.c(241):     </html>\n
Action.c(241): Resource "http://localhost:1080/WebTours/images/mer_login.gif" is in the cache already and will not be downloaded again  	[MsgId: MMSG-26655]
Action.c(241): t=1324897ms: 5-byte chunked response overhead for "http://localhost:1080/cgi-bin/nav.pl?in=home" (RelFrameId=1.1, Internal ID=1119)
Action.c(241):     0\r\n
Action.c(241):     \r\n
Action.c(241): Registered web_reg_find successful for "Text=A Session ID has been created" (count=1)  	[MsgId: MMSG-26364]
Action.c(241): web_url("SignOff Button") was successful, 2172 body bytes, 583 header bytes, 24 chunking overhead bytes  	[MsgId: MMSG-26385]
Action.c(251): Notify: Transaction "transaction_logout" ended with a "Pass" status (Duration: 0,1092 Wasted Time: 0,0000).	[MsgId: MMSG-16871]
Action.c(253): Notify: Transaction "1_buy_ticket_transaction" ended with a "Pass" status (Duration: 30,7658 Think Time: 30,0048 Wasted Time: 0,0008).	[MsgId: MMSG-16870]
Ending action Action.	[MsgId: MMSG-15918]
Action was aborted.	[MsgId: MMSG-10694]
Ending Vuser...	[MsgId: MMSG-15966]
Starting action vuser_end.	[MsgId: MMSG-15919]
Ending action vuser_end.	[MsgId: MMSG-15918]
Vuser Terminated.	[MsgId: MMSG-15963]
Vuser 1 (thread 34056), ended OK."	[MsgId: MMSG-10695]
Action.c(230): Notify: Transaction "transaction_logout" started.	[MsgId: MMSG-16999]
Action.c(232): web_add_header("Sec-Fetch-User") started  	[MsgId: MMSG-26355]
Action.c(232): web_add_header("Sec-Fetch-User") was successful  	[MsgId: MMSG-26392]
Action.c(235): web_add_header("Upgrade-Insecure-Requests") started  	[MsgId: MMSG-26355]
Action.c(235): web_add_header("Upgrade-Insecure-Requests") was successful  	[MsgId: MMSG-26392]
Action.c(238): web_reg_find started  	[MsgId: MMSG-26355]
Action.c(238): Registering web_reg_find was successful  	[MsgId: MMSG-26390]
Action.c(241): web_url("SignOff Button") started  	[MsgId: MMSG-26355]
Action.c(241): t=1326083ms: 327-byte response headers for "http://localhost:1080/cgi-bin/welcome.pl?signOff=1" (RelFrameId=1, Internal ID=1202)
Action.c(241):     HTTP/1.1 200 OK\r\n
Action.c(241):     Date: Thu, 14 May 2020 16:23:04 GMT\r\n
Action.c(241):     Server: Apache/2.2.21 (Win32)\r\n
Action.c(241):     Set-Cookie: MSO=SID&1589473384; path=/\r\n
Action.c(241):     Set-Cookie: MTUserInfo=; path=/; expires=Wed, 13-May-2020 16:23:04 GMT\r\n
Action.c(241):     Keep-Alive: timeout=5, max=97\r\n
Action.c(241):     Connection: Keep-Alive\r\n
Action.c(241):     Transfer-Encoding: chunked\r\n
Action.c(241):     Content-Type: text/html; charset=ISO-8859-1\r\n
Action.c(241):     \r\n
Action.c(241): t=1326084ms: 5-byte chunked response overhead for "http://localhost:1080/cgi-bin/welcome.pl?signOff=1" (RelFrameId=1, Internal ID=1202)
Action.c(241):     2ae\r\n
Action.c(241): t=1326084ms: 2-byte chunked response overhead for "http://localhost:1080/cgi-bin/welcome.pl?signOff=1" (RelFrameId=1, Internal ID=1202)
Action.c(241):     \r\n
Action.c(241): t=1326084ms: 686-byte chunked response body for "http://localhost:1080/cgi-bin/welcome.pl?signOff=1" (RelFrameId=1, Internal ID=1202)
Action.c(241):     <!-- \n
Action.c(241):      A Session ID has been created and loaded into a cookie called MSO.\n
Action.c(241):      Also, the server options have been loaded into the cookie called\n
Action.c(241):      MSO as well.  The server options can be set via the Admin page.\n
Action.c(241):      --->\n
Action.c(241):     \n
Action.c(241):     <html>\n
Action.c(241):     <title>Web Tours</title>\n
Action.c(241):        <!-- Frame Set -->\n
Action.c(241):        <frameset cols="160,*" border="1" frameborder="1">\n
Action.c(241):           <!-- Navigation Frame -->\n
Action.c(241):           <frame src="nav.pl?in=home" name="navbar" marginheight="2" marginwidth="2" \n
Action.c(241):                 noresize="noresize" scrolling="auto"/>\n
Action.c(241):           <!-- Home Frame -->\n
Action.c(241):           <frame src="/WebTours/home.html" name="info" marginheight="2" marginwidth="2" \n
Action.c(241):                 noresize="noresize" scrolling="auto"/>\n
Action.c(241):        </frameset>\n
Action.c(241):     </html>\n
Action.c(241):     \n
Action.c(241):     </body>\n
Action.c(241):     </html>
Action.c(241): Detected non-resource "http://localhost:1080/cgi-bin/nav.pl?in=home" in "http://localhost:1080/cgi-bin/welcome.pl?signOff=1"  	[MsgId: MMSG-26574]
Action.c(241): Detected non-resource "http://localhost:1080/WebTours/home.html" in "http://localhost:1080/cgi-bin/welcome.pl?signOff=1"  	[MsgId: MMSG-26574]
Action.c(241): Retrieving data from cache for "http://localhost:1080/WebTours/home.html"  	[MsgId: MMSG-26558]
Action.c(241): t=1326086ms: 1361-byte response body retrieved from cache for "http://localhost:1080/WebTours/home.html" (RelFrameId=1.2, Internal ID=1204)
Action.c(241):     <HTML>\n
Action.c(241):     <HEAD>\n
Action.c(241):     \t<title>Web Tours</title>\n
Action.c(241):     </HEAD>\n
Action.c(241):     <style>\n
Action.c(241):     \tblockquote {font-family: tahoma; font-size : 10pt}\n
Action.c(241):     \tH1 {font-family: tahoma; font-size : 22pt; color: #003366}\n
Action.c(241):     \tsmall {font-family: tahoma; font-size : 8pt}\n
Action.c(241):     \tH3{font-family: tahoma; font-size : 10pt; color: black}\n
Action.c(241):     \tA {FONT-WEIGHT: bold; FONT-SIZE: 10pt; COLOR: black; FONT-FAMILY: Tahoma; TEXT-DECORATIO
Action.c(241):     N: none}\n
Action.c(241):     \tA:hover{ FONT-WEIGHT: bold; FONT-SIZE: 10pt; COLOR: #993333; FONT-FAMILY: Tahoma;TEXT-DE
Action.c(241):     CORATION: underline}\n
Action.c(241):     \tTD {font-family: tahoma; font-size : 10pt; color: black}\n
Action.c(241):     </style>\n
Action.c(241):     <body bgcolor="#e0e7f1">\n
Action.c(241):     <BR/>\n
Action.c(241):     <BR/>\n
Action.c(241):     <BR/>\n
Action.c(241):     <br/>\n
Action.c(241):     <table border="0">\n
Action.c(241):     <tr><td></td></tr>\n
Action.c(241):     <TR><TD></TD></TR>\n
Action.c(241):     <TR><TD>\n
Action.c(241):     <blockquote>\n
Action.c(241):     <H1><b>Web Tours</b></H1>\n
Action.c(241):     Welcome to the Web Tours site.\n
Action.c(241):     <br/>\n
Action.c(241):     To make reservations,please enter your account information to the left.\n
Action.c(241):     <br/>\n
Action.c(241):     If you haven't registered yet, <A href="/cgi-bin/login.pl?username=&amp;password=&amp;getI
Action.c(241):     nfo=true" ><B>sign up now</B></A> to get access to all our resources.\n
Action.c(241):     <br/>\n
Action.c(241):     To configure the server options, use <A href="/cgi-bin/admin.pl" target="body" ><b>adminis
Action.c(241):     tration</b></A> link.\n
Action.c(241):     <br/><br/><br/><br/><br/><br/>\n
Action.c(241):     <br/><small>\n
Action.c(241):     This product uses parts of the SMT Kernel, Copyright (c) 1991-99 <A href="http://www.imati
Action.c(241):     x.com" target="new"><B><small>iMatix Corporation</small></B></A> \n
Action.c(241):     </small>\n
Action.c(241):     </blockquote></TD>\n
Action.c(241):     <TD></TD></TR>\n
Action.c(241):     </table>\n
Action.c(241):     </body>\n
Action.c(241):     </HTML>\n
Action.c(241): t=1326088ms: 5-byte chunked response overhead for "http://localhost:1080/cgi-bin/welcome.pl?signOff=1" (RelFrameId=1, Internal ID=1202)
Action.c(241):     0\r\n
Action.c(241):     \r\n
Action.c(241): t=1326160ms: 256-byte response headers for "http://localhost:1080/cgi-bin/nav.pl?in=home" (RelFrameId=1.1, Internal ID=1203)
Action.c(241):     HTTP/1.1 200 OK\r\n
Action.c(241):     Date: Thu, 14 May 2020 16:23:04 GMT\r\n
Action.c(241):     Server: Apache/2.2.21 (Win32)\r\n
Action.c(241):     Expires: Wed, 13 May 2020 16:23:05 GMT\r\n
Action.c(241):     Keep-Alive: timeout=5, max=100\r\n
Action.c(241):     Connection: Keep-Alive\r\n
Action.c(241):     Transfer-Encoding: chunked\r\n
Action.c(241):     Content-Type: text/html; charset=ISO-8859-1\r\n
Action.c(241):     \r\n
Action.c(241): t=1326161ms: 5-byte chunked response overhead for "http://localhost:1080/cgi-bin/nav.pl?in=home" (RelFrameId=1.1, Internal ID=1203)
Action.c(241):     5d0\r\n
Action.c(241): t=1326161ms: 2-byte chunked response overhead for "http://localhost:1080/cgi-bin/nav.pl?in=home" (RelFrameId=1.1, Internal ID=1203)
Action.c(241):     \r\n
Action.c(241): t=1326161ms: 1488-byte chunked response body for "http://localhost:1080/cgi-bin/nav.pl?in=home" (RelFrameId=1.1, Internal ID=1203)
Action.c(241):     <!DOCTYPE html\n
Action.c(241):     \tPUBLIC "-//W3C//DTD XHTML 1.0 Transitional//EN"\n
Action.c(241):     \t "http://www.w3.org/TR/xhtml1/DTD/xhtml1-transitional.dtd">\n
Action.c(241):     <html xmlns="http://www.w3.org/1999/xhtml" lang="en-US" xml:lang="en-US">\n
Action.c(241):     <head>\n
Action.c(241):     <title>Web Tours Navigation Bar</title>\n
Action.c(241):     <meta http-equiv="Content-Type" content="text/html; charset=iso-8859-1" />\n
Action.c(241):     </head>\n
Action.c(241):     <body bgcolor="#E0E7F1">\n
Action.c(241):     <style>\n
Action.c(241):     blockquote {font-family: tahoma; font-size : 10pt}\n
Action.c(241):     H1 {font-family: tahoma; font-size : 22pt; color: #993333}\n
Action.c(241):     H3 {font-family: tahoma; font-size : 10pt; color: black}\n
Action.c(241):     small {font-family: tahoma; font-size : 8pt}\n
Action.c(241):     </style>\n
Action.c(241):     <form method="post" action="/cgi-bin/login.pl" target="body">\n
Action.c(241):     <input type="hidden" name="userSession" value="128754.425597408zzcciAfpHzzzzzzHDQHDzpiDtz"
Action.c(241):     />\n
Action.c(241):     <table border="0"><tr><td>&nbsp;</td>\n
Action.c(241):     <td>&nbsp;</td></tr>\n
Action.c(241):     <tr><td>&nbsp;</td>\n
Action.c(241):     <td>&nbsp;</td></tr>\n
Action.c(241):     <tr><td>&nbsp;</td>\n
Action.c(241):     <td><small>&nbsp;Username</small></td></tr>\n
Action.c(241):     <tr><td>&nbsp;</td>\n
Action.c(241):     <td><input type="text" name="username" value="" size="14" maxlength="14"/></td></tr>\n
Action.c(241):     <tr><td>&nbsp;</td>\n
Action.c(241):     <td><small>&nbsp;Password</small></td>\n
Action.c(241):     <tr><td>&nbsp;</td>\n
Action.c(241):     <td><input type="password" name="password" value="" size="14" maxlength="14"/></td></tr>\n
Action.c(241):     <tr><td>&nbsp;</td>\n
Action.c(241):     <td>&nbsp;</td></tr>\n
Action.c(241):     <tr><td>&nbsp;</td>\n
Action.c(241):     <td><input type="image" name="login" value="Login" alt="Login" border="1" \n
Action.c(241):     src="/WebTours/images/mer_login.gif"/></td></tr>\n
Action.c(241):     <tr><td>&nbsp;</td><td>&nbsp;</td></tr>\n
Action.c(241):     </table><input type="hidden" name="JSFormSubmit" value="off"/>\n
Action.c(241):     </form>\n
Action.c(241):     \n
Action.c(241):     </body>\n
Action.c(241):     </html>\n
Action.c(241): Resource "http://localhost:1080/WebTours/images/mer_login.gif" is in the cache already and will not be downloaded again  	[MsgId: MMSG-26655]
Action.c(241): t=1326164ms: 5-byte chunked response overhead for "http://localhost:1080/cgi-bin/nav.pl?in=home" (RelFrameId=1.1, Internal ID=1203)
Action.c(241):     0\r\n
Action.c(241):     \r\n
Action.c(241): Registered web_reg_find successful for "Text=A Session ID has been created" (count=1)  	[MsgId: MMSG-26364]
Action.c(241): web_url("SignOff Button") was successful, 2174 body bytes, 583 header bytes, 24 chunking overhead bytes  	[MsgId: MMSG-26385]
Action.c(251): Notify: Transaction "transaction_logout" ended with a "Pass" status (Duration: 0,1581 Wasted Time: 0,0000).	[MsgId: MMSG-16871]
Action.c(253): Notify: Transaction "1_buy_ticket_transaction" ended with a "Pass" status (Duration: 30,8354 Think Time: 30,0056 Wasted Time: 0,0007).	[MsgId: MMSG-16870]
Ending action Action.	[MsgId: MMSG-15918]
Action was aborted.	[MsgId: MMSG-10694]
Ending Vuser...	[MsgId: MMSG-15966]
Starting action vuser_end.	[MsgId: MMSG-15919]
Ending action vuser_end.	[MsgId: MMSG-15918]
Vuser Terminated.	[MsgId: MMSG-15963]
Vuser 0 (thread 24812), ended OK."	[MsgId: MMSG-10695]
