Virtual User Script started at: 13.05.2020 22:41:53	[MsgId: MMSG-15967]
Starting action vuser_init.	[MsgId: MMSG-15919]
Web Turbo Replay of LoadRunner 12.55.0 for Windows 10; build 911 (èþë 24 2017 19:46:00)  	[MsgId: MMSG-26983]
Run mode: HTML  	[MsgId: MMSG-26993]
Replay user agent: Mozilla/5.0 (Windows NT 10.0; Win64; x64) AppleWebKit/537.36 (KHTML, like Gecko) Chrome/81.0.4044.129 Safari/537.36  	[MsgId: MMSG-26988]
Run-Time Settings file: "C:\Users\bushi\AppData\Local\Temp\lr5tmpdir06H.784\lrcfgAxg.785\cfghs3.786"  	[MsgId: MMSG-27141]
Ending action vuser_init.	[MsgId: MMSG-15918]
Running Vuser...	[MsgId: MMSG-15964]
Starting iteration 1.	[MsgId: MMSG-15968]
Maximum number of concurrent connections per server: 6  	[MsgId: MMSG-26989]
Starting action Action.	[MsgId: MMSG-15919]
Action.c(3): Notify: Transaction "1_buy_ticket_transaction" started.	[MsgId: MMSG-16999]
Action.c(7): web_add_auto_header("Sec-Fetch-Site") started  	[MsgId: MMSG-26355]
Action.c(7): web_add_auto_header("Sec-Fetch-Site") was successful  	[MsgId: MMSG-26392]
Action.c(10): web_add_auto_header("Sec-Fetch-Dest") started  	[MsgId: MMSG-26355]
Action.c(10): web_add_auto_header("Sec-Fetch-Dest") was successful  	[MsgId: MMSG-26392]
Action.c(13): web_add_auto_header("Sec-Fetch-Mode") started  	[MsgId: MMSG-26355]
Action.c(13): web_add_auto_header("Sec-Fetch-Mode") was successful  	[MsgId: MMSG-26392]
Action.c(16): web_add_auto_header("Sec-Fetch-User") started  	[MsgId: MMSG-26355]
Action.c(16): web_add_auto_header("Sec-Fetch-User") was successful  	[MsgId: MMSG-26392]
Action.c(19): web_add_auto_header("Upgrade-Insecure-Requests") started  	[MsgId: MMSG-26355]
Action.c(19): web_add_auto_header("Upgrade-Insecure-Requests") was successful  	[MsgId: MMSG-26392]
Action.c(22): Notify: Transaction "transaction_open_link" started.	[MsgId: MMSG-16999]
Action.c(25): web_reg_save_param started  	[MsgId: MMSG-26355]
Action.c(25): Registering web_reg_save_param was successful  	[MsgId: MMSG-26390]
Action.c(30): web_url("WebTours") started  	[MsgId: MMSG-26355]
Action.c(30): Error -27792: Failed to connect to server "localhost:1080": [10061] Connection refused  	[MsgId: MERR-27792]
Action.c(30): Error -26377: No match found for the requested parameter "userSession". Either the specified boundaries were not found in the response or the matched text is longer than current max html parameter size of 256 bytes. The total length of the response is 0 bytes. You can use "web_set_max_html_param_len" to increase the max parameter size.  	[MsgId: MERR-26377]
Action.c(30): Notify: Saving Parameter "userSession = ".	[MsgId: MMSG-13798]
Action.c(30): Error -26374: The above "not found" error(s) may be explained by header and body byte counts being 0 and 0, respectively.  	[MsgId: MERR-26374]
Action.c(30): web_url("WebTours") highest severity level was "ERROR", 0 body bytes, 0 header bytes  	[MsgId: MMSG-26388]
Action.c(30): Notify: Transaction "transaction_open_link" ended with a "Fail" status (Duration: 2,0111).	[MsgId: MMSG-16873]
Action.c(30): Notify: Transaction "transaction_open_link" has 3 error message(s).	[MsgId: MMSG-16818]
Action.c(30): Notify: The 1st error message associated with transaction "transaction_open_link" is "Error -27792: Failed to connect to server "localhost:1080": [10061] Connection refused"	[MsgId: MMSG-16819]
Action.c(30): Notify: The 2nd error message associated with transaction "transaction_open_link" is "Error -26377: No match found for the requested parameter "userSession". Either the specified boundaries were not found in the response or the matched text is longer than current max html parameter size of 256 bytes. The total length of the response is 0 bytes. You can use "web_set_max_html_param_len" to increase the max parameter size."	[MsgId: MMSG-16819]
Action.c(30): Notify: The 3rd error message associated with transaction "transaction_open_link" is "Error -26374: The above "not found" error(s) may be explained by header and body byte counts being 0 and 0, respectively."	[MsgId: MMSG-16819]
Action.c(30): Notify: Transaction "1_buy_ticket_transaction" ended with a "Fail" status (Duration: 2,0132).	[MsgId: MMSG-16873]
Action.c(30): Notify: Transaction "1_buy_ticket_transaction" has 3 error message(s).	[MsgId: MMSG-16818]
Action.c(30): Notify: The 1st error message associated with transaction "1_buy_ticket_transaction" is "Error -27792: Failed to connect to server "localhost:1080": [10061] Connection refused"	[MsgId: MMSG-16819]
Action.c(30): Notify: The 2nd error message associated with transaction "1_buy_ticket_transaction" is "Error -26377: No match found for the requested parameter "userSession". Either the specified boundaries were not found in the response or the matched text is longer than current max html parameter size of 256 bytes. The total length of the response is 0 bytes. You can use "web_set_max_html_param_len" to increase the max parameter size."	[MsgId: MMSG-16819]
Action.c(30): Notify: The 3rd error message associated with transaction "1_buy_ticket_transaction" is "Error -26374: The above "not found" error(s) may be explained by header and body byte counts being 0 and 0, respectively."	[MsgId: MMSG-16819]
Ending action Action.	[MsgId: MMSG-15918]
Ending iteration 1.	[MsgId: MMSG-15965]
Starting iteration 2.	[MsgId: MMSG-15968]
Notify: Next row for parameter card = 1 [table  = card].	[MsgId: MMSG-13876]
Notify: Getting new value for parameter 'card': table = 'card.dat' column = '0' row = '1'.	[MsgId: MMSG-13877]
Notify: Next row for parameter date = 1 [table  = date].	[MsgId: MMSG-13876]
Notify: Getting new value for parameter 'date': table = 'date.dat' column = '0' row = '1'.	[MsgId: MMSG-13877]
Notify: Next row for parameter Type = 2 [table  = Type].	[MsgId: MMSG-13876]
Notify: Getting new value for parameter 'Type': table = 'NewParam.dat' column = '0' row = '2'.	[MsgId: MMSG-13877]
Notify: Next row for parameter firstName = 2 [table  = firstName].	[MsgId: MMSG-13876]
Notify: Getting new value for parameter 'firstName': table = 'firstName.dat' column = '0' row = '2'.	[MsgId: MMSG-13877]
Notify: Next row for parameter Pref = 2 [table  = Pref].	[MsgId: MMSG-13876]
Notify: Getting new value for parameter 'Pref': table = 'Pref.dat' column = '0' row = '2'.	[MsgId: MMSG-13877]
Notify: Next row for parameter pass = 2 [table  = pass].	[MsgId: MMSG-13876]
Notify: Getting new value for parameter 'pass': table = 'pass.dat' column = '0' row = '2'.	[MsgId: MMSG-13877]
Notify: Next row for parameter passenger = 2 [table  = passenger].	[MsgId: MMSG-13876]
Notify: Getting new value for parameter 'passenger': table = 'passenger.dat' column = '0' row = '2'.	[MsgId: MMSG-13877]
Notify: Next row for parameter arriveCity = 2 [table  = arriveCity].	[MsgId: MMSG-13876]
Notify: Getting new value for parameter 'arriveCity': table = 'arriveCity.dat' column = '0' row = '2'.	[MsgId: MMSG-13877]
Notify: Next row for parameter departCity = 2 [table  = departCity].	[MsgId: MMSG-13876]
Notify: Getting new value for parameter 'departCity': table = 'departCity.dat' column = '0' row = '2'.	[MsgId: MMSG-13877]
Notify: Next row for parameter lastName = 2 [table  = lastName].	[MsgId: MMSG-13876]
Notify: Getting new value for parameter 'lastName': table = 'lastName.dat' column = '0' row = '2'.	[MsgId: MMSG-13877]
Notify: Next row for parameter login = 2 [table  = login].	[MsgId: MMSG-13876]
Notify: Getting new value for parameter 'login': table = 'login.dat' column = '0' row = '2'.	[MsgId: MMSG-13877]
Starting action Action.	[MsgId: MMSG-15919]
Action.c(3): Notify: Transaction "1_buy_ticket_transaction" started.	[MsgId: MMSG-16999]
Action.c(7): web_add_auto_header("Sec-Fetch-Site") started  	[MsgId: MMSG-26355]
Action.c(7): web_add_auto_header("Sec-Fetch-Site") was successful  	[MsgId: MMSG-26392]
Action.c(10): web_add_auto_header("Sec-Fetch-Dest") started  	[MsgId: MMSG-26355]
Action.c(10): web_add_auto_header("Sec-Fetch-Dest") was successful  	[MsgId: MMSG-26392]
Action.c(13): web_add_auto_header("Sec-Fetch-Mode") started  	[MsgId: MMSG-26355]
Action.c(13): web_add_auto_header("Sec-Fetch-Mode") was successful  	[MsgId: MMSG-26392]
Action.c(16): web_add_auto_header("Sec-Fetch-User") started  	[MsgId: MMSG-26355]
Action.c(16): web_add_auto_header("Sec-Fetch-User") was successful  	[MsgId: MMSG-26392]
Action.c(19): web_add_auto_header("Upgrade-Insecure-Requests") started  	[MsgId: MMSG-26355]
Action.c(19): web_add_auto_header("Upgrade-Insecure-Requests") was successful  	[MsgId: MMSG-26392]
Action.c(22): Notify: Transaction "transaction_open_link" started.	[MsgId: MMSG-16999]
Action.c(25): web_reg_save_param started  	[MsgId: MMSG-26355]
Action.c(25): Registering web_reg_save_param was successful  	[MsgId: MMSG-26390]
Action.c(30): web_url("WebTours") started  	[MsgId: MMSG-26355]
Action.c(30): Error -27792: Failed to connect to server "localhost:1080": [10061] Connection refused  	[MsgId: MERR-27792]
Action.c(30): Error -26377: No match found for the requested parameter "userSession". Either the specified boundaries were not found in the response or the matched text is longer than current max html parameter size of 256 bytes. The total length of the response is 0 bytes. You can use "web_set_max_html_param_len" to increase the max parameter size.  	[MsgId: MERR-26377]
Action.c(30): Notify: Saving Parameter "userSession = ".	[MsgId: MMSG-13798]
Action.c(30): Error -26374: The above "not found" error(s) may be explained by header and body byte counts being 0 and 0, respectively.  	[MsgId: MERR-26374]
Action.c(30): web_url("WebTours") highest severity level was "ERROR", 0 body bytes, 0 header bytes  	[MsgId: MMSG-26388]
Action.c(30): Notify: Transaction "transaction_open_link" ended with a "Fail" status (Duration: 2,0043).	[MsgId: MMSG-16873]
Action.c(30): Notify: Transaction "transaction_open_link" has 3 error message(s).	[MsgId: MMSG-16818]
Action.c(30): Notify: The 1st error message associated with transaction "transaction_open_link" is "Error -27792: Failed to connect to server "localhost:1080": [10061] Connection refused"	[MsgId: MMSG-16819]
Action.c(30): Notify: The 2nd error message associated with transaction "transaction_open_link" is "Error -26377: No match found for the requested parameter "userSession". Either the specified boundaries were not found in the response or the matched text is longer than current max html parameter size of 256 bytes. The total length of the response is 0 bytes. You can use "web_set_max_html_param_len" to increase the max parameter size."	[MsgId: MMSG-16819]
Action.c(30): Notify: The 3rd error message associated with transaction "transaction_open_link" is "Error -26374: The above "not found" error(s) may be explained by header and body byte counts being 0 and 0, respectively."	[MsgId: MMSG-16819]
Action.c(30): Notify: Transaction "1_buy_ticket_transaction" ended with a "Fail" status (Duration: 2,0054).	[MsgId: MMSG-16873]
Action.c(30): Notify: Transaction "1_buy_ticket_transaction" has 3 error message(s).	[MsgId: MMSG-16818]
Action.c(30): Notify: The 1st error message associated with transaction "1_buy_ticket_transaction" is "Error -27792: Failed to connect to server "localhost:1080": [10061] Connection refused"	[MsgId: MMSG-16819]
Action.c(30): Notify: The 2nd error message associated with transaction "1_buy_ticket_transaction" is "Error -26377: No match found for the requested parameter "userSession". Either the specified boundaries were not found in the response or the matched text is longer than current max html parameter size of 256 bytes. The total length of the response is 0 bytes. You can use "web_set_max_html_param_len" to increase the max parameter size."	[MsgId: MMSG-16819]
Action.c(30): Notify: The 3rd error message associated with transaction "1_buy_ticket_transaction" is "Error -26374: The above "not found" error(s) may be explained by header and body byte counts being 0 and 0, respectively."	[MsgId: MMSG-16819]
Ending action Action.	[MsgId: MMSG-15918]
Ending iteration 2.	[MsgId: MMSG-15965]
Starting iteration 3.	[MsgId: MMSG-15968]
Notify: Next row for parameter card = 1 [table  = card].	[MsgId: MMSG-13876]
Notify: Getting new value for parameter 'card': table = 'card.dat' column = '0' row = '1'.	[MsgId: MMSG-13877]
Notify: Next row for parameter date = 1 [table  = date].	[MsgId: MMSG-13876]
Notify: Getting new value for parameter 'date': table = 'date.dat' column = '0' row = '1'.	[MsgId: MMSG-13877]
Notify: Next row for parameter Type = 3 [table  = Type].	[MsgId: MMSG-13876]
Notify: Getting new value for parameter 'Type': table = 'NewParam.dat' column = '0' row = '3'.	[MsgId: MMSG-13877]
Notify: Next row for parameter firstName = 3 [table  = firstName].	[MsgId: MMSG-13876]
Notify: Getting new value for parameter 'firstName': table = 'firstName.dat' column = '0' row = '3'.	[MsgId: MMSG-13877]
Notify: Next row for parameter Pref = 3 [table  = Pref].	[MsgId: MMSG-13876]
Notify: Getting new value for parameter 'Pref': table = 'Pref.dat' column = '0' row = '3'.	[MsgId: MMSG-13877]
Notify: Next row for parameter pass = 3 [table  = pass].	[MsgId: MMSG-13876]
Notify: Getting new value for parameter 'pass': table = 'pass.dat' column = '0' row = '3'.	[MsgId: MMSG-13877]
Notify: Next row for parameter passenger = 3 [table  = passenger].	[MsgId: MMSG-13876]
Notify: Getting new value for parameter 'passenger': table = 'passenger.dat' column = '0' row = '3'.	[MsgId: MMSG-13877]
Notify: Next row for parameter arriveCity = 3 [table  = arriveCity].	[MsgId: MMSG-13876]
Notify: Getting new value for parameter 'arriveCity': table = 'arriveCity.dat' column = '0' row = '3'.	[MsgId: MMSG-13877]
Notify: Next row for parameter departCity = 3 [table  = departCity].	[MsgId: MMSG-13876]
Notify: Getting new value for parameter 'departCity': table = 'departCity.dat' column = '0' row = '3'.	[MsgId: MMSG-13877]
Notify: Next row for parameter lastName = 3 [table  = lastName].	[MsgId: MMSG-13876]
Notify: Getting new value for parameter 'lastName': table = 'lastName.dat' column = '0' row = '3'.	[MsgId: MMSG-13877]
Notify: Next row for parameter login = 3 [table  = login].	[MsgId: MMSG-13876]
Notify: Getting new value for parameter 'login': table = 'login.dat' column = '0' row = '3'.	[MsgId: MMSG-13877]
Starting action Action.	[MsgId: MMSG-15919]
Action.c(3): Notify: Transaction "1_buy_ticket_transaction" started.	[MsgId: MMSG-16999]
Action.c(7): web_add_auto_header("Sec-Fetch-Site") started  	[MsgId: MMSG-26355]
Action.c(7): web_add_auto_header("Sec-Fetch-Site") was successful  	[MsgId: MMSG-26392]
Action.c(10): web_add_auto_header("Sec-Fetch-Dest") started  	[MsgId: MMSG-26355]
Action.c(10): web_add_auto_header("Sec-Fetch-Dest") was successful  	[MsgId: MMSG-26392]
Action.c(13): web_add_auto_header("Sec-Fetch-Mode") started  	[MsgId: MMSG-26355]
Action.c(13): web_add_auto_header("Sec-Fetch-Mode") was successful  	[MsgId: MMSG-26392]
Action.c(16): web_add_auto_header("Sec-Fetch-User") started  	[MsgId: MMSG-26355]
Action.c(16): web_add_auto_header("Sec-Fetch-User") was successful  	[MsgId: MMSG-26392]
Action.c(19): web_add_auto_header("Upgrade-Insecure-Requests") started  	[MsgId: MMSG-26355]
Action.c(19): web_add_auto_header("Upgrade-Insecure-Requests") was successful  	[MsgId: MMSG-26392]
Action.c(22): Notify: Transaction "transaction_open_link" started.	[MsgId: MMSG-16999]
Action.c(25): web_reg_save_param started  	[MsgId: MMSG-26355]
Action.c(25): Registering web_reg_save_param was successful  	[MsgId: MMSG-26390]
Action.c(30): web_url("WebTours") started  	[MsgId: MMSG-26355]
Action.c(30): Error -27792: Failed to connect to server "localhost:1080": [10061] Connection refused  	[MsgId: MERR-27792]
Action.c(30): Error -26377: No match found for the requested parameter "userSession". Either the specified boundaries were not found in the response or the matched text is longer than current max html parameter size of 256 bytes. The total length of the response is 0 bytes. You can use "web_set_max_html_param_len" to increase the max parameter size.  	[MsgId: MERR-26377]
Action.c(30): Notify: Saving Parameter "userSession = ".	[MsgId: MMSG-13798]
Action.c(30): Error -26374: The above "not found" error(s) may be explained by header and body byte counts being 0 and 0, respectively.  	[MsgId: MERR-26374]
Action.c(30): web_url("WebTours") highest severity level was "ERROR", 0 body bytes, 0 header bytes  	[MsgId: MMSG-26388]
Action.c(30): Notify: Transaction "transaction_open_link" ended with a "Fail" status (Duration: 2,0051).	[MsgId: MMSG-16873]
Action.c(30): Notify: Transaction "transaction_open_link" has 3 error message(s).	[MsgId: MMSG-16818]
Action.c(30): Notify: The 1st error message associated with transaction "transaction_open_link" is "Error -27792: Failed to connect to server "localhost:1080": [10061] Connection refused"	[MsgId: MMSG-16819]
Action.c(30): Notify: The 2nd error message associated with transaction "transaction_open_link" is "Error -26377: No match found for the requested parameter "userSession". Either the specified boundaries were not found in the response or the matched text is longer than current max html parameter size of 256 bytes. The total length of the response is 0 bytes. You can use "web_set_max_html_param_len" to increase the max parameter size."	[MsgId: MMSG-16819]
Action.c(30): Notify: The 3rd error message associated with transaction "transaction_open_link" is "Error -26374: The above "not found" error(s) may be explained by header and body byte counts being 0 and 0, respectively."	[MsgId: MMSG-16819]
Action.c(30): Notify: Transaction "1_buy_ticket_transaction" ended with a "Fail" status (Duration: 2,0059).	[MsgId: MMSG-16873]
Action.c(30): Notify: Transaction "1_buy_ticket_transaction" has 3 error message(s).	[MsgId: MMSG-16818]
Action.c(30): Notify: The 1st error message associated with transaction "1_buy_ticket_transaction" is "Error -27792: Failed to connect to server "localhost:1080": [10061] Connection refused"	[MsgId: MMSG-16819]
Action.c(30): Notify: The 2nd error message associated with transaction "1_buy_ticket_transaction" is "Error -26377: No match found for the requested parameter "userSession". Either the specified boundaries were not found in the response or the matched text is longer than current max html parameter size of 256 bytes. The total length of the response is 0 bytes. You can use "web_set_max_html_param_len" to increase the max parameter size."	[MsgId: MMSG-16819]
Action.c(30): Notify: The 3rd error message associated with transaction "1_buy_ticket_transaction" is "Error -26374: The above "not found" error(s) may be explained by header and body byte counts being 0 and 0, respectively."	[MsgId: MMSG-16819]
Ending action Action.	[MsgId: MMSG-15918]
Ending iteration 3.	[MsgId: MMSG-15965]
Starting iteration 4.	[MsgId: MMSG-15968]
Notify: Next row for parameter card = 1 [table  = card].	[MsgId: MMSG-13876]
Notify: Getting new value for parameter 'card': table = 'card.dat' column = '0' row = '1'.	[MsgId: MMSG-13877]
Notify: Next row for parameter date = 1 [table  = date].	[MsgId: MMSG-13876]
Notify: Getting new value for parameter 'date': table = 'date.dat' column = '0' row = '1'.	[MsgId: MMSG-13877]
Notify: Next row for parameter Type = 1 [table  = Type].	[MsgId: MMSG-13876]
Notify: Getting new value for parameter 'Type': table = 'NewParam.dat' column = '0' row = '1'.	[MsgId: MMSG-13877]
Notify: Next row for parameter firstName = 4 [table  = firstName].	[MsgId: MMSG-13876]
Notify: Getting new value for parameter 'firstName': table = 'firstName.dat' column = '0' row = '4'.	[MsgId: MMSG-13877]
Notify: Next row for parameter Pref = 1 [table  = Pref].	[MsgId: MMSG-13876]
Notify: Getting new value for parameter 'Pref': table = 'Pref.dat' column = '0' row = '1'.	[MsgId: MMSG-13877]
Notify: Next row for parameter pass = 4 [table  = pass].	[MsgId: MMSG-13876]
Notify: Getting new value for parameter 'pass': table = 'pass.dat' column = '0' row = '4'.	[MsgId: MMSG-13877]
Notify: Next row for parameter passenger = 4 [table  = passenger].	[MsgId: MMSG-13876]
Notify: Getting new value for parameter 'passenger': table = 'passenger.dat' column = '0' row = '4'.	[MsgId: MMSG-13877]
Notify: Next row for parameter arriveCity = 4 [table  = arriveCity].	[MsgId: MMSG-13876]
Notify: Getting new value for parameter 'arriveCity': table = 'arriveCity.dat' column = '0' row = '4'.	[MsgId: MMSG-13877]
Notify: Next row for parameter departCity = 4 [table  = departCity].	[MsgId: MMSG-13876]
Notify: Getting new value for parameter 'departCity': table = 'departCity.dat' column = '0' row = '4'.	[MsgId: MMSG-13877]
Notify: Next row for parameter lastName = 4 [table  = lastName].	[MsgId: MMSG-13876]
Notify: Getting new value for parameter 'lastName': table = 'lastName.dat' column = '0' row = '4'.	[MsgId: MMSG-13877]
Notify: Next row for parameter login = 4 [table  = login].	[MsgId: MMSG-13876]
Notify: Getting new value for parameter 'login': table = 'login.dat' column = '0' row = '4'.	[MsgId: MMSG-13877]
Starting action Action.	[MsgId: MMSG-15919]
Action.c(3): Notify: Transaction "1_buy_ticket_transaction" started.	[MsgId: MMSG-16999]
Action.c(7): web_add_auto_header("Sec-Fetch-Site") started  	[MsgId: MMSG-26355]
Action.c(7): web_add_auto_header("Sec-Fetch-Site") was successful  	[MsgId: MMSG-26392]
Action.c(10): web_add_auto_header("Sec-Fetch-Dest") started  	[MsgId: MMSG-26355]
Action.c(10): web_add_auto_header("Sec-Fetch-Dest") was successful  	[MsgId: MMSG-26392]
Action.c(13): web_add_auto_header("Sec-Fetch-Mode") started  	[MsgId: MMSG-26355]
Action.c(13): web_add_auto_header("Sec-Fetch-Mode") was successful  	[MsgId: MMSG-26392]
Action.c(16): web_add_auto_header("Sec-Fetch-User") started  	[MsgId: MMSG-26355]
Action.c(16): web_add_auto_header("Sec-Fetch-User") was successful  	[MsgId: MMSG-26392]
Action.c(19): web_add_auto_header("Upgrade-Insecure-Requests") started  	[MsgId: MMSG-26355]
Action.c(19): web_add_auto_header("Upgrade-Insecure-Requests") was successful  	[MsgId: MMSG-26392]
Action.c(22): Notify: Transaction "transaction_open_link" started.	[MsgId: MMSG-16999]
Action.c(25): web_reg_save_param started  	[MsgId: MMSG-26355]
Action.c(25): Registering web_reg_save_param was successful  	[MsgId: MMSG-26390]
Action.c(30): web_url("WebTours") started  	[MsgId: MMSG-26355]
Action.c(30): Error -27792: Failed to connect to server "localhost:1080": [10061] Connection refused  	[MsgId: MERR-27792]
Action.c(30): Error -26377: No match found for the requested parameter "userSession". Either the specified boundaries were not found in the response or the matched text is longer than current max html parameter size of 256 bytes. The total length of the response is 0 bytes. You can use "web_set_max_html_param_len" to increase the max parameter size.  	[MsgId: MERR-26377]
Action.c(30): Notify: Saving Parameter "userSession = ".	[MsgId: MMSG-13798]
Action.c(30): Error -26374: The above "not found" error(s) may be explained by header and body byte counts being 0 and 0, respectively.  	[MsgId: MERR-26374]
Action.c(30): web_url("WebTours") highest severity level was "ERROR", 0 body bytes, 0 header bytes  	[MsgId: MMSG-26388]
Action.c(30): Notify: Transaction "transaction_open_link" ended with a "Fail" status (Duration: 2,0047).	[MsgId: MMSG-16873]
Action.c(30): Notify: Transaction "transaction_open_link" has 3 error message(s).	[MsgId: MMSG-16818]
Action.c(30): Notify: The 1st error message associated with transaction "transaction_open_link" is "Error -27792: Failed to connect to server "localhost:1080": [10061] Connection refused"	[MsgId: MMSG-16819]
Action.c(30): Notify: The 2nd error message associated with transaction "transaction_open_link" is "Error -26377: No match found for the requested parameter "userSession". Either the specified boundaries were not found in the response or the matched text is longer than current max html parameter size of 256 bytes. The total length of the response is 0 bytes. You can use "web_set_max_html_param_len" to increase the max parameter size."	[MsgId: MMSG-16819]
Action.c(30): Notify: The 3rd error message associated with transaction "transaction_open_link" is "Error -26374: The above "not found" error(s) may be explained by header and body byte counts being 0 and 0, respectively."	[MsgId: MMSG-16819]
Action.c(30): Notify: Transaction "1_buy_ticket_transaction" ended with a "Fail" status (Duration: 2,0053).	[MsgId: MMSG-16873]
Action.c(30): Notify: Transaction "1_buy_ticket_transaction" has 3 error message(s).	[MsgId: MMSG-16818]
Action.c(30): Notify: The 1st error message associated with transaction "1_buy_ticket_transaction" is "Error -27792: Failed to connect to server "localhost:1080": [10061] Connection refused"	[MsgId: MMSG-16819]
Action.c(30): Notify: The 2nd error message associated with transaction "1_buy_ticket_transaction" is "Error -26377: No match found for the requested parameter "userSession". Either the specified boundaries were not found in the response or the matched text is longer than current max html parameter size of 256 bytes. The total length of the response is 0 bytes. You can use "web_set_max_html_param_len" to increase the max parameter size."	[MsgId: MMSG-16819]
Action.c(30): Notify: The 3rd error message associated with transaction "1_buy_ticket_transaction" is "Error -26374: The above "not found" error(s) may be explained by header and body byte counts being 0 and 0, respectively."	[MsgId: MMSG-16819]
Ending action Action.	[MsgId: MMSG-15918]
Ending iteration 4.	[MsgId: MMSG-15965]
Starting iteration 5.	[MsgId: MMSG-15968]
Notify: Next row for parameter card = 1 [table  = card].	[MsgId: MMSG-13876]
Notify: Getting new value for parameter 'card': table = 'card.dat' column = '0' row = '1'.	[MsgId: MMSG-13877]
Notify: Next row for parameter date = 1 [table  = date].	[MsgId: MMSG-13876]
Notify: Getting new value for parameter 'date': table = 'date.dat' column = '0' row = '1'.	[MsgId: MMSG-13877]
Notify: Next row for parameter Type = 2 [table  = Type].	[MsgId: MMSG-13876]
Notify: Getting new value for parameter 'Type': table = 'NewParam.dat' column = '0' row = '2'.	[MsgId: MMSG-13877]
Notify: Next row for parameter firstName = 5 [table  = firstName].	[MsgId: MMSG-13876]
Notify: Getting new value for parameter 'firstName': table = 'firstName.dat' column = '0' row = '5'.	[MsgId: MMSG-13877]
Notify: Next row for parameter Pref = 2 [table  = Pref].	[MsgId: MMSG-13876]
Notify: Getting new value for parameter 'Pref': table = 'Pref.dat' column = '0' row = '2'.	[MsgId: MMSG-13877]
Notify: Next row for parameter pass = 5 [table  = pass].	[MsgId: MMSG-13876]
Notify: Getting new value for parameter 'pass': table = 'pass.dat' column = '0' row = '5'.	[MsgId: MMSG-13877]
Notify: Next row for parameter passenger = 5 [table  = passenger].	[MsgId: MMSG-13876]
Notify: Getting new value for parameter 'passenger': table = 'passenger.dat' column = '0' row = '5'.	[MsgId: MMSG-13877]
Notify: Next row for parameter arriveCity = 5 [table  = arriveCity].	[MsgId: MMSG-13876]
Notify: Getting new value for parameter 'arriveCity': table = 'arriveCity.dat' column = '0' row = '5'.	[MsgId: MMSG-13877]
Notify: Next row for parameter departCity = 5 [table  = departCity].	[MsgId: MMSG-13876]
Notify: Getting new value for parameter 'departCity': table = 'departCity.dat' column = '0' row = '5'.	[MsgId: MMSG-13877]
Notify: Next row for parameter lastName = 5 [table  = lastName].	[MsgId: MMSG-13876]
Notify: Getting new value for parameter 'lastName': table = 'lastName.dat' column = '0' row = '5'.	[MsgId: MMSG-13877]
Notify: Next row for parameter login = 5 [table  = login].	[MsgId: MMSG-13876]
Notify: Getting new value for parameter 'login': table = 'login.dat' column = '0' row = '5'.	[MsgId: MMSG-13877]
Starting action Action.	[MsgId: MMSG-15919]
Action.c(3): Notify: Transaction "1_buy_ticket_transaction" started.	[MsgId: MMSG-16999]
Action.c(7): web_add_auto_header("Sec-Fetch-Site") started  	[MsgId: MMSG-26355]
Action.c(7): web_add_auto_header("Sec-Fetch-Site") was successful  	[MsgId: MMSG-26392]
Action.c(10): web_add_auto_header("Sec-Fetch-Dest") started  	[MsgId: MMSG-26355]
Action.c(10): web_add_auto_header("Sec-Fetch-Dest") was successful  	[MsgId: MMSG-26392]
Action.c(13): web_add_auto_header("Sec-Fetch-Mode") started  	[MsgId: MMSG-26355]
Action.c(13): web_add_auto_header("Sec-Fetch-Mode") was successful  	[MsgId: MMSG-26392]
Action.c(16): web_add_auto_header("Sec-Fetch-User") started  	[MsgId: MMSG-26355]
Action.c(16): web_add_auto_header("Sec-Fetch-User") was successful  	[MsgId: MMSG-26392]
Action.c(19): web_add_auto_header("Upgrade-Insecure-Requests") started  	[MsgId: MMSG-26355]
Action.c(19): web_add_auto_header("Upgrade-Insecure-Requests") was successful  	[MsgId: MMSG-26392]
Action.c(22): Notify: Transaction "transaction_open_link" started.	[MsgId: MMSG-16999]
Action.c(25): web_reg_save_param started  	[MsgId: MMSG-26355]
Action.c(25): Registering web_reg_save_param was successful  	[MsgId: MMSG-26390]
Action.c(30): web_url("WebTours") started  	[MsgId: MMSG-26355]
Action.c(30): Error -27792: Failed to connect to server "localhost:1080": [10061] Connection refused  	[MsgId: MERR-27792]
Action.c(30): Error -26377: No match found for the requested parameter "userSession". Either the specified boundaries were not found in the response or the matched text is longer than current max html parameter size of 256 bytes. The total length of the response is 0 bytes. You can use "web_set_max_html_param_len" to increase the max parameter size.  	[MsgId: MERR-26377]
Action.c(30): Notify: Saving Parameter "userSession = ".	[MsgId: MMSG-13798]
Action.c(30): Error -26374: The above "not found" error(s) may be explained by header and body byte counts being 0 and 0, respectively.  	[MsgId: MERR-26374]
Action.c(30): web_url("WebTours") highest severity level was "ERROR", 0 body bytes, 0 header bytes  	[MsgId: MMSG-26388]
Action.c(30): Notify: Transaction "transaction_open_link" ended with a "Fail" status (Duration: 2,0040).	[MsgId: MMSG-16873]
Action.c(30): Notify: Transaction "transaction_open_link" has 3 error message(s).	[MsgId: MMSG-16818]
Action.c(30): Notify: The 1st error message associated with transaction "transaction_open_link" is "Error -27792: Failed to connect to server "localhost:1080": [10061] Connection refused"	[MsgId: MMSG-16819]
Action.c(30): Notify: The 2nd error message associated with transaction "transaction_open_link" is "Error -26377: No match found for the requested parameter "userSession". Either the specified boundaries were not found in the response or the matched text is longer than current max html parameter size of 256 bytes. The total length of the response is 0 bytes. You can use "web_set_max_html_param_len" to increase the max parameter size."	[MsgId: MMSG-16819]
Action.c(30): Notify: The 3rd error message associated with transaction "transaction_open_link" is "Error -26374: The above "not found" error(s) may be explained by header and body byte counts being 0 and 0, respectively."	[MsgId: MMSG-16819]
Action.c(30): Notify: Transaction "1_buy_ticket_transaction" ended with a "Fail" status (Duration: 2,0045).	[MsgId: MMSG-16873]
Action.c(30): Notify: Transaction "1_buy_ticket_transaction" has 3 error message(s).	[MsgId: MMSG-16818]
Action.c(30): Notify: The 1st error message associated with transaction "1_buy_ticket_transaction" is "Error -27792: Failed to connect to server "localhost:1080": [10061] Connection refused"	[MsgId: MMSG-16819]
Action.c(30): Notify: The 2nd error message associated with transaction "1_buy_ticket_transaction" is "Error -26377: No match found for the requested parameter "userSession". Either the specified boundaries were not found in the response or the matched text is longer than current max html parameter size of 256 bytes. The total length of the response is 0 bytes. You can use "web_set_max_html_param_len" to increase the max parameter size."	[MsgId: MMSG-16819]
Action.c(30): Notify: The 3rd error message associated with transaction "1_buy_ticket_transaction" is "Error -26374: The above "not found" error(s) may be explained by header and body byte counts being 0 and 0, respectively."	[MsgId: MMSG-16819]
Ending action Action.	[MsgId: MMSG-15918]
Ending iteration 5.	[MsgId: MMSG-15965]
Starting iteration 6.	[MsgId: MMSG-15968]
Notify: Next row for parameter card = 1 [table  = card].	[MsgId: MMSG-13876]
Notify: Getting new value for parameter 'card': table = 'card.dat' column = '0' row = '1'.	[MsgId: MMSG-13877]
Notify: Next row for parameter date = 1 [table  = date].	[MsgId: MMSG-13876]
Notify: Getting new value for parameter 'date': table = 'date.dat' column = '0' row = '1'.	[MsgId: MMSG-13877]
Notify: Next row for parameter Type = 3 [table  = Type].	[MsgId: MMSG-13876]
Notify: Getting new value for parameter 'Type': table = 'NewParam.dat' column = '0' row = '3'.	[MsgId: MMSG-13877]
Notify: Next row for parameter firstName = 6 [table  = firstName].	[MsgId: MMSG-13876]
Notify: Getting new value for parameter 'firstName': table = 'firstName.dat' column = '0' row = '6'.	[MsgId: MMSG-13877]
Notify: Next row for parameter Pref = 3 [table  = Pref].	[MsgId: MMSG-13876]
Notify: Getting new value for parameter 'Pref': table = 'Pref.dat' column = '0' row = '3'.	[MsgId: MMSG-13877]
Notify: Next row for parameter pass = 6 [table  = pass].	[MsgId: MMSG-13876]
Notify: Getting new value for parameter 'pass': table = 'pass.dat' column = '0' row = '6'.	[MsgId: MMSG-13877]
Notify: Next row for parameter passenger = 6 [table  = passenger].	[MsgId: MMSG-13876]
Notify: Getting new value for parameter 'passenger': table = 'passenger.dat' column = '0' row = '6'.	[MsgId: MMSG-13877]
Notify: Next row for parameter arriveCity = 6 [table  = arriveCity].	[MsgId: MMSG-13876]
Notify: Getting new value for parameter 'arriveCity': table = 'arriveCity.dat' column = '0' row = '6'.	[MsgId: MMSG-13877]
Notify: Next row for parameter departCity = 6 [table  = departCity].	[MsgId: MMSG-13876]
Notify: Getting new value for parameter 'departCity': table = 'departCity.dat' column = '0' row = '6'.	[MsgId: MMSG-13877]
Notify: Next row for parameter lastName = 6 [table  = lastName].	[MsgId: MMSG-13876]
Notify: Getting new value for parameter 'lastName': table = 'lastName.dat' column = '0' row = '6'.	[MsgId: MMSG-13877]
Notify: Next row for parameter login = 6 [table  = login].	[MsgId: MMSG-13876]
Notify: Getting new value for parameter 'login': table = 'login.dat' column = '0' row = '6'.	[MsgId: MMSG-13877]
Starting action Action.	[MsgId: MMSG-15919]
Action.c(3): Notify: Transaction "1_buy_ticket_transaction" started.	[MsgId: MMSG-16999]
Action.c(7): web_add_auto_header("Sec-Fetch-Site") started  	[MsgId: MMSG-26355]
Action.c(7): web_add_auto_header("Sec-Fetch-Site") was successful  	[MsgId: MMSG-26392]
Action.c(10): web_add_auto_header("Sec-Fetch-Dest") started  	[MsgId: MMSG-26355]
Action.c(10): web_add_auto_header("Sec-Fetch-Dest") was successful  	[MsgId: MMSG-26392]
Action.c(13): web_add_auto_header("Sec-Fetch-Mode") started  	[MsgId: MMSG-26355]
Action.c(13): web_add_auto_header("Sec-Fetch-Mode") was successful  	[MsgId: MMSG-26392]
Action.c(16): web_add_auto_header("Sec-Fetch-User") started  	[MsgId: MMSG-26355]
Action.c(16): web_add_auto_header("Sec-Fetch-User") was successful  	[MsgId: MMSG-26392]
Action.c(19): web_add_auto_header("Upgrade-Insecure-Requests") started  	[MsgId: MMSG-26355]
Action.c(19): web_add_auto_header("Upgrade-Insecure-Requests") was successful  	[MsgId: MMSG-26392]
Action.c(22): Notify: Transaction "transaction_open_link" started.	[MsgId: MMSG-16999]
Action.c(25): web_reg_save_param started  	[MsgId: MMSG-26355]
Action.c(25): Registering web_reg_save_param was successful  	[MsgId: MMSG-26390]
Action.c(30): web_url("WebTours") started  	[MsgId: MMSG-26355]
Action.c(30): Error -27792: Failed to connect to server "localhost:1080": [10061] Connection refused  	[MsgId: MERR-27792]
Action.c(30): Error -26377: No match found for the requested parameter "userSession". Either the specified boundaries were not found in the response or the matched text is longer than current max html parameter size of 256 bytes. The total length of the response is 0 bytes. You can use "web_set_max_html_param_len" to increase the max parameter size.  	[MsgId: MERR-26377]
Action.c(30): Notify: Saving Parameter "userSession = ".	[MsgId: MMSG-13798]
Action.c(30): Error -26374: The above "not found" error(s) may be explained by header and body byte counts being 0 and 0, respectively.  	[MsgId: MERR-26374]
Action.c(30): web_url("WebTours") highest severity level was "ERROR", 0 body bytes, 0 header bytes  	[MsgId: MMSG-26388]
Action.c(30): Notify: Transaction "transaction_open_link" ended with a "Fail" status (Duration: 2,0108).	[MsgId: MMSG-16873]
Action.c(30): Notify: Transaction "transaction_open_link" has 3 error message(s).	[MsgId: MMSG-16818]
Action.c(30): Notify: The 1st error message associated with transaction "transaction_open_link" is "Error -27792: Failed to connect to server "localhost:1080": [10061] Connection refused"	[MsgId: MMSG-16819]
Action.c(30): Notify: The 2nd error message associated with transaction "transaction_open_link" is "Error -26377: No match found for the requested parameter "userSession". Either the specified boundaries were not found in the response or the matched text is longer than current max html parameter size of 256 bytes. The total length of the response is 0 bytes. You can use "web_set_max_html_param_len" to increase the max parameter size."	[MsgId: MMSG-16819]
Action.c(30): Notify: The 3rd error message associated with transaction "transaction_open_link" is "Error -26374: The above "not found" error(s) may be explained by header and body byte counts being 0 and 0, respectively."	[MsgId: MMSG-16819]
Action.c(30): Notify: Transaction "1_buy_ticket_transaction" ended with a "Fail" status (Duration: 2,0114).	[MsgId: MMSG-16873]
Action.c(30): Notify: Transaction "1_buy_ticket_transaction" has 3 error message(s).	[MsgId: MMSG-16818]
Action.c(30): Notify: The 1st error message associated with transaction "1_buy_ticket_transaction" is "Error -27792: Failed to connect to server "localhost:1080": [10061] Connection refused"	[MsgId: MMSG-16819]
Action.c(30): Notify: The 2nd error message associated with transaction "1_buy_ticket_transaction" is "Error -26377: No match found for the requested parameter "userSession". Either the specified boundaries were not found in the response or the matched text is longer than current max html parameter size of 256 bytes. The total length of the response is 0 bytes. You can use "web_set_max_html_param_len" to increase the max parameter size."	[MsgId: MMSG-16819]
Action.c(30): Notify: The 3rd error message associated with transaction "1_buy_ticket_transaction" is "Error -26374: The above "not found" error(s) may be explained by header and body byte counts being 0 and 0, respectively."	[MsgId: MMSG-16819]
Ending action Action.	[MsgId: MMSG-15918]
Ending iteration 6.	[MsgId: MMSG-15965]
Starting iteration 7.	[MsgId: MMSG-15968]
Notify: Next row for parameter card = 1 [table  = card].	[MsgId: MMSG-13876]
Notify: Getting new value for parameter 'card': table = 'card.dat' column = '0' row = '1'.	[MsgId: MMSG-13877]
Notify: Next row for parameter date = 1 [table  = date].	[MsgId: MMSG-13876]
Notify: Getting new value for parameter 'date': table = 'date.dat' column = '0' row = '1'.	[MsgId: MMSG-13877]
Notify: Next row for parameter Type = 1 [table  = Type].	[MsgId: MMSG-13876]
Notify: Getting new value for parameter 'Type': table = 'NewParam.dat' column = '0' row = '1'.	[MsgId: MMSG-13877]
Notify: Next row for parameter firstName = 7 [table  = firstName].	[MsgId: MMSG-13876]
Notify: Getting new value for parameter 'firstName': table = 'firstName.dat' column = '0' row = '7'.	[MsgId: MMSG-13877]
Notify: Next row for parameter Pref = 1 [table  = Pref].	[MsgId: MMSG-13876]
Notify: Getting new value for parameter 'Pref': table = 'Pref.dat' column = '0' row = '1'.	[MsgId: MMSG-13877]
Notify: Next row for parameter pass = 7 [table  = pass].	[MsgId: MMSG-13876]
Notify: Getting new value for parameter 'pass': table = 'pass.dat' column = '0' row = '7'.	[MsgId: MMSG-13877]
Notify: Next row for parameter passenger = 7 [table  = passenger].	[MsgId: MMSG-13876]
Notify: Getting new value for parameter 'passenger': table = 'passenger.dat' column = '0' row = '7'.	[MsgId: MMSG-13877]
Notify: Next row for parameter arriveCity = 7 [table  = arriveCity].	[MsgId: MMSG-13876]
Notify: Getting new value for parameter 'arriveCity': table = 'arriveCity.dat' column = '0' row = '7'.	[MsgId: MMSG-13877]
Notify: Next row for parameter departCity = 7 [table  = departCity].	[MsgId: MMSG-13876]
Notify: Getting new value for parameter 'departCity': table = 'departCity.dat' column = '0' row = '7'.	[MsgId: MMSG-13877]
Notify: Next row for parameter lastName = 7 [table  = lastName].	[MsgId: MMSG-13876]
Notify: Getting new value for parameter 'lastName': table = 'lastName.dat' column = '0' row = '7'.	[MsgId: MMSG-13877]
Notify: Next row for parameter login = 7 [table  = login].	[MsgId: MMSG-13876]
Notify: Getting new value for parameter 'login': table = 'login.dat' column = '0' row = '7'.	[MsgId: MMSG-13877]
Starting action Action.	[MsgId: MMSG-15919]
Action.c(3): Notify: Transaction "1_buy_ticket_transaction" started.	[MsgId: MMSG-16999]
Action.c(7): web_add_auto_header("Sec-Fetch-Site") started  	[MsgId: MMSG-26355]
Action.c(7): web_add_auto_header("Sec-Fetch-Site") was successful  	[MsgId: MMSG-26392]
Action.c(10): web_add_auto_header("Sec-Fetch-Dest") started  	[MsgId: MMSG-26355]
Action.c(10): web_add_auto_header("Sec-Fetch-Dest") was successful  	[MsgId: MMSG-26392]
Action.c(13): web_add_auto_header("Sec-Fetch-Mode") started  	[MsgId: MMSG-26355]
Action.c(13): web_add_auto_header("Sec-Fetch-Mode") was successful  	[MsgId: MMSG-26392]
Action.c(16): web_add_auto_header("Sec-Fetch-User") started  	[MsgId: MMSG-26355]
Action.c(16): web_add_auto_header("Sec-Fetch-User") was successful  	[MsgId: MMSG-26392]
Action.c(19): web_add_auto_header("Upgrade-Insecure-Requests") started  	[MsgId: MMSG-26355]
Action.c(19): web_add_auto_header("Upgrade-Insecure-Requests") was successful  	[MsgId: MMSG-26392]
Action.c(22): Notify: Transaction "transaction_open_link" started.	[MsgId: MMSG-16999]
Action.c(25): web_reg_save_param started  	[MsgId: MMSG-26355]
Action.c(25): Registering web_reg_save_param was successful  	[MsgId: MMSG-26390]
Action.c(30): web_url("WebTours") started  	[MsgId: MMSG-26355]
Action.c(30): Error -27792: Failed to connect to server "localhost:1080": [10061] Connection refused  	[MsgId: MERR-27792]
Action.c(30): Error -26377: No match found for the requested parameter "userSession". Either the specified boundaries were not found in the response or the matched text is longer than current max html parameter size of 256 bytes. The total length of the response is 0 bytes. You can use "web_set_max_html_param_len" to increase the max parameter size.  	[MsgId: MERR-26377]
Action.c(30): Notify: Saving Parameter "userSession = ".	[MsgId: MMSG-13798]
Action.c(30): Error -26374: The above "not found" error(s) may be explained by header and body byte counts being 0 and 0, respectively.  	[MsgId: MERR-26374]
Action.c(30): web_url("WebTours") highest severity level was "ERROR", 0 body bytes, 0 header bytes  	[MsgId: MMSG-26388]
Action.c(30): Notify: Transaction "transaction_open_link" ended with a "Fail" status (Duration: 2,0054).	[MsgId: MMSG-16873]
Action.c(30): Notify: Transaction "transaction_open_link" has 3 error message(s).	[MsgId: MMSG-16818]
Action.c(30): Notify: The 1st error message associated with transaction "transaction_open_link" is "Error -27792: Failed to connect to server "localhost:1080": [10061] Connection refused"	[MsgId: MMSG-16819]
Action.c(30): Notify: The 2nd error message associated with transaction "transaction_open_link" is "Error -26377: No match found for the requested parameter "userSession". Either the specified boundaries were not found in the response or the matched text is longer than current max html parameter size of 256 bytes. The total length of the response is 0 bytes. You can use "web_set_max_html_param_len" to increase the max parameter size."	[MsgId: MMSG-16819]
Action.c(30): Notify: The 3rd error message associated with transaction "transaction_open_link" is "Error -26374: The above "not found" error(s) may be explained by header and body byte counts being 0 and 0, respectively."	[MsgId: MMSG-16819]
Action.c(30): Notify: Transaction "1_buy_ticket_transaction" ended with a "Fail" status (Duration: 2,0062).	[MsgId: MMSG-16873]
Action.c(30): Notify: Transaction "1_buy_ticket_transaction" has 3 error message(s).	[MsgId: MMSG-16818]
Action.c(30): Notify: The 1st error message associated with transaction "1_buy_ticket_transaction" is "Error -27792: Failed to connect to server "localhost:1080": [10061] Connection refused"	[MsgId: MMSG-16819]
Action.c(30): Notify: The 2nd error message associated with transaction "1_buy_ticket_transaction" is "Error -26377: No match found for the requested parameter "userSession". Either the specified boundaries were not found in the response or the matched text is longer than current max html parameter size of 256 bytes. The total length of the response is 0 bytes. You can use "web_set_max_html_param_len" to increase the max parameter size."	[MsgId: MMSG-16819]
Action.c(30): Notify: The 3rd error message associated with transaction "1_buy_ticket_transaction" is "Error -26374: The above "not found" error(s) may be explained by header and body byte counts being 0 and 0, respectively."	[MsgId: MMSG-16819]
Ending action Action.	[MsgId: MMSG-15918]
Ending iteration 7.	[MsgId: MMSG-15965]
Starting iteration 8.	[MsgId: MMSG-15968]
Notify: Next row for parameter card = 1 [table  = card].	[MsgId: MMSG-13876]
Notify: Getting new value for parameter 'card': table = 'card.dat' column = '0' row = '1'.	[MsgId: MMSG-13877]
Notify: Next row for parameter date = 1 [table  = date].	[MsgId: MMSG-13876]
Notify: Getting new value for parameter 'date': table = 'date.dat' column = '0' row = '1'.	[MsgId: MMSG-13877]
Notify: Next row for parameter Type = 2 [table  = Type].	[MsgId: MMSG-13876]
Notify: Getting new value for parameter 'Type': table = 'NewParam.dat' column = '0' row = '2'.	[MsgId: MMSG-13877]
Notify: Next row for parameter firstName = 8 [table  = firstName].	[MsgId: MMSG-13876]
Notify: Getting new value for parameter 'firstName': table = 'firstName.dat' column = '0' row = '8'.	[MsgId: MMSG-13877]
Notify: Next row for parameter Pref = 2 [table  = Pref].	[MsgId: MMSG-13876]
Notify: Getting new value for parameter 'Pref': table = 'Pref.dat' column = '0' row = '2'.	[MsgId: MMSG-13877]
Notify: Next row for parameter pass = 8 [table  = pass].	[MsgId: MMSG-13876]
Notify: Getting new value for parameter 'pass': table = 'pass.dat' column = '0' row = '8'.	[MsgId: MMSG-13877]
Notify: Next row for parameter passenger = 8 [table  = passenger].	[MsgId: MMSG-13876]
Notify: Getting new value for parameter 'passenger': table = 'passenger.dat' column = '0' row = '8'.	[MsgId: MMSG-13877]
Notify: Next row for parameter arriveCity = 8 [table  = arriveCity].	[MsgId: MMSG-13876]
Notify: Getting new value for parameter 'arriveCity': table = 'arriveCity.dat' column = '0' row = '8'.	[MsgId: MMSG-13877]
Notify: Next row for parameter departCity = 8 [table  = departCity].	[MsgId: MMSG-13876]
Notify: Getting new value for parameter 'departCity': table = 'departCity.dat' column = '0' row = '8'.	[MsgId: MMSG-13877]
Notify: Next row for parameter lastName = 8 [table  = lastName].	[MsgId: MMSG-13876]
Notify: Getting new value for parameter 'lastName': table = 'lastName.dat' column = '0' row = '8'.	[MsgId: MMSG-13877]
Notify: Next row for parameter login = 8 [table  = login].	[MsgId: MMSG-13876]
Notify: Getting new value for parameter 'login': table = 'login.dat' column = '0' row = '8'.	[MsgId: MMSG-13877]
Starting action Action.	[MsgId: MMSG-15919]
Action.c(3): Notify: Transaction "1_buy_ticket_transaction" started.	[MsgId: MMSG-16999]
Action.c(7): web_add_auto_header("Sec-Fetch-Site") started  	[MsgId: MMSG-26355]
Action.c(7): web_add_auto_header("Sec-Fetch-Site") was successful  	[MsgId: MMSG-26392]
Action.c(10): web_add_auto_header("Sec-Fetch-Dest") started  	[MsgId: MMSG-26355]
Action.c(10): web_add_auto_header("Sec-Fetch-Dest") was successful  	[MsgId: MMSG-26392]
Action.c(13): web_add_auto_header("Sec-Fetch-Mode") started  	[MsgId: MMSG-26355]
Action.c(13): web_add_auto_header("Sec-Fetch-Mode") was successful  	[MsgId: MMSG-26392]
Action.c(16): web_add_auto_header("Sec-Fetch-User") started  	[MsgId: MMSG-26355]
Action.c(16): web_add_auto_header("Sec-Fetch-User") was successful  	[MsgId: MMSG-26392]
Action.c(19): web_add_auto_header("Upgrade-Insecure-Requests") started  	[MsgId: MMSG-26355]
Action.c(19): web_add_auto_header("Upgrade-Insecure-Requests") was successful  	[MsgId: MMSG-26392]
Action.c(22): Notify: Transaction "transaction_open_link" started.	[MsgId: MMSG-16999]
Action.c(25): web_reg_save_param started  	[MsgId: MMSG-26355]
Action.c(25): Registering web_reg_save_param was successful  	[MsgId: MMSG-26390]
Action.c(30): web_url("WebTours") started  	[MsgId: MMSG-26355]
Action.c(30): Error -27792: Failed to connect to server "localhost:1080": [10061] Connection refused  	[MsgId: MERR-27792]
Action.c(30): Error -26377: No match found for the requested parameter "userSession". Either the specified boundaries were not found in the response or the matched text is longer than current max html parameter size of 256 bytes. The total length of the response is 0 bytes. You can use "web_set_max_html_param_len" to increase the max parameter size.  	[MsgId: MERR-26377]
Action.c(30): Notify: Saving Parameter "userSession = ".	[MsgId: MMSG-13798]
Action.c(30): Error -26374: The above "not found" error(s) may be explained by header and body byte counts being 0 and 0, respectively.  	[MsgId: MERR-26374]
Action.c(30): web_url("WebTours") highest severity level was "ERROR", 0 body bytes, 0 header bytes  	[MsgId: MMSG-26388]
Action.c(30): Notify: Transaction "transaction_open_link" ended with a "Fail" status (Duration: 2,0035).	[MsgId: MMSG-16873]
Action.c(30): Notify: Transaction "transaction_open_link" has 3 error message(s).	[MsgId: MMSG-16818]
Action.c(30): Notify: The 1st error message associated with transaction "transaction_open_link" is "Error -27792: Failed to connect to server "localhost:1080": [10061] Connection refused"	[MsgId: MMSG-16819]
Action.c(30): Notify: The 2nd error message associated with transaction "transaction_open_link" is "Error -26377: No match found for the requested parameter "userSession". Either the specified boundaries were not found in the response or the matched text is longer than current max html parameter size of 256 bytes. The total length of the response is 0 bytes. You can use "web_set_max_html_param_len" to increase the max parameter size."	[MsgId: MMSG-16819]
Action.c(30): Notify: The 3rd error message associated with transaction "transaction_open_link" is "Error -26374: The above "not found" error(s) may be explained by header and body byte counts being 0 and 0, respectively."	[MsgId: MMSG-16819]
Action.c(30): Notify: Transaction "1_buy_ticket_transaction" ended with a "Fail" status (Duration: 2,0043).	[MsgId: MMSG-16873]
Action.c(30): Notify: Transaction "1_buy_ticket_transaction" has 3 error message(s).	[MsgId: MMSG-16818]
Action.c(30): Notify: The 1st error message associated with transaction "1_buy_ticket_transaction" is "Error -27792: Failed to connect to server "localhost:1080": [10061] Connection refused"	[MsgId: MMSG-16819]
Action.c(30): Notify: The 2nd error message associated with transaction "1_buy_ticket_transaction" is "Error -26377: No match found for the requested parameter "userSession". Either the specified boundaries were not found in the response or the matched text is longer than current max html parameter size of 256 bytes. The total length of the response is 0 bytes. You can use "web_set_max_html_param_len" to increase the max parameter size."	[MsgId: MMSG-16819]
Action.c(30): Notify: The 3rd error message associated with transaction "1_buy_ticket_transaction" is "Error -26374: The above "not found" error(s) may be explained by header and body byte counts being 0 and 0, respectively."	[MsgId: MMSG-16819]
Ending action Action.	[MsgId: MMSG-15918]
Ending iteration 8.	[MsgId: MMSG-15965]
Starting iteration 9.	[MsgId: MMSG-15968]
Notify: Next row for parameter card = 1 [table  = card].	[MsgId: MMSG-13876]
Notify: Getting new value for parameter 'card': table = 'card.dat' column = '0' row = '1'.	[MsgId: MMSG-13877]
Notify: Next row for parameter date = 1 [table  = date].	[MsgId: MMSG-13876]
Notify: Getting new value for parameter 'date': table = 'date.dat' column = '0' row = '1'.	[MsgId: MMSG-13877]
Notify: Next row for parameter Type = 3 [table  = Type].	[MsgId: MMSG-13876]
Notify: Getting new value for parameter 'Type': table = 'NewParam.dat' column = '0' row = '3'.	[MsgId: MMSG-13877]
Notify: Next row for parameter firstName = 9 [table  = firstName].	[MsgId: MMSG-13876]
Notify: Getting new value for parameter 'firstName': table = 'firstName.dat' column = '0' row = '9'.	[MsgId: MMSG-13877]
Notify: Next row for parameter Pref = 3 [table  = Pref].	[MsgId: MMSG-13876]
Notify: Getting new value for parameter 'Pref': table = 'Pref.dat' column = '0' row = '3'.	[MsgId: MMSG-13877]
Notify: Next row for parameter pass = 9 [table  = pass].	[MsgId: MMSG-13876]
Notify: Getting new value for parameter 'pass': table = 'pass.dat' column = '0' row = '9'.	[MsgId: MMSG-13877]
Notify: Next row for parameter passenger = 9 [table  = passenger].	[MsgId: MMSG-13876]
Notify: Getting new value for parameter 'passenger': table = 'passenger.dat' column = '0' row = '9'.	[MsgId: MMSG-13877]
Notify: Next row for parameter arriveCity = 9 [table  = arriveCity].	[MsgId: MMSG-13876]
Notify: Getting new value for parameter 'arriveCity': table = 'arriveCity.dat' column = '0' row = '9'.	[MsgId: MMSG-13877]
Notify: Next row for parameter departCity = 9 [table  = departCity].	[MsgId: MMSG-13876]
Notify: Getting new value for parameter 'departCity': table = 'departCity.dat' column = '0' row = '9'.	[MsgId: MMSG-13877]
Notify: Next row for parameter lastName = 9 [table  = lastName].	[MsgId: MMSG-13876]
Notify: Getting new value for parameter 'lastName': table = 'lastName.dat' column = '0' row = '9'.	[MsgId: MMSG-13877]
Notify: Next row for parameter login = 9 [table  = login].	[MsgId: MMSG-13876]
Notify: Getting new value for parameter 'login': table = 'login.dat' column = '0' row = '9'.	[MsgId: MMSG-13877]
Starting action Action.	[MsgId: MMSG-15919]
Action.c(3): Notify: Transaction "1_buy_ticket_transaction" started.	[MsgId: MMSG-16999]
Action.c(7): web_add_auto_header("Sec-Fetch-Site") started  	[MsgId: MMSG-26355]
Action.c(7): web_add_auto_header("Sec-Fetch-Site") was successful  	[MsgId: MMSG-26392]
Action.c(10): web_add_auto_header("Sec-Fetch-Dest") started  	[MsgId: MMSG-26355]
Action.c(10): web_add_auto_header("Sec-Fetch-Dest") was successful  	[MsgId: MMSG-26392]
Action.c(13): web_add_auto_header("Sec-Fetch-Mode") started  	[MsgId: MMSG-26355]
Action.c(13): web_add_auto_header("Sec-Fetch-Mode") was successful  	[MsgId: MMSG-26392]
Action.c(16): web_add_auto_header("Sec-Fetch-User") started  	[MsgId: MMSG-26355]
Action.c(16): web_add_auto_header("Sec-Fetch-User") was successful  	[MsgId: MMSG-26392]
Action.c(19): web_add_auto_header("Upgrade-Insecure-Requests") started  	[MsgId: MMSG-26355]
Action.c(19): web_add_auto_header("Upgrade-Insecure-Requests") was successful  	[MsgId: MMSG-26392]
Action.c(22): Notify: Transaction "transaction_open_link" started.	[MsgId: MMSG-16999]
Action.c(25): web_reg_save_param started  	[MsgId: MMSG-26355]
Action.c(25): Registering web_reg_save_param was successful  	[MsgId: MMSG-26390]
Action.c(30): web_url("WebTours") started  	[MsgId: MMSG-26355]
Action.c(30): Error -27792: Failed to connect to server "localhost:1080": [10061] Connection refused  	[MsgId: MERR-27792]
Action.c(30): Error -26377: No match found for the requested parameter "userSession". Either the specified boundaries were not found in the response or the matched text is longer than current max html parameter size of 256 bytes. The total length of the response is 0 bytes. You can use "web_set_max_html_param_len" to increase the max parameter size.  	[MsgId: MERR-26377]
Action.c(30): Notify: Saving Parameter "userSession = ".	[MsgId: MMSG-13798]
Action.c(30): Error -26374: The above "not found" error(s) may be explained by header and body byte counts being 0 and 0, respectively.  	[MsgId: MERR-26374]
Action.c(30): web_url("WebTours") highest severity level was "ERROR", 0 body bytes, 0 header bytes  	[MsgId: MMSG-26388]
Action.c(30): Notify: Transaction "transaction_open_link" ended with a "Fail" status (Duration: 2,0029).	[MsgId: MMSG-16873]
Action.c(30): Notify: Transaction "transaction_open_link" has 3 error message(s).	[MsgId: MMSG-16818]
Action.c(30): Notify: The 1st error message associated with transaction "transaction_open_link" is "Error -27792: Failed to connect to server "localhost:1080": [10061] Connection refused"	[MsgId: MMSG-16819]
Action.c(30): Notify: The 2nd error message associated with transaction "transaction_open_link" is "Error -26377: No match found for the requested parameter "userSession". Either the specified boundaries were not found in the response or the matched text is longer than current max html parameter size of 256 bytes. The total length of the response is 0 bytes. You can use "web_set_max_html_param_len" to increase the max parameter size."	[MsgId: MMSG-16819]
Action.c(30): Notify: The 3rd error message associated with transaction "transaction_open_link" is "Error -26374: The above "not found" error(s) may be explained by header and body byte counts being 0 and 0, respectively."	[MsgId: MMSG-16819]
Action.c(30): Notify: Transaction "1_buy_ticket_transaction" ended with a "Fail" status (Duration: 2,0034).	[MsgId: MMSG-16873]
Action.c(30): Notify: Transaction "1_buy_ticket_transaction" has 3 error message(s).	[MsgId: MMSG-16818]
Action.c(30): Notify: The 1st error message associated with transaction "1_buy_ticket_transaction" is "Error -27792: Failed to connect to server "localhost:1080": [10061] Connection refused"	[MsgId: MMSG-16819]
Action.c(30): Notify: The 2nd error message associated with transaction "1_buy_ticket_transaction" is "Error -26377: No match found for the requested parameter "userSession". Either the specified boundaries were not found in the response or the matched text is longer than current max html parameter size of 256 bytes. The total length of the response is 0 bytes. You can use "web_set_max_html_param_len" to increase the max parameter size."	[MsgId: MMSG-16819]
Action.c(30): Notify: The 3rd error message associated with transaction "1_buy_ticket_transaction" is "Error -26374: The above "not found" error(s) may be explained by header and body byte counts being 0 and 0, respectively."	[MsgId: MMSG-16819]
Ending action Action.	[MsgId: MMSG-15918]
Ending iteration 9.	[MsgId: MMSG-15965]
Starting iteration 10.	[MsgId: MMSG-15968]
Notify: Next row for parameter card = 1 [table  = card].	[MsgId: MMSG-13876]
Notify: Getting new value for parameter 'card': table = 'card.dat' column = '0' row = '1'.	[MsgId: MMSG-13877]
Notify: Next row for parameter date = 1 [table  = date].	[MsgId: MMSG-13876]
Notify: Getting new value for parameter 'date': table = 'date.dat' column = '0' row = '1'.	[MsgId: MMSG-13877]
Notify: Next row for parameter Type = 1 [table  = Type].	[MsgId: MMSG-13876]
Notify: Getting new value for parameter 'Type': table = 'NewParam.dat' column = '0' row = '1'.	[MsgId: MMSG-13877]
Notify: Next row for parameter firstName = 1 [table  = firstName].	[MsgId: MMSG-13876]
Notify: Getting new value for parameter 'firstName': table = 'firstName.dat' column = '0' row = '1'.	[MsgId: MMSG-13877]
Notify: Next row for parameter Pref = 1 [table  = Pref].	[MsgId: MMSG-13876]
Notify: Getting new value for parameter 'Pref': table = 'Pref.dat' column = '0' row = '1'.	[MsgId: MMSG-13877]
Notify: Next row for parameter pass = 1 [table  = pass].	[MsgId: MMSG-13876]
Notify: Getting new value for parameter 'pass': table = 'pass.dat' column = '0' row = '1'.	[MsgId: MMSG-13877]
Notify: Next row for parameter passenger = 1 [table  = passenger].	[MsgId: MMSG-13876]
Notify: Getting new value for parameter 'passenger': table = 'passenger.dat' column = '0' row = '1'.	[MsgId: MMSG-13877]
Notify: Next row for parameter arriveCity = 10 [table  = arriveCity].	[MsgId: MMSG-13876]
Notify: Getting new value for parameter 'arriveCity': table = 'arriveCity.dat' column = '0' row = '10'.	[MsgId: MMSG-13877]
Notify: Next row for parameter departCity = 10 [table  = departCity].	[MsgId: MMSG-13876]
Notify: Getting new value for parameter 'departCity': table = 'departCity.dat' column = '0' row = '10'.	[MsgId: MMSG-13877]
Notify: Next row for parameter lastName = 1 [table  = lastName].	[MsgId: MMSG-13876]
Notify: Getting new value for parameter 'lastName': table = 'lastName.dat' column = '0' row = '1'.	[MsgId: MMSG-13877]
Notify: Next row for parameter login = 1 [table  = login].	[MsgId: MMSG-13876]
Notify: Getting new value for parameter 'login': table = 'login.dat' column = '0' row = '1'.	[MsgId: MMSG-13877]
Starting action Action.	[MsgId: MMSG-15919]
Action.c(3): Notify: Transaction "1_buy_ticket_transaction" started.	[MsgId: MMSG-16999]
Action.c(7): web_add_auto_header("Sec-Fetch-Site") started  	[MsgId: MMSG-26355]
Action.c(7): web_add_auto_header("Sec-Fetch-Site") was successful  	[MsgId: MMSG-26392]
Action.c(10): web_add_auto_header("Sec-Fetch-Dest") started  	[MsgId: MMSG-26355]
Action.c(10): web_add_auto_header("Sec-Fetch-Dest") was successful  	[MsgId: MMSG-26392]
Action.c(13): web_add_auto_header("Sec-Fetch-Mode") started  	[MsgId: MMSG-26355]
Action.c(13): web_add_auto_header("Sec-Fetch-Mode") was successful  	[MsgId: MMSG-26392]
Action.c(16): web_add_auto_header("Sec-Fetch-User") started  	[MsgId: MMSG-26355]
Action.c(16): web_add_auto_header("Sec-Fetch-User") was successful  	[MsgId: MMSG-26392]
Action.c(19): web_add_auto_header("Upgrade-Insecure-Requests") started  	[MsgId: MMSG-26355]
Action.c(19): web_add_auto_header("Upgrade-Insecure-Requests") was successful  	[MsgId: MMSG-26392]
Action.c(22): Notify: Transaction "transaction_open_link" started.	[MsgId: MMSG-16999]
Action.c(25): web_reg_save_param started  	[MsgId: MMSG-26355]
Action.c(25): Registering web_reg_save_param was successful  	[MsgId: MMSG-26390]
Action.c(30): web_url("WebTours") started  	[MsgId: MMSG-26355]
Action.c(30): Error -27792: Failed to connect to server "localhost:1080": [10061] Connection refused  	[MsgId: MERR-27792]
Action.c(30): Error -26377: No match found for the requested parameter "userSession". Either the specified boundaries were not found in the response or the matched text is longer than current max html parameter size of 256 bytes. The total length of the response is 0 bytes. You can use "web_set_max_html_param_len" to increase the max parameter size.  	[MsgId: MERR-26377]
Action.c(30): Notify: Saving Parameter "userSession = ".	[MsgId: MMSG-13798]
Action.c(30): Error -26374: The above "not found" error(s) may be explained by header and body byte counts being 0 and 0, respectively.  	[MsgId: MERR-26374]
Action.c(30): web_url("WebTours") highest severity level was "ERROR", 0 body bytes, 0 header bytes  	[MsgId: MMSG-26388]
Action.c(30): Notify: Transaction "transaction_open_link" ended with a "Fail" status (Duration: 2,0047).	[MsgId: MMSG-16873]
Action.c(30): Notify: Transaction "transaction_open_link" has 3 error message(s).	[MsgId: MMSG-16818]
Action.c(30): Notify: The 1st error message associated with transaction "transaction_open_link" is "Error -27792: Failed to connect to server "localhost:1080": [10061] Connection refused"	[MsgId: MMSG-16819]
Action.c(30): Notify: The 2nd error message associated with transaction "transaction_open_link" is "Error -26377: No match found for the requested parameter "userSession". Either the specified boundaries were not found in the response or the matched text is longer than current max html parameter size of 256 bytes. The total length of the response is 0 bytes. You can use "web_set_max_html_param_len" to increase the max parameter size."	[MsgId: MMSG-16819]
Action.c(30): Notify: The 3rd error message associated with transaction "transaction_open_link" is "Error -26374: The above "not found" error(s) may be explained by header and body byte counts being 0 and 0, respectively."	[MsgId: MMSG-16819]
Action.c(30): Notify: Transaction "1_buy_ticket_transaction" ended with a "Fail" status (Duration: 2,0052).	[MsgId: MMSG-16873]
Action.c(30): Notify: Transaction "1_buy_ticket_transaction" has 3 error message(s).	[MsgId: MMSG-16818]
Action.c(30): Notify: The 1st error message associated with transaction "1_buy_ticket_transaction" is "Error -27792: Failed to connect to server "localhost:1080": [10061] Connection refused"	[MsgId: MMSG-16819]
Action.c(30): Notify: The 2nd error message associated with transaction "1_buy_ticket_transaction" is "Error -26377: No match found for the requested parameter "userSession". Either the specified boundaries were not found in the response or the matched text is longer than current max html parameter size of 256 bytes. The total length of the response is 0 bytes. You can use "web_set_max_html_param_len" to increase the max parameter size."	[MsgId: MMSG-16819]
Action.c(30): Notify: The 3rd error message associated with transaction "1_buy_ticket_transaction" is "Error -26374: The above "not found" error(s) may be explained by header and body byte counts being 0 and 0, respectively."	[MsgId: MMSG-16819]
Ending action Action.	[MsgId: MMSG-15918]
Ending iteration 10.	[MsgId: MMSG-15965]
Starting iteration 11.	[MsgId: MMSG-15968]
Notify: Next row for parameter card = 1 [table  = card].	[MsgId: MMSG-13876]
Notify: Getting new value for parameter 'card': table = 'card.dat' column = '0' row = '1'.	[MsgId: MMSG-13877]
Notify: Next row for parameter date = 1 [table  = date].	[MsgId: MMSG-13876]
Notify: Getting new value for parameter 'date': table = 'date.dat' column = '0' row = '1'.	[MsgId: MMSG-13877]
Notify: Next row for parameter Type = 2 [table  = Type].	[MsgId: MMSG-13876]
Notify: Getting new value for parameter 'Type': table = 'NewParam.dat' column = '0' row = '2'.	[MsgId: MMSG-13877]
Notify: Next row for parameter firstName = 2 [table  = firstName].	[MsgId: MMSG-13876]
Notify: Getting new value for parameter 'firstName': table = 'firstName.dat' column = '0' row = '2'.	[MsgId: MMSG-13877]
Notify: Next row for parameter Pref = 2 [table  = Pref].	[MsgId: MMSG-13876]
Notify: Getting new value for parameter 'Pref': table = 'Pref.dat' column = '0' row = '2'.	[MsgId: MMSG-13877]
Notify: Next row for parameter pass = 2 [table  = pass].	[MsgId: MMSG-13876]
Notify: Getting new value for parameter 'pass': table = 'pass.dat' column = '0' row = '2'.	[MsgId: MMSG-13877]
Notify: Next row for parameter passenger = 2 [table  = passenger].	[MsgId: MMSG-13876]
Notify: Getting new value for parameter 'passenger': table = 'passenger.dat' column = '0' row = '2'.	[MsgId: MMSG-13877]
Notify: Next row for parameter arriveCity = 1 [table  = arriveCity].	[MsgId: MMSG-13876]
Notify: Getting new value for parameter 'arriveCity': table = 'arriveCity.dat' column = '0' row = '1'.	[MsgId: MMSG-13877]
Notify: Next row for parameter departCity = 1 [table  = departCity].	[MsgId: MMSG-13876]
Notify: Getting new value for parameter 'departCity': table = 'departCity.dat' column = '0' row = '1'.	[MsgId: MMSG-13877]
Notify: Next row for parameter lastName = 2 [table  = lastName].	[MsgId: MMSG-13876]
Notify: Getting new value for parameter 'lastName': table = 'lastName.dat' column = '0' row = '2'.	[MsgId: MMSG-13877]
Notify: Next row for parameter login = 2 [table  = login].	[MsgId: MMSG-13876]
Notify: Getting new value for parameter 'login': table = 'login.dat' column = '0' row = '2'.	[MsgId: MMSG-13877]
Starting action Action.	[MsgId: MMSG-15919]
Action.c(3): Notify: Transaction "1_buy_ticket_transaction" started.	[MsgId: MMSG-16999]
Action.c(7): web_add_auto_header("Sec-Fetch-Site") started  	[MsgId: MMSG-26355]
Action.c(7): web_add_auto_header("Sec-Fetch-Site") was successful  	[MsgId: MMSG-26392]
Action.c(10): web_add_auto_header("Sec-Fetch-Dest") started  	[MsgId: MMSG-26355]
Action.c(10): web_add_auto_header("Sec-Fetch-Dest") was successful  	[MsgId: MMSG-26392]
Action.c(13): web_add_auto_header("Sec-Fetch-Mode") started  	[MsgId: MMSG-26355]
Action.c(13): web_add_auto_header("Sec-Fetch-Mode") was successful  	[MsgId: MMSG-26392]
Action.c(16): web_add_auto_header("Sec-Fetch-User") started  	[MsgId: MMSG-26355]
Action.c(16): web_add_auto_header("Sec-Fetch-User") was successful  	[MsgId: MMSG-26392]
Action.c(19): web_add_auto_header("Upgrade-Insecure-Requests") started  	[MsgId: MMSG-26355]
Action.c(19): web_add_auto_header("Upgrade-Insecure-Requests") was successful  	[MsgId: MMSG-26392]
Action.c(22): Notify: Transaction "transaction_open_link" started.	[MsgId: MMSG-16999]
Action.c(25): web_reg_save_param started  	[MsgId: MMSG-26355]
Action.c(25): Registering web_reg_save_param was successful  	[MsgId: MMSG-26390]
Action.c(30): web_url("WebTours") started  	[MsgId: MMSG-26355]
Action.c(30): Error -27792: Failed to connect to server "localhost:1080": [10061] Connection refused  	[MsgId: MERR-27792]
Action.c(30): Error -26377: No match found for the requested parameter "userSession". Either the specified boundaries were not found in the response or the matched text is longer than current max html parameter size of 256 bytes. The total length of the response is 0 bytes. You can use "web_set_max_html_param_len" to increase the max parameter size.  	[MsgId: MERR-26377]
Action.c(30): Notify: Saving Parameter "userSession = ".	[MsgId: MMSG-13798]
Action.c(30): Error -26374: The above "not found" error(s) may be explained by header and body byte counts being 0 and 0, respectively.  	[MsgId: MERR-26374]
Action.c(30): web_url("WebTours") highest severity level was "ERROR", 0 body bytes, 0 header bytes  	[MsgId: MMSG-26388]
Action.c(30): Notify: Transaction "transaction_open_link" ended with a "Fail" status (Duration: 2,0070).	[MsgId: MMSG-16873]
Action.c(30): Notify: Transaction "transaction_open_link" has 3 error message(s).	[MsgId: MMSG-16818]
Action.c(30): Notify: The 1st error message associated with transaction "transaction_open_link" is "Error -27792: Failed to connect to server "localhost:1080": [10061] Connection refused"	[MsgId: MMSG-16819]
Action.c(30): Notify: The 2nd error message associated with transaction "transaction_open_link" is "Error -26377: No match found for the requested parameter "userSession". Either the specified boundaries were not found in the response or the matched text is longer than current max html parameter size of 256 bytes. The total length of the response is 0 bytes. You can use "web_set_max_html_param_len" to increase the max parameter size."	[MsgId: MMSG-16819]
Action.c(30): Notify: The 3rd error message associated with transaction "transaction_open_link" is "Error -26374: The above "not found" error(s) may be explained by header and body byte counts being 0 and 0, respectively."	[MsgId: MMSG-16819]
Action.c(30): Notify: Transaction "1_buy_ticket_transaction" ended with a "Fail" status (Duration: 2,0080).	[MsgId: MMSG-16873]
Action.c(30): Notify: Transaction "1_buy_ticket_transaction" has 3 error message(s).	[MsgId: MMSG-16818]
Action.c(30): Notify: The 1st error message associated with transaction "1_buy_ticket_transaction" is "Error -27792: Failed to connect to server "localhost:1080": [10061] Connection refused"	[MsgId: MMSG-16819]
Action.c(30): Notify: The 2nd error message associated with transaction "1_buy_ticket_transaction" is "Error -26377: No match found for the requested parameter "userSession". Either the specified boundaries were not found in the response or the matched text is longer than current max html parameter size of 256 bytes. The total length of the response is 0 bytes. You can use "web_set_max_html_param_len" to increase the max parameter size."	[MsgId: MMSG-16819]
Action.c(30): Notify: The 3rd error message associated with transaction "1_buy_ticket_transaction" is "Error -26374: The above "not found" error(s) may be explained by header and body byte counts being 0 and 0, respectively."	[MsgId: MMSG-16819]
Ending action Action.	[MsgId: MMSG-15918]
Action was aborted.	[MsgId: MMSG-10694]
Ending Vuser...	[MsgId: MMSG-15966]
Starting action vuser_end.	[MsgId: MMSG-15919]
Ending action vuser_end.	[MsgId: MMSG-15918]
Vuser Terminated.	[MsgId: MMSG-15963]
Vuser 0 (thread 101140), ended OK."	[MsgId: MMSG-10695]
