Action.c(130):               <br/>\n
Action.c(130):               Total Charge: $ 60 <BR/> (CC: x-7789)\n
Action.c(130):           </td> </tr> </table>\n
Action.c(130):           </center>\n
Action.c(130):       </TD>\n
Action.c(130):     </TR>\n
Action.c(130):     <TR bgcolor="#EFF2F7">\n
Action.c(130):       <TD COLSPAN="3">\n
Action.c(130):       <b>Flight Details:</b><BR/>  <center>\n
Action.c(130):       05/21/2020\n
Action.c(130):      :  8am : Flight 360 leaves Los Angeles  for San Francisco.<br>  </center>\n
Action.c(130):       </TD>\n
Action.c(130):     </TR>\n
Action.c(130):     \n
Action.c(130):     <TR bgcolor="#EFF2F7">\n
Action.c(130):       <TD COLSPAN="4">\n
Action.c(130):       <hr/>\n
Action.c(130):       </TD>\n
Action.c(130):     </TR>\n
Action.c(130):     \n
Action.c(130):     <!-- Flight #1 -->\n
Action.c(130):     <TR bgcolor="#EFF2F7">\n
Action.c(130):       <TD width="5%" rowspan="2" align="left" valign="top">\n
Action.c(130):     <b>\n
Action.c(130):     <label><input type="checkbox" name="146" value="on" /></label></font></b>\n
Action.c(130):     <input type="hidden" name="flightID" value="2884881526-1123170-UU"  />\n
Action.c(130):       </TD>\n
Action.c(130):       <TD width="45%" valign="top">\n
Action.c(130):           <b>&nbsp;&nbsp;A Coach class ticket for :</b><br/>\n
Action.c(130):           <center><table border="0" width="85%"><tr><td>\n
Action.c(130):           <li><i>User5 Userovich\n
Action.c(130):           <li><i></i>\n
Action.c(130):           </td></tr></table></center>\n
Action.c(130):       </TD>\n
Action.c(130):       <TD width="5%" >.<br/>.<br/>.<br/>.</TD>\n
Action.c(130):       <TD width="45%" valign=top><b>Invoice sent to:</b><br/>\n
Action.c(130):           <center>\n
Action.c(130):           <Table width="80%" cellspacing="0" > <tr> <td>\n
Action.c(130):               User5 Userovich\n
Action.c(130):     <br/>\n
Action.c(130):               <br/>\n
Action.c(130):               <br/>\n
Action.c(130):               <br/>\n
Action.c(130):               Total Charge: $ 1219 <BR/> (CC: x-7789)\n
Action.c(130):           </td> </tr> </table>\n
Action.c(130):           </center>\n
Action.c(130):       </TD>\n
Action.c(130):     </TR>\n
Action.c(130):     <TR bgcolor="#EFF2F7">\n
Action.c(130):       <TD COLSPAN="3">\n
Action.c(130):       <b>Flight Details:</b><BR/>  <center>\n
Action.c(130):       05/21/2020\n
Action.c(130):      :  8am : Flight 180 leaves Frankfurt  for Sydney.<br>  </center>\n
Action.c(130):       </TD>\n
Action.c(130):     </TR>\n
Action.c(130):     \n
Action.c(130):     <TR bgcolor="#EFF2F7">\n
Action.c(130):       <TD COLSPAN="4">\n
Action.c(130):       <hr/>\n
Action.c(130):       </TD>\n
Action.c(130):     </TR>\n
Action.c(130):     \n
Action.c(130):     <!-- Flight #1 -->\n
Action.c(130):     <TR bgcolor="#EFF2F7">\n
Action.c(130):       <TD width="5%" rowspan="2" align="left" valign="top">\n
Action.c(130):     <b>\n
Action.c(130):     <label><input type="checkbox" name="147" value="on" /></label></font></b>\n
Action.c(130):     <input type="hidden" name="flightID" value="28849483-11312-UU"  />\n
Action.c(130):       </TD>\n
Action.c(130):       <TD width="45%" valign="top">\n
Action.c(130):           <b>&nbsp;&nbsp;A Coach class ticket for :</b><br/>\n
Action.c(130):           <center><table border="0" width="85%"><tr><td>\n
Action.c(130):           <li><i>User5 Userovich\n
Action.c(130):           <li><i></i>\n
Action.c(130):           </td></tr></table></center>\n
Action.c(130):       </TD>\n
Action.c(130):       <TD width="5%" >.<br/>.<br/>.<br/>.</TD>\n
Action.c(130):       <TD width="45%" valign=top><b>Invoice sent to:</b><br/>\n
Action.c(130):           <center>\n
Action.c(130):           <Table width="80%" cellspacing="0" > <tr> <td>\n
Action.c(130):               User5 Userovich\n
Action.c(130):     <br/>\n
Action.c(130):               <br/>\n
Action.c(130):               <br/>\n
Action.c(130):               <br/>\n
Action.c(130):               Total Charge: $ 60 <BR/> (CC: x-7789)\n
Action.c(130):           </td> </tr> </table>\n
Action.c(130):           </center>\n
Action.c(130):       </TD>\n
Action.c(130):     </TR>\n
Action.c(130):     <TR bgcolor="#EFF2F7">\n
Action.c(130):       <TD COLSPAN="3">\n
Action.c(130):       <b>Flight Details:</b><BR/>  <center>\n
Action.c(130):       05/21/2020\n
Action.c(130):      :  8am : Flight 360 leaves Los Angeles  for San Francisco.<br>  </center>\n
Action.c(130):       </TD>\n
Action.c(130):     </TR>\n
Action.c(130):     \n
Action.c(130):     <TR bgcolor="#EFF2F7">\n
Action.c(130):       <TD COLSPAN="4">\n
Action.c(130):       <hr/>\n
Action.c(130):       </TD>\n
Action.c(130):     </TR>\n
Action.c(130):     \n
Action.c(130):     <!-- Flight #1 -->\n
Action.c(130):     <TR bgcolor="#EFF2F7">\n
Action.c(130):       <TD width="5%" rowspan="2" align="left" valign="top">\n
Action.c(130):     <b>\n
Action.c(130):     <label><input type="checkbox" name="148" value="on" /></label></font></b>\n
Action.c(130):     <input type="hidden" name="flightID" value="2885114859-1138555-UU"  />\n
Action.c(130):       </TD>\n
Action.c(130):       <TD width="45%" valign="top">\n
Action.c(130):           <b>&nbsp;&nbsp;A Coach class ticket for :</b><br/>\n
Action.c(130):           <center><table border="0" width="85%"><tr><td>\n
Action.c(130):           <li><i>User5 Userovich\n
Action.c(130):           <li><i></i>\n
Action.c(130):           </td></tr></table></center>\n
Action.c(130):       </TD>\n
Action.c(130):       <TD width="5%" >.<br/>.<br/>.<br/>.</TD>\n
Action.c(130):       <TD width="45%" valign=top><b>Invoice sent to:</b><br/>\n
Action.c(130):           <center>\n
Action.c(130):           <Table width="80%" cellspacing="0" > <tr> <td>\n
Action.c(130):               User5 Userovich\n
Action.c(130):     <br/>\n
Action.c(130):               <br/>\n
Action.c(130):               <br/>\n
Action.c(130):               <br/>\n
Action.c(130):               Total Charge: $ 1219 <BR/> (CC: x-7789)\n
Action.c(130):           </td> </tr> </table>\n
Action.c(130):           </center>\n
Action.c(130):       </TD>\n
Action.c(130):     </TR>\n
Action.c(130):     <TR bgcolor="#EFF2F7">\n
Action.c(130):       <TD COLSPAN="3">\n
Action.c(130):       <b>Flight Details:</b><BR/>  <center>\n
Action.c(130):       05/21/2020\n
Action.c(130):      :  8am : Flight 810 leaves Sydney  for Frankfurt.<br>  </center>\n
Action.c(130):       </TD>\n
Action.c(130):     </TR>\n
Action.c(130):     \n
Action.c(130):     <TR bgcolor="#EFF2F7">\n
Action.c(130):       <TD COLSPAN="4">\n
Action.c(130):       <hr/>\n
Action.c(130):       </TD>\n
Action.c(130):     </TR>\n
Action.c(130):     \n
Action.c(130):     <!-- Flight #1 -->\n
Action.c(130):     <TR bgcolor="#EFF2F7">\n
Action.c(130):       <TD width="5%" rowspan="2" align="left" valign="top">\n
Action.c(130):     <b>\n
Action.c(130):     <label><input type="checkbox" name="149" value="on" /></label></font></b>\n
Action.c(130):     <input type="hidden" name="flightID" value="28849483-11466-UU"  />\n
Action.c(130):       </TD>\n
Action.c(130):       <TD width="45%" valign="top">\n
Action.c(130):           <b>&nbsp;&nbsp;A Coach class ticket for :</b><br/>\n
Action.c(130):           <center><table border="0" width="85%"><tr><td>\n
Action.c(130):           <li><i>User5 Userovich\n
Action.c(130):           <li><i></i>\n
Action.c(130):           </td></tr></table></center>\n
Action.c(130):       </TD>\n
Action.c(130):       <TD width="5%" >.<br/>.<br/>.<br/>.</TD>\n
Action.c(130):       <TD width="45%" valign=top><b>Invoice sent to:</b><br/>\n
Action.c(130):           <center>\n
Action.c(130):           <Table width="80%" cellspacing="0" > <tr> <td>\n
Action.c(130):               User5 Userovich\n
Action.c(130):     <br/>\n
Action.c(130):               <br/>\n
Action.c(130):               <br/>\n
Action.c(130):               <br/>\n
Action.c(130):               Total Charge: $ 60 <BR/> (CC: x-7789)\n
Action.c(130):           </td> </tr> </table>\n
Action.c(130):           </center>\n
Action.c(130):       </TD>\n
Action.c(130):     </TR>\n
Action.c(130):     <TR bgcolor="#EFF2F7">\n
Action.c(130):       <TD COLSPAN="3">\n
Action.c(130):       <b>Flight Details:</b><BR/>  <center>\n
Action.c(130):       05/21/2020\n
Action.c(130):      :  8am : Flight 360 leaves Los Angeles  for San Francisco.<br>  </center>\n
Action.c(130):       </TD>\n
Action.c(130):     </TR>\n
Action.c(130):     \n
Action.c(130):     <TR bgcolor="#EFF2F7">\n
Action.c(130):       <TD COLSPAN="4">\n
Action.c(130):       <hr/>\n
Action.c(130):       </TD>\n
Action.c(130):     </TR>\n
Action.c(130):     \n
Action.c(130):     <!-- Flight #1 -->\n
Action.c(130):     <TR bgcolor="#EFF2F7">\n
Action.c(130):       <TD width="5%" rowspan="2" align="left" valign="top">\n
Action.c(130):     <b>\n
Action.c(130):     <label><input type="checkbox" name="150" value="on" /></label></font></b>\n
Action.c(130):     <input type="hidden" name="flightID" value="2885114859-1153939-UU"  />\n
Action.c(130):       </TD>\n
Action.c(130):       <TD width="45%" valign="top">\n
Action.c(130):           <b>&nbsp;&nbsp;A Coach class ticket for :</b><br/>\n
Action.c(130):           <center><table border="0" width="85%"><tr><td>\n
Action.c(130):           <li><i>User5 Userovich\n
Action.c(130):           <li><i></i>\n
Action.c(130):           </td></tr></table></center>\n
Action.c(130):       </TD>\n
Action.c(130):       <TD width="5%" >.<br/>.<br/>.<br/>.</TD>\n
Action.c(130):       <TD width="45%" valign=top><b>Invoice sent to:</b><br/>\n
Action.c(130):           <center>\n
Action.c(130):           <Table width="80%" cellspacing="0" > <tr> <td>\n
Action.c(130):               User5 Userovich\n
Action.c(130):     <br/>\n
Action.c(130):               <br/>\n
Action.c(130):               <br/>\n
Action.c(130):               <br/>\n
Action.c(130):               Total Charge: $ 1219 <BR/> (CC: x-7789)\n
Action.c(130):           </td> </tr> </table>\n
Action.c(130):           </center>\n
Action.c(130):       </TD>\n
Action.c(130):     </TR>\n
Action.c(130):     <TR bgcolor="#EFF2F7">\n
Action.c(130):       <TD COLSPAN="3">\n
Action.c(130):       <b>Flight Details:</b><BR/>  <center>\n
Action.c(130):       05/21/2020\n
Action.c(130):      :  8am : Flight 810 leaves Sydney  for Frankfurt.<br>  </center>\n
Action.c(130):       </TD>\n
Action.c(130):     </TR>\n
Action.c(130):     \n
Action.c(130):     <TR bgcolor="#EFF2F7">\n
Action.c(130):       <TD COLSPAN="4">\n
Action.c(130):       <hr/>\n
Action.c(130):       </TD>\n
Action.c(130):     </TR>\n
Action.c(130):     \n
Action.c(130):     <!-- Flight #1 -->\n
Action.c(130):     <TR bgcolor="#EFF2F7">\n
Action.c(130):       <TD width="5%" rowspan="2" align="left" valign="top">\n
Action.c(130):     <b>\n
Action.c(130):     <label><input type="checkbox" name="151" value="on" /></label></font></b>\n
Action.c(130):     <input type="hidden" name="flightID" value="28849483-11620-UU"  />\n
Action.c(130):       </TD>\n
Action.c(130):       <TD width="45%" valign="top">\n
Action.c(130):           <b>&nbsp;&nbsp;A Coach class ticket for :</b><br/>\n
Action.c(130):           <center><table border="0" width="85%"><tr><td>\n
Action.c(130):           <li><i>User5 Userovich\n
Action.c(130):           <li><i></i>\n
Action.c(130):           </td></tr></table></center>\n
Action.c(130):       </TD>\n
Action.c(130):       <TD width="5%" >.<br/>.<br/>.<br/>.</TD>\n
Action.c(130):       <TD width="45%" valign=top><b>Invoice sent to:</b><br/>\n
Action.c(130):           <center>\n
Action.c(130):           <Table width="80%" 
Action.c(130): t=1491897ms: 8-byte chunked response overhead for "http://localhost:1080/cgi-bin/itinerary.pl" (RelFrameId=1, Internal ID=387)
Action.c(130):     \r\n
Action.c(130):     1000\r\n
Action.c(130): t=1491897ms: 8-byte chunked response overhead for "http://localhost:1080/cgi-bin/itinerary.pl" (RelFrameId=1, Internal ID=387)
Action.c(130):     \r\n
Action.c(130):     1000\r\n
Action.c(130): t=1491897ms: 8-byte chunked response overhead for "http://localhost:1080/cgi-bin/itinerary.pl" (RelFrameId=1, Internal ID=387)
Action.c(130):     \r\n
Action.c(130):     1000\r\n
Action.c(130): t=1491898ms: 12263-byte chunked response body for "http://localhost:1080/cgi-bin/itinerary.pl" (RelFrameId=1, Internal ID=387)
Action.c(130):     cellspacing="0" > <tr> <td>\n
Action.c(130):               User5 Userovich\n
Action.c(130):     <br/>\n
Action.c(130):               <br/>\n
Action.c(130):               <br/>\n
Action.c(130):               <br/>\n
Action.c(130):               Total Charge: $ 60 <BR/> (CC: x-7789)\n
Action.c(130):           </td> </tr> </table>\n
Action.c(130):           </center>\n
Action.c(130):       </TD>\n
Action.c(130):     </TR>\n
Action.c(130):     <TR bgcolor="#EFF2F7">\n
Action.c(130):       <TD COLSPAN="3">\n
Action.c(130):       <b>Flight Details:</b><BR/>  <center>\n
Action.c(130):       05/21/2020\n
Action.c(130):      :  8am : Flight 360 leaves Los Angeles  for San Francisco.<br>  </center>\n
Action.c(130):       </TD>\n
Action.c(130):     </TR>\n
Action.c(130):     \n
Action.c(130):     <TR bgcolor="#EFF2F7">\n
Action.c(130):       <TD COLSPAN="4">\n
Action.c(130):       <hr/>\n
Action.c(130):       </TD>\n
Action.c(130):     </TR>\n
Action.c(130):     \n
Action.c(130):     <!-- Flight #1 -->\n
Action.c(130):     <TR bgcolor="#EFF2F7">\n
Action.c(130):       <TD width="5%" rowspan="2" align="left" valign="top">\n
Action.c(130):     <b>\n
Action.c(130):     <label><input type="checkbox" name="152" value="on" /></label></font></b>\n
Action.c(130):     <input type="hidden" name="flightID" value="2885114859-1169324-UU"  />\n
Action.c(130):       </TD>\n
Action.c(130):       <TD width="45%" valign="top">\n
Action.c(130):           <b>&nbsp;&nbsp;A Coach class ticket for :</b><br/>\n
Action.c(130):           <center><table border="0" width="85%"><tr><td>\n
Action.c(130):           <li><i>User5 Userovich\n
Action.c(130):           <li><i></i>\n
Action.c(130):           </td></tr></table></center>\n
Action.c(130):       </TD>\n
Action.c(130):       <TD width="5%" >.<br/>.<br/>.<br/>.</TD>\n
Action.c(130):       <TD width="45%" valign=top><b>Invoice sent to:</b><br/>\n
Action.c(130):           <center>\n
Action.c(130):           <Table width="80%" cellspacing="0" > <tr> <td>\n
Action.c(130):               User5 Userovich\n
Action.c(130):     <br/>\n
Action.c(130):               <br/>\n
Action.c(130):               <br/>\n
Action.c(130):               <br/>\n
Action.c(130):               Total Charge: $ 1219 <BR/> (CC: x-7789)\n
Action.c(130):           </td> </tr> </table>\n
Action.c(130):           </center>\n
Action.c(130):       </TD>\n
Action.c(130):     </TR>\n
Action.c(130):     <TR bgcolor="#EFF2F7">\n
Action.c(130):       <TD COLSPAN="3">\n
Action.c(130):       <b>Flight Details:</b><BR/>  <center>\n
Action.c(130):       05/21/2020\n
Action.c(130):      :  8am : Flight 810 leaves Sydney  for Frankfurt.<br>  </center>\n
Action.c(130):       </TD>\n
Action.c(130):     </TR>\n
Action.c(130):     \n
Action.c(130):     <TR bgcolor="#EFF2F7">\n
Action.c(130):       <TD COLSPAN="4">\n
Action.c(130):       <hr/>\n
Action.c(130):       </TD>\n
Action.c(130):     </TR>\n
Action.c(130):     \n
Action.c(130):     <!-- Flight #1 -->\n
Action.c(130):     <TR bgcolor="#EFF2F7">\n
Action.c(130):       <TD width="5%" rowspan="2" align="left" valign="top">\n
Action.c(130):     <b>\n
Action.c(130):     <label><input type="checkbox" name="153" value="on" /></label></font></b>\n
Action.c(130):     <input type="hidden" name="flightID" value="28849483-11773-UU"  />\n
Action.c(130):       </TD>\n
Action.c(130):       <TD width="45%" valign="top">\n
Action.c(130):           <b>&nbsp;&nbsp;A Coach class ticket for :</b><br/>\n
Action.c(130):           <center><table border="0" width="85%"><tr><td>\n
Action.c(130):           <li><i>User5 Userovich\n
Action.c(130):           <li><i></i>\n
Action.c(130):           </td></tr></table></center>\n
Action.c(130):       </TD>\n
Action.c(130):       <TD width="5%" >.<br/>.<br/>.<br/>.</TD>\n
Action.c(130):       <TD width="45%" valign=top><b>Invoice sent to:</b><br/>\n
Action.c(130):           <center>\n
Action.c(130):           <Table width="80%" cellspacing="0" > <tr> <td>\n
Action.c(130):               User5 Userovich\n
Action.c(130):     <br/>\n
Action.c(130):               <br/>\n
Action.c(130):               <br/>\n
Action.c(130):               <br/>\n
Action.c(130):               Total Charge: $ 60 <BR/> (CC: x-7789)\n
Action.c(130):           </td> </tr> </table>\n
Action.c(130):           </center>\n
Action.c(130):       </TD>\n
Action.c(130):     </TR>\n
Action.c(130):     <TR bgcolor="#EFF2F7">\n
Action.c(130):       <TD COLSPAN="3">\n
Action.c(130):       <b>Flight Details:</b><BR/>  <center>\n
Action.c(130):       05/21/2020\n
Action.c(130):      :  8am : Flight 360 leaves Los Angeles  for San Francisco.<br>  </center>\n
Action.c(130):       </TD>\n
Action.c(130):     </TR>\n
Action.c(130):     \n
Action.c(130):     <TR bgcolor="#EFF2F7">\n
Action.c(130):       <TD COLSPAN="4">\n
Action.c(130):       <hr/>\n
Action.c(130):       </TD>\n
Action.c(130):     </TR>\n
Action.c(130):     \n
Action.c(130):     <!-- Flight #1 -->\n
Action.c(130):     <TR bgcolor="#EFF2F7">\n
Action.c(130):       <TD width="5%" rowspan="2" align="left" valign="top">\n
Action.c(130):     <b>\n
Action.c(130):     <label><input type="checkbox" name="154" value="on" /></label></font></b>\n
Action.c(130):     <input type="hidden" name="flightID" value="288501504-118509-UU"  />\n
Action.c(130):       </TD>\n
Action.c(130):       <TD width="45%" valign="top">\n
Action.c(130):           <b>&nbsp;&nbsp;A Coach class ticket for :</b><br/>\n
Action.c(130):           <center><table border="0" width="85%"><tr><td>\n
Action.c(130):           <li><i>User5 Userovich\n
Action.c(130):           <li><i></i>\n
Action.c(130):           </td></tr></table></center>\n
Action.c(130):       </TD>\n
Action.c(130):       <TD width="5%" >.<br/>.<br/>.<br/>.</TD>\n
Action.c(130):       <TD width="45%" valign=top><b>Invoice sent to:</b><br/>\n
Action.c(130):           <center>\n
Action.c(130):           <Table width="80%" cellspacing="0" > <tr> <td>\n
Action.c(130):               User5 Userovich\n
Action.c(130):     <br/>\n
Action.c(130):               <br/>\n
Action.c(130):               <br/>\n
Action.c(130):               <br/>\n
Action.c(130):               Total Charge: $ 621 <BR/> (CC: x-7789)\n
Action.c(130):           </td> </tr> </table>\n
Action.c(130):           </center>\n
Action.c(130):       </TD>\n
Action.c(130):     </TR>\n
Action.c(130):     <TR bgcolor="#EFF2F7">\n
Action.c(130):       <TD COLSPAN="3">\n
Action.c(130):       <b>Flight Details:</b><BR/>  <center>\n
Action.c(130):       05/21/2020\n
Action.c(130):      :  8am : Flight 540 leaves Portland  for Paris.<br>  </center>\n
Action.c(130):       </TD>\n
Action.c(130):     </TR>\n
Action.c(130):     \n
Action.c(130):     <TR bgcolor="#EFF2F7">\n
Action.c(130):       <TD COLSPAN="4">\n
Action.c(130):       <hr/>\n
Action.c(130):       </TD>\n
Action.c(130):     </TR>\n
Action.c(130):     \n
Action.c(130):     <!-- Flight #1 -->\n
Action.c(130):     <TR bgcolor="#EFF2F7">\n
Action.c(130):       <TD width="5%" rowspan="2" align="left" valign="top">\n
Action.c(130):     <b>\n
Action.c(130):     <label><input type="checkbox" name="155" value="on" /></label></font></b>\n
Action.c(130):     <input type="hidden" name="flightID" value="28849483-11927-UU"  />\n
Action.c(130):       </TD>\n
Action.c(130):       <TD width="45%" valign="top">\n
Action.c(130):           <b>&nbsp;&nbsp;A Coach class ticket for :</b><br/>\n
Action.c(130):           <center><table border="0" width="85%"><tr><td>\n
Action.c(130):           <li><i>User5 Userovich\n
Action.c(130):           <li><i></i>\n
Action.c(130):           </td></tr></table></center>\n
Action.c(130):       </TD>\n
Action.c(130):       <TD width="5%" >.<br/>.<br/>.<br/>.</TD>\n
Action.c(130):       <TD width="45%" valign=top><b>Invoice sent to:</b><br/>\n
Action.c(130):           <center>\n
Action.c(130):           <Table width="80%" cellspacing="0" > <tr> <td>\n
Action.c(130):               User5 Userovich\n
Action.c(130):     <br/>\n
Action.c(130):               <br/>\n
Action.c(130):               <br/>\n
Action.c(130):               <br/>\n
Action.c(130):               Total Charge: $ 60 <BR/> (CC: x-7789)\n
Action.c(130):           </td> </tr> </table>\n
Action.c(130):           </center>\n
Action.c(130):       </TD>\n
Action.c(130):     </TR>\n
Action.c(130):     <TR bgcolor="#EFF2F7">\n
Action.c(130):       <TD COLSPAN="3">\n
Action.c(130):       <b>Flight Details:</b><BR/>  <center>\n
Action.c(130):       05/21/2020\n
Action.c(130):      :  8am : Flight 360 leaves Los Angeles  for San Francisco.<br>  </center>\n
Action.c(130):       </TD>\n
Action.c(130):     </TR>\n
Action.c(130):     \n
Action.c(130):     <TR bgcolor="#EFF2F7">\n
Action.c(130):       <TD COLSPAN="4">\n
Action.c(130):       <hr/>\n
Action.c(130):       </TD>\n
Action.c(130):     </TR>\n
Action.c(130):     \n
Action.c(130):     <!-- Flight #1 -->\n
Action.c(130):     <TR bgcolor="#EFF2F7">\n
Action.c(130):       <TD width="5%" rowspan="2" align="left" valign="top">\n
Action.c(130):     <b>\n
Action.c(130):     <label><input type="checkbox" name="156" value="on" /></label></font></b>\n
Action.c(130):     <input type="hidden" name="flightID" value="288501504-120047-UU"  />\n
Action.c(130):       </TD>\n
Action.c(130):       <TD width="45%" valign="top">\n
Action.c(130):           <b>&nbsp;&nbsp;A Coach class ticket for :</b><br/>\n
Action.c(130):           <center><table border="0" width="85%"><tr><td>\n
Action.c(130):           <li><i>User5 Userovich\n
Action.c(130):           <li><i></i>\n
Action.c(130):           </td></tr></table></center>\n
Action.c(130):       </TD>\n
Action.c(130):       <TD width="5%" >.<br/>.<br/>.<br/>.</TD>\n
Action.c(130):       <TD width="45%" valign=top><b>Invoice sent to:</b><br/>\n
Action.c(130):           <center>\n
Action.c(130):           <Table width="80%" cellspacing="0" > <tr> <td>\n
Action.c(130):               User5 Userovich\n
Action.c(130):     <br/>\n
Action.c(130):               <br/>\n
Action.c(130):               <br/>\n
Action.c(130):               <br/>\n
Action.c(130):               Total Charge: $ 621 <BR/> (CC: x-7789)\n
Action.c(130):           </td> </tr> </table>\n
Action.c(130):           </center>\n
Action.c(130):       </TD>\n
Action.c(130):     </TR>\n
Action.c(130):     <TR bgcolor="#EFF2F7">\n
Action.c(130):       <TD COLSPAN="3">\n
Action.c(130):       <b>Flight Details:</b><BR/>  <center>\n
Action.c(130):       05/21/2020\n
Action.c(130):      :  8am : Flight 540 leaves Portland  for Paris.<br>  </center>\n
Action.c(130):       </TD>\n
Action.c(130):     </TR>\n
Action.c(130):     \n
Action.c(130):     <TR bgcolor="#EFF2F7">\n
Action.c(130):       <TD COLSPAN="4">\n
Action.c(130):       <hr/>\n
Action.c(130):       </TD>\n
Action.c(130):     </TR>\n
Action.c(130):     \n
Action.c(130):     <!-- Flight #1 -->\n
Action.c(130):     <TR bgcolor="#EFF2F7">\n
Action.c(130):       <TD width="5%" rowspan="2" align="left" valign="top">\n
Action.c(130):     <b>\n
Action.c(130):     <label><input type="checkbox" name="157" value="on" /></label></font></b>\n
Action.c(130):     <input type="hidden" name="flightID" value="288484830-120801-UU"  />\n
Action.c(130):       </TD>\n
Action.c(130):       <TD width="45%" valign="top">\n
Action.c(130):           <b>&nbsp;&nbsp;A Coach class ticket for :</b><br/>\n
Action.c(130):           <center><table border="0" width="85%"><tr><td>\n
Action.c(130):           <li><i>User5 Userovich\n
Action.c(130):           <li><i></i>\n
Action.c(130):           </td></tr></table></center>\n
Action.c(130):       </TD>\n
Action.c(130):       <TD width="5%" >.<br/>.<br/>.<br/>.</TD>\n
Action.c(130):       <TD width="45%" valign=top><b>Invoice sent to:</b><br/>\n
Action.c(130):           <center>\n
Action.c(130):           <Table width="80%" cellspacing="0" > <tr> <td>\n
Action.c(130):               User5 Userovich\n
Action.c(130):     <br/>\n
Action.c(130):               <br/>\n
Action.c(130):               <br/>\n
Action.c(130):               <br/>\n
Action.c(130):               Total Charge: $ 421 <BR/> (CC: x-7789)\n
Action.c(130):           </td> </tr> </table>\n
Action.c(130):           </center>\n
Action.c(130):       </TD>\n
Action.c(130):     </TR>\n
Action.c(130):     <TR bgcolor="#EFF2F7">\n
Action.c(130):       <TD COLSPAN="3">\n
Action.c(130):       <b>Flight Details:</b><BR/>  <center>\n
Action.c(130):       05/21/2020\n
Action.c(130):      :  8am : Flight 090 leaves Denver  for Zurich.<br>  </center>\n
Action.c(130):       </TD>\n
Action.c(130):     </TR>\n
Action.c(130):     \n
Action.c(130):     <TR bgcolor="#EFF2F7">\n
Action.c(130):       <TD COLSPAN="4">\n
Action.c(130):       <hr/>\n
Action.c(130):       </TD>\n
Action.c(130):     </TR>\n
Action.c(130):     \n
Action.c(130):     <!-- Flight #1 -->\n
Action.c(130):     <TR bgcolor="#EFF2F7">\n
Action.c(130):       <TD width="5%" rowspan="2" align="left" valign="top">\n
Action.c(130):     <b>\n
Action.c(130):     <label><input type="checkbox" name="158" value="on" /></label></font></b>\n
Action.c(130):     <input type="hidden" name="flightID" value="288501504-121586-UU"  />\n
Action.c(130):       </TD>\n
Action.c(130):       <TD width="45%" valign="top">\n
Action.c(130):           <b>&nbsp;&nbsp;A Coach class ticket for :</b><br/>\n
Action.c(130):           <center><table border="0" width="85%"><tr><td>\n
Action.c(130):           <li><i>User5 Userovich\n
Action.c(130):           <li><i></i>\n
Action.c(130):           </td></tr></table></center>\n
Action.c(130):       </TD>\n
Action.c(130):       <TD width="5%" >.<br/>.<br/>.<br/>.</TD>\n
Action.c(130):       <TD width="45%" valign=top><b>Invoice sent to:</b><br/>\n
Action.c(130):           <center>\n
Action.c(130):           <Table width="80%" cellspacing="0" > <tr> <td>\n
Action.c(130):               User5 Userovich\n
Action.c(130):     <br/>\n
Action.c(130):               <br/>\n
Action.c(130):               <br/>\n
Action.c(130):               <br/>\n
Action.c(130):               Total Charge: $ 621 <BR/> (CC: x-7789)\n
Action.c(130):           </td> </tr> </table>\n
Action.c(130):           </center>\n
Action.c(130):       </TD>\n
Action.c(130):     </TR>\n
Action.c(130):     <TR bgcolor="#EFF2F7">\n
Action.c(130):       <TD COLSPAN="3">\n
Action.c(130):       <b>Flight Details:</b><BR/>  <center>\n
Action.c(130):       05/21/2020\n
Action.c(130):      :  8am : Flight 540 leaves Portland  for Paris.<br>  </center>\n
Action.c(130):       </TD>\n
Action.c(130):     </TR>\n
Action.c(130):     \n
Action.c(130):     <TR bgcolor="#EFF2F7">\n
Action.c(130):       <TD COLSPAN="4">\n
Action.c(130):       <hr/>\n
Action.c(130):       </TD>\n
Action.c(130):     </TR>\n
Action.c(130):     \n
Action.c(130):     <!-- Flight #1 -->\n
Action.c(130):     <TR bgcolor="#EFF2F7">\n
Action.c(130):       <TD width="5%" rowspan="2" align="left" valign="top">\n
Action.c(130):     <b>\n
Action.c(130):     <label><input type="checkbox" name="159" value="on" /></label></font></b>\n
Action.c(130):     <input type="hidden" name="flightID" value="288484830-122340-UU"  />\n
Action.c(130):       </TD>\n
Action.c(130):       <TD width="45%" valign="top">\n
Action.c(130):           <b>&nbsp;&nbsp;A Coach class ticket for :</b><br/>\n
Action.c(130):           <center><table border="0" width="85%"><tr><td>\n
Action.c(130):           <li><i>User5 Userovich\n
Action.c(130):           <li><i></i>\n
Action.c(130):           </td></tr></table></center>\n
Action.c(130):       </TD>\n
Action.c(130):       <TD width="5%" >.<br/>.<br/>.<br/>.</TD>\n
Action.c(130):       <TD width="45%" valign=top><b>Invoice sent to:</b><br/>\n
Action.c(130):           <center>\n
Action.c(130):           <Table width="80%" cellspacing="0" > <tr> <td>\n
Action.c(130):               User5 Userovich\n
Action.c(130):     <br/>\n
Action.c(130):               <br/>\n
Action.c(130):               <br/>\n
Action.c(130):               <br/>\n
Action.c(130):               Total Charge: $ 421 <BR/> (CC: x-7789)\n
Action.c(130):           </td> </tr> </table>\n
Action.c(130):           </center>\n
Action.c(130):       </TD>\n
Action.c(130):     </TR>\n
Action.c(130):     <TR bgcolor="#EFF2F7">\n
Action.c(130):       <TD COLSPAN="3">\n
Action.c(130):       <b>Flight Details:</b><BR/>  <center>\n
Action.c(130):       05/21/2020\n
Action.c(130):      :  8am : Flight 090 leaves Denver  for Zurich.<br>  </center>\n
Action.c(130):       </TD>\n
Action.c(130):     </TR>\n
Action.c(130):     \n
Action.c(130):     <TR bgcolor="#EFF2F7">\n
Action.c(130):       <TD COLSPAN="4">\n
Action.c(130):       <hr/>\n
Action.c(130):       </TD>\n
Action.c(130):     </TR>\n
Action.c(130):     \n
Action.c(130):     <!-- Flight #1 -->\n
Action.c(130):     <TR bgcolor="#EFF2F7">\n
Action.c(130):       <TD width="5%" rowspan="2" align="left" valign="top">\n
Action.c(130):     <b>\n
Action.c(130):     <label><input type="checkbox" name="160" value="on" /></label></font></b>\n
Action.c(130):     <input type="hidden" name="flightID" value="288484830-123109-UU"  />\n
Action.c(130):       </TD>\n
Action.c(130):       <TD width="45%" valign="top">\n
Action.c(130):           <b>&nbsp;&nbsp;A Coach class ticket for :</b><br/>\n
Action.c(130):           <center><table border="0" width="85%"><tr><td>\n
Action.c(130):           <li><i>User5 Userovich\n
Action.c(130):           <li><i></i>\n
Action.c(130):           </td></tr></table></center>\n
Action.c(130):       </TD>\n
Action.c(130):       <TD width="5%" >.<br/>.<br/>.<br/>.</TD>\n
Action.c(130):       <TD width="45%" valign=top><b>Invoice sent to:</b><br/>\n
Action.c(130):           <center>\n
Action.c(130):           <Table width="80%" cellspacing="0" > <tr> <td>\n
Action.c(130):               User5 Userovich\n
Action.c(130):     <br/>\n
Action.c(130):               <br/>\n
Action.c(130):               <br/>\n
Action.c(130):               <br/>\n
Action.c(130):               Total Charge: $ 421 <BR/> (CC: x-7789)\n
Action.c(130):           </td> </tr> </table>\n
Action.c(130):           </center>\n
Action.c(130):       </TD>\n
Action.c(130):     </TR>\n
Action.c(130):     <TR bgcolor="#EFF2F7">\n
Action.c(130):       <TD COLSPAN="3">\n
Action.c(130):       <b>Flight Details:</b><BR/>  <center>\n
Action.c(130):       05/21/2020\n
Action.c(130):      :  8am : Flight 090 leaves Denver  for Zurich.<br>  </center>\n
Action.c(130):       </TD>\n
Action.c(130):     </TR>\n
Action.c(130):     \n
Action.c(130):     <TR bgcolor="#EFF2F7">\n
Action.c(130):       <TD COLSPAN="4">\n
Action.c(130):       <hr/>\n
Action.c(130):       </TD>\n
Action.c(130):     </TR>\n
Action.c(130):     \n
Action.c(130):     <!-- Flight #1 -->\n
Action.c(130):     <TR bgcolor="#EFF2F7">\n
Action.c(130):       <TD width="5%" rowspan="2" align="left" valign="top">\n
Action.c(130):     <b>\n
Action.c(130):     <label><input type="checkbox" name="161" value="on" /></label></font></b>\n
Action.c(130):     <input type="hidden" name="flightID" value="288508169-123889-UU"  />\n
Action.c(130):       </TD>\n
Action.c(130):       <TD width="45%" valign="top">\n
Action.c(130):           <b>&nbsp;&nbsp;A Coach class ticket for :</b><br/>\n
Action.c(130):           <center><table border="0" width="85%"><tr><td>\n
Action.c(130):           <li><i>User5 Userovich\n
Action.c(130):           <li><i></i>\n
Action.c(130):           </td></tr></table></center>\n
Action.c(130):       </TD>\n
Action.c(130):       <TD width="5%" >.<br/>.<br/>.<br/>.</TD>\n
Action.c(130):       <TD width="45%" valign=top><b>Invoice sent to:</b><br/>\n
Action.c(130):           <center>\n
Action.c(130):           <Table width="80%" cellspacing="0" > <tr> <td>\n
Action.c(130):               User5 Userovich\n
Action.c(130):     <br/>\n
Action.c(130):               <br/>\n
Action.c(130):               <br/>\n
Action.c(130):               <br/>\n
Action.c(130):               Total Charge: $ 565 <BR/> (CC: x-7789)\n
Action.c(130):           </td> </tr> </table>\n
Action.c(130):           </center>\n
Action.c(130):       </TD>\n
Action.c(130):     </TR>\n
Action.c(130):     <TR bgcolor="#EFF2F7">\n
Action.c(130):       <TD COLSPAN="3">\n
Action.c(130):       <b>Flight Details:</b><BR/>  <center>\n
Action.c(130):       05/21/2020\n
Action.c(130):      :  8am : Flight 720 leaves Seattle  for London.<br>  </center>\n
Action.c(130):       </TD>\n
Action.c(130):     </TR>\n
Action.c(130):     \n
Action.c(130):     <TR bgcolor="#EFF2F7">\n
Action.c(130):       <TD COLSPAN="4">\n
Action.c(130):       <hr/>\n
Action.c(130):       </TD>\n
Action.c(130):     </TR>\n
Action.c(130):     \n
Action.c(130):     <!-- Flight #1 -->\n
Action.c(130):     <TR bgcolor="#EFF2F7">\n
Action.c(130):       <TD width="5%" rowspan="2" align="left" valign="top">\n
Action.c(130):     <b>\n
Action.c(130):     <label><input type="checkbox" name="162" value="on" /></label></font></b>\n
Action.c(130):     <input type="hidden" name="flightID" value="288508169-124658-UU"  />\n
Action.c(130):       </TD>\n
Action.c(130):       <TD width="45%" valign="top">\n
Action.c(130):           <b>&nbsp;&nbsp;A Coach class ticket for :</b><br/>\n
Action.c(130):           <center><table border="0" width="85%"><tr><td>\n
Action.c(130):           <li><i>User5 Userovich\n
Action.c(130):           <li><i></i>\n
Action.c(130):           </td></tr></table></center>\n
Action.c(130):       </TD>\n
Action.c(130):       <TD width="5%" >.<br/>.<br/>.<br/>.</TD>\n
Action.c(130):       <TD width="45%" valign=top><b>Invoice sent to:</b><br/>\n
Action.c(130):           <center>\n
Action.c(130):           <Table width="80%" cellspacing="0" > <tr> <td>\n
Action.c(130):               User5 Userovich\n
Action.c(130):     <br/>\n
Action.c(130):               <br/>\n
Action.c(130):               <br/>\n
Action.c(130):               <br/>\n
Action.c(130):               Total Charge: $ 565 <BR/> (CC: x-7789)\n
Action.c(130):           </td> </tr> </table>\n
Action.c(130):           </center>\n
Action.c(130):       </TD>\n
Action.c(130):     </TR>\n
Action.c(130):     <TR bgcolor="#EFF2F7">\n
Action.c(130):       <TD COLSPAN="3">\n
Action.c(130):       <b>Flight Details:</b><BR/>  <center>\n
Action.c(130):       05/21/2020\n
Action.c(130):      :  8am : Flight 720 leaves Seattle  for London.<br>  </center>\n
Action.c(130):       </
Action.c(130): t=1491908ms: 8-byte chunked response overhead for "http://localhost:1080/cgi-bin/itinerary.pl" (RelFrameId=1, Internal ID=387)
Action.c(130):     \r\n
Action.c(130):     1000\r\n
Action.c(130): t=1491908ms: 8-byte chunked response overhead for "http://localhost:1080/cgi-bin/itinerary.pl" (RelFrameId=1, Internal ID=387)
Action.c(130):     \r\n
Action.c(130):     1000\r\n
Action.c(130): t=1491908ms: 8-byte chunked response overhead for "http://localhost:1080/cgi-bin/itinerary.pl" (RelFrameId=1, Internal ID=387)
Action.c(130):     \r\n
Action.c(130):     1000\r\n
Action.c(130): t=1491908ms: 12263-byte chunked response body for "http://localhost:1080/cgi-bin/itinerary.pl" (RelFrameId=1, Internal ID=387)
Action.c(130):     TD>\n
Action.c(130):     </TR>\n
Action.c(130):     \n
Action.c(130):     <TR bgcolor="#EFF2F7">\n
Action.c(130):       <TD COLSPAN="4">\n
Action.c(130):       <hr/>\n
Action.c(130):       </TD>\n
Action.c(130):     </TR>\n
Action.c(130):     \n
Action.c(130):     <!-- Flight #1 -->\n
Action.c(130):     <TR bgcolor="#EFF2F7">\n
Action.c(130):       <TD width="5%" rowspan="2" align="left" valign="top">\n
Action.c(130):     <b>\n
Action.c(130):     <label><input type="checkbox" name="163" value="on" /></label></font></b>\n
Action.c(130):     <input type="hidden" name="flightID" value="288491502-125428-UU"  />\n
Action.c(130):       </TD>\n
Action.c(130):       <TD width="45%" valign="top">\n
Action.c(130):           <b>&nbsp;&nbsp;A Coach class ticket for :</b><br/>\n
Action.c(130):           <center><table border="0" width="85%"><tr><td>\n
Action.c(130):           <li><i>User5 Userovich\n
Action.c(130):           <li><i></i>\n
Action.c(130):           </td></tr></table></center>\n
Action.c(130):       </TD>\n
Action.c(130):       <TD width="5%" >.<br/>.<br/>.<br/>.</TD>\n
Action.c(130):       <TD width="45%" valign=top><b>Invoice sent to:</b><br/>\n
Action.c(130):           <center>\n
Action.c(130):           <Table width="80%" cellspacing="0" > <tr> <td>\n
Action.c(130):               User5 Userovich\n
Action.c(130):     <br/>\n
Action.c(130):               <br/>\n
Action.c(130):               <br/>\n
Action.c(130):               <br/>\n
Action.c(130):               Total Charge: $ 565 <BR/> (CC: x-7789)\n
Action.c(130):           </td> </tr> </table>\n
Action.c(130):           </center>\n
Action.c(130):       </TD>\n
Action.c(130):     </TR>\n
Action.c(130):     <TR bgcolor="#EFF2F7">\n
Action.c(130):       <TD COLSPAN="3">\n
Action.c(130):       <b>Flight Details:</b><BR/>  <center>\n
Action.c(130):       05/21/2020\n
Action.c(130):      :  8am : Flight 270 leaves London  for Seattle.<br>  </center>\n
Action.c(130):       </TD>\n
Action.c(130):     </TR>\n
Action.c(130):     \n
Action.c(130):     <TR bgcolor="#EFF2F7">\n
Action.c(130):       <TD COLSPAN="4">\n
Action.c(130):       <hr/>\n
Action.c(130):       </TD>\n
Action.c(130):     </TR>\n
Action.c(130):     \n
Action.c(130):     <!-- Flight #1 -->\n
Action.c(130):     <TR bgcolor="#EFF2F7">\n
Action.c(130):       <TD width="5%" rowspan="2" align="left" valign="top">\n
Action.c(130):     <b>\n
Action.c(130):     <label><input type="checkbox" name="164" value="on" /></label></font></b>\n
Action.c(130):     <input type="hidden" name="flightID" value="288508169-126197-UU"  />\n
Action.c(130):       </TD>\n
Action.c(130):       <TD width="45%" valign="top">\n
Action.c(130):           <b>&nbsp;&nbsp;A Coach class ticket for :</b><br/>\n
Action.c(130):           <center><table border="0" width="85%"><tr><td>\n
Action.c(130):           <li><i>User5 Userovich\n
Action.c(130):           <li><i></i>\n
Action.c(130):           </td></tr></table></center>\n
Action.c(130):       </TD>\n
Action.c(130):       <TD width="5%" >.<br/>.<br/>.<br/>.</TD>\n
Action.c(130):       <TD width="45%" valign=top><b>Invoice sent to:</b><br/>\n
Action.c(130):           <center>\n
Action.c(130):           <Table width="80%" cellspacing="0" > <tr> <td>\n
Action.c(130):               User5 Userovich\n
Action.c(130):     <br/>\n
Action.c(130):               <br/>\n
Action.c(130):               <br/>\n
Action.c(130):               <br/>\n
Action.c(130):               Total Charge: $ 565 <BR/> (CC: x-7789)\n
Action.c(130):           </td> </tr> </table>\n
Action.c(130):           </center>\n
Action.c(130):       </TD>\n
Action.c(130):     </TR>\n
Action.c(130):     <TR bgcolor="#EFF2F7">\n
Action.c(130):       <TD COLSPAN="3">\n
Action.c(130):       <b>Flight Details:</b><BR/>  <center>\n
Action.c(130):       05/21/2020\n
Action.c(130):      :  8am : Flight 720 leaves Seattle  for London.<br>  </center>\n
Action.c(130):       </TD>\n
Action.c(130):     </TR>\n
Action.c(130):     \n
Action.c(130):     <TR bgcolor="#EFF2F7">\n
Action.c(130):       <TD COLSPAN="4">\n
Action.c(130):       <hr/>\n
Action.c(130):       </TD>\n
Action.c(130):     </TR>\n
Action.c(130):     \n
Action.c(130):     <!-- Flight #1 -->\n
Action.c(130):     <TR bgcolor="#EFF2F7">\n
Action.c(130):       <TD width="5%" rowspan="2" align="left" valign="top">\n
Action.c(130):     <b>\n
Action.c(130):     <label><input type="checkbox" name="165" value="on" /></label></font></b>\n
Action.c(130):     <input type="hidden" name="flightID" value="288491502-126966-UU"  />\n
Action.c(130):       </TD>\n
Action.c(130):       <TD width="45%" valign="top">\n
Action.c(130):           <b>&nbsp;&nbsp;A Coach class ticket for :</b><br/>\n
Action.c(130):           <center><table border="0" width="85%"><tr><td>\n
Action.c(130):           <li><i>User5 Userovich\n
Action.c(130):           <li><i></i>\n
Action.c(130):           </td></tr></table></center>\n
Action.c(130):       </TD>\n
Action.c(130):       <TD width="5%" >.<br/>.<br/>.<br/>.</TD>\n
Action.c(130):       <TD width="45%" valign=top><b>Invoice sent to:</b><br/>\n
Action.c(130):           <center>\n
Action.c(130):           <Table width="80%" cellspacing="0" > <tr> <td>\n
Action.c(130):               User5 Userovich\n
Action.c(130):     <br/>\n
Action.c(130):               <br/>\n
Action.c(130):               <br/>\n
Action.c(130):               <br/>\n
Action.c(130):               Total Charge: $ 565 <BR/> (CC: x-7789)\n
Action.c(130):           </td> </tr> </table>\n
Action.c(130):           </center>\n
Action.c(130):       </TD>\n
Action.c(130):     </TR>\n
Action.c(130):     <TR bgcolor="#EFF2F7">\n
Action.c(130):       <TD COLSPAN="3">\n
Action.c(130):       <b>Flight Details:</b><BR/>  <center>\n
Action.c(130):       05/21/2020\n
Action.c(130):      :  8am : Flight 270 leaves London  for Seattle.<br>  </center>\n
Action.c(130):       </TD>\n
Action.c(130):     </TR>\n
Action.c(130):     \n
Action.c(130):     <TR bgcolor="#EFF2F7">\n
Action.c(130):       <TD COLSPAN="4">\n
Action.c(130):       <hr/>\n
Action.c(130):       </TD>\n
Action.c(130):     </TR>\n
Action.c(130):     \n
Action.c(130):     <!-- Flight #1 -->\n
Action.c(130):     <TR bgcolor="#EFF2F7">\n
Action.c(130):       <TD width="5%" rowspan="2" align="left" valign="top">\n
Action.c(130):     <b>\n
Action.c(130):     <label><input type="checkbox" name="166" value="on" /></label></font></b>\n
Action.c(130):     <input type="hidden" name="flightID" value="288491502-127735-UU"  />\n
Action.c(130):       </TD>\n
Action.c(130):       <TD width="45%" valign="top">\n
Action.c(130):           <b>&nbsp;&nbsp;A Coach class ticket for :</b><br/>\n
Action.c(130):           <center><table border="0" width="85%"><tr><td>\n
Action.c(130):           <li><i>User5 Userovich\n
Action.c(130):           <li><i></i>\n
Action.c(130):           </td></tr></table></center>\n
Action.c(130):       </TD>\n
Action.c(130):       <TD width="5%" >.<br/>.<br/>.<br/>.</TD>\n
Action.c(130):       <TD width="45%" valign=top><b>Invoice sent to:</b><br/>\n
Action.c(130):           <center>\n
Action.c(130):           <Table width="80%" cellspacing="0" > <tr> <td>\n
Action.c(130):               User5 Userovich\n
Action.c(130):     <br/>\n
Action.c(130):               <br/>\n
Action.c(130):               <br/>\n
Action.c(130):               <br/>\n
Action.c(130):               Total Charge: $ 565 <BR/> (CC: x-7789)\n
Action.c(130):           </td> </tr> </table>\n
Action.c(130):           </center>\n
Action.c(130):       </TD>\n
Action.c(130):     </TR>\n
Action.c(130):     <TR bgcolor="#EFF2F7">\n
Action.c(130):       <TD COLSPAN="3">\n
Action.c(130):       <b>Flight Details:</b><BR/>  <center>\n
Action.c(130):       05/21/2020\n
Action.c(130):      :  8am : Flight 270 leaves London  for Seattle.<br>  </center>\n
Action.c(130):       </TD>\n
Action.c(130):     </TR>\n
Action.c(130):     \n
Action.c(130):     <TR bgcolor="#EFF2F7">\n
Action.c(130):       <TD COLSPAN="4">\n
Action.c(130):       <hr/>\n
Action.c(130):       </TD>\n
Action.c(130):     </TR>\n
Action.c(130):     \n
Action.c(130):     <!-- Flight #1 -->\n
Action.c(130):     <TR bgcolor="#EFF2F7">\n
Action.c(130):       <TD width="5%" rowspan="2" align="left" valign="top">\n
Action.c(130):     <b>\n
Action.c(130):     <label><input type="checkbox" name="167" value="on" /></label></font></b>\n
Action.c(130):     <input type="hidden" name="flightID" value="288514830-128493-UU"  />\n
Action.c(130):       </TD>\n
Action.c(130):       <TD width="45%" valign="top">\n
Action.c(130):           <b>&nbsp;&nbsp;A Coach class ticket for :</b><br/>\n
Action.c(130):           <center><table border="0" width="85%"><tr><td>\n
Action.c(130):           <li><i>User5 Userovich\n
Action.c(130):           <li><i></i>\n
Action.c(130):           </td></tr></table></center>\n
Action.c(130):       </TD>\n
Action.c(130):       <TD width="5%" >.<br/>.<br/>.<br/>.</TD>\n
Action.c(130):       <TD width="45%" valign=top><b>Invoice sent to:</b><br/>\n
Action.c(130):           <center>\n
Action.c(130):           <Table width="80%" cellspacing="0" > <tr> <td>\n
Action.c(130):               User5 Userovich\n
Action.c(130):     <br/>\n
Action.c(130):               <br/>\n
Action.c(130):               <br/>\n
Action.c(130):               <br/>\n
Action.c(130):               Total Charge: $ 421 <BR/> (CC: x-7789)\n
Action.c(130):           </td> </tr> </table>\n
Action.c(130):           </center>\n
Action.c(130):       </TD>\n
Action.c(130):     </TR>\n
Action.c(130):     <TR bgcolor="#EFF2F7">\n
Action.c(130):       <TD COLSPAN="3">\n
Action.c(130):       <b>Flight Details:</b><BR/>  <center>\n
Action.c(130):       05/21/2020\n
Action.c(130):      :  8am : Flight 900 leaves Zurich  for Denver.<br>  </center>\n
Action.c(130):       </TD>\n
Action.c(130):     </TR>\n
Action.c(130):     \n
Action.c(130):     <TR bgcolor="#EFF2F7">\n
Action.c(130):       <TD COLSPAN="4">\n
Action.c(130):       <hr/>\n
Action.c(130):       </TD>\n
Action.c(130):     </TR>\n
Action.c(130):     \n
Action.c(130):     <!-- Flight #1 -->\n
Action.c(130):     <TR bgcolor="#EFF2F7">\n
Action.c(130):       <TD width="5%" rowspan="2" align="left" valign="top">\n
Action.c(130):     <b>\n
Action.c(130):     <label><input type="checkbox" name="168" value="on" /></label></font></b>\n
Action.c(130):     <input type="hidden" name="flightID" value="288514830-129263-UU"  />\n
Action.c(130):       </TD>\n
Action.c(130):       <TD width="45%" valign="top">\n
Action.c(130):           <b>&nbsp;&nbsp;A Coach class ticket for :</b><br/>\n
Action.c(130):           <center><table border="0" width="85%"><tr><td>\n
Action.c(130):           <li><i>User5 Userovich\n
Action.c(130):           <li><i></i>\n
Action.c(130):           </td></tr></table></center>\n
Action.c(130):       </TD>\n
Action.c(130):       <TD width="5%" >.<br/>.<br/>.<br/>.</TD>\n
Action.c(130):       <TD width="45%" valign=top><b>Invoice sent to:</b><br/>\n
Action.c(130):           <center>\n
Action.c(130):           <Table width="80%" cellspacing="0" > <tr> <td>\n
Action.c(130):               User5 Userovich\n
Action.c(130):     <br/>\n
Action.c(130):               <br/>\n
Action.c(130):               <br/>\n
Action.c(130):               <br/>\n
Action.c(130):               Total Charge: $ 421 <BR/> (CC: x-7789)\n
Action.c(130):           </td> </tr> </table>\n
Action.c(130):           </center>\n
Action.c(130):       </TD>\n
Action.c(130):     </TR>\n
Action.c(130):     <TR bgcolor="#EFF2F7">\n
Action.c(130):       <TD COLSPAN="3">\n
Action.c(130):       <b>Flight Details:</b><BR/>  <center>\n
Action.c(130):       05/21/2020\n
Action.c(130):      :  8am : Flight 900 leaves Zurich  for Denver.<br>  </center>\n
Action.c(130):       </TD>\n
Action.c(130):     </TR>\n
Action.c(130):     \n
Action.c(130):     <TR bgcolor="#EFF2F7">\n
Action.c(130):       <TD COLSPAN="4">\n
Action.c(130):       <hr/>\n
Action.c(130):       </TD>\n
Action.c(130):     </TR>\n
Action.c(130):     \n
Action.c(130):     <!-- Flight #1 -->\n
Action.c(130):     <TR bgcolor="#EFF2F7">\n
Action.c(130):       <TD width="5%" rowspan="2" align="left" valign="top">\n
Action.c(130):     <b>\n
Action.c(130):     <label><input type="checkbox" name="169" value="on" /></label></font></b>\n
Action.c(130):     <input type="hidden" name="flightID" value="288514830-130032-UU"  />\n
Action.c(130):       </TD>\n
Action.c(130):       <TD width="45%" valign="top">\n
Action.c(130):           <b>&nbsp;&nbsp;A Coach class ticket for :</b><br/>\n
Action.c(130):           <center><table border="0" width="85%"><tr><td>\n
Action.c(130):           <li><i>User5 Userovich\n
Action.c(130):           <li><i></i>\n
Action.c(130):           </td></tr></table></center>\n
Action.c(130):       </TD>\n
Action.c(130):       <TD width="5%" >.<br/>.<br/>.<br/>.</TD>\n
Action.c(130):       <TD width="45%" valign=top><b>Invoice sent to:</b><br/>\n
Action.c(130):           <center>\n
Action.c(130):           <Table width="80%" cellspacing="0" > <tr> <td>\n
Action.c(130):               User5 Userovich\n
Action.c(130):     <br/>\n
Action.c(130):               <br/>\n
Action.c(130):               <br/>\n
Action.c(130):               <br/>\n
Action.c(130):               Total Charge: $ 421 <BR/> (CC: x-7789)\n
Action.c(130):           </td> </tr> </table>\n
Action.c(130):           </center>\n
Action.c(130):       </TD>\n
Action.c(130):     </TR>\n
Action.c(130):     <TR bgcolor="#EFF2F7">\n
Action.c(130):       <TD COLSPAN="3">\n
Action.c(130):       <b>Flight Details:</b><BR/>  <center>\n
Action.c(130):       05/21/2020\n
Action.c(130):      :  8am : Flight 900 leaves Zurich  for Denver.<br>  </center>\n
Action.c(130):       </TD>\n
Action.c(130):     </TR>\n
Action.c(130):     \n
Action.c(130):     <TR bgcolor="#EFF2F7">\n
Action.c(130):       <TD COLSPAN="4">\n
Action.c(130):       <hr/>\n
Action.c(130):       </TD>\n
Action.c(130):     </TR>\n
Action.c(130):     \n
Action.c(130):     <!-- Flight #1 -->\n
Action.c(130):     <TR bgcolor="#EFF2F7">\n
Action.c(130):       <TD width="5%" rowspan="2" align="left" valign="top">\n
Action.c(130):     <b>\n
Action.c(130):     <label><input type="checkbox" name="170" value="on" /></label></font></b>\n
Action.c(130):     <input type="hidden" name="flightID" value="2884881526-1307786-UU"  />\n
Action.c(130):       </TD>\n
Action.c(130):       <TD width="45%" valign="top">\n
Action.c(130):           <b>&nbsp;&nbsp;A Coach class ticket for :</b><br/>\n
Action.c(130):           <center><table border="0" width="85%"><tr><td>\n
Action.c(130):           <li><i>User5 Userovich\n
Action.c(130):           <li><i></i>\n
Action.c(130):           </td></tr></table></center>\n
Action.c(130):       </TD>\n
Action.c(130):       <TD width="5%" >.<br/>.<br/>.<br/>.</TD>\n
Action.c(130):       <TD width="45%" valign=top><b>Invoice sent to:</b><br/>\n
Action.c(130):           <center>\n
Action.c(130):           <Table width="80%" cellspacing="0" > <tr> <td>\n
Action.c(130):               User5 Userovich\n
Action.c(130):     <br/>\n
Action.c(130):               <br/>\n
Action.c(130):               <br/>\n
Action.c(130):               <br/>\n
Action.c(130):               Total Charge: $ 1219 <BR/> (CC: x-7789)\n
Action.c(130):           </td> </tr> </table>\n
Action.c(130):           </center>\n
Action.c(130):       </TD>\n
Action.c(130):     </TR>\n
Action.c(130):     <TR bgcolor="#EFF2F7">\n
Action.c(130):       <TD COLSPAN="3">\n
Action.c(130):       <b>Flight Details:</b><BR/>  <center>\n
Action.c(130):       05/21/2020\n
Action.c(130):      :  8am : Flight 180 leaves Frankfurt  for Sydney.<br>  </center>\n
Action.c(130):       </TD>\n
Action.c(130):     </TR>\n
Action.c(130):     \n
Action.c(130):     <TR bgcolor="#EFF2F7">\n
Action.c(130):       <TD COLSPAN="4">\n
Action.c(130):       <hr/>\n
Action.c(130):       </TD>\n
Action.c(130):     </TR>\n
Action.c(130):     \n
Action.c(130):     <!-- Flight #1 -->\n
Action.c(130):     <TR bgcolor="#EFF2F7">\n
Action.c(130):       <TD width="5%" rowspan="2" align="left" valign="top">\n
Action.c(130):     <b>\n
Action.c(130):     <label><input type="checkbox" name="171" value="on" /></label></font></b>\n
Action.c(130):     <input type="hidden" name="flightID" value="2884881526-1315478-UU"  />\n
Action.c(130):       </TD>\n
Action.c(130):       <TD width="45%" valign="top">\n
Action.c(130):           <b>&nbsp;&nbsp;A Coach class ticket for :</b><br/>\n
Action.c(130):           <center><table border="0" width="85%"><tr><td>\n
Action.c(130):           <li><i>User5 Userovich\n
Action.c(130):           <li><i></i>\n
Action.c(130):           </td></tr></table></center>\n
Action.c(130):       </TD>\n
Action.c(130):       <TD width="5%" >.<br/>.<br/>.<br/>.</TD>\n
Action.c(130):       <TD width="45%" valign=top><b>Invoice sent to:</b><br/>\n
Action.c(130):           <center>\n
Action.c(130):           <Table width="80%" cellspacing="0" > <tr> <td>\n
Action.c(130):               User5 Userovich\n
Action.c(130):     <br/>\n
Action.c(130):               <br/>\n
Action.c(130):               <br/>\n
Action.c(130):               <br/>\n
Action.c(130):               Total Charge: $ 1219 <BR/> (CC: x-7789)\n
Action.c(130):           </td> </tr> </table>\n
Action.c(130):           </center>\n
Action.c(130):       </TD>\n
Action.c(130):     </TR>\n
Action.c(130):     <TR bgcolor="#EFF2F7">\n
Action.c(130):       <TD COLSPAN="3">\n
Action.c(130):       <b>Flight Details:</b><BR/>  <center>\n
Action.c(130):       05/21/2020\n
Action.c(130):      :  8am : Flight 180 leaves Frankfurt  for Sydney.<br>  </center>\n
Action.c(130):       </TD>\n
Action.c(130):     </TR>\n
Action.c(130):     \n
Action.c(130):     <TR bgcolor="#EFF2F7">\n
Action.c(130):       <TD COLSPAN="4">\n
Action.c(130):       <hr/>\n
Action.c(130):       </TD>\n
Action.c(130):     </TR>\n
Action.c(130):     \n
Action.c(130):     <!-- Flight #1 -->\n
Action.c(130):     <TR bgcolor="#EFF2F7">\n
Action.c(130):       <TD width="5%" rowspan="2" align="left" valign="top">\n
Action.c(130):     <b>\n
Action.c(130):     <label><input type="checkbox" name="172" value="on" /></label></font></b>\n
Action.c(130):     <input type="hidden" name="flightID" value="2884881526-1323170-UU"  />\n
Action.c(130):       </TD>\n
Action.c(130):       <TD width="45%" valign="top">\n
Action.c(130):           <b>&nbsp;&nbsp;A Coach class ticket for :</b><br/>\n
Action.c(130):           <center><table border="0" width="85%"><tr><td>\n
Action.c(130):           <li><i>User5 Userovich\n
Action.c(130):           <li><i></i>\n
Action.c(130):           </td></tr></table></center>\n
Action.c(130):       </TD>\n
Action.c(130):       <TD width="5%" >.<br/>.<br/>.<br/>.</TD>\n
Action.c(130):       <TD width="45%" valign=top><b>Invoice sent to:</b><br/>\n
Action.c(130):           <center>\n
Action.c(130):           <Table width="80%" cellspacing="0" > <tr> <td>\n
Action.c(130):               User5 Userovich\n
Action.c(130):     <br/>\n
Action.c(130):               <br/>\n
Action.c(130):               <br/>\n
Action.c(130):               <br/>\n
Action.c(130):               Total Charge: $ 1219 <BR/> (CC: x-7789)\n
Action.c(130):           </td> </tr> </table>\n
Action.c(130):           </center>\n
Action.c(130):       </TD>\n
Action.c(130):     </TR>\n
Action.c(130):     <TR bgcolor="#EFF2F7">\n
Action.c(130):       <TD COLSPAN="3">\n
Action.c(130):       <b>Flight Details:</b><BR/>  <center>\n
Action.c(130):       05/21/2020\n
Action.c(130):      :  8am : Flight 180 leaves Frankfurt  for Sydney.<br>  </center>\n
Action.c(130):       </TD>\n
Action.c(130):     </TR>\n
Action.c(130):     \n
Action.c(130):     <TR bgcolor="#EFF2F7">\n
Action.c(130):       <TD COLSPAN="4">\n
Action.c(130):       <hr/>\n
Action.c(130):       </TD>\n
Action.c(130):     </TR>\n
Action.c(130):     \n
Action.c(130):     <!-- Flight #1 -->\n
Action.c(130):     <TR bgcolor="#EFF2F7">\n
Action.c(130):       <TD width="5%" rowspan="2" align="left" valign="top">\n
Action.c(130):     <b>\n
Action.c(130):     <label><input type="checkbox" name="173" value="on" /></label></font></b>\n
Action.c(130):     <input type="hidden" name="flightID" value="288501504-133124-UU"  />\n
Action.c(130):       </TD>\n
Action.c(130):       <TD width="45%" valign="top">\n
Action.c(130):           <b>&nbsp;&nbsp;A Coach class ticket for :</b><br/>\n
Action.c(130):           <center><table border="0" width="85%"><tr><td>\n
Action.c(130):           <li><i>User5 Userovich\n
Action.c(130):           <li><i></i>\n
Action.c(130):           </td></tr></table></center>\n
Action.c(130):       </TD>\n
Action.c(130):       <TD width="5%" >.<br/>.<br/>.<br/>.</TD>\n
Action.c(130):       <TD width="45%" valign=top><b>Invoice sent to:</b><br/>\n
Action.c(130):           <center>\n
Action.c(130):           <Table width="80%" cellspacing="0" > <tr> <td>\n
Action.c(130):               User5 Userovich\n
Action.c(130):     <br/>\n
Action.c(130):               <br/>\n
Action.c(130):               <br/>\n
Action.c(130):               <br/>\n
Action.c(130):               Total Charge: $ 621 <BR/> (CC: x-7789)\n
Action.c(130):           </td> </tr> </table>\n
Action.c(130):           </center>\n
Action.c(130):       </TD>\n
Action.c(130):     </TR>\n
Action.c(130):     <TR bgcolor="#EFF2F7">\n
Action.c(130):       <TD COLSPAN="3">\n
Action.c(130):       <b>Flight Details:</b><BR/>  <center>\n
Action.c(130):       05/22/2020\n
Action.c(130):      :  8am : Flight 540 leaves Portland  for Paris.<br>  </center>\n
Action.c(130):       </TD>\n
Action.c(130):     </TR>\n
Action.c(130):     \n
Action.c(130):     <TR bgcolor="#EFF2F7">\n
Action.c(130):       <TD COLSPAN="4">\n
Action.c(130):       <hr/>\n
Action.c(130):       </TD>\n
Action.c(130):     </TR>\n
Action.c(130):     \n
Action.c(130):     <!-- Flight #1 -->\n
Action.c(130):     <TR bgcolor="#EFF2F7">\n
Action.c(130):       <TD width="5%" rowspan="2" align="left" valign="top">\n
Action.c(130):     <b>\n
Action.c(130):     <label><input type="checkbox" name="174" value="on" /></label></font></b>\n
Action.c(130):     <input type="hidden" name="flightID" value="288501504-133893-UU"  />\n
Action.c(130):       </TD>\n
Action.c(130):       <TD width="45%" valign="top">\n
Action.c(130):           <b>&nbsp;&nbsp;A Coach cla
Action.c(130): t=1491919ms: 8-byte chunked response overhead for "http://localhost:1080/cgi-bin/itinerary.pl" (RelFrameId=1, Internal ID=387)
Action.c(130):     \r\n
Action.c(130):     1000\r\n
Action.c(130): t=1491919ms: 8-byte chunked response overhead for "http://localhost:1080/cgi-bin/itinerary.pl" (RelFrameId=1, Internal ID=387)
Action.c(130):     \r\n
Action.c(130):     2000\r\n
Action.c(130): t=1491919ms: 12271-byte chunked response body for "http://localhost:1080/cgi-bin/itinerary.pl" (RelFrameId=1, Internal ID=387)
Action.c(130):     ss ticket for :</b><br/>\n
Action.c(130):           <center><table border="0" width="85%"><tr><td>\n
Action.c(130):           <li><i>User5 Userovich\n
Action.c(130):           <li><i></i>\n
Action.c(130):           </td></tr></table></center>\n
Action.c(130):       </TD>\n
Action.c(130):       <TD width="5%" >.<br/>.<br/>.<br/>.</TD>\n
Action.c(130):       <TD width="45%" valign=top><b>Invoice sent to:</b><br/>\n
Action.c(130):           <center>\n
Action.c(130):           <Table width="80%" cellspacing="0" > <tr> <td>\n
Action.c(130):               User5 Userovich\n
Action.c(130):     <br/>\n
Action.c(130):               <br/>\n
Action.c(130):               <br/>\n
Action.c(130):               <br/>\n
Action.c(130):               Total Charge: $ 621 <BR/> (CC: x-7789)\n
Action.c(130):           </td> </tr> </table>\n
Action.c(130):           </center>\n
Action.c(130):       </TD>\n
Action.c(130):     </TR>\n
Action.c(130):     <TR bgcolor="#EFF2F7">\n
Action.c(130):       <TD COLSPAN="3">\n
Action.c(130):       <b>Flight Details:</b><BR/>  <center>\n
Action.c(130):       05/22/2020\n
Action.c(130):      :  8am : Flight 540 leaves Portland  for Paris.<br>  </center>\n
Action.c(130):       </TD>\n
Action.c(130):     </TR>\n
Action.c(130):     \n
Action.c(130):     <TR bgcolor="#EFF2F7">\n
Action.c(130):       <TD COLSPAN="4">\n
Action.c(130):       <hr/>\n
Action.c(130):       </TD>\n
Action.c(130):     </TR>\n
Action.c(130):     \n
Action.c(130):     <!-- Flight #1 -->\n
Action.c(130):     <TR bgcolor="#EFF2F7">\n
Action.c(130):       <TD width="5%" rowspan="2" align="left" valign="top">\n
Action.c(130):     <b>\n
Action.c(130):     <label><input type="checkbox" name="175" value="on" /></label></font></b>\n
Action.c(130):     <input type="hidden" name="flightID" value="288501504-134663-UU"  />\n
Action.c(130):       </TD>\n
Action.c(130):       <TD width="45%" valign="top">\n
Action.c(130):           <b>&nbsp;&nbsp;A Coach class ticket for :</b><br/>\n
Action.c(130):           <center><table border="0" width="85%"><tr><td>\n
Action.c(130):           <li><i>User5 Userovich\n
Action.c(130):           <li><i></i>\n
Action.c(130):           </td></tr></table></center>\n
Action.c(130):       </TD>\n
Action.c(130):       <TD width="5%" >.<br/>.<br/>.<br/>.</TD>\n
Action.c(130):       <TD width="45%" valign=top><b>Invoice sent to:</b><br/>\n
Action.c(130):           <center>\n
Action.c(130):           <Table width="80%" cellspacing="0" > <tr> <td>\n
Action.c(130):               User5 Userovich\n
Action.c(130):     <br/>\n
Action.c(130):               <br/>\n
Action.c(130):               <br/>\n
Action.c(130):               <br/>\n
Action.c(130):               Total Charge: $ 621 <BR/> (CC: x-7789)\n
Action.c(130):           </td> </tr> </table>\n
Action.c(130):           </center>\n
Action.c(130):       </TD>\n
Action.c(130):     </TR>\n
Action.c(130):     <TR bgcolor="#EFF2F7">\n
Action.c(130):       <TD COLSPAN="3">\n
Action.c(130):       <b>Flight Details:</b><BR/>  <center>\n
Action.c(130):       05/22/2020\n
Action.c(130):      :  8am : Flight 540 leaves Portland  for Paris.<br>  </center>\n
Action.c(130):       </TD>\n
Action.c(130):     </TR>\n
Action.c(130):     \n
Action.c(130):     <TR bgcolor="#EFF2F7">\n
Action.c(130):       <TD COLSPAN="4">\n
Action.c(130):       <hr/>\n
Action.c(130):       </TD>\n
Action.c(130):     </TR>\n
Action.c(130):     \n
Action.c(130):     <!-- Flight #1 -->\n
Action.c(130):     <TR bgcolor="#EFF2F7">\n
Action.c(130):       <TD width="5%" rowspan="2" align="left" valign="top">\n
Action.c(130):     <b>\n
Action.c(130):     <label><input type="checkbox" name="176" value="on" /></label></font></b>\n
Action.c(130):     <input type="hidden" name="flightID" value="288498171-135432-UU"  />\n
Action.c(130):       </TD>\n
Action.c(130):       <TD width="45%" valign="top">\n
Action.c(130):           <b>&nbsp;&nbsp;A Coach class ticket for :</b><br/>\n
Action.c(130):           <center><table border="0" width="85%"><tr><td>\n
Action.c(130):           <li><i>User5 Userovich\n
Action.c(130):           <li><i></i>\n
Action.c(130):           </td></tr></table></center>\n
Action.c(130):       </TD>\n
Action.c(130):       <TD width="5%" >.<br/>.<br/>.<br/>.</TD>\n
Action.c(130):       <TD width="45%" valign=top><b>Invoice sent to:</b><br/>\n
Action.c(130):           <center>\n
Action.c(130):           <Table width="80%" cellspacing="0" > <tr> <td>\n
Action.c(130):               User5 Userovich\n
Action.c(130):     <br/>\n
Action.c(130):               <br/>\n
Action.c(130):               <br/>\n
Action.c(130):               <br/>\n
Action.c(130):               Total Charge: $ 621 <BR/> (CC: x-7789)\n
Action.c(130):           </td> </tr> </table>\n
Action.c(130):           </center>\n
Action.c(130):       </TD>\n
Action.c(130):     </TR>\n
Action.c(130):     <TR bgcolor="#EFF2F7">\n
Action.c(130):       <TD COLSPAN="3">\n
Action.c(130):       <b>Flight Details:</b><BR/>  <center>\n
Action.c(130):       05/22/2020\n
Action.c(130):      :  8am : Flight 450 leaves Paris  for Portland.<br>  </center>\n
Action.c(130):       </TD>\n
Action.c(130):     </TR>\n
Action.c(130):     \n
Action.c(130):     <TR bgcolor="#EFF2F7">\n
Action.c(130):       <TD COLSPAN="4">\n
Action.c(130):       <hr/>\n
Action.c(130):       </TD>\n
Action.c(130):     </TR>\n
Action.c(130):     \n
Action.c(130):     <!-- Flight #1 -->\n
Action.c(130):     <TR bgcolor="#EFF2F7">\n
Action.c(130):       <TD width="5%" rowspan="2" align="left" valign="top">\n
Action.c(130):     <b>\n
Action.c(130):     <label><input type="checkbox" name="177" value="on" /></label></font></b>\n
Action.c(130):     <input type="hidden" name="flightID" value="288498171-136201-UU"  />\n
Action.c(130):       </TD>\n
Action.c(130):       <TD width="45%" valign="top">\n
Action.c(130):           <b>&nbsp;&nbsp;A Coach class ticket for :</b><br/>\n
Action.c(130):           <center><table border="0" width="85%"><tr><td>\n
Action.c(130):           <li><i>User5 Userovich\n
Action.c(130):           <li><i></i>\n
Action.c(130):           </td></tr></table></center>\n
Action.c(130):       </TD>\n
Action.c(130):       <TD width="5%" >.<br/>.<br/>.<br/>.</TD>\n
Action.c(130):       <TD width="45%" valign=top><b>Invoice sent to:</b><br/>\n
Action.c(130):           <center>\n
Action.c(130):           <Table width="80%" cellspacing="0" > <tr> <td>\n
Action.c(130):               User5 Userovich\n
Action.c(130):     <br/>\n
Action.c(130):               <br/>\n
Action.c(130):               <br/>\n
Action.c(130):               <br/>\n
Action.c(130):               Total Charge: $ 621 <BR/> (CC: x-7789)\n
Action.c(130):           </td> </tr> </table>\n
Action.c(130):           </center>\n
Action.c(130):       </TD>\n
Action.c(130):     </TR>\n
Action.c(130):     <TR bgcolor="#EFF2F7">\n
Action.c(130):       <TD COLSPAN="3">\n
Action.c(130):       <b>Flight Details:</b><BR/>  <center>\n
Action.c(130):       05/22/2020\n
Action.c(130):      :  8am : Flight 450 leaves Paris  for Portland.<br>  </center>\n
Action.c(130):       </TD>\n
Action.c(130):     </TR>\n
Action.c(130):     \n
Action.c(130):     <TR bgcolor="#EFF2F7">\n
Action.c(130):       <TD COLSPAN="4">\n
Action.c(130):       <hr/>\n
Action.c(130):       </TD>\n
Action.c(130):     </TR>\n
Action.c(130):     \n
Action.c(130):     <!-- Flight #1 -->\n
Action.c(130):     <TR bgcolor="#EFF2F7">\n
Action.c(130):       <TD width="5%" rowspan="2" align="left" valign="top">\n
Action.c(130):     <b>\n
Action.c(130):     <label><input type="checkbox" name="178" value="on" /></label></font></b>\n
Action.c(130):     <input type="hidden" name="flightID" value="288498171-136970-UU"  />\n
Action.c(130):       </TD>\n
Action.c(130):       <TD width="45%" valign="top">\n
Action.c(130):           <b>&nbsp;&nbsp;A Coach class ticket for :</b><br/>\n
Action.c(130):           <center><table border="0" width="85%"><tr><td>\n
Action.c(130):           <li><i>User5 Userovich\n
Action.c(130):           <li><i></i>\n
Action.c(130):           </td></tr></table></center>\n
Action.c(130):       </TD>\n
Action.c(130):       <TD width="5%" >.<br/>.<br/>.<br/>.</TD>\n
Action.c(130):       <TD width="45%" valign=top><b>Invoice sent to:</b><br/>\n
Action.c(130):           <center>\n
Action.c(130):           <Table width="80%" cellspacing="0" > <tr> <td>\n
Action.c(130):               User5 Userovich\n
Action.c(130):     <br/>\n
Action.c(130):               <br/>\n
Action.c(130):               <br/>\n
Action.c(130):               <br/>\n
Action.c(130):               Total Charge: $ 621 <BR/> (CC: x-7789)\n
Action.c(130):           </td> </tr> </table>\n
Action.c(130):           </center>\n
Action.c(130):       </TD>\n
Action.c(130):     </TR>\n
Action.c(130):     <TR bgcolor="#EFF2F7">\n
Action.c(130):       <TD COLSPAN="3">\n
Action.c(130):       <b>Flight Details:</b><BR/>  <center>\n
Action.c(130):       05/22/2020\n
Action.c(130):      :  8am : Flight 450 leaves Paris  for Portland.<br>  </center>\n
Action.c(130):       </TD>\n
Action.c(130):     </TR>\n
Action.c(130):     \n
Action.c(130):     <TR bgcolor="#EFF2F7">\n
Action.c(130):       <TD COLSPAN="4">\n
Action.c(130):       <hr/>\n
Action.c(130):       </TD>\n
Action.c(130):     </TR>\n
Action.c(130):     \n
Action.c(130):     <!-- Flight #1 -->\n
Action.c(130):     <TR bgcolor="#EFF2F7">\n
Action.c(130):       <TD width="5%" rowspan="2" align="left" valign="top">\n
Action.c(130):     <b>\n
Action.c(130):     <label><input type="checkbox" name="179" value="on" /></label></font></b>\n
Action.c(130):     <input type="hidden" name="flightID" value="28849483-13773-UU"  />\n
Action.c(130):       </TD>\n
Action.c(130):       <TD width="45%" valign="top">\n
Action.c(130):           <b>&nbsp;&nbsp;A Coach class ticket for :</b><br/>\n
Action.c(130):           <center><table border="0" width="85%"><tr><td>\n
Action.c(130):           <li><i>User5 Userovich\n
Action.c(130):           <li><i></i>\n
Action.c(130):           </td></tr></table></center>\n
Action.c(130):       </TD>\n
Action.c(130):       <TD width="5%" >.<br/>.<br/>.<br/>.</TD>\n
Action.c(130):       <TD width="45%" valign=top><b>Invoice sent to:</b><br/>\n
Action.c(130):           <center>\n
Action.c(130):           <Table width="80%" cellspacing="0" > <tr> <td>\n
Action.c(130):               User5 Userovich\n
Action.c(130):     <br/>\n
Action.c(130):               <br/>\n
Action.c(130):               <br/>\n
Action.c(130):               <br/>\n
Action.c(130):               Total Charge: $ 60 <BR/> (CC: x-7789)\n
Action.c(130):           </td> </tr> </table>\n
Action.c(130):           </center>\n
Action.c(130):       </TD>\n
Action.c(130):     </TR>\n
Action.c(130):     <TR bgcolor="#EFF2F7">\n
Action.c(130):       <TD COLSPAN="3">\n
Action.c(130):       <b>Flight Details:</b><BR/>  <center>\n
Action.c(130):       05/22/2020\n
Action.c(130):      :  8am : Flight 360 leaves Los Angeles  for San Francisco.<br>  </center>\n
Action.c(130):       </TD>\n
Action.c(130):     </TR>\n
Action.c(130):     \n
Action.c(130):     <TR bgcolor="#EFF2F7">\n
Action.c(130):       <TD COLSPAN="4">\n
Action.c(130):       <hr/>\n
Action.c(130):       </TD>\n
Action.c(130):     </TR>\n
Action.c(130):     <TR>\n
Action.c(130):        <TD align="center" COLSPAN="4">\n
Action.c(130):        <b>A total of 179 scheduled flights.</font></b>\n
Action.c(130):        </TD>\n
Action.c(130):     </TR>\n
Action.c(130):     </TABLE>\n
Action.c(130):     \n
Action.c(130):     <TABLE WIDTH="87%" BORDER="0" CELLSPACING="0">\n
Action.c(130):     <TR>\n
Action.c(130):     <TD align="left" width="50%" >\n
Action.c(130):     <input type="image" name="removeFlights" src="/WebTours/images/cancelreservation.gif" bord
Action.c(130):     er="0" /></TD>\n
Action.c(130):     <TD align="right" width="50%" >\n
Action.c(130):     <input type="image" name="removeAllFlights" src="/WebTours/images/cancelallreservations.gi
Action.c(130):     f" border="0" /></TD>\n
Action.c(130):     </TABLE>\n
Action.c(130):     \n
Action.c(130):     <div><input type="hidden" name=".cgifields" value="127"  /><input type="hidden" name=".cgi
Action.c(130):     fields" value="32"  /><input type="hidden" name=".cgifields" value="90"  /><input type="hi
Action.c(130):     dden" name=".cgifields" value="118"  /><input type="hidden" name=".cgifields" value="71"  
Action.c(130):     /><input type="hidden" name=".cgifields" value="102"  /><input type="hidden" name=".cgifie
Action.c(130):     lds" value="18"  /><input type="hidden" name=".cgifields" value="125"  /><input type="hidd
Action.c(130):     en" name=".cgifields" value="16"  /><input type="hidden" name=".cgifields" value="44"  /><
Action.c(130):     input type="hidden" name=".cgifields" value="55"  /><input type="hidden" name=".cgifields"
Action.c(130):      value="84"  /><input type="hidden" name=".cgifields" value="27"  /><input type="hidden" n
Action.c(130):     ame=".cgifields" value="161"  /><input type="hidden" name=".cgifields" value="95"  /><inpu
Action.c(130):     t type="hidden" name=".cgifields" value="57"  /><input type="hidden" name=".cgifields" val
Action.c(130):     ue="20"  /><input type="hidden" name=".cgifields" value="163"  /><input type="hidden" name
Action.c(130):     =".cgifields" value="109"  /><input type="hidden" name=".cgifields" value="151"  /><input 
Action.c(130):     type="hidden" name=".cgifields" value="89"  /><input type="hidden" name=".cgifields" value
Action.c(130):     ="175"  /><input type="hidden" name=".cgifields" value="148"  /><input type="hidden" name=
Action.c(130):     ".cgifields" value="31"  /><input type="hidden" name=".cgifields" value="35"  /><input typ
Action.c(130):     e="hidden" name=".cgifields" value="11"  /><input type="hidden" name=".cgifields" value="7
Action.c(130):     8"  /><input type="hidden" name=".cgifields" value="93"  /><input type="hidden" name=".cgi
Action.c(130):     fields" value="106"  /><input type="hidden" name=".cgifields" value="157"  /><input type="
Action.c(130):     hidden" name=".cgifields" value="65"  /><input type="hidden" name=".cgifields" value="29" 
Action.c(130):      /><input type="hidden" name=".cgifields" value="138"  /><input type="hidden" name=".cgifi
Action.c(130):     elds" value="114"  /><input type="hidden" name=".cgifields" value="58"  /><input type="hid
Action.c(130):     den" name=".cgifields" value="153"  /><input type="hidden" name=".cgifields" value="15"  /
Action.c(130):     ><input type="hidden" name=".cgifields" value="137"  /><input type="hidden" name=".cgifiel
Action.c(130):     ds" value="81"  /><input type="hidden" name=".cgifields" value="60"  /><input type="hidden
Action.c(130):     " name=".cgifields" value="101"  /><input type="hidden" name=".cgifields" value="73"  /><i
Action.c(130):     nput type="hidden" name=".cgifields" value="86"  /><input type="hidden" name=".cgifields" 
Action.c(130):     value="76"  /><input type="hidden" name=".cgifields" value="62"  /><input type="hidden" na
Action.c(130):     me=".cgifields" value="67"  /><input type="hidden" name=".cgifields" value="165"  /><input
Action.c(130):      type="hidden" name=".cgifields" value="139"  /><input type="hidden" name=".cgifields" val
Action.c(130):     ue="129"  /><input type="hidden" name=".cgifields" value="2"  /><input type="hidden" name=
Action.c(130):     ".cgifields" value="17"  /><input type="hidden" name=".cgifields" value="110"  /><input ty
Action.c(130):     pe="hidden" name=".cgifields" value="82"  /><input type="hidden" name=".cgifields" value="
Action.c(130):     147"  /><input type="hidden" name=".cgifields" value="168"  /><input type="hidden" name=".
Action.c(130):     cgifields" value="135"  /><input type="hidden" name=".cgifields" value="14"  /><input type
Action.c(130):     ="hidden" name=".cgifields" value="112"  /><input type="hidden" name=".cgifields" value="6
Action.c(130):     9"  /><input type="hidden" name=".cgifields" value="172"  /><input type="hidden" name=".cg
Action.c(130):     ifields" value="145"  /><input type="hidden" name=".cgifields" value="49"  /><input type="
Action.c(130):     hidden" name=".cgifields" value="178"  /><input type="hidden" name=".cgifields" value="24"
Action.c(130):       /><input type="hidden" name=".cgifields" value="140"  /><input type="hidden" name=".cgif
Action.c(130):     ields" value="124"  /><input type="hidden" name=".cgifields" value="104"  /><input type="h
Action.c(130):     idden" name=".cgifields" value="131"  /><input type="hidden" name=".cgifields" value="121"
Action.c(130):       /><input type="hidden" name=".cgifields" value="79"  /><input type="hidden" name=".cgifi
Action.c(130):     elds" value="154"  /><input type="hidden" name=".cgifields" value="23"  /><input type="hid
Action.c(130):     den" name=".cgifields" value="96"  /><input type="hidden" name=".cgifields" value="126"  /
Action.c(130):     ><input type="hidden" name=".cgifields" value="159"  /><input type="hidden" name=".cgifiel
Action.c(130):     ds" value="160"  /><input type="hidden" name=".cgifields" value="176"  /><input type="hidd
Action.c(130):     en" name=".cgifields" value="47"  /><input type="hidden" name=".cgifields" value="8"  /><i
Action.c(130):     nput type="hidden" name=".cgifields" value="98"  /><input type="hidden" name=".cgifields" 
Action.c(130):     value="37"  /><input type="hidden" name=".cgifields" value="117"  /><input type="hidden" n
Action.c(130):     ame=".cgifields" value="43"  /><input type="hidden" name=".cgifields" value="5"  /><input 
Action.c(130):     type="hidden" name=".cgifields" value="170"  /><input type="hidden" name=".cgifields" valu
Action.c(130):     e="33"  /><input type="hidden" name=".cgifields" value="21"  /><input type="hidden" name="
Action.c(130):     .cgifields" value="63"  /><input type="hidden" name=".cgifields" value="7"  /><input type=
Action.c(130):     "hidden" name=".cgifields" value="26"  /><input type="hidden" name=".cgifields" value="80"
Action.c(130):       /><input type="hidden" name=".cgifields" value="119"  /><input type="hidden" name=".cgif
Action.c(130):     ields" value="99"  /><input type="hidden" name=".cgifields" value="179"  /><input type="hi
Action.c(130):     dden" name=".cgifields" value="162"  /><input type="hidden" name=".cgifields" value="72"  
Action.c(130):     /><input type="hidden" name=".cgifields" value="74"  /><input type="hidden" name=".cgifiel
Action.c(130):     ds" value="61"  /><input type="hidden" name=".cgifields" value="108"  /><input type="hidde
Action.c(130):     n" name=".cgifields" value="115"  /><input type="hidden" name=".cgifields" value="92"  /><
Action.c(130):     input type="hidden" name=".cgifields" value="103"  /><input type="hidden" name=".cgifields
Action.c(130):     " value="10"  /><input type="hidden" name=".cgifields" value="113"  /><input type="hidden"
Action.c(130):      name=".cgifields" value="152"  /><input type="hidden" name=".cgifields" va
Action.c(130): Resource "http://localhost:1080/WebTours/images/cancelreservation.gif" is in the cache already and will not be downloaded again  	[MsgId: MMSG-26655]
Action.c(130): Resource "http://localhost:1080/WebTours/images/cancelallreservations.gif" is in the cache already and will not be downloaded again  	[MsgId: MMSG-26655]
Action.c(130): t=1491926ms: 7-byte chunked response overhead for "http://localhost:1080/cgi-bin/itinerary.pl" (RelFrameId=1, Internal ID=387)
Action.c(130):     \r\n
Action.c(130):     de7\r\n
Action.c(130): t=1491927ms: 7-byte chunked response overhead for "http://localhost:1080/cgi-bin/itinerary.pl" (RelFrameId=1, Internal ID=387)
Action.c(130):     \r\n
Action.c(130):     0\r\n
Action.c(130):     \r\n
Action.c(130): t=1491927ms: 3949-byte chunked response body for "http://localhost:1080/cgi-bin/itinerary.pl" (RelFrameId=1, Internal ID=387)
Action.c(130):     lue="142"  /><input type="hidden" name=".cgifields" value="91"  /><input type="hidden" nam
Action.c(130):     e=".cgifields" value="167"  /><input type="hidden" name=".cgifields" value="48"  /><input 
Action.c(130):     type="hidden" name=".cgifields" value="107"  /><input type="hidden" name=".cgifields" valu
Action.c(130):     e="87"  /><input type="hidden" name=".cgifields" value="174"  /><input type="hidden" name=
Action.c(130):     ".cgifields" value="77"  /><input type="hidden" name=".cgifields" value="133"  /><input ty
Action.c(130):     pe="hidden" name=".cgifields" value="149"  /><input type="hidden" name=".cgifields" value=
Action.c(130):     "123"  /><input type="hidden" name=".cgifields" value="50"  /><input type="hidden" name=".
Action.c(130):     cgifields" value="39"  /><input type="hidden" name=".cgifields" value="64"  /><input type=
Action.c(130):     "hidden" name=".cgifields" value="97"  /><input type="hidden" name=".cgifields" value="12"
Action.c(130):       /><input type="hidden" name=".cgifields" value="41"  /><input type="hidden" name=".cgifi
Action.c(130):     elds" value="52"  /><input type="hidden" name=".cgifields" value="173"  /><input type="hid
Action.c(130):     den" name=".cgifields" value="56"  /><input type="hidden" name=".cgifields" value="45"  />
Action.c(130):     <input type="hidden" name=".cgifields" value="66"  /><input type="hidden" name=".cgifields
Action.c(130):     " value="19"  /><input type="hidden" name=".cgifields" value="54"  /><input type="hidden" 
Action.c(130):     name=".cgifields" value="70"  /><input type="hidden" name=".cgifields" value="68"  /><inpu
Action.c(130):     t type="hidden" name=".cgifields" value="166"  /><input type="hidden" name=".cgifields" va
Action.c(130):     lue="1"  /><input type="hidden" name=".cgifields" value="136"  /><input type="hidden" name
Action.c(130):     =".cgifields" value="88"  /><input type="hidden" name=".cgifields" value="116"  /><input t
Action.c(130):     ype="hidden" name=".cgifields" value="144"  /><input type="hidden" name=".cgifields" value
Action.c(130):     ="141"  /><input type="hidden" name=".cgifields" value="30"  /><input type="hidden" name="
Action.c(130):     .cgifields" value="100"  /><input type="hidden" name=".cgifields" value="25"  /><input typ
Action.c(130):     e="hidden" name=".cgifields" value="128"  /><input type="hidden" name=".cgifields" value="
Action.c(130):     28"  /><input type="hidden" name=".cgifields" value="120"  /><input type="hidden" name=".c
Action.c(130):     gifields" value="156"  /><input type="hidden" name=".cgifields" value="134"  /><input type
Action.c(130):     ="hidden" name=".cgifields" value="40"  /><input type="hidden" name=".cgifields" value="75
Action.c(130):     "  /><input type="hidden" name=".cgifields" value="83"  /><input type="hidden" name=".cgif
Action.c(130):     ields" value="59"  /><input type="hidden" name=".cgifields" value="177"  /><input type="hi
Action.c(130):     dden" name=".cgifields" value="150"  /><input type="hidden" name=".cgifields" value="155" 
Action.c(130):      /><input type="hidden" name=".cgifields" value="130"  /><input type="hidden" name=".cgifi
Action.c(130):     elds" value="53"  /><input type="hidden" name=".cgifields" value="122"  /><input type="hid
Action.c(130):     den" name=".cgifields" value="143"  /><input type="hidden" name=".cgifields" value="158"  
Action.c(130):     /><input type="hidden" name=".cgifields" value="42"  /><input type="hidden" name=".cgifiel
Action.c(130):     ds" value="22"  /><input type="hidden" name=".cgifields" value="46"  /><input type="hidden
Action.c(130):     " name=".cgifields" value="13"  /><input type="hidden" name=".cgifields" value="105"  /><i
Action.c(130):     nput type="hidden" name=".cgifields" value="6"  /><input type="hidden" name=".cgifields" v
Action.c(130):     alue="85"  /><input type="hidden" name=".cgifields" value="36"  /><input type="hidden" nam
Action.c(130):     e=".cgifields" value="3"  /><input type="hidden" name=".cgifields" value="94"  /><input ty
Action.c(130):     pe="hidden" name=".cgifields" value="146"  /><input type="hidden" name=".cgifields" value=
Action.c(130):     "51"  /><input type="hidden" name=".cgifields" value="9"  /><input type="hidden" name=".cg
Action.c(130):     ifields" value="111"  /><input type="hidden" name=".cgifields" value="38"  /><input type="
Action.c(130):     hidden" name=".cgifields" value="4"  /><input type="hidden" name=".cgifields" value="34"  
Action.c(130):     /><input type="hidden" name=".cgifields" value="169"  /><input type="hidden" name=".cgifie
Action.c(130):     lds" value="164"  /><input type="hidden" name=".cgifields" value="132"  /><input type="hid
Action.c(130):     den" name=".cgifields" value="171"  /></div></form>\n
Action.c(130):     \n
Action.c(130):     </center>\n
Action.c(130):     \n
Action.c(130):     </body>\n
Action.c(130):     </html>
Action.c(130): t=1491928ms: Request done "http://localhost:1080/cgi-bin/itinerary.pl"  	[MsgId: MMSG-26000]
Action.c(130): Registered web_reg_find successful for "Text=Flights List" (count=1)  	[MsgId: MMSG-26364]
Action.c(130): web_submit_form("itinerary.pl") was successful, 204139 body bytes, 256 header bytes, 395 chunking overhead bytes  	[MsgId: MMSG-26385]
Action.c(138): Notify: Transaction "transaction_delete_reservation" ended with a "Pass" status (Duration: 0,2778 Wasted Time: 0,0004).	[MsgId: MMSG-16871]
Action.c(140): lr_think_time: 5,00 seconds.	[MsgId: MMSG-15948]
Action.c(142): Notify: Transaction "transaction_logout" started.	[MsgId: MMSG-16999]
Action.c(144): web_remove_auto_header("Sec-Fetch-User") started  	[MsgId: MMSG-26355]
Action.c(144): Previous automatically added web header for "Sec-Fetch-User" removed  	[MsgId: MMSG-26587]
Action.c(144): web_remove/revert_auto_header("Sec-Fetch-User") was successful  	[MsgId: MMSG-26392]
Action.c(146): web_add_header("Sec-Fetch-User") started  	[MsgId: MMSG-26355]
Action.c(146): An unrecognized header ("Sec-Fetch-User") is being added  	[MsgId: MMSG-26595]
Action.c(146): "Sec-Fetch-User: ?1" header registered for adding to requests from the immediately following Action function  	[MsgId: MMSG-26506]
Action.c(146): web_add_header("Sec-Fetch-User") was successful  	[MsgId: MMSG-26392]
Action.c(149): web_reg_find started  	[MsgId: MMSG-26355]
Action.c(149): Registering web_reg_find was successful  	[MsgId: MMSG-26390]
Action.c(152): web_url("SignOff Button") started  	[MsgId: MMSG-26355]
Action.c(152): t=1496930ms: Closed connection [0] to localhost:1080 after completing 1 request(s)  	[MsgId: MMSG-26000]
Action.c(152): t=1496930ms: Connecting [0] to host 127.0.0.1:1080  	[MsgId: MMSG-26000]
Action.c(152): t=1496941ms: Connected socket [0] from 127.0.0.1:18324 to 127.0.0.1:1080 in 11 ms  	[MsgId: MMSG-26000]
Action.c(152): t=1496941ms: 668-byte request headers for "http://localhost:1080/cgi-bin/welcome.pl?signOff=1" (RelFrameId=1, Internal ID=388)
Action.c(152):     GET /cgi-bin/welcome.pl?signOff=1 HTTP/1.1\r\n
Action.c(152):     Referer: http://localhost:1080/cgi-bin/nav.pl?page=menu&in=itinerary\r\n
Action.c(152):     Sec-Fetch-User: ?1\r\n
Action.c(152):     Sec-Fetch-Site: same-origin\r\n
Action.c(152):     Sec-Fetch-Dest: frame\r\n
Action.c(152):     Sec-Fetch-Mode: navigate\r\n
Action.c(152):     Upgrade-Insecure-Requests: 1\r\n
Action.c(152):     User-Agent: Mozilla/5.0 (Windows NT 10.0; Win64; x64) AppleWebKit/537.36 (KHTML, like Geck
Action.c(152):     o) Chrome/81.0.4044.129 Safari/537.36\r\n
Action.c(152):     Accept-Encoding: gzip, deflate, br\r\n
Action.c(152):     Accept-Language: ru-RU,ru;q=0.9,en-US;q=0.8,en;q=0.7\r\n
Action.c(152):     Accept: */*\r\n
Action.c(152):     Connection: Keep-Alive\r\n
Action.c(152):     Host: localhost:1080\r\n
Action.c(152):     Cookie: MSO=SID&1590164300; MTUserInfo=firstName&User5&address2&&username&user5&hash&117&l
Action.c(152):     astName&Userovich%0A&address1&&creditCard&&expDate&%0A\r\n
Action.c(152):     \r\n
Action.c(152): t=1496994ms: 328-byte response headers for "http://localhost:1080/cgi-bin/welcome.pl?signOff=1" (RelFrameId=1, Internal ID=388)
Action.c(152):     HTTP/1.1 200 OK\r\n
Action.c(152):     Date: Fri, 22 May 2020 16:18:41 GMT\r\n
Action.c(152):     Server: Apache/2.2.21 (Win32)\r\n
Action.c(152):     Set-Cookie: MSO=SID&1590164321; path=/\r\n
Action.c(152):     Set-Cookie: MTUserInfo=; path=/; expires=Thu, 21-May-2020 16:18:41 GMT\r\n
Action.c(152):     Keep-Alive: timeout=5, max=100\r\n
Action.c(152):     Connection: Keep-Alive\r\n
Action.c(152):     Transfer-Encoding: chunked\r\n
Action.c(152):     Content-Type: text/html; charset=ISO-8859-1\r\n
Action.c(152):     \r\n
Action.c(152): t=1496994ms: 5-byte chunked response overhead for "http://localhost:1080/cgi-bin/welcome.pl?signOff=1" (RelFrameId=1, Internal ID=388)
Action.c(152):     2ae\r\n
Action.c(152): t=1496994ms: 2-byte chunked response overhead for "http://localhost:1080/cgi-bin/welcome.pl?signOff=1" (RelFrameId=1, Internal ID=388)
Action.c(152):     \r\n
Action.c(152): t=1496995ms: 686-byte chunked response body for "http://localhost:1080/cgi-bin/welcome.pl?signOff=1" (RelFrameId=1, Internal ID=388)
Action.c(152):     <!-- \n
Action.c(152):      A Session ID has been created and loaded into a cookie called MSO.\n
Action.c(152):      Also, the server options have been loaded into the cookie called\n
Action.c(152):      MSO as well.  The server options can be set via the Admin page.\n
Action.c(152):      --->\n
Action.c(152):     \n
Action.c(152):     <html>\n
Action.c(152):     <title>Web Tours</title>\n
Action.c(152):        <!-- Frame Set -->\n
Action.c(152):        <frameset cols="160,*" border="1" frameborder="1">\n
Action.c(152):           <!-- Navigation Frame -->\n
Action.c(152):           <frame src="nav.pl?in=home" name="navbar" marginheight="2" marginwidth="2" \n
Action.c(152):                 noresize="noresize" scrolling="auto"/>\n
Action.c(152):           <!-- Home Frame -->\n
Action.c(152):           <frame src="/WebTours/home.html" name="info" marginheight="2" marginwidth="2" \n
Action.c(152):                 noresize="noresize" scrolling="auto"/>\n
Action.c(152):        </frameset>\n
Action.c(152):     </html>\n
Action.c(152):     \n
Action.c(152):     </body>\n
Action.c(152):     </html>
Action.c(152): Detected non-resource "http://localhost:1080/cgi-bin/nav.pl?in=home" in "http://localhost:1080/cgi-bin/welcome.pl?signOff=1"  	[MsgId: MMSG-26574]
Action.c(152): Detected non-resource "http://localhost:1080/WebTours/home.html" in "http://localhost:1080/cgi-bin/welcome.pl?signOff=1"  	[MsgId: MMSG-26574]
Action.c(152): Retrieving data from cache for "http://localhost:1080/WebTours/home.html"  	[MsgId: MMSG-26558]
Action.c(152): t=1496996ms: 1361-byte response body retrieved from cache for "http://localhost:1080/WebTours/home.html" (RelFrameId=1.2, Internal ID=390)
Action.c(152):     <HTML>\n
Action.c(152):     <HEAD>\n
Action.c(152):     \t<title>Web Tours</title>\n
Action.c(152):     </HEAD>\n
Action.c(152):     <style>\n
Action.c(152):     \tblockquote {font-family: tahoma; font-size : 10pt}\n
Action.c(152):     \tH1 {font-family: tahoma; font-size : 22pt; color: #003366}\n
Action.c(152):     \tsmall {font-family: tahoma; font-size : 8pt}\n
Action.c(152):     \tH3{font-family: tahoma; font-size : 10pt; color: black}\n
Action.c(152):     \tA {FONT-WEIGHT: bold; FONT-SIZE: 10pt; COLOR: black; FONT-FAMILY: Tahoma; TEXT-DECORATIO
Action.c(152):     N: none}\n
Action.c(152):     \tA:hover{ FONT-WEIGHT: bold; FONT-SIZE: 10pt; COLOR: #993333; FONT-FAMILY: Tahoma;TEXT-DE
Action.c(152):     CORATION: underline}\n
Action.c(152):     \tTD {font-family: tahoma; font-size : 10pt; color: black}\n
Action.c(152):     </style>\n
Action.c(152):     <body bgcolor="#e0e7f1">\n
Action.c(152):     <BR/>\n
Action.c(152):     <BR/>\n
Action.c(152):     <BR/>\n
Action.c(152):     <br/>\n
Action.c(152):     <table border="0">\n
Action.c(152):     <tr><td></td></tr>\n
Action.c(152):     <TR><TD></TD></TR>\n
Action.c(152):     <TR><TD>\n
Action.c(152):     <blockquote>\n
Action.c(152):     <H1><b>Web Tours</b></H1>\n
Action.c(152):     Welcome to the Web Tours site.\n
Action.c(152):     <br/>\n
Action.c(152):     To make reservations,please enter your account information to the left.\n
Action.c(152):     <br/>\n
Action.c(152):     If you haven't registered yet, <A href="/cgi-bin/login.pl?username=&amp;password=&amp;getI
Action.c(152):     nfo=true" ><B>sign up now</B></A> to get access to all our resources.\n
Action.c(152):     <br/>\n
Action.c(152):     To configure the server options, use <A href="/cgi-bin/admin.pl" target="body" ><b>adminis
Action.c(152):     tration</b></A> link.\n
Action.c(152):     <br/><br/><br/><br/><br/><br/>\n
Action.c(152):     <br/><small>\n
Action.c(152):     This product uses parts of the SMT Kernel, Copyright (c) 1991-99 <A href="http://www.imati
Action.c(152):     x.com" target="new"><B><small>iMatix Corporation</small></B></A> \n
Action.c(152):     </small>\n
Action.c(152):     </blockquote></TD>\n
Action.c(152):     <TD></TD></TR>\n
Action.c(152):     </table>\n
Action.c(152):     </body>\n
Action.c(152):     </HTML>\n
Action.c(152): t=1496998ms: 5-byte chunked response overhead for "http://localhost:1080/cgi-bin/welcome.pl?signOff=1" (RelFrameId=1, Internal ID=388)
Action.c(152):     0\r\n
Action.c(152):     \r\n
Action.c(152): t=1496998ms: Request done "http://localhost:1080/cgi-bin/welcome.pl?signOff=1"  	[MsgId: MMSG-26000]
Action.c(152): t=1496998ms: Connecting [1] to host 127.0.0.1:1080  	[MsgId: MMSG-26000]
Action.c(152): t=1496998ms: Connected socket [1] from 127.0.0.1:18325 to 127.0.0.1:1080 in 0 ms  	[MsgId: MMSG-26000]
Action.c(152): t=1496998ms: 535-byte request headers for "http://localhost:1080/cgi-bin/nav.pl?in=home" (RelFrameId=1.1, Internal ID=389)
Action.c(152):     GET /cgi-bin/nav.pl?in=home HTTP/1.1\r\n
Action.c(152):     Referer: http://localhost:1080/cgi-bin/welcome.pl?signOff=1\r\n
Action.c(152):     Sec-Fetch-User: ?1\r\n
Action.c(152):     Sec-Fetch-Site: same-origin\r\n
Action.c(152):     Sec-Fetch-Dest: frame\r\n
Action.c(152):     Sec-Fetch-Mode: navigate\r\n
Action.c(152):     Upgrade-Insecure-Requests: 1\r\n
Action.c(152):     User-Agent: Mozilla/5.0 (Windows NT 10.0; Win64; x64) AppleWebKit/537.36 (KHTML, like Geck
Action.c(152):     o) Chrome/81.0.4044.129 Safari/537.36\r\n
Action.c(152):     Accept-Encoding: gzip, deflate, br\r\n
Action.c(152):     Accept-Language: ru-RU,ru;q=0.9,en-US;q=0.8,en;q=0.7\r\n
Action.c(152):     Accept: */*\r\n
Action.c(152):     Connection: Keep-Alive\r\n
Action.c(152):     Host: localhost:1080\r\n
Action.c(152):     Cookie: MSO=SID&1590164321\r\n
Action.c(152):     \r\n
Action.c(152): t=1497049ms: 256-byte response headers for "http://localhost:1080/cgi-bin/nav.pl?in=home" (RelFrameId=1.1, Internal ID=389)
Action.c(152):     HTTP/1.1 200 OK\r\n
Action.c(152):     Date: Fri, 22 May 2020 16:18:41 GMT\r\n
Action.c(152):     Server: Apache/2.2.21 (Win32)\r\n
Action.c(152):     Expires: Thu, 21 May 2020 16:18:41 GMT\r\n
Action.c(152):     Keep-Alive: timeout=5, max=100\r\n
Action.c(152):     Connection: Keep-Alive\r\n
Action.c(152):     Transfer-Encoding: chunked\r\n
Action.c(152):     Content-Type: text/html; charset=ISO-8859-1\r\n
Action.c(152):     \r\n
Action.c(152): t=1497050ms: 5-byte chunked response overhead for "http://localhost:1080/cgi-bin/nav.pl?in=home" (RelFrameId=1.1, Internal ID=389)
Action.c(152):     5d2\r\n
Action.c(152): t=1497050ms: 2-byte chunked response overhead for "http://localhost:1080/cgi-bin/nav.pl?in=home" (RelFrameId=1.1, Internal ID=389)
Action.c(152):     \r\n
Action.c(152): t=1497050ms: 1490-byte chunked response body for "http://localhost:1080/cgi-bin/nav.pl?in=home" (RelFrameId=1.1, Internal ID=389)
Action.c(152):     <!DOCTYPE html\n
Action.c(152):     \tPUBLIC "-//W3C//DTD XHTML 1.0 Transitional//EN"\n
Action.c(152):     \t "http://www.w3.org/TR/xhtml1/DTD/xhtml1-transitional.dtd">\n
Action.c(152):     <html xmlns="http://www.w3.org/1999/xhtml" lang="en-US" xml:lang="en-US">\n
Action.c(152):     <head>\n
Action.c(152):     <title>Web Tours Navigation Bar</title>\n
Action.c(152):     <meta http-equiv="Content-Type" content="text/html; charset=iso-8859-1" />\n
Action.c(152):     </head>\n
Action.c(152):     <body bgcolor="#E0E7F1">\n
Action.c(152):     <style>\n
Action.c(152):     blockquote {font-family: tahoma; font-size : 10pt}\n
Action.c(152):     H1 {font-family: tahoma; font-size : 22pt; color: #993333}\n
Action.c(152):     H3 {font-family: tahoma; font-size : 10pt; color: black}\n
Action.c(152):     small {font-family: tahoma; font-size : 8pt}\n
Action.c(152):     </style>\n
Action.c(152):     <form method="post" action="/cgi-bin/login.pl" target="body">\n
Action.c(152):     <input type="hidden" name="userSession" value="128810.394572701zzcfzitpzHAiDDDDDQHftpVAiAc
Action.c(152):     f"/>\n
Action.c(152):     <table border="0"><tr><td>&nbsp;</td>\n
Action.c(152):     <td>&nbsp;</td></tr>\n
Action.c(152):     <tr><td>&nbsp;</td>\n
Action.c(152):     <td>&nbsp;</td></tr>\n
Action.c(152):     <tr><td>&nbsp;</td>\n
Action.c(152):     <td><small>&nbsp;Username</small></td></tr>\n
Action.c(152):     <tr><td>&nbsp;</td>\n
Action.c(152):     <td><input type="text" name="username" value="" size="14" maxlength="14"/></td></tr>\n
Action.c(152):     <tr><td>&nbsp;</td>\n
Action.c(152):     <td><small>&nbsp;Password</small></td>\n
Action.c(152):     <tr><td>&nbsp;</td>\n
Action.c(152):     <td><input type="password" name="password" value="" size="14" maxlength="14"/></td></tr>\n
Action.c(152):     <tr><td>&nbsp;</td>\n
Action.c(152):     <td>&nbsp;</td></tr>\n
Action.c(152):     <tr><td>&nbsp;</td>\n
Action.c(152):     <td><input type="image" name="login" value="Login" alt="Login" border="1" \n
Action.c(152):     src="/WebTours/images/mer_login.gif"/></td></tr>\n
Action.c(152):     <tr><td>&nbsp;</td><td>&nbsp;</td></tr>\n
Action.c(152):     </table><input type="hidden" name="JSFormSubmit" value="off"/>\n
Action.c(152):     </form>\n
Action.c(152):     \n
Action.c(152):     </body>\n
Action.c(152):     </html>\n
Action.c(152): Resource "http://localhost:1080/WebTours/images/mer_login.gif" is in the cache already and will not be downloaded again  	[MsgId: MMSG-26655]
Action.c(152): t=1497053ms: 5-byte chunked response overhead for "http://localhost:1080/cgi-bin/nav.pl?in=home" (RelFrameId=1.1, Internal ID=389)
Action.c(152):     0\r\n
Action.c(152):     \r\n
Action.c(152): t=1497053ms: Request done "http://localhost:1080/cgi-bin/nav.pl?in=home"  	[MsgId: MMSG-26000]
Action.c(152): Registered web_reg_find successful for "Text=A Session ID has been created and loaded into" (count=1)  	[MsgId: MMSG-26364]
Action.c(152): web_url("SignOff Button") was successful, 2176 body bytes, 584 header bytes, 24 chunking overhead bytes  	[MsgId: MMSG-26385]
Action.c(162): Notify: Transaction "transaction_logout" ended with a "Pass" status (Duration: 0,1243 Wasted Time: 0,0000).	[MsgId: MMSG-16871]
Action.c(164): Notify: Transaction "2_cansel_reservation_transaction" ended with a "Pass" status (Duration: 21,0050 Think Time: 20,0039 Wasted Time: 0,0009).	[MsgId: MMSG-16870]
Ending action Action.	[MsgId: MMSG-15918]
Ending iteration 15.	[MsgId: MMSG-15965]
Waiting 77,9940 seconds for iteration pacing.	[MsgId: MMSG-15996]
Action was aborted.	[MsgId: MMSG-10694]
Ending Vuser...	[MsgId: MMSG-15966]
Starting action vuser_end.	[MsgId: MMSG-15919]
Ending action vuser_end.	[MsgId: MMSG-15918]
Vuser Terminated.	[MsgId: MMSG-15963]
t=1545217ms: Closed connection [0] to localhost:1080 after completing 1 request(s)  	[MsgId: MMSG-26000]
t=1545217ms: Closed connection [1] to localhost:1080 after completing 1 request(s)  	[MsgId: MMSG-26000]
HTML-Mode memory management statistics: Reusable=43, NonReusable=0, CsMemBlockSize=4096, checks disabled  	[MsgId: MMSG-26000]
Vuser 1 (thread 176740), ended OK."	[MsgId: MMSG-10695]
