Action.c(130):               User5 Userovich\n
Action.c(130):     <br/>\n
Action.c(130):               <br/>\n
Action.c(130):               <br/>\n
Action.c(130):               <br/>\n
Action.c(130):               Total Charge: $ 621 <BR/> (CC:
Action.c(130): t=604894ms: 8-byte chunked response overhead for "http://localhost:1080/cgi-bin/itinerary.pl" (RelFrameId=1, Internal ID=153)
Action.c(130):     \r\n
Action.c(130):     1000\r\n
Action.c(130): t=604894ms: 8-byte chunked response overhead for "http://localhost:1080/cgi-bin/itinerary.pl" (RelFrameId=1, Internal ID=153)
Action.c(130):     \r\n
Action.c(130):     1000\r\n
Action.c(130): t=604894ms: 8-byte chunked response overhead for "http://localhost:1080/cgi-bin/itinerary.pl" (RelFrameId=1, Internal ID=153)
Action.c(130):     \r\n
Action.c(130):     1000\r\n
Action.c(130): t=604894ms: 12263-byte chunked response body for "http://localhost:1080/cgi-bin/itinerary.pl" (RelFrameId=1, Internal ID=153)
Action.c(130):      x-7789)\n
Action.c(130):           </td> </tr> </table>\n
Action.c(130):           </center>\n
Action.c(130):       </TD>\n
Action.c(130):     </TR>\n
Action.c(130):     <TR bgcolor="#EFF2F7">\n
Action.c(130):       <TD COLSPAN="3">\n
Action.c(130):       <b>Flight Details:</b><BR/>  <center>\n
Action.c(130):       05/17/2020\n
Action.c(130):      :  8am : Flight 450 leaves Paris  for Portland.<br>  </center>\n
Action.c(130):       </TD>\n
Action.c(130):     </TR>\n
Action.c(130):     \n
Action.c(130):     <TR bgcolor="#EFF2F7">\n
Action.c(130):       <TD COLSPAN="4">\n
Action.c(130):       <hr/>\n
Action.c(130):       </TD>\n
Action.c(130):     </TR>\n
Action.c(130):     \n
Action.c(130):     <!-- Flight #1 -->\n
Action.c(130):     <TR bgcolor="#EFF2F7">\n
Action.c(130):       <TD width="5%" rowspan="2" align="left" valign="top">\n
Action.c(130):     <b>\n
Action.c(130):     <label><input type="checkbox" name="61" value="on" /></label></font></b>\n
Action.c(130):     <input type="hidden" name="flightID" value="288498171-46970-UU"  />\n
Action.c(130):       </TD>\n
Action.c(130):       <TD width="45%" valign="top">\n
Action.c(130):           <b>&nbsp;&nbsp;A Coach class ticket for :</b><br/>\n
Action.c(130):           <center><table border="0" width="85%"><tr><td>\n
Action.c(130):           <li><i>User5 Userovich\n
Action.c(130):           <li><i></i>\n
Action.c(130):           </td></tr></table></center>\n
Action.c(130):       </TD>\n
Action.c(130):       <TD width="5%" >.<br/>.<br/>.<br/>.</TD>\n
Action.c(130):       <TD width="45%" valign=top><b>Invoice sent to:</b><br/>\n
Action.c(130):           <center>\n
Action.c(130):           <Table width="80%" cellspacing="0" > <tr> <td>\n
Action.c(130):               User5 Userovich\n
Action.c(130):     <br/>\n
Action.c(130):               <br/>\n
Action.c(130):               <br/>\n
Action.c(130):               <br/>\n
Action.c(130):               Total Charge: $ 621 <BR/> (CC: x-7789)\n
Action.c(130):           </td> </tr> </table>\n
Action.c(130):           </center>\n
Action.c(130):       </TD>\n
Action.c(130):     </TR>\n
Action.c(130):     <TR bgcolor="#EFF2F7">\n
Action.c(130):       <TD COLSPAN="3">\n
Action.c(130):       <b>Flight Details:</b><BR/>  <center>\n
Action.c(130):       05/17/2020\n
Action.c(130):      :  8am : Flight 450 leaves Paris  for Portland.<br>  </center>\n
Action.c(130):       </TD>\n
Action.c(130):     </TR>\n
Action.c(130):     \n
Action.c(130):     <TR bgcolor="#EFF2F7">\n
Action.c(130):       <TD COLSPAN="4">\n
Action.c(130):       <hr/>\n
Action.c(130):       </TD>\n
Action.c(130):     </TR>\n
Action.c(130):     \n
Action.c(130):     <!-- Flight #1 -->\n
Action.c(130):     <TR bgcolor="#EFF2F7">\n
Action.c(130):       <TD width="5%" rowspan="2" align="left" valign="top">\n
Action.c(130):     <b>\n
Action.c(130):     <label><input type="checkbox" name="62" value="on" /></label></font></b>\n
Action.c(130):     <input type="hidden" name="flightID" value="153387060-47740-UU"  />\n
Action.c(130):       </TD>\n
Action.c(130):       <TD width="45%" valign="top">\n
Action.c(130):           <b>&nbsp;&nbsp;A Coach class ticket for :</b><br/>\n
Action.c(130):           <center><table border="0" width="85%"><tr><td>\n
Action.c(130):           <li><i>User5 Userovich\n
Action.c(130):           <li><i></i>\n
Action.c(130):           </td></tr></table></center>\n
Action.c(130):       </TD>\n
Action.c(130):       <TD width="5%" >.<br/>.<br/>.<br/>.</TD>\n
Action.c(130):       <TD width="45%" valign=top><b>Invoice sent to:</b><br/>\n
Action.c(130):           <center>\n
Action.c(130):           <Table width="80%" cellspacing="0" > <tr> <td>\n
Action.c(130):               User5 Userovich\n
Action.c(130):     <br/>\n
Action.c(130):               <br/>\n
Action.c(130):               <br/>\n
Action.c(130):               <br/>\n
Action.c(130):               Total Charge: $ 621 <BR/> (CC: x-4141)\n
Action.c(130):           </td> </tr> </table>\n
Action.c(130):           </center>\n
Action.c(130):       </TD>\n
Action.c(130):     </TR>\n
Action.c(130):     <TR bgcolor="#EFF2F7">\n
Action.c(130):       <TD COLSPAN="3">\n
Action.c(130):       <b>Flight Details:</b><BR/>  <center>\n
Action.c(130):       05/17/2020\n
Action.c(130):      :  8am : Flight 450 leaves Paris  for Portland.<br>  </center>\n
Action.c(130):       </TD>\n
Action.c(130):     </TR>\n
Action.c(130):     \n
Action.c(130):     <TR bgcolor="#EFF2F7">\n
Action.c(130):       <TD COLSPAN="4">\n
Action.c(130):       <hr/>\n
Action.c(130):       </TD>\n
Action.c(130):     </TR>\n
Action.c(130):     \n
Action.c(130):     <!-- Flight #1 -->\n
Action.c(130):     <TR bgcolor="#EFF2F7">\n
Action.c(130):       <TD width="5%" rowspan="2" align="left" valign="top">\n
Action.c(130):     <b>\n
Action.c(130):     <label><input type="checkbox" name="63" value="on" /></label></font></b>\n
Action.c(130):     <input type="hidden" name="flightID" value="153387060-48509-UU"  />\n
Action.c(130):       </TD>\n
Action.c(130):       <TD width="45%" valign="top">\n
Action.c(130):           <b>&nbsp;&nbsp;A Coach class ticket for :</b><br/>\n
Action.c(130):           <center><table border="0" width="85%"><tr><td>\n
Action.c(130):           <li><i>User5 Userovich\n
Action.c(130):           <li><i></i>\n
Action.c(130):           </td></tr></table></center>\n
Action.c(130):       </TD>\n
Action.c(130):       <TD width="5%" >.<br/>.<br/>.<br/>.</TD>\n
Action.c(130):       <TD width="45%" valign=top><b>Invoice sent to:</b><br/>\n
Action.c(130):           <center>\n
Action.c(130):           <Table width="80%" cellspacing="0" > <tr> <td>\n
Action.c(130):               User5 Userovich\n
Action.c(130):     <br/>\n
Action.c(130):               <br/>\n
Action.c(130):               <br/>\n
Action.c(130):               <br/>\n
Action.c(130):               Total Charge: $ 621 <BR/> (CC: x-4141)\n
Action.c(130):           </td> </tr> </table>\n
Action.c(130):           </center>\n
Action.c(130):       </TD>\n
Action.c(130):     </TR>\n
Action.c(130):     <TR bgcolor="#EFF2F7">\n
Action.c(130):       <TD COLSPAN="3">\n
Action.c(130):       <b>Flight Details:</b><BR/>  <center>\n
Action.c(130):       05/17/2020\n
Action.c(130):      :  8am : Flight 450 leaves Paris  for Portland.<br>  </center>\n
Action.c(130):       </TD>\n
Action.c(130):     </TR>\n
Action.c(130):     \n
Action.c(130):     <TR bgcolor="#EFF2F7">\n
Action.c(130):       <TD COLSPAN="4">\n
Action.c(130):       <hr/>\n
Action.c(130):       </TD>\n
Action.c(130):     </TR>\n
Action.c(130):     \n
Action.c(130):     <!-- Flight #1 -->\n
Action.c(130):     <TR bgcolor="#EFF2F7">\n
Action.c(130):       <TD width="5%" rowspan="2" align="left" valign="top">\n
Action.c(130):     <b>\n
Action.c(130):     <label><input type="checkbox" name="64" value="on" /></label></font></b>\n
Action.c(130):     <input type="hidden" name="flightID" value="153387060-49278-UU"  />\n
Action.c(130):       </TD>\n
Action.c(130):       <TD width="45%" valign="top">\n
Action.c(130):           <b>&nbsp;&nbsp;A Coach class ticket for :</b><br/>\n
Action.c(130):           <center><table border="0" width="85%"><tr><td>\n
Action.c(130):           <li><i>User5 Userovich\n
Action.c(130):           <li><i></i>\n
Action.c(130):           </td></tr></table></center>\n
Action.c(130):       </TD>\n
Action.c(130):       <TD width="5%" >.<br/>.<br/>.<br/>.</TD>\n
Action.c(130):       <TD width="45%" valign=top><b>Invoice sent to:</b><br/>\n
Action.c(130):           <center>\n
Action.c(130):           <Table width="80%" cellspacing="0" > <tr> <td>\n
Action.c(130):               User5 Userovich\n
Action.c(130):     <br/>\n
Action.c(130):               <br/>\n
Action.c(130):               <br/>\n
Action.c(130):               <br/>\n
Action.c(130):               Total Charge: $ 621 <BR/> (CC: x-4141)\n
Action.c(130):           </td> </tr> </table>\n
Action.c(130):           </center>\n
Action.c(130):       </TD>\n
Action.c(130):     </TR>\n
Action.c(130):     <TR bgcolor="#EFF2F7">\n
Action.c(130):       <TD COLSPAN="3">\n
Action.c(130):       <b>Flight Details:</b><BR/>  <center>\n
Action.c(130):       05/17/2020\n
Action.c(130):      :  8am : Flight 450 leaves Paris  for Portland.<br>  </center>\n
Action.c(130):       </TD>\n
Action.c(130):     </TR>\n
Action.c(130):     \n
Action.c(130):     <TR bgcolor="#EFF2F7">\n
Action.c(130):       <TD COLSPAN="4">\n
Action.c(130):       <hr/>\n
Action.c(130):       </TD>\n
Action.c(130):     </TR>\n
Action.c(130):     \n
Action.c(130):     <!-- Flight #1 -->\n
Action.c(130):     <TR bgcolor="#EFF2F7">\n
Action.c(130):       <TD width="5%" rowspan="2" align="left" valign="top">\n
Action.c(130):     <b>\n
Action.c(130):     <label><input type="checkbox" name="65" value="on" /></label></font></b>\n
Action.c(130):     <input type="hidden" name="flightID" value="153387060-50047-UU"  />\n
Action.c(130):       </TD>\n
Action.c(130):       <TD width="45%" valign="top">\n
Action.c(130):           <b>&nbsp;&nbsp;A Coach class ticket for :</b><br/>\n
Action.c(130):           <center><table border="0" width="85%"><tr><td>\n
Action.c(130):           <li><i>User5 Userovich\n
Action.c(130):           <li><i></i>\n
Action.c(130):           </td></tr></table></center>\n
Action.c(130):       </TD>\n
Action.c(130):       <TD width="5%" >.<br/>.<br/>.<br/>.</TD>\n
Action.c(130):       <TD width="45%" valign=top><b>Invoice sent to:</b><br/>\n
Action.c(130):           <center>\n
Action.c(130):           <Table width="80%" cellspacing="0" > <tr> <td>\n
Action.c(130):               User5 Userovich\n
Action.c(130):     <br/>\n
Action.c(130):               <br/>\n
Action.c(130):               <br/>\n
Action.c(130):               <br/>\n
Action.c(130):               Total Charge: $ 621 <BR/> (CC: x-4141)\n
Action.c(130):           </td> </tr> </table>\n
Action.c(130):           </center>\n
Action.c(130):       </TD>\n
Action.c(130):     </TR>\n
Action.c(130):     <TR bgcolor="#EFF2F7">\n
Action.c(130):       <TD COLSPAN="3">\n
Action.c(130):       <b>Flight Details:</b><BR/>  <center>\n
Action.c(130):       05/17/2020\n
Action.c(130):      :  8am : Flight 450 leaves Paris  for Portland.<br>  </center>\n
Action.c(130):       </TD>\n
Action.c(130):     </TR>\n
Action.c(130):     \n
Action.c(130):     <TR bgcolor="#EFF2F7">\n
Action.c(130):       <TD COLSPAN="4">\n
Action.c(130):       <hr/>\n
Action.c(130):       </TD>\n
Action.c(130):     </TR>\n
Action.c(130):     \n
Action.c(130):     <!-- Flight #1 -->\n
Action.c(130):     <TR bgcolor="#EFF2F7">\n
Action.c(130):       <TD width="5%" rowspan="2" align="left" valign="top">\n
Action.c(130):     <b>\n
Action.c(130):     <label><input type="checkbox" name="66" value="on" /></label></font></b>\n
Action.c(130):     <input type="hidden" name="flightID" value="28849483-5081-UU"  />\n
Action.c(130):       </TD>\n
Action.c(130):       <TD width="45%" valign="top">\n
Action.c(130):           <b>&nbsp;&nbsp;A Coach class ticket for :</b><br/>\n
Action.c(130):           <center><table border="0" width="85%"><tr><td>\n
Action.c(130):           <li><i>User5 Userovich\n
Action.c(130):           <li><i></i>\n
Action.c(130):           </td></tr></table></center>\n
Action.c(130):       </TD>\n
Action.c(130):       <TD width="5%" >.<br/>.<br/>.<br/>.</TD>\n
Action.c(130):       <TD width="45%" valign=top><b>Invoice sent to:</b><br/>\n
Action.c(130):           <center>\n
Action.c(130):           <Table width="80%" cellspacing="0" > <tr> <td>\n
Action.c(130):               User5 Userovich\n
Action.c(130):     <br/>\n
Action.c(130):               <br/>\n
Action.c(130):               <br/>\n
Action.c(130):               <br/>\n
Action.c(130):               Total Charge: $ 60 <BR/> (CC: x-7789)\n
Action.c(130):           </td> </tr> </table>\n
Action.c(130):           </center>\n
Action.c(130):       </TD>\n
Action.c(130):     </TR>\n
Action.c(130):     <TR bgcolor="#EFF2F7">\n
Action.c(130):       <TD COLSPAN="3">\n
Action.c(130):       <b>Flight Details:</b><BR/>  <center>\n
Action.c(130):       05/17/2020\n
Action.c(130):      :  8am : Flight 360 leaves Los Angeles  for San Francisco.<br>  </center>\n
Action.c(130):       </TD>\n
Action.c(130):     </TR>\n
Action.c(130):     \n
Action.c(130):     <TR bgcolor="#EFF2F7">\n
Action.c(130):       <TD COLSPAN="4">\n
Action.c(130):       <hr/>\n
Action.c(130):       </TD>\n
Action.c(130):     </TR>\n
Action.c(130):     \n
Action.c(130):     <!-- Flight #1 -->\n
Action.c(130):     <TR bgcolor="#EFF2F7">\n
Action.c(130):       <TD width="5%" rowspan="2" align="left" valign="top">\n
Action.c(130):     <b>\n
Action.c(130):     <label><input type="checkbox" name="67" value="on" /></label></font></b>\n
Action.c(130):     <input type="hidden" name="flightID" value="28849483-5158-UU"  />\n
Action.c(130):       </TD>\n
Action.c(130):       <TD width="45%" valign="top">\n
Action.c(130):           <b>&nbsp;&nbsp;A Coach class ticket for :</b><br/>\n
Action.c(130):           <center><table border="0" width="85%"><tr><td>\n
Action.c(130):           <li><i>User5 Userovich\n
Action.c(130):           <li><i></i>\n
Action.c(130):           </td></tr></table></center>\n
Action.c(130):       </TD>\n
Action.c(130):       <TD width="5%" >.<br/>.<br/>.<br/>.</TD>\n
Action.c(130):       <TD width="45%" valign=top><b>Invoice sent to:</b><br/>\n
Action.c(130):           <center>\n
Action.c(130):           <Table width="80%" cellspacing="0" > <tr> <td>\n
Action.c(130):               User5 Userovich\n
Action.c(130):     <br/>\n
Action.c(130):               <br/>\n
Action.c(130):               <br/>\n
Action.c(130):               <br/>\n
Action.c(130):               Total Charge: $ 60 <BR/> (CC: x-7789)\n
Action.c(130):           </td> </tr> </table>\n
Action.c(130):           </center>\n
Action.c(130):       </TD>\n
Action.c(130):     </TR>\n
Action.c(130):     <TR bgcolor="#EFF2F7">\n
Action.c(130):       <TD COLSPAN="3">\n
Action.c(130):       <b>Flight Details:</b><BR/>  <center>\n
Action.c(130):       05/17/2020\n
Action.c(130):      :  8am : Flight 360 leaves Los Angeles  for San Francisco.<br>  </center>\n
Action.c(130):       </TD>\n
Action.c(130):     </TR>\n
Action.c(130):     \n
Action.c(130):     <TR bgcolor="#EFF2F7">\n
Action.c(130):       <TD COLSPAN="4">\n
Action.c(130):       <hr/>\n
Action.c(130):       </TD>\n
Action.c(130):     </TR>\n
Action.c(130):     \n
Action.c(130):     <!-- Flight #1 -->\n
Action.c(130):     <TR bgcolor="#EFF2F7">\n
Action.c(130):       <TD width="5%" rowspan="2" align="left" valign="top">\n
Action.c(130):     <b>\n
Action.c(130):     <label><input type="checkbox" name="68" value="on" /></label></font></b>\n
Action.c(130):     <input type="hidden" name="flightID" value="288491502-52351-UU"  />\n
Action.c(130):       </TD>\n
Action.c(130):       <TD width="45%" valign="top">\n
Action.c(130):           <b>&nbsp;&nbsp;A Coach class ticket for :</b><br/>\n
Action.c(130):           <center><table border="0" width="85%"><tr><td>\n
Action.c(130):           <li><i>User5 Userovich\n
Action.c(130):           <li><i></i>\n
Action.c(130):           </td></tr></table></center>\n
Action.c(130):       </TD>\n
Action.c(130):       <TD width="5%" >.<br/>.<br/>.<br/>.</TD>\n
Action.c(130):       <TD width="45%" valign=top><b>Invoice sent to:</b><br/>\n
Action.c(130):           <center>\n
Action.c(130):           <Table width="80%" cellspacing="0" > <tr> <td>\n
Action.c(130):               User5 Userovich\n
Action.c(130):     <br/>\n
Action.c(130):               <br/>\n
Action.c(130):               <br/>\n
Action.c(130):               <br/>\n
Action.c(130):               Total Charge: $ 565 <BR/> (CC: x-7789)\n
Action.c(130):           </td> </tr> </table>\n
Action.c(130):           </center>\n
Action.c(130):       </TD>\n
Action.c(130):     </TR>\n
Action.c(130):     <TR bgcolor="#EFF2F7">\n
Action.c(130):       <TD COLSPAN="3">\n
Action.c(130):       <b>Flight Details:</b><BR/>  <center>\n
Action.c(130):       05/17/2020\n
Action.c(130):      :  8am : Flight 270 leaves London  for Seattle.<br>  </center>\n
Action.c(130):       </TD>\n
Action.c(130):     </TR>\n
Action.c(130):     \n
Action.c(130):     <TR bgcolor="#EFF2F7">\n
Action.c(130):       <TD COLSPAN="4">\n
Action.c(130):       <hr/>\n
Action.c(130):       </TD>\n
Action.c(130):     </TR>\n
Action.c(130):     \n
Action.c(130):     <!-- Flight #1 -->\n
Action.c(130):     <TR bgcolor="#EFF2F7">\n
Action.c(130):       <TD width="5%" rowspan="2" align="left" valign="top">\n
Action.c(130):     <b>\n
Action.c(130):     <label><input type="checkbox" name="69" value="on" /></label></font></b>\n
Action.c(130):     <input type="hidden" name="flightID" value="15338372-5312-UU"  />\n
Action.c(130):       </TD>\n
Action.c(130):       <TD width="45%" valign="top">\n
Action.c(130):           <b>&nbsp;&nbsp;A Coach class ticket for :</b><br/>\n
Action.c(130):           <center><table border="0" width="85%"><tr><td>\n
Action.c(130):           <li><i>User5 Userovich\n
Action.c(130):           <li><i></i>\n
Action.c(130):           </td></tr></table></center>\n
Action.c(130):       </TD>\n
Action.c(130):       <TD width="5%" >.<br/>.<br/>.<br/>.</TD>\n
Action.c(130):       <TD width="45%" valign=top><b>Invoice sent to:</b><br/>\n
Action.c(130):           <center>\n
Action.c(130):           <Table width="80%" cellspacing="0" > <tr> <td>\n
Action.c(130):               User5 Userovich\n
Action.c(130):     <br/>\n
Action.c(130):               <br/>\n
Action.c(130):               <br/>\n
Action.c(130):               <br/>\n
Action.c(130):               Total Charge: $ 60 <BR/> (CC: x-4141)\n
Action.c(130):           </td> </tr> </table>\n
Action.c(130):           </center>\n
Action.c(130):       </TD>\n
Action.c(130):     </TR>\n
Action.c(130):     <TR bgcolor="#EFF2F7">\n
Action.c(130):       <TD COLSPAN="3">\n
Action.c(130):       <b>Flight Details:</b><BR/>  <center>\n
Action.c(130):       05/17/2020\n
Action.c(130):      :  8am : Flight 360 leaves Los Angeles  for San Francisco.<br>  </center>\n
Action.c(130):       </TD>\n
Action.c(130):     </TR>\n
Action.c(130):     \n
Action.c(130):     <TR bgcolor="#EFF2F7">\n
Action.c(130):       <TD COLSPAN="4">\n
Action.c(130):       <hr/>\n
Action.c(130):       </TD>\n
Action.c(130):     </TR>\n
Action.c(130):     \n
Action.c(130):     <!-- Flight #1 -->\n
Action.c(130):     <TR bgcolor="#EFF2F7">\n
Action.c(130):       <TD width="5%" rowspan="2" align="left" valign="top">\n
Action.c(130):     <b>\n
Action.c(130):     <label><input type="checkbox" name="70" value="on" /></label></font></b>\n
Action.c(130):     <input type="hidden" name="flightID" value="15338372-5389-UU"  />\n
Action.c(130):       </TD>\n
Action.c(130):       <TD width="45%" valign="top">\n
Action.c(130):           <b>&nbsp;&nbsp;A Coach class ticket for :</b><br/>\n
Action.c(130):           <center><table border="0" width="85%"><tr><td>\n
Action.c(130):           <li><i>User5 Userovich\n
Action.c(130):           <li><i></i>\n
Action.c(130):           </td></tr></table></center>\n
Action.c(130):       </TD>\n
Action.c(130):       <TD width="5%" >.<br/>.<br/>.<br/>.</TD>\n
Action.c(130):       <TD width="45%" valign=top><b>Invoice sent to:</b><br/>\n
Action.c(130):           <center>\n
Action.c(130):           <Table width="80%" cellspacing="0" > <tr> <td>\n
Action.c(130):               User5 Userovich\n
Action.c(130):     <br/>\n
Action.c(130):               <br/>\n
Action.c(130):               <br/>\n
Action.c(130):               <br/>\n
Action.c(130):               Total Charge: $ 60 <BR/> (CC: x-4141)\n
Action.c(130):           </td> </tr> </table>\n
Action.c(130):           </center>\n
Action.c(130):       </TD>\n
Action.c(130):     </TR>\n
Action.c(130):     <TR bgcolor="#EFF2F7">\n
Action.c(130):       <TD COLSPAN="3">\n
Action.c(130):       <b>Flight Details:</b><BR/>  <center>\n
Action.c(130):       05/17/2020\n
Action.c(130):      :  8am : Flight 360 leaves Los Angeles  for San Francisco.<br>  </center>\n
Action.c(130):       </TD>\n
Action.c(130):     </TR>\n
Action.c(130):     \n
Action.c(130):     <TR bgcolor="#EFF2F7">\n
Action.c(130):       <TD COLSPAN="4">\n
Action.c(130):       <hr/>\n
Action.c(130):       </TD>\n
Action.c(130):     </TR>\n
Action.c(130):     \n
Action.c(130):     <!-- Flight #1 -->\n
Action.c(130):     <TR bgcolor="#EFF2F7">\n
Action.c(130):       <TD width="5%" rowspan="2" align="left" valign="top">\n
Action.c(130):     <b>\n
Action.c(130):     <label><input type="checkbox" name="71" value="on" /></label></font></b>\n
Action.c(130):     <input type="hidden" name="flightID" value="288491502-54658-UU"  />\n
Action.c(130):       </TD>\n
Action.c(130):       <TD width="45%" valign="top">\n
Action.c(130):           <b>&nbsp;&nbsp;A Coach class ticket for :</b><br/>\n
Action.c(130):           <center><table border="0" width="85%"><tr><td>\n
Action.c(130):           <li><i>User5 Userovich\n
Action.c(130):           <li><i></i>\n
Action.c(130):           </td></tr></table></center>\n
Action.c(130):       </TD>\n
Action.c(130):       <TD width="5%" >.<br/>.<br/>.<br/>.</TD>\n
Action.c(130):       <TD width="45%" valign=top><b>Invoice sent to:</b><br/>\n
Action.c(130):           <center>\n
Action.c(130):           <Table width="80%" cellspacing="0" > <tr> <td>\n
Action.c(130):               User5 Userovich\n
Action.c(130):     <br/>\n
Action.c(130):               <br/>\n
Action.c(130):               <br/>\n
Action.c(130):               <br/>\n
Action.c(130):               Total Charge: $ 565 <BR/> (CC: x-7789)\n
Action.c(130):           </td> </tr> </table>\n
Action.c(130):           </center>\n
Action.c(130):       </TD>\n
Action.c(130):     </TR>\n
Action.c(130):     <TR bgcolor="#EFF2F7">\n
Action.c(130):       <TD COLSPAN="3">\n
Action.c(130):       <b>Flight Details:</b><BR/>  <center>\n
Action.c(130):       05/17/2020\n
Action.c(130):      :  8am : Flight 270 leaves London  for Seattle.<br>  </center>\n
Action.c(130):       </TD>\n
Action.c(130):     </TR>\n
Action.c(130):     \n
Action.c(130):     <TR bgcolor="#EFF2F7">\n
Action.c(130):       <TD COLSPAN="4">\n
Action.c(130):       <hr/>\n
Action.c(130):       </TD>\n
Action.c(130):     </TR>\n
Action.c(130):     \n
Action.c(130):     <!-- Flight #1 -->\n
Action.c(130):     <TR bgcolor="#EFF2F7">\n
Action.c(130):       <TD width="5%" rowspan="2" align="left" valign
Action.c(130): t=604894ms: 8-byte chunked response overhead for "http://localhost:1080/cgi-bin/itinerary.pl" (RelFrameId=1, Internal ID=153)
Action.c(130):     \r\n
Action.c(130):     1000\r\n
Action.c(130): t=604894ms: 8-byte chunked response overhead for "http://localhost:1080/cgi-bin/itinerary.pl" (RelFrameId=1, Internal ID=153)
Action.c(130):     \r\n
Action.c(130):     1000\r\n
Action.c(130): t=604894ms: 8-byte chunked response overhead for "http://localhost:1080/cgi-bin/itinerary.pl" (RelFrameId=1, Internal ID=153)
Action.c(130):     \r\n
Action.c(130):     1000\r\n
Action.c(130): t=604894ms: 12263-byte chunked response body for "http://localhost:1080/cgi-bin/itinerary.pl" (RelFrameId=1, Internal ID=153)
Action.c(130):     ="top">\n
Action.c(130):     <b>\n
Action.c(130):     <label><input type="checkbox" name="72" value="on" /></label></font></b>\n
Action.c(130):     <input type="hidden" name="flightID" value="15338372-5543-UU"  />\n
Action.c(130):       </TD>\n
Action.c(130):       <TD width="45%" valign="top">\n
Action.c(130):           <b>&nbsp;&nbsp;A Coach class ticket for :</b><br/>\n
Action.c(130):           <center><table border="0" width="85%"><tr><td>\n
Action.c(130):           <li><i>User5 Userovich\n
Action.c(130):           <li><i></i>\n
Action.c(130):           </td></tr></table></center>\n
Action.c(130):       </TD>\n
Action.c(130):       <TD width="5%" >.<br/>.<br/>.<br/>.</TD>\n
Action.c(130):       <TD width="45%" valign=top><b>Invoice sent to:</b><br/>\n
Action.c(130):           <center>\n
Action.c(130):           <Table width="80%" cellspacing="0" > <tr> <td>\n
Action.c(130):               User5 Userovich\n
Action.c(130):     <br/>\n
Action.c(130):               <br/>\n
Action.c(130):               <br/>\n
Action.c(130):               <br/>\n
Action.c(130):               Total Charge: $ 60 <BR/> (CC: x-4141)\n
Action.c(130):           </td> </tr> </table>\n
Action.c(130):           </center>\n
Action.c(130):       </TD>\n
Action.c(130):     </TR>\n
Action.c(130):     <TR bgcolor="#EFF2F7">\n
Action.c(130):       <TD COLSPAN="3">\n
Action.c(130):       <b>Flight Details:</b><BR/>  <center>\n
Action.c(130):       05/17/2020\n
Action.c(130):      :  8am : Flight 360 leaves Los Angeles  for San Francisco.<br>  </center>\n
Action.c(130):       </TD>\n
Action.c(130):     </TR>\n
Action.c(130):     \n
Action.c(130):     <TR bgcolor="#EFF2F7">\n
Action.c(130):       <TD COLSPAN="4">\n
Action.c(130):       <hr/>\n
Action.c(130):       </TD>\n
Action.c(130):     </TR>\n
Action.c(130):     \n
Action.c(130):     <!-- Flight #1 -->\n
Action.c(130):     <TR bgcolor="#EFF2F7">\n
Action.c(130):       <TD width="5%" rowspan="2" align="left" valign="top">\n
Action.c(130):     <b>\n
Action.c(130):     <label><input type="checkbox" name="73" value="on" /></label></font></b>\n
Action.c(130):     <input type="hidden" name="flightID" value="15338372-5620-UU"  />\n
Action.c(130):       </TD>\n
Action.c(130):       <TD width="45%" valign="top">\n
Action.c(130):           <b>&nbsp;&nbsp;A Coach class ticket for :</b><br/>\n
Action.c(130):           <center><table border="0" width="85%"><tr><td>\n
Action.c(130):           <li><i>User5 Userovich\n
Action.c(130):           <li><i></i>\n
Action.c(130):           </td></tr></table></center>\n
Action.c(130):       </TD>\n
Action.c(130):       <TD width="5%" >.<br/>.<br/>.<br/>.</TD>\n
Action.c(130):       <TD width="45%" valign=top><b>Invoice sent to:</b><br/>\n
Action.c(130):           <center>\n
Action.c(130):           <Table width="80%" cellspacing="0" > <tr> <td>\n
Action.c(130):               User5 Userovich\n
Action.c(130):     <br/>\n
Action.c(130):               <br/>\n
Action.c(130):               <br/>\n
Action.c(130):               <br/>\n
Action.c(130):               Total Charge: $ 60 <BR/> (CC: x-4141)\n
Action.c(130):           </td> </tr> </table>\n
Action.c(130):           </center>\n
Action.c(130):       </TD>\n
Action.c(130):     </TR>\n
Action.c(130):     <TR bgcolor="#EFF2F7">\n
Action.c(130):       <TD COLSPAN="3">\n
Action.c(130):       <b>Flight Details:</b><BR/>  <center>\n
Action.c(130):       05/17/2020\n
Action.c(130):      :  8am : Flight 360 leaves Los Angeles  for San Francisco.<br>  </center>\n
Action.c(130):       </TD>\n
Action.c(130):     </TR>\n
Action.c(130):     \n
Action.c(130):     <TR bgcolor="#EFF2F7">\n
Action.c(130):       <TD COLSPAN="4">\n
Action.c(130):       <hr/>\n
Action.c(130):       </TD>\n
Action.c(130):     </TR>\n
Action.c(130):     \n
Action.c(130):     <!-- Flight #1 -->\n
Action.c(130):     <TR bgcolor="#EFF2F7">\n
Action.c(130):       <TD width="5%" rowspan="2" align="left" valign="top">\n
Action.c(130):     <b>\n
Action.c(130):     <label><input type="checkbox" name="74" value="on" /></label></font></b>\n
Action.c(130):     <input type="hidden" name="flightID" value="2884881526-569324-UU"  />\n
Action.c(130):       </TD>\n
Action.c(130):       <TD width="45%" valign="top">\n
Action.c(130):           <b>&nbsp;&nbsp;A Coach class ticket for :</b><br/>\n
Action.c(130):           <center><table border="0" width="85%"><tr><td>\n
Action.c(130):           <li><i>User5 Userovich\n
Action.c(130):           <li><i></i>\n
Action.c(130):           </td></tr></table></center>\n
Action.c(130):       </TD>\n
Action.c(130):       <TD width="5%" >.<br/>.<br/>.<br/>.</TD>\n
Action.c(130):       <TD width="45%" valign=top><b>Invoice sent to:</b><br/>\n
Action.c(130):           <center>\n
Action.c(130):           <Table width="80%" cellspacing="0" > <tr> <td>\n
Action.c(130):               User5 Userovich\n
Action.c(130):     <br/>\n
Action.c(130):               <br/>\n
Action.c(130):               <br/>\n
Action.c(130):               <br/>\n
Action.c(130):               Total Charge: $ 1219 <BR/> (CC: x-7789)\n
Action.c(130):           </td> </tr> </table>\n
Action.c(130):           </center>\n
Action.c(130):       </TD>\n
Action.c(130):     </TR>\n
Action.c(130):     <TR bgcolor="#EFF2F7">\n
Action.c(130):       <TD COLSPAN="3">\n
Action.c(130):       <b>Flight Details:</b><BR/>  <center>\n
Action.c(130):       05/17/2020\n
Action.c(130):      :  8am : Flight 180 leaves Frankfurt  for Sydney.<br>  </center>\n
Action.c(130):       </TD>\n
Action.c(130):     </TR>\n
Action.c(130):     \n
Action.c(130):     <TR bgcolor="#EFF2F7">\n
Action.c(130):       <TD COLSPAN="4">\n
Action.c(130):       <hr/>\n
Action.c(130):       </TD>\n
Action.c(130):     </TR>\n
Action.c(130):     \n
Action.c(130):     <!-- Flight #1 -->\n
Action.c(130):     <TR bgcolor="#EFF2F7">\n
Action.c(130):       <TD width="5%" rowspan="2" align="left" valign="top">\n
Action.c(130):     <b>\n
Action.c(130):     <label><input type="checkbox" name="75" value="on" /></label></font></b>\n
Action.c(130):     <input type="hidden" name="flightID" value="2884881526-577016-UU"  />\n
Action.c(130):       </TD>\n
Action.c(130):       <TD width="45%" valign="top">\n
Action.c(130):           <b>&nbsp;&nbsp;A Coach class ticket for :</b><br/>\n
Action.c(130):           <center><table border="0" width="85%"><tr><td>\n
Action.c(130):           <li><i>User5 Userovich\n
Action.c(130):           <li><i></i>\n
Action.c(130):           </td></tr></table></center>\n
Action.c(130):       </TD>\n
Action.c(130):       <TD width="5%" >.<br/>.<br/>.<br/>.</TD>\n
Action.c(130):       <TD width="45%" valign=top><b>Invoice sent to:</b><br/>\n
Action.c(130):           <center>\n
Action.c(130):           <Table width="80%" cellspacing="0" > <tr> <td>\n
Action.c(130):               User5 Userovich\n
Action.c(130):     <br/>\n
Action.c(130):               <br/>\n
Action.c(130):               <br/>\n
Action.c(130):               <br/>\n
Action.c(130):               Total Charge: $ 1219 <BR/> (CC: x-7789)\n
Action.c(130):           </td> </tr> </table>\n
Action.c(130):           </center>\n
Action.c(130):       </TD>\n
Action.c(130):     </TR>\n
Action.c(130):     <TR bgcolor="#EFF2F7">\n
Action.c(130):       <TD COLSPAN="3">\n
Action.c(130):       <b>Flight Details:</b><BR/>  <center>\n
Action.c(130):       05/17/2020\n
Action.c(130):      :  8am : Flight 180 leaves Frankfurt  for Sydney.<br>  </center>\n
Action.c(130):       </TD>\n
Action.c(130):     </TR>\n
Action.c(130):     \n
Action.c(130):     <TR bgcolor="#EFF2F7">\n
Action.c(130):       <TD COLSPAN="4">\n
Action.c(130):       <hr/>\n
Action.c(130):       </TD>\n
Action.c(130):     </TR>\n
Action.c(130):     \n
Action.c(130):     <!-- Flight #1 -->\n
Action.c(130):     <TR bgcolor="#EFF2F7">\n
Action.c(130):       <TD width="5%" rowspan="2" align="left" valign="top">\n
Action.c(130):     <b>\n
Action.c(130):     <label><input type="checkbox" name="76" value="on" /></label></font></b>\n
Action.c(130):     <input type="hidden" name="flightID" value="153380391-58505-UU"  />\n
Action.c(130):       </TD>\n
Action.c(130):       <TD width="45%" valign="top">\n
Action.c(130):           <b>&nbsp;&nbsp;A Coach class ticket for :</b><br/>\n
Action.c(130):           <center><table border="0" width="85%"><tr><td>\n
Action.c(130):           <li><i>User5 Userovich\n
Action.c(130):           <li><i></i>\n
Action.c(130):           </td></tr></table></center>\n
Action.c(130):       </TD>\n
Action.c(130):       <TD width="5%" >.<br/>.<br/>.<br/>.</TD>\n
Action.c(130):       <TD width="45%" valign=top><b>Invoice sent to:</b><br/>\n
Action.c(130):           <center>\n
Action.c(130):           <Table width="80%" cellspacing="0" > <tr> <td>\n
Action.c(130):               User5 Userovich\n
Action.c(130):     <br/>\n
Action.c(130):               <br/>\n
Action.c(130):               <br/>\n
Action.c(130):               <br/>\n
Action.c(130):               Total Charge: $ 565 <BR/> (CC: x-4141)\n
Action.c(130):           </td> </tr> </table>\n
Action.c(130):           </center>\n
Action.c(130):       </TD>\n
Action.c(130):     </TR>\n
Action.c(130):     <TR bgcolor="#EFF2F7">\n
Action.c(130):       <TD COLSPAN="3">\n
Action.c(130):       <b>Flight Details:</b><BR/>  <center>\n
Action.c(130):       05/17/2020\n
Action.c(130):      :  8am : Flight 270 leaves London  for Seattle.<br>  </center>\n
Action.c(130):       </TD>\n
Action.c(130):     </TR>\n
Action.c(130):     \n
Action.c(130):     <TR bgcolor="#EFF2F7">\n
Action.c(130):       <TD COLSPAN="4">\n
Action.c(130):       <hr/>\n
Action.c(130):       </TD>\n
Action.c(130):     </TR>\n
Action.c(130):     \n
Action.c(130):     <!-- Flight #1 -->\n
Action.c(130):     <TR bgcolor="#EFF2F7">\n
Action.c(130):       <TD width="5%" rowspan="2" align="left" valign="top">\n
Action.c(130):     <b>\n
Action.c(130):     <label><input type="checkbox" name="77" value="on" /></label></font></b>\n
Action.c(130):     <input type="hidden" name="flightID" value="153380391-59274-UU"  />\n
Action.c(130):       </TD>\n
Action.c(130):       <TD width="45%" valign="top">\n
Action.c(130):           <b>&nbsp;&nbsp;A Coach class ticket for :</b><br/>\n
Action.c(130):           <center><table border="0" width="85%"><tr><td>\n
Action.c(130):           <li><i>User5 Userovich\n
Action.c(130):           <li><i></i>\n
Action.c(130):           </td></tr></table></center>\n
Action.c(130):       </TD>\n
Action.c(130):       <TD width="5%" >.<br/>.<br/>.<br/>.</TD>\n
Action.c(130):       <TD width="45%" valign=top><b>Invoice sent to:</b><br/>\n
Action.c(130):           <center>\n
Action.c(130):           <Table width="80%" cellspacing="0" > <tr> <td>\n
Action.c(130):               User5 Userovich\n
Action.c(130):     <br/>\n
Action.c(130):               <br/>\n
Action.c(130):               <br/>\n
Action.c(130):               <br/>\n
Action.c(130):               Total Charge: $ 565 <BR/> (CC: x-4141)\n
Action.c(130):           </td> </tr> </table>\n
Action.c(130):           </center>\n
Action.c(130):       </TD>\n
Action.c(130):     </TR>\n
Action.c(130):     <TR bgcolor="#EFF2F7">\n
Action.c(130):       <TD COLSPAN="3">\n
Action.c(130):       <b>Flight Details:</b><BR/>  <center>\n
Action.c(130):       05/17/2020\n
Action.c(130):      :  8am : Flight 270 leaves London  for Seattle.<br>  </center>\n
Action.c(130):       </TD>\n
Action.c(130):     </TR>\n
Action.c(130):     \n
Action.c(130):     <TR bgcolor="#EFF2F7">\n
Action.c(130):       <TD COLSPAN="4">\n
Action.c(130):       <hr/>\n
Action.c(130):       </TD>\n
Action.c(130):     </TR>\n
Action.c(130):     \n
Action.c(130):     <!-- Flight #1 -->\n
Action.c(130):     <TR bgcolor="#EFF2F7">\n
Action.c(130):       <TD width="5%" rowspan="2" align="left" valign="top">\n
Action.c(130):     <b>\n
Action.c(130):     <label><input type="checkbox" name="78" value="on" /></label></font></b>\n
Action.c(130):     <input type="hidden" name="flightID" value="153380391-60043-UU"  />\n
Action.c(130):       </TD>\n
Action.c(130):       <TD width="45%" valign="top">\n
Action.c(130):           <b>&nbsp;&nbsp;A Coach class ticket for :</b><br/>\n
Action.c(130):           <center><table border="0" width="85%"><tr><td>\n
Action.c(130):           <li><i>User5 Userovich\n
Action.c(130):           <li><i></i>\n
Action.c(130):           </td></tr></table></center>\n
Action.c(130):       </TD>\n
Action.c(130):       <TD width="5%" >.<br/>.<br/>.<br/>.</TD>\n
Action.c(130):       <TD width="45%" valign=top><b>Invoice sent to:</b><br/>\n
Action.c(130):           <center>\n
Action.c(130):           <Table width="80%" cellspacing="0" > <tr> <td>\n
Action.c(130):               User5 Userovich\n
Action.c(130):     <br/>\n
Action.c(130):               <br/>\n
Action.c(130):               <br/>\n
Action.c(130):               <br/>\n
Action.c(130):               Total Charge: $ 565 <BR/> (CC: x-4141)\n
Action.c(130):           </td> </tr> </table>\n
Action.c(130):           </center>\n
Action.c(130):       </TD>\n
Action.c(130):     </TR>\n
Action.c(130):     <TR bgcolor="#EFF2F7">\n
Action.c(130):       <TD COLSPAN="3">\n
Action.c(130):       <b>Flight Details:</b><BR/>  <center>\n
Action.c(130):       05/17/2020\n
Action.c(130):      :  8am : Flight 270 leaves London  for Seattle.<br>  </center>\n
Action.c(130):       </TD>\n
Action.c(130):     </TR>\n
Action.c(130):     \n
Action.c(130):     <TR bgcolor="#EFF2F7">\n
Action.c(130):       <TD COLSPAN="4">\n
Action.c(130):       <hr/>\n
Action.c(130):       </TD>\n
Action.c(130):     </TR>\n
Action.c(130):     \n
Action.c(130):     <!-- Flight #1 -->\n
Action.c(130):     <TR bgcolor="#EFF2F7">\n
Action.c(130):       <TD width="5%" rowspan="2" align="left" valign="top">\n
Action.c(130):     <b>\n
Action.c(130):     <label><input type="checkbox" name="79" value="on" /></label></font></b>\n
Action.c(130):     <input type="hidden" name="flightID" value="288501504-60817-UU"  />\n
Action.c(130):       </TD>\n
Action.c(130):       <TD width="45%" valign="top">\n
Action.c(130):           <b>&nbsp;&nbsp;A Coach class ticket for :</b><br/>\n
Action.c(130):           <center><table border="0" width="85%"><tr><td>\n
Action.c(130):           <li><i>User2 Userovich\n
Action.c(130):           <li><i></i>\n
Action.c(130):           </td></tr></table></center>\n
Action.c(130):       </TD>\n
Action.c(130):       <TD width="5%" >.<br/>.<br/>.<br/>.</TD>\n
Action.c(130):       <TD width="45%" valign=top><b>Invoice sent to:</b><br/>\n
Action.c(130):           <center>\n
Action.c(130):           <Table width="80%" cellspacing="0" > <tr> <td>\n
Action.c(130):               User2 Userovich\n
Action.c(130):     <br/>\n
Action.c(130):               <br/>\n
Action.c(130):               <br/>\n
Action.c(130):               <br/>\n
Action.c(130):               Total Charge: $ 621 <BR/> (CC: x-7789)\n
Action.c(130):           </td> </tr> </table>\n
Action.c(130):           </center>\n
Action.c(130):       </TD>\n
Action.c(130):     </TR>\n
Action.c(130):     <TR bgcolor="#EFF2F7">\n
Action.c(130):       <TD COLSPAN="3">\n
Action.c(130):       <b>Flight Details:</b><BR/>  <center>\n
Action.c(130):       05/18/2020\n
Action.c(130):      :  8am : Flight 540 leaves Portland  for Paris.<br>  </center>\n
Action.c(130):       </TD>\n
Action.c(130):     </TR>\n
Action.c(130):     \n
Action.c(130):     <TR bgcolor="#EFF2F7">\n
Action.c(130):       <TD COLSPAN="4">\n
Action.c(130):       <hr/>\n
Action.c(130):       </TD>\n
Action.c(130):     </TR>\n
Action.c(130):     \n
Action.c(130):     <!-- Flight #1 -->\n
Action.c(130):     <TR bgcolor="#EFF2F7">\n
Action.c(130):       <TD width="5%" rowspan="2" align="left" valign="top">\n
Action.c(130):     <b>\n
Action.c(130):     <label><input type="checkbox" name="80" value="on" /></label></font></b>\n
Action.c(130):     <input type="hidden" name="flightID" value="288501504-61586-UU"  />\n
Action.c(130):       </TD>\n
Action.c(130):       <TD width="45%" valign="top">\n
Action.c(130):           <b>&nbsp;&nbsp;A Coach class ticket for :</b><br/>\n
Action.c(130):           <center><table border="0" width="85%"><tr><td>\n
Action.c(130):           <li><i>User5 Userovich\n
Action.c(130):           <li><i></i>\n
Action.c(130):           </td></tr></table></center>\n
Action.c(130):       </TD>\n
Action.c(130):       <TD width="5%" >.<br/>.<br/>.<br/>.</TD>\n
Action.c(130):       <TD width="45%" valign=top><b>Invoice sent to:</b><br/>\n
Action.c(130):           <center>\n
Action.c(130):           <Table width="80%" cellspacing="0" > <tr> <td>\n
Action.c(130):               User5 Userovich\n
Action.c(130):     <br/>\n
Action.c(130):               <br/>\n
Action.c(130):               <br/>\n
Action.c(130):               <br/>\n
Action.c(130):               Total Charge: $ 621 <BR/> (CC: x-7789)\n
Action.c(130):           </td> </tr> </table>\n
Action.c(130):           </center>\n
Action.c(130):       </TD>\n
Action.c(130):     </TR>\n
Action.c(130):     <TR bgcolor="#EFF2F7">\n
Action.c(130):       <TD COLSPAN="3">\n
Action.c(130):       <b>Flight Details:</b><BR/>  <center>\n
Action.c(130):       05/18/2020\n
Action.c(130):      :  8am : Flight 540 leaves Portland  for Paris.<br>  </center>\n
Action.c(130):       </TD>\n
Action.c(130):     </TR>\n
Action.c(130):     \n
Action.c(130):     <TR bgcolor="#EFF2F7">\n
Action.c(130):       <TD COLSPAN="4">\n
Action.c(130):       <hr/>\n
Action.c(130):       </TD>\n
Action.c(130):     </TR>\n
Action.c(130):     \n
Action.c(130):     <!-- Flight #1 -->\n
Action.c(130):     <TR bgcolor="#EFF2F7">\n
Action.c(130):       <TD width="5%" rowspan="2" align="left" valign="top">\n
Action.c(130):     <b>\n
Action.c(130):     <label><input type="checkbox" name="81" value="on" /></label></font></b>\n
Action.c(130):     <input type="hidden" name="flightID" value="288501504-62355-UU"  />\n
Action.c(130):       </TD>\n
Action.c(130):       <TD width="45%" valign="top">\n
Action.c(130):           <b>&nbsp;&nbsp;A Coach class ticket for :</b><br/>\n
Action.c(130):           <center><table border="0" width="85%"><tr><td>\n
Action.c(130):           <li><i>User8 Userovich\n
Action.c(130):           <li><i></i>\n
Action.c(130):           </td></tr></table></center>\n
Action.c(130):       </TD>\n
Action.c(130):       <TD width="5%" >.<br/>.<br/>.<br/>.</TD>\n
Action.c(130):       <TD width="45%" valign=top><b>Invoice sent to:</b><br/>\n
Action.c(130):           <center>\n
Action.c(130):           <Table width="80%" cellspacing="0" > <tr> <td>\n
Action.c(130):               User8 Userovich\n
Action.c(130):     <br/>\n
Action.c(130):               <br/>\n
Action.c(130):               <br/>\n
Action.c(130):               <br/>\n
Action.c(130):               Total Charge: $ 621 <BR/> (CC: x-7789)\n
Action.c(130):           </td> </tr> </table>\n
Action.c(130):           </center>\n
Action.c(130):       </TD>\n
Action.c(130):     </TR>\n
Action.c(130):     <TR bgcolor="#EFF2F7">\n
Action.c(130):       <TD COLSPAN="3">\n
Action.c(130):       <b>Flight Details:</b><BR/>  <center>\n
Action.c(130):       05/18/2020\n
Action.c(130):      :  8am : Flight 540 leaves Portland  for Paris.<br>  </center>\n
Action.c(130):       </TD>\n
Action.c(130):     </TR>\n
Action.c(130):     \n
Action.c(130):     <TR bgcolor="#EFF2F7">\n
Action.c(130):       <TD COLSPAN="4">\n
Action.c(130):       <hr/>\n
Action.c(130):       </TD>\n
Action.c(130):     </TR>\n
Action.c(130):     \n
Action.c(130):     <!-- Flight #1 -->\n
Action.c(130):     <TR bgcolor="#EFF2F7">\n
Action.c(130):       <TD width="5%" rowspan="2" align="left" valign="top">\n
Action.c(130):     <b>\n
Action.c(130):     <label><input type="checkbox" name="82" value="on" /></label></font></b>\n
Action.c(130):     <input type="hidden" name="flightID" value="288498171-63124-UU"  />\n
Action.c(130):       </TD>\n
Action.c(130):       <TD width="45%" valign="top">\n
Action.c(130):           <b>&nbsp;&nbsp;A Coach class ticket for :</b><br/>\n
Action.c(130):           <center><table border="0" width="85%"><tr><td>\n
Action.c(130):           <li><i>User2 Userovich\n
Action.c(130):           <li><i></i>\n
Action.c(130):           </td></tr></table></center>\n
Action.c(130):       </TD>\n
Action.c(130):       <TD width="5%" >.<br/>.<br/>.<br/>.</TD>\n
Action.c(130):       <TD width="45%" valign=top><b>Invoice sent to:</b><br/>\n
Action.c(130):           <center>\n
Action.c(130):           <Table width="80%" cellspacing="0" > <tr> <td>\n
Action.c(130):               User2 Userovich\n
Action.c(130):     <br/>\n
Action.c(130):               <br/>\n
Action.c(130):               <br/>\n
Action.c(130):               <br/>\n
Action.c(130):               Total Charge: $ 621 <BR/> (CC: x-7789)\n
Action.c(130):           </td> </tr> </table>\n
Action.c(130):           </center>\n
Action.c(130):       </TD>\n
Action.c(130):     </TR>\n
Action.c(130):     <TR bgcolor="#EFF2F7">\n
Action.c(130):       <TD COLSPAN="3">\n
Action.c(130):       <b>Flight Details:</b><BR/>  <center>\n
Action.c(130):       05/18/2020\n
Action.c(130):      :  8am : Flight 450 leaves Paris  for Portland.<br>  </center>\n
Action.c(130):       </TD>\n
Action.c(130):     </TR>\n
Action.c(130):     \n
Action.c(130):     <TR bgcolor="#EFF2F7">\n
Action.c(130):       <TD COLSPAN="4">\n
Action.c(130):       <hr/>\n
Action.c(130):       </TD>\n
Action.c(130):     </TR>\n
Action.c(130):     \n
Action.c(130):     <!-- Flight #1 -->\n
Action.c(130):     <TR bgcolor="#EFF2F7">\n
Action.c(130):       <TD width="5%" rowspan="2" align="left" valign="top">\n
Action.c(130):     <b>\n
Action.c(130):     <label><input type="checkbox" name="83" value="on" /></label></font></b>\n
Action.c(130):     <input type="hidden" name="flightID" value="288498171-63893-UU"  />\n
Action.c(130):       </TD>\n
Action.c(130):       <TD width="45%" valign="top">\n
Action.c(130):           <b>&nbsp;&nbsp;A Coach class ticket for :</b><br/>\n
Action.c(130):           <center><table border="0" width="85%"><tr><td>\n
Action.c(130):           <li><i>User5 Userovich\n
Action.c(130):           <li><i></i>\n
Action.c(130):           </td></tr></table></center>\n
Action.c(130):       </TD>\n
Action.c(130):       <TD wid
Action.c(130): t=604909ms: 8-byte chunked response overhead for "http://localhost:1080/cgi-bin/itinerary.pl" (RelFrameId=1, Internal ID=153)
Action.c(130):     \r\n
Action.c(130):     1000\r\n
Action.c(130): t=604909ms: 8-byte chunked response overhead for "http://localhost:1080/cgi-bin/itinerary.pl" (RelFrameId=1, Internal ID=153)
Action.c(130):     \r\n
Action.c(130):     1000\r\n
Action.c(130): t=604909ms: 8-byte chunked response overhead for "http://localhost:1080/cgi-bin/itinerary.pl" (RelFrameId=1, Internal ID=153)
Action.c(130):     \r\n
Action.c(130):     1000\r\n
Action.c(130): t=604909ms: 12263-byte chunked response body for "http://localhost:1080/cgi-bin/itinerary.pl" (RelFrameId=1, Internal ID=153)
Action.c(130):     th="5%" >.<br/>.<br/>.<br/>.</TD>\n
Action.c(130):       <TD width="45%" valign=top><b>Invoice sent to:</b><br/>\n
Action.c(130):           <center>\n
Action.c(130):           <Table width="80%" cellspacing="0" > <tr> <td>\n
Action.c(130):               User5 Userovich\n
Action.c(130):     <br/>\n
Action.c(130):               <br/>\n
Action.c(130):               <br/>\n
Action.c(130):               <br/>\n
Action.c(130):               Total Charge: $ 621 <BR/> (CC: x-7789)\n
Action.c(130):           </td> </tr> </table>\n
Action.c(130):           </center>\n
Action.c(130):       </TD>\n
Action.c(130):     </TR>\n
Action.c(130):     <TR bgcolor="#EFF2F7">\n
Action.c(130):       <TD COLSPAN="3">\n
Action.c(130):       <b>Flight Details:</b><BR/>  <center>\n
Action.c(130):       05/18/2020\n
Action.c(130):      :  8am : Flight 450 leaves Paris  for Portland.<br>  </center>\n
Action.c(130):       </TD>\n
Action.c(130):     </TR>\n
Action.c(130):     \n
Action.c(130):     <TR bgcolor="#EFF2F7">\n
Action.c(130):       <TD COLSPAN="4">\n
Action.c(130):       <hr/>\n
Action.c(130):       </TD>\n
Action.c(130):     </TR>\n
Action.c(130):     \n
Action.c(130):     <!-- Flight #1 -->\n
Action.c(130):     <TR bgcolor="#EFF2F7">\n
Action.c(130):       <TD width="5%" rowspan="2" align="left" valign="top">\n
Action.c(130):     <b>\n
Action.c(130):     <label><input type="checkbox" name="84" value="on" /></label></font></b>\n
Action.c(130):     <input type="hidden" name="flightID" value="288498171-64663-UU"  />\n
Action.c(130):       </TD>\n
Action.c(130):       <TD width="45%" valign="top">\n
Action.c(130):           <b>&nbsp;&nbsp;A Coach class ticket for :</b><br/>\n
Action.c(130):           <center><table border="0" width="85%"><tr><td>\n
Action.c(130):           <li><i>User8 Userovich\n
Action.c(130):           <li><i></i>\n
Action.c(130):           </td></tr></table></center>\n
Action.c(130):       </TD>\n
Action.c(130):       <TD width="5%" >.<br/>.<br/>.<br/>.</TD>\n
Action.c(130):       <TD width="45%" valign=top><b>Invoice sent to:</b><br/>\n
Action.c(130):           <center>\n
Action.c(130):           <Table width="80%" cellspacing="0" > <tr> <td>\n
Action.c(130):               User8 Userovich\n
Action.c(130):     <br/>\n
Action.c(130):               <br/>\n
Action.c(130):               <br/>\n
Action.c(130):               <br/>\n
Action.c(130):               Total Charge: $ 621 <BR/> (CC: x-7789)\n
Action.c(130):           </td> </tr> </table>\n
Action.c(130):           </center>\n
Action.c(130):       </TD>\n
Action.c(130):     </TR>\n
Action.c(130):     <TR bgcolor="#EFF2F7">\n
Action.c(130):       <TD COLSPAN="3">\n
Action.c(130):       <b>Flight Details:</b><BR/>  <center>\n
Action.c(130):       05/18/2020\n
Action.c(130):      :  8am : Flight 450 leaves Paris  for Portland.<br>  </center>\n
Action.c(130):       </TD>\n
Action.c(130):     </TR>\n
Action.c(130):     \n
Action.c(130):     <TR bgcolor="#EFF2F7">\n
Action.c(130):       <TD COLSPAN="4">\n
Action.c(130):       <hr/>\n
Action.c(130):       </TD>\n
Action.c(130):     </TR>\n
Action.c(130):     \n
Action.c(130):     <!-- Flight #1 -->\n
Action.c(130):     <TR bgcolor="#EFF2F7">\n
Action.c(130):       <TD width="5%" rowspan="2" align="left" valign="top">\n
Action.c(130):     <b>\n
Action.c(130):     <label><input type="checkbox" name="85" value="on" /></label></font></b>\n
Action.c(130):     <input type="hidden" name="flightID" value="28849483-6543-UU"  />\n
Action.c(130):       </TD>\n
Action.c(130):       <TD width="45%" valign="top">\n
Action.c(130):           <b>&nbsp;&nbsp;A Coach class ticket for :</b><br/>\n
Action.c(130):           <center><table border="0" width="85%"><tr><td>\n
Action.c(130):           <li><i>User2 Userovich\n
Action.c(130):           <li><i></i>\n
Action.c(130):           </td></tr></table></center>\n
Action.c(130):       </TD>\n
Action.c(130):       <TD width="5%" >.<br/>.<br/>.<br/>.</TD>\n
Action.c(130):       <TD width="45%" valign=top><b>Invoice sent to:</b><br/>\n
Action.c(130):           <center>\n
Action.c(130):           <Table width="80%" cellspacing="0" > <tr> <td>\n
Action.c(130):               User2 Userovich\n
Action.c(130):     <br/>\n
Action.c(130):               <br/>\n
Action.c(130):               <br/>\n
Action.c(130):               <br/>\n
Action.c(130):               Total Charge: $ 60 <BR/> (CC: x-7789)\n
Action.c(130):           </td> </tr> </table>\n
Action.c(130):           </center>\n
Action.c(130):       </TD>\n
Action.c(130):     </TR>\n
Action.c(130):     <TR bgcolor="#EFF2F7">\n
Action.c(130):       <TD COLSPAN="3">\n
Action.c(130):       <b>Flight Details:</b><BR/>  <center>\n
Action.c(130):       05/18/2020\n
Action.c(130):      :  8am : Flight 360 leaves Los Angeles  for San Francisco.<br>  </center>\n
Action.c(130):       </TD>\n
Action.c(130):     </TR>\n
Action.c(130):     \n
Action.c(130):     <TR bgcolor="#EFF2F7">\n
Action.c(130):       <TD COLSPAN="4">\n
Action.c(130):       <hr/>\n
Action.c(130):       </TD>\n
Action.c(130):     </TR>\n
Action.c(130):     \n
Action.c(130):     <!-- Flight #1 -->\n
Action.c(130):     <TR bgcolor="#EFF2F7">\n
Action.c(130):       <TD width="5%" rowspan="2" align="left" valign="top">\n
Action.c(130):     <b>\n
Action.c(130):     <label><input type="checkbox" name="86" value="on" /></label></font></b>\n
Action.c(130):     <input type="hidden" name="flightID" value="28849483-6620-UU"  />\n
Action.c(130):       </TD>\n
Action.c(130):       <TD width="45%" valign="top">\n
Action.c(130):           <b>&nbsp;&nbsp;A Coach class ticket for :</b><br/>\n
Action.c(130):           <center><table border="0" width="85%"><tr><td>\n
Action.c(130):           <li><i>User5 Userovich\n
Action.c(130):           <li><i></i>\n
Action.c(130):           </td></tr></table></center>\n
Action.c(130):       </TD>\n
Action.c(130):       <TD width="5%" >.<br/>.<br/>.<br/>.</TD>\n
Action.c(130):       <TD width="45%" valign=top><b>Invoice sent to:</b><br/>\n
Action.c(130):           <center>\n
Action.c(130):           <Table width="80%" cellspacing="0" > <tr> <td>\n
Action.c(130):               User5 Userovich\n
Action.c(130):     <br/>\n
Action.c(130):               <br/>\n
Action.c(130):               <br/>\n
Action.c(130):               <br/>\n
Action.c(130):               Total Charge: $ 60 <BR/> (CC: x-7789)\n
Action.c(130):           </td> </tr> </table>\n
Action.c(130):           </center>\n
Action.c(130):       </TD>\n
Action.c(130):     </TR>\n
Action.c(130):     <TR bgcolor="#EFF2F7">\n
Action.c(130):       <TD COLSPAN="3">\n
Action.c(130):       <b>Flight Details:</b><BR/>  <center>\n
Action.c(130):       05/18/2020\n
Action.c(130):      :  8am : Flight 360 leaves Los Angeles  for San Francisco.<br>  </center>\n
Action.c(130):       </TD>\n
Action.c(130):     </TR>\n
Action.c(130):     \n
Action.c(130):     <TR bgcolor="#EFF2F7">\n
Action.c(130):       <TD COLSPAN="4">\n
Action.c(130):       <hr/>\n
Action.c(130):       </TD>\n
Action.c(130):     </TR>\n
Action.c(130):     \n
Action.c(130):     <!-- Flight #1 -->\n
Action.c(130):     <TR bgcolor="#EFF2F7">\n
Action.c(130):       <TD width="5%" rowspan="2" align="left" valign="top">\n
Action.c(130):     <b>\n
Action.c(130):     <label><input type="checkbox" name="87" value="on" /></label></font></b>\n
Action.c(130):     <input type="hidden" name="flightID" value="28849483-6696-UU"  />\n
Action.c(130):       </TD>\n
Action.c(130):       <TD width="45%" valign="top">\n
Action.c(130):           <b>&nbsp;&nbsp;A Coach class ticket for :</b><br/>\n
Action.c(130):           <center><table border="0" width="85%"><tr><td>\n
Action.c(130):           <li><i>User8 Userovich\n
Action.c(130):           <li><i></i>\n
Action.c(130):           </td></tr></table></center>\n
Action.c(130):       </TD>\n
Action.c(130):       <TD width="5%" >.<br/>.<br/>.<br/>.</TD>\n
Action.c(130):       <TD width="45%" valign=top><b>Invoice sent to:</b><br/>\n
Action.c(130):           <center>\n
Action.c(130):           <Table width="80%" cellspacing="0" > <tr> <td>\n
Action.c(130):               User8 Userovich\n
Action.c(130):     <br/>\n
Action.c(130):               <br/>\n
Action.c(130):               <br/>\n
Action.c(130):               <br/>\n
Action.c(130):               Total Charge: $ 60 <BR/> (CC: x-7789)\n
Action.c(130):           </td> </tr> </table>\n
Action.c(130):           </center>\n
Action.c(130):       </TD>\n
Action.c(130):     </TR>\n
Action.c(130):     <TR bgcolor="#EFF2F7">\n
Action.c(130):       <TD COLSPAN="3">\n
Action.c(130):       <b>Flight Details:</b><BR/>  <center>\n
Action.c(130):       05/18/2020\n
Action.c(130):      :  8am : Flight 360 leaves Los Angeles  for San Francisco.<br>  </center>\n
Action.c(130):       </TD>\n
Action.c(130):     </TR>\n
Action.c(130):     \n
Action.c(130):     <TR bgcolor="#EFF2F7">\n
Action.c(130):       <TD COLSPAN="4">\n
Action.c(130):       <hr/>\n
Action.c(130):       </TD>\n
Action.c(130):     </TR>\n
Action.c(130):     \n
Action.c(130):     <!-- Flight #1 -->\n
Action.c(130):     <TR bgcolor="#EFF2F7">\n
Action.c(130):       <TD width="5%" rowspan="2" align="left" valign="top">\n
Action.c(130):     <b>\n
Action.c(130):     <label><input type="checkbox" name="88" value="on" /></label></font></b>\n
Action.c(130):     <input type="hidden" name="flightID" value="288501504-67740-JB"  />\n
Action.c(130):       </TD>\n
Action.c(130):       <TD width="45%" valign="top">\n
Action.c(130):           <b>&nbsp;&nbsp;A Coach class ticket for :</b><br/>\n
Action.c(130):           <center><table border="0" width="85%"><tr><td>\n
Action.c(130):           <li><i>Jojo Bean\n
Action.c(130):           <li><i></i>\n
Action.c(130):           </td></tr></table></center>\n
Action.c(130):       </TD>\n
Action.c(130):       <TD width="5%" >.<br/>.<br/>.<br/>.</TD>\n
Action.c(130):       <TD width="45%" valign=top><b>Invoice sent to:</b><br/>\n
Action.c(130):           <center>\n
Action.c(130):           <Table width="80%" cellspacing="0" > <tr> <td>\n
Action.c(130):               Jojo Bean\n
Action.c(130):     <br/>\n
Action.c(130):               <br/>\n
Action.c(130):               <br/>\n
Action.c(130):               <br/>\n
Action.c(130):               Total Charge: $ 621 <BR/> (CC: x-7789)\n
Action.c(130):           </td> </tr> </table>\n
Action.c(130):           </center>\n
Action.c(130):       </TD>\n
Action.c(130):     </TR>\n
Action.c(130):     <TR bgcolor="#EFF2F7">\n
Action.c(130):       <TD COLSPAN="3">\n
Action.c(130):       <b>Flight Details:</b><BR/>  <center>\n
Action.c(130):       05/21/2020\n
Action.c(130):      :  8am : Flight 540 leaves Portland  for Paris.<br>  </center>\n
Action.c(130):       </TD>\n
Action.c(130):     </TR>\n
Action.c(130):     \n
Action.c(130):     <TR bgcolor="#EFF2F7">\n
Action.c(130):       <TD COLSPAN="4">\n
Action.c(130):       <hr/>\n
Action.c(130):       </TD>\n
Action.c(130):     </TR>\n
Action.c(130):     \n
Action.c(130):     <!-- Flight #1 -->\n
Action.c(130):     <TR bgcolor="#EFF2F7">\n
Action.c(130):       <TD width="5%" rowspan="2" align="left" valign="top">\n
Action.c(130):     <b>\n
Action.c(130):     <label><input type="checkbox" name="89" value="on" /></label></font></b>\n
Action.c(130):     <input type="hidden" name="flightID" value="288501504-68509-UU"  />\n
Action.c(130):       </TD>\n
Action.c(130):       <TD width="45%" valign="top">\n
Action.c(130):           <b>&nbsp;&nbsp;A Coach class ticket for :</b><br/>\n
Action.c(130):           <center><table border="0" width="85%"><tr><td>\n
Action.c(130):           <li><i>User5 Userovich\n
Action.c(130):           <li><i></i>\n
Action.c(130):           </td></tr></table></center>\n
Action.c(130):       </TD>\n
Action.c(130):       <TD width="5%" >.<br/>.<br/>.<br/>.</TD>\n
Action.c(130):       <TD width="45%" valign=top><b>Invoice sent to:</b><br/>\n
Action.c(130):           <center>\n
Action.c(130):           <Table width="80%" cellspacing="0" > <tr> <td>\n
Action.c(130):               User5 Userovich\n
Action.c(130):     <br/>\n
Action.c(130):               <br/>\n
Action.c(130):               <br/>\n
Action.c(130):               <br/>\n
Action.c(130):               Total Charge: $ 621 <BR/> (CC: x-7789)\n
Action.c(130):           </td> </tr> </table>\n
Action.c(130):           </center>\n
Action.c(130):       </TD>\n
Action.c(130):     </TR>\n
Action.c(130):     <TR bgcolor="#EFF2F7">\n
Action.c(130):       <TD COLSPAN="3">\n
Action.c(130):       <b>Flight Details:</b><BR/>  <center>\n
Action.c(130):       05/21/2020\n
Action.c(130):      :  8am : Flight 540 leaves Portland  for Paris.<br>  </center>\n
Action.c(130):       </TD>\n
Action.c(130):     </TR>\n
Action.c(130):     \n
Action.c(130):     <TR bgcolor="#EFF2F7">\n
Action.c(130):       <TD COLSPAN="4">\n
Action.c(130):       <hr/>\n
Action.c(130):       </TD>\n
Action.c(130):     </TR>\n
Action.c(130):     \n
Action.c(130):     <!-- Flight #1 -->\n
Action.c(130):     <TR bgcolor="#EFF2F7">\n
Action.c(130):       <TD width="5%" rowspan="2" align="left" valign="top">\n
Action.c(130):     <b>\n
Action.c(130):     <label><input type="checkbox" name="90" value="on" /></label></font></b>\n
Action.c(130):     <input type="hidden" name="flightID" value="288501504-69278-UU"  />\n
Action.c(130):       </TD>\n
Action.c(130):       <TD width="45%" valign="top">\n
Action.c(130):           <b>&nbsp;&nbsp;A Coach class ticket for :</b><br/>\n
Action.c(130):           <center><table border="0" width="85%"><tr><td>\n
Action.c(130):           <li><i>User5 Userovich\n
Action.c(130):           <li><i></i>\n
Action.c(130):           </td></tr></table></center>\n
Action.c(130):       </TD>\n
Action.c(130):       <TD width="5%" >.<br/>.<br/>.<br/>.</TD>\n
Action.c(130):       <TD width="45%" valign=top><b>Invoice sent to:</b><br/>\n
Action.c(130):           <center>\n
Action.c(130):           <Table width="80%" cellspacing="0" > <tr> <td>\n
Action.c(130):               User5 Userovich\n
Action.c(130):     <br/>\n
Action.c(130):               <br/>\n
Action.c(130):               <br/>\n
Action.c(130):               <br/>\n
Action.c(130):               Total Charge: $ 621 <BR/> (CC: x-7789)\n
Action.c(130):           </td> </tr> </table>\n
Action.c(130):           </center>\n
Action.c(130):       </TD>\n
Action.c(130):     </TR>\n
Action.c(130):     <TR bgcolor="#EFF2F7">\n
Action.c(130):       <TD COLSPAN="3">\n
Action.c(130):       <b>Flight Details:</b><BR/>  <center>\n
Action.c(130):       05/21/2020\n
Action.c(130):      :  8am : Flight 540 leaves Portland  for Paris.<br>  </center>\n
Action.c(130):       </TD>\n
Action.c(130):     </TR>\n
Action.c(130):     \n
Action.c(130):     <TR bgcolor="#EFF2F7">\n
Action.c(130):       <TD COLSPAN="4">\n
Action.c(130):       <hr/>\n
Action.c(130):       </TD>\n
Action.c(130):     </TR>\n
Action.c(130):     \n
Action.c(130):     <!-- Flight #1 -->\n
Action.c(130):     <TR bgcolor="#EFF2F7">\n
Action.c(130):       <TD width="5%" rowspan="2" align="left" valign="top">\n
Action.c(130):     <b>\n
Action.c(130):     <label><input type="checkbox" name="91" value="on" /></label></font></b>\n
Action.c(130):     <input type="hidden" name="flightID" value="288501504-70047-UU"  />\n
Action.c(130):       </TD>\n
Action.c(130):       <TD width="45%" valign="top">\n
Action.c(130):           <b>&nbsp;&nbsp;A Coach class ticket for :</b><br/>\n
Action.c(130):           <center><table border="0" width="85%"><tr><td>\n
Action.c(130):           <li><i>User5 Userovich\n
Action.c(130):           <li><i></i>\n
Action.c(130):           </td></tr></table></center>\n
Action.c(130):       </TD>\n
Action.c(130):       <TD width="5%" >.<br/>.<br/>.<br/>.</TD>\n
Action.c(130):       <TD width="45%" valign=top><b>Invoice sent to:</b><br/>\n
Action.c(130):           <center>\n
Action.c(130):           <Table width="80%" cellspacing="0" > <tr> <td>\n
Action.c(130):               User5 Userovich\n
Action.c(130):     <br/>\n
Action.c(130):               <br/>\n
Action.c(130):               <br/>\n
Action.c(130):               <br/>\n
Action.c(130):               Total Charge: $ 621 <BR/> (CC: x-7789)\n
Action.c(130):           </td> </tr> </table>\n
Action.c(130):           </center>\n
Action.c(130):       </TD>\n
Action.c(130):     </TR>\n
Action.c(130):     <TR bgcolor="#EFF2F7">\n
Action.c(130):       <TD COLSPAN="3">\n
Action.c(130):       <b>Flight Details:</b><BR/>  <center>\n
Action.c(130):       05/21/2020\n
Action.c(130):      :  8am : Flight 540 leaves Portland  for Paris.<br>  </center>\n
Action.c(130):       </TD>\n
Action.c(130):     </TR>\n
Action.c(130):     \n
Action.c(130):     <TR bgcolor="#EFF2F7">\n
Action.c(130):       <TD COLSPAN="4">\n
Action.c(130):       <hr/>\n
Action.c(130):       </TD>\n
Action.c(130):     </TR>\n
Action.c(130):     <TR>\n
Action.c(130):        <TD align="center" COLSPAN="4">\n
Action.c(130):        <b>A total of 91 scheduled flights.</font></b>\n
Action.c(130):        </TD>\n
Action.c(130):     </TR>\n
Action.c(130):     </TABLE>\n
Action.c(130):     \n
Action.c(130):     <TABLE WIDTH="87%" BORDER="0" CELLSPACING="0">\n
Action.c(130):     <TR>\n
Action.c(130):     <TD align="left" width="50%" >\n
Action.c(130):     <input type="image" name="removeFlights" src="/WebTours/images/cancelreservation.gif" bord
Action.c(130):     er="0" /></TD>\n
Action.c(130):     <TD align="right" width="50%" >\n
Action.c(130):     <input type="image" name="removeAllFlights" src="/WebTours/images/cancelallreservations.gi
Action.c(130):     f" border="0" /></TD>\n
Action.c(130):     </TABLE>\n
Action.c(130):     \n
Action.c(130):     <div><input type="hidden" name=".cgifields" value="33"  /><input type="hidden" name=".cgif
Action.c(130):     ields" value="32"  /><input type="hidden" name=".cgifields" value="90"  /><input type="hid
Action.c(130):     den" name=".cgifields" value="63"  /><input type="hidden" name=".cgifields" value="21"  />
Action.c(130):     <input type="hidden" name=".cgifields" value="71"  /><input type="hidden" name=".cgifields
Action.c(130):     " value="7"  /><input type="hidden" name=".cgifields" value="80"  /><input type="hidden" n
Action.c(130):     ame=".cgifields" value="26"  /><input type="hidden" name=".cgifields" value="18"  /><input
Action.c(130):      type="hidden" name=".cgifields" value="72"  /><input type="hidden" name=".cgifields" valu
Action.c(130):     e="16"  /><input type="hidden" name=".cgifields" value="44"  /><input type="hidden" name="
Action.c(130):     .cgifields" value="55"  /><input type="hidden" name=".cgifields" value="84"  /><input type
Action.c(130):     ="hidden" name=".cgifields" value="74"  /><input type="hidden" name=".cgifields" value="27
Action.c(130):     "  /><input type="hidden" name=".cgifields" value="57"  /><input type="hidden" name=".cgif
Action.c(130):     ields" value="61"  /><input type="hidden" name=".cgifields" value="20"  /><input type="hid
Action.c(130):     den" name=".cgifields" value="89"  /><input type="hidden" name=".cgifields" value="10"  />
Action.c(130):     <input type="hidden" name=".cgifields" value="31"  /><input type="hidden" name=".cgifields
Action.c(130):     " value="35"  /><input type="hidden" name=".cgifields" value="11"  /><input type="hidden" 
Action.c(130):     name=".cgifields" value="91"  /><input type="hidden" name=".cgifields" value="78"  /><inpu
Action.c(130):     t type="hidden" name=".cgifields" value="48"  /><input type="hidden" name=".cgifields" val
Action.c(130):     ue="87"  /><input type="hidden" name=".cgifields" value="77"  /><input type="hidden" name=
Action.c(130):     ".cgifields" value="65"  /><input type="hidden" name=".cgifields" value="29"  /><input typ
Action.c(130):     e="hidden" name=".cgifields" value="50"  /><input type="hidden" name=".cgifields" value="3
Action.c(130):     9"  /><input type="hidden" name=".cgifields" value="64"  /><input type="hidden" name=".cgi
Action.c(130):     fields" value="58"  /><input type="hidden" name=".cgifields" value="41"  /><input type="hi
Action.c(130):     dden" name=".cgifields" value="12"  /><input type="hidden" name=".cgifields" value="15"  /
Action.c(130):     ><input type="hidden" name=".cgifields" value="81"  /><input type="hidden" name=".cgifield
Action.c(130):     s" value="52"  /><input type="hidden" name=".cgifields" value="60"  /><input type="hidden"
Action.c(130):      name=".cgifields" value="56"  /><input type="hidden" name=".cgifields" value="73"  /><inp
Action.c(130):     ut type="hidden" name=".cgifields" value="66"  /><input type="hidden" name=".cgifields" va
Action.c(130):     lue="45"  /><input type="hidden" name=".cgifields" value="86"  /><input type="hidden" name
Action.c(130):     =".cgifields" value="76"  /><input type="hidden" name=".cgifields" value="19"  /><
Action.c(130): Resource "http://localhost:1080/WebTours/images/cancelreservation.gif" is in the cache already and will not be downloaded again  	[MsgId: MMSG-26655]
Action.c(130): Resource "http://localhost:1080/WebTours/images/cancelallreservations.gif" is in the cache already and will not be downloaded again  	[MsgId: MMSG-26655]
Action.c(130): t=604925ms: 7-byte chunked response overhead for "http://localhost:1080/cgi-bin/itinerary.pl" (RelFrameId=1, Internal ID=153)
Action.c(130):     \r\n
Action.c(130):     80c\r\n
Action.c(130): t=604925ms: 7-byte chunked response overhead for "http://localhost:1080/cgi-bin/itinerary.pl" (RelFrameId=1, Internal ID=153)
Action.c(130):     \r\n
Action.c(130):     0\r\n
Action.c(130):     \r\n
Action.c(130): t=604925ms: 2258-byte chunked response body for "http://localhost:1080/cgi-bin/itinerary.pl" (RelFrameId=1, Internal ID=153)
Action.c(130):     input type="hidden" name=".cgifields" value="62"  /><input type="hidden" name=".cgifields"
Action.c(130):      value="54"  /><input type="hidden" name=".cgifields" value="67"  /><input type="hidden" n
Action.c(130):     ame=".cgifields" value="70"  /><input type="hidden" name=".cgifields" value="68"  /><input
Action.c(130):      type="hidden" name=".cgifields" value="2"  /><input type="hidden" name=".cgifields" value
Action.c(130):     ="17"  /><input type="hidden" name=".cgifields" value="1"  /><input type="hidden" name=".c
Action.c(130):     gifields" value="88"  /><input type="hidden" name=".cgifields" value="30"  /><input type="
Action.c(130):     hidden" name=".cgifields" value="82"  /><input type="hidden" name=".cgifields" value="25" 
Action.c(130):      /><input type="hidden" name=".cgifields" value="28"  /><input type="hidden" name=".cgifie
Action.c(130):     lds" value="83"  /><input type="hidden" name=".cgifields" value="75"  /><input type="hidde
Action.c(130):     n" name=".cgifields" value="40"  /><input type="hidden" name=".cgifields" value="14"  /><i
Action.c(130):     nput type="hidden" name=".cgifields" value="69"  /><input type="hidden" name=".cgifields" 
Action.c(130):     value="59"  /><input type="hidden" name=".cgifields" value="49"  /><input type="hidden" na
Action.c(130):     me=".cgifields" value="24"  /><input type="hidden" name=".cgifields" value="53"  /><input 
Action.c(130):     type="hidden" name=".cgifields" value="79"  /><input type="hidden" name=".cgifields" value
Action.c(130):     ="22"  /><input type="hidden" name=".cgifields" value="42"  /><input type="hidden" name=".
Action.c(130):     cgifields" value="46"  /><input type="hidden" name=".cgifields" value="23"  /><input type=
Action.c(130):     "hidden" name=".cgifields" value="13"  /><input type="hidden" name=".cgifields" value="6" 
Action.c(130):      /><input type="hidden" name=".cgifields" value="85"  /><input type="hidden" name=".cgifie
Action.c(130):     lds" value="3"  /><input type="hidden" name=".cgifields" value="36"  /><input type="hidden
Action.c(130):     " name=".cgifields" value="9"  /><input type="hidden" name=".cgifields" value="51"  /><inp
Action.c(130):     ut type="hidden" name=".cgifields" value="47"  /><input type="hidden" name=".cgifields" va
Action.c(130):     lue="8"  /><input type="hidden" name=".cgifields" value="38"  /><input type="hidden" name=
Action.c(130):     ".cgifields" value="4"  /><input type="hidden" name=".cgifields" value="34"  /><input type
Action.c(130):     ="hidden" name=".cgifields" value="37"  /><input type="hidden" name=".cgifields" value="43
Action.c(130):     "  /><input type="hidden" name=".cgifields" value="5"  /></div></form>\n
Action.c(130):     \n
Action.c(130):     </center>\n
Action.c(130):     \n
Action.c(130):     </body>\n
Action.c(130):     </html>
Action.c(130): t=604925ms: Request done "http://localhost:1080/cgi-bin/itinerary.pl"  	[MsgId: MMSG-26000]
Action.c(130): Registered web_reg_find successful for "Text=Flights List" (count=1)  	[MsgId: MMSG-26364]
Action.c(130): web_submit_form("itinerary.pl") was successful, 104336 body bytes, 256 header bytes, 211 chunking overhead bytes  	[MsgId: MMSG-26385]
Action.c(138): Notify: Transaction "transaction_delete_reservation" ended with a "Pass" status (Duration: 0,1875).	[MsgId: MMSG-16873]
Action.c(140): lr_think_time: 5,00 seconds.	[MsgId: MMSG-15948]
Action.c(80): Notify: Transaction "2_cansel_reservation_transaction" ended with a "Stop" status (Duration: 7,4748 Think Time: 5,0062).	[MsgId: MMSG-16872]
Abort was called from an action.	[MsgId: MMSG-10447]
Ending Vuser...	[MsgId: MMSG-15966]
Starting action vuser_end.	[MsgId: MMSG-15919]
Ending action vuser_end.	[MsgId: MMSG-15918]
Vuser Terminated.	[MsgId: MMSG-15963]
Action.c(80): t=605612ms: Closed connection [0] to localhost:1080 after completing 5 request(s)  	[MsgId: MMSG-26000]
Action.c(80): t=605612ms: Closed connection [1] to localhost:1080 after completing 1 request(s)  	[MsgId: MMSG-26000]
Action.c(80): t=605612ms: Closed connection [2] to localhost:1080 after completing 1 request(s)  	[MsgId: MMSG-26000]
Action.c(80): t=605612ms: Closed connection [3] to localhost:1080 after completing 1 request(s)  	[MsgId: MMSG-26000]
Action.c(80): t=605612ms: Closed connection [4] to localhost:1080 after completing 1 request(s)  	[MsgId: MMSG-26000]
Action.c(140): Notify: Transaction "2_cansel_reservation_transaction" ended with a "Stop" status (Duration: 16,4745 Think Time: 15,0371).	[MsgId: MMSG-16872]
Action.c(80): t=605612ms: Closed connection [5] to localhost:1080 after completing 1 request(s)  	[MsgId: MMSG-26000]
Abort was called from an action.	[MsgId: MMSG-10447]
Ending Vuser...	[MsgId: MMSG-15966]
Starting action vuser_end.	[MsgId: MMSG-15919]
Ending action vuser_end.	[MsgId: MMSG-15918]
Vuser Terminated.	[MsgId: MMSG-15963]
Action.c(140): t=605612ms: Closed connection [0] to localhost:1080 after completing 1 request(s)  	[MsgId: MMSG-26000]
HTML-Mode memory management statistics: Reusable=27, NonReusable=0, CsMemBlockSize=4096, checks disabled  	[MsgId: MMSG-26000]
Vuser 0 (thread 173200), ended OK."	[MsgId: MMSG-10695]
HTML-Mode memory management statistics: Reusable=28, NonReusable=0, CsMemBlockSize=4096, checks disabled  	[MsgId: MMSG-26000]
Vuser 1 (thread 74828), ended OK."	[MsgId: MMSG-10695]
