Virtual User Script started at: 12.05.2020 17:07:19	[MsgId: MMSG-15967]
Virtual User Script started at: 12.05.2020 17:07:19	[MsgId: MMSG-15967]
Virtual User Script started at: 12.05.2020 17:07:19	[MsgId: MMSG-15967]
Virtual User Script started at: 12.05.2020 17:07:19	[MsgId: MMSG-15967]
Starting action vuser_init.	[MsgId: MMSG-15919]
Starting action vuser_init.	[MsgId: MMSG-15919]
Virtual User Script started at: 12.05.2020 17:07:19	[MsgId: MMSG-15967]
Web Turbo Replay of LoadRunner 2020.0.0 for Windows 10; build 793 (ноя 27 2019 19:51:20)  	[MsgId: MMSG-26983]
Run mode: HTML  	[MsgId: MMSG-26993]
Web Turbo Replay of LoadRunner 2020.0.0 for Windows 10; build 793 (ноя 27 2019 19:51:20)  	[MsgId: MMSG-26983]
Starting action vuser_init.	[MsgId: MMSG-15919]
Replay user agent: Mozilla/5.0 (Windows NT 10.0; Win64; x64) AppleWebKit/537.36 (KHTML, like Gecko) Chrome/81.0.4044.129 Safari/537.36  	[MsgId: MMSG-26988]
Run mode: HTML  	[MsgId: MMSG-26993]
Replay user agent: Mozilla/5.0 (Windows NT 10.0; Win64; x64) AppleWebKit/537.36 (KHTML, like Gecko) Chrome/81.0.4044.129 Safari/537.36  	[MsgId: MMSG-26988]
Web Turbo Replay of LoadRunner 2020.0.0 for Windows 10; build 793 (ноя 27 2019 19:51:20)  	[MsgId: MMSG-26983]
Runtime Settings file: "C:\Users\bushi\AppData\Local\Temp\lr5tmpdirgAY.708\lrcfghFq.709\cfgGUl.726"  	[MsgId: MMSG-27141]
Runtime Settings file: "C:\Users\bushi\AppData\Local\Temp\lr5tmpdirgAY.708\lrcfghFq.709\cfgGUl.726"  	[MsgId: MMSG-27141]
Run mode: HTML  	[MsgId: MMSG-26993]
Replay user agent: Mozilla/5.0 (Windows NT 10.0; Win64; x64) AppleWebKit/537.36 (KHTML, like Gecko) Chrome/81.0.4044.129 Safari/537.36  	[MsgId: MMSG-26988]
Runtime Settings file: "C:\Users\bushi\AppData\Local\Temp\lr5tmpdirgAY.708\lrcfghFq.709\cfgGUl.726"  	[MsgId: MMSG-27141]
Starting action vuser_init.	[MsgId: MMSG-15919]
Web Turbo Replay of LoadRunner 2020.0.0 for Windows 10; build 793 (ноя 27 2019 19:51:20)  	[MsgId: MMSG-26983]
Run mode: HTML  	[MsgId: MMSG-26993]
Ending action vuser_init.	[MsgId: MMSG-15918]
Replay user agent: Mozilla/5.0 (Windows NT 10.0; Win64; x64) AppleWebKit/537.36 (KHTML, like Gecko) Chrome/81.0.4044.129 Safari/537.36  	[MsgId: MMSG-26988]
Starting action vuser_init.	[MsgId: MMSG-15919]
Ending action vuser_init.	[MsgId: MMSG-15918]
Runtime Settings file: "C:\Users\bushi\AppData\Local\Temp\lr5tmpdirgAY.708\lrcfghFq.709\cfgGUl.726"  	[MsgId: MMSG-27141]
Web Turbo Replay of LoadRunner 2020.0.0 for Windows 10; build 793 (ноя 27 2019 19:51:20)  	[MsgId: MMSG-26983]
Running Vuser...	[MsgId: MMSG-15964]
Running Vuser...	[MsgId: MMSG-15964]
Run mode: HTML  	[MsgId: MMSG-26993]
Replay user agent: Mozilla/5.0 (Windows NT 10.0; Win64; x64) AppleWebKit/537.36 (KHTML, like Gecko) Chrome/81.0.4044.129 Safari/537.36  	[MsgId: MMSG-26988]
Runtime Settings file: "C:\Users\bushi\AppData\Local\Temp\lr5tmpdirgAY.708\lrcfghFq.709\cfgGUl.726"  	[MsgId: MMSG-27141]
Ending action vuser_init.	[MsgId: MMSG-15918]
Running Vuser...	[MsgId: MMSG-15964]
Ending action vuser_init.	[MsgId: MMSG-15918]
Ending action vuser_init.	[MsgId: MMSG-15918]
Running Vuser...	[MsgId: MMSG-15964]
Running Vuser...	[MsgId: MMSG-15964]
Starting iteration 1.	[MsgId: MMSG-15968]
Starting iteration 1.	[MsgId: MMSG-15968]
Maximum number of concurrent connections per server: 6  	[MsgId: MMSG-26989]
Maximum number of concurrent connections per server: 6  	[MsgId: MMSG-26989]
Starting iteration 1.	[MsgId: MMSG-15968]
Maximum number of concurrent connections per server: 6  	[MsgId: MMSG-26989]
Starting action Action.	[MsgId: MMSG-15919]
Starting action Action.	[MsgId: MMSG-15919]
Starting iteration 1.	[MsgId: MMSG-15968]
Starting iteration 1.	[MsgId: MMSG-15968]
Maximum number of concurrent connections per server: 6  	[MsgId: MMSG-26989]
Action.c(3): Notify: Transaction "2_cansel_reservation_transaction" started.	[MsgId: MMSG-16999]
Maximum number of concurrent connections per server: 6  	[MsgId: MMSG-26989]
Starting action Action.	[MsgId: MMSG-15919]
Starting action Action.	[MsgId: MMSG-15919]
Starting action Action.	[MsgId: MMSG-15919]
Action.c(3): Notify: Transaction "2_cansel_reservation_transaction" started.	[MsgId: MMSG-16999]
Action.c(3): Notify: Transaction "2_cansel_reservation_transaction" started.	[MsgId: MMSG-16999]
Action.c(3): Notify: Transaction "2_cansel_reservation_transaction" started.	[MsgId: MMSG-16999]
Action.c(3): Notify: Transaction "2_cansel_reservation_transaction" started.	[MsgId: MMSG-16999]
Action.c(5): web_set_sockets_option started  	[MsgId: MMSG-26355]
Action.c(5): web_set_sockets_option started  	[MsgId: MMSG-26355]
Action.c(5): web_set_sockets_option started  	[MsgId: MMSG-26355]
Action.c(5): web_set_sockets_option was successful  	[MsgId: MMSG-26392]
Action.c(5): web_set_sockets_option was successful  	[MsgId: MMSG-26392]
Action.c(5): web_set_sockets_option was successful  	[MsgId: MMSG-26392]
Action.c(7): web_add_auto_header("Sec-Fetch-Site") started  	[MsgId: MMSG-26355]
Action.c(7): web_add_auto_header("Sec-Fetch-Site") started  	[MsgId: MMSG-26355]
Action.c(7): web_add_auto_header("Sec-Fetch-Site") started  	[MsgId: MMSG-26355]
Action.c(5): web_set_sockets_option started  	[MsgId: MMSG-26355]
Action.c(5): web_set_sockets_option started  	[MsgId: MMSG-26355]
Action.c(5): web_set_sockets_option was successful  	[MsgId: MMSG-26392]
Action.c(5): web_set_sockets_option was successful  	[MsgId: MMSG-26392]
Action.c(7): web_add_auto_header("Sec-Fetch-Site") started  	[MsgId: MMSG-26355]
Action.c(7): web_add_auto_header("Sec-Fetch-Site") started  	[MsgId: MMSG-26355]
Action.c(7): web_add_auto_header("Sec-Fetch-Site") was successful  	[MsgId: MMSG-26392]
Action.c(7): web_add_auto_header("Sec-Fetch-Site") was successful  	[MsgId: MMSG-26392]
Action.c(7): web_add_auto_header("Sec-Fetch-Site") was successful  	[MsgId: MMSG-26392]
Action.c(10): web_add_auto_header("Sec-Fetch-Dest") started  	[MsgId: MMSG-26355]
Action.c(10): web_add_auto_header("Sec-Fetch-Dest") started  	[MsgId: MMSG-26355]
Action.c(10): web_add_auto_header("Sec-Fetch-Dest") started  	[MsgId: MMSG-26355]
Action.c(10): web_add_auto_header("Sec-Fetch-Dest") was successful  	[MsgId: MMSG-26392]
Action.c(10): web_add_auto_header("Sec-Fetch-Dest") was successful  	[MsgId: MMSG-26392]
Action.c(10): web_add_auto_header("Sec-Fetch-Dest") was successful  	[MsgId: MMSG-26392]
Action.c(13): web_add_auto_header("Sec-Fetch-Mode") started  	[MsgId: MMSG-26355]
Action.c(13): web_add_auto_header("Sec-Fetch-Mode") started  	[MsgId: MMSG-26355]
Action.c(13): web_add_auto_header("Sec-Fetch-Mode") started  	[MsgId: MMSG-26355]
Action.c(13): web_add_auto_header("Sec-Fetch-Mode") was successful  	[MsgId: MMSG-26392]
Action.c(13): web_add_auto_header("Sec-Fetch-Mode") was successful  	[MsgId: MMSG-26392]
Action.c(13): web_add_auto_header("Sec-Fetch-Mode") was successful  	[MsgId: MMSG-26392]
Action.c(16): web_add_auto_header("Sec-Fetch-User") started  	[MsgId: MMSG-26355]
Action.c(16): web_add_auto_header("Sec-Fetch-User") started  	[MsgId: MMSG-26355]
Action.c(16): web_add_auto_header("Sec-Fetch-User") started  	[MsgId: MMSG-26355]
Action.c(16): web_add_auto_header("Sec-Fetch-User") was successful  	[MsgId: MMSG-26392]
Action.c(16): web_add_auto_header("Sec-Fetch-User") was successful  	[MsgId: MMSG-26392]
Action.c(16): web_add_auto_header("Sec-Fetch-User") was successful  	[MsgId: MMSG-26392]
Action.c(19): web_add_auto_header("Upgrade-Insecure-Requests") started  	[MsgId: MMSG-26355]
Action.c(19): web_add_auto_header("Upgrade-Insecure-Requests") started  	[MsgId: MMSG-26355]
Action.c(19): web_add_auto_header("Upgrade-Insecure-Requests") started  	[MsgId: MMSG-26355]
Action.c(19): web_add_auto_header("Upgrade-Insecure-Requests") was successful  	[MsgId: MMSG-26392]
Action.c(19): web_add_auto_header("Upgrade-Insecure-Requests") was successful  	[MsgId: MMSG-26392]
Action.c(19): web_add_auto_header("Upgrade-Insecure-Requests") was successful  	[MsgId: MMSG-26392]
Action.c(22): Notify: Transaction "transaction_open_link" started.	[MsgId: MMSG-16999]
Action.c(22): Notify: Transaction "transaction_open_link" started.	[MsgId: MMSG-16999]
Action.c(22): Notify: Transaction "transaction_open_link" started.	[MsgId: MMSG-16999]
Action.c(7): web_add_auto_header("Sec-Fetch-Site") was successful  	[MsgId: MMSG-26392]
Action.c(10): web_add_auto_header("Sec-Fetch-Dest") started  	[MsgId: MMSG-26355]
Action.c(7): web_add_auto_header("Sec-Fetch-Site") was successful  	[MsgId: MMSG-26392]
Action.c(10): web_add_auto_header("Sec-Fetch-Dest") started  	[MsgId: MMSG-26355]
Action.c(10): web_add_auto_header("Sec-Fetch-Dest") was successful  	[MsgId: MMSG-26392]
Action.c(24): web_reg_save_param started  	[MsgId: MMSG-26355]
Action.c(24): web_reg_save_param started  	[MsgId: MMSG-26355]
Action.c(24): web_reg_save_param started  	[MsgId: MMSG-26355]
Action.c(13): web_add_auto_header("Sec-Fetch-Mode") started  	[MsgId: MMSG-26355]
Action.c(10): web_add_auto_header("Sec-Fetch-Dest") was successful  	[MsgId: MMSG-26392]
Action.c(13): web_add_auto_header("Sec-Fetch-Mode") was successful  	[MsgId: MMSG-26392]
Action.c(13): web_add_auto_header("Sec-Fetch-Mode") started  	[MsgId: MMSG-26355]
Action.c(16): web_add_auto_header("Sec-Fetch-User") started  	[MsgId: MMSG-26355]
Action.c(16): web_add_auto_header("Sec-Fetch-User") was successful  	[MsgId: MMSG-26392]
Action.c(24): Registering web_reg_save_param was successful  	[MsgId: MMSG-26390]
Action.c(13): web_add_auto_header("Sec-Fetch-Mode") was successful  	[MsgId: MMSG-26392]
Action.c(19): web_add_auto_header("Upgrade-Insecure-Requests") started  	[MsgId: MMSG-26355]
Action.c(16): web_add_auto_header("Sec-Fetch-User") started  	[MsgId: MMSG-26355]
Action.c(19): web_add_auto_header("Upgrade-Insecure-Requests") was successful  	[MsgId: MMSG-26392]
Action.c(24): Registering web_reg_save_param was successful  	[MsgId: MMSG-26390]
Action.c(16): web_add_auto_header("Sec-Fetch-User") was successful  	[MsgId: MMSG-26392]
Action.c(22): Notify: Transaction "transaction_open_link" started.	[MsgId: MMSG-16999]
Action.c(24): Registering web_reg_save_param was successful  	[MsgId: MMSG-26390]
Action.c(24): web_reg_save_param started  	[MsgId: MMSG-26355]
Action.c(29): web_url("WebTours") started  	[MsgId: MMSG-26355]
Action.c(29): web_url("WebTours") started  	[MsgId: MMSG-26355]
Action.c(24): Registering web_reg_save_param was successful  	[MsgId: MMSG-26390]
Action.c(29): web_url("WebTours") started  	[MsgId: MMSG-26355]
Action.c(19): web_add_auto_header("Upgrade-Insecure-Requests") started  	[MsgId: MMSG-26355]
Action.c(19): web_add_auto_header("Upgrade-Insecure-Requests") was successful  	[MsgId: MMSG-26392]
Action.c(29): web_url("WebTours") started  	[MsgId: MMSG-26355]
Action.c(22): Notify: Transaction "transaction_open_link" started.	[MsgId: MMSG-16999]
Action.c(24): web_reg_save_param started  	[MsgId: MMSG-26355]
Action.c(24): Registering web_reg_save_param was successful  	[MsgId: MMSG-26390]
Action.c(29): web_url("WebTours") started  	[MsgId: MMSG-26355]
Action.c(29): Error -27792: Failed to connect to server "localhost:1080": [10061] Connection refused  	[MsgId: MERR-27792]
Action.c(29): Error -27792: Failed to connect to server "localhost:1080": [10061] Connection refused  	[MsgId: MERR-27792]
Action.c(29): Error -27792: Failed to connect to server "localhost:1080": [10061] Connection refused  	[MsgId: MERR-27792]
Action.c(29): Error -27792: Failed to connect to server "localhost:1080": [10061] Connection refused  	[MsgId: MERR-27792]
Action.c(29): Error -27792: Failed to connect to server "localhost:1080": [10061] Connection refused  	[MsgId: MERR-27792]
Action.c(29): Error -26377: No match found for the requested parameter "userSession". Either the specified boundaries were not found in the response or the matched text is longer than current max html parameter size of 256 bytes. The total length of the response is 0 bytes. You can use "web_set_max_html_param_len" to increase the max parameter size.  	[MsgId: MERR-26377]
Action.c(29): Error -26377: No match found for the requested parameter "userSession". Either the specified boundaries were not found in the response or the matched text is longer than current max html parameter size of 256 bytes. The total length of the response is 0 bytes. You can use "web_set_max_html_param_len" to increase the max parameter size.  	[MsgId: MERR-26377]
Action.c(29): Error -26377: No match found for the requested parameter "userSession". Either the specified boundaries were not found in the response or the matched text is longer than current max html parameter size of 256 bytes. The total length of the response is 0 bytes. You can use "web_set_max_html_param_len" to increase the max parameter size.  	[MsgId: MERR-26377]
Action.c(29): Notify: Saving Parameter "userSession = ".	[MsgId: MMSG-13798]
Action.c(29): Notify: Saving Parameter "userSession = ".	[MsgId: MMSG-13798]
Action.c(29): Notify: Saving Parameter "userSession = ".	[MsgId: MMSG-13798]
Action.c(29): Error -26374: The above "not found" error(s) may be explained by header and body byte counts being 0 and 0, respectively.  	[MsgId: MERR-26374]
Action.c(29): Error -26374: The above "not found" error(s) may be explained by header and body byte counts being 0 and 0, respectively.  	[MsgId: MERR-26374]
Action.c(29): web_url("WebTours") highest severity level was "ERROR", 0 body bytes, 0 header bytes  	[MsgId: MMSG-26388]
Action.c(29): web_url("WebTours") highest severity level was "ERROR", 0 body bytes, 0 header bytes  	[MsgId: MMSG-26388]
Action.c(29): Error -26374: The above "not found" error(s) may be explained by header and body byte counts being 0 and 0, respectively.  	[MsgId: MERR-26374]
Action.c(29): Notify: Transaction "transaction_open_link" ended with a "Fail" status (Duration: 2,0258).	[MsgId: MMSG-16873]
Action.c(29): Notify: Transaction "transaction_open_link" ended with a "Fail" status (Duration: 2,0267).	[MsgId: MMSG-16873]
Action.c(29): Notify: Transaction "transaction_open_link" has 3 error message(s).	[MsgId: MMSG-16818]
Action.c(29): Notify: Transaction "transaction_open_link" has 3 error message(s).	[MsgId: MMSG-16818]
Action.c(29): web_url("WebTours") highest severity level was "ERROR", 0 body bytes, 0 header bytes  	[MsgId: MMSG-26388]
Action.c(29): Notify: The 1st error message associated with transaction "transaction_open_link" is "Error -27792: Failed to connect to server "localhost:1080": [10061] Connection refused"	[MsgId: MMSG-16819]
Action.c(29): Notify: The 1st error message associated with transaction "transaction_open_link" is "Error -27792: Failed to connect to server "localhost:1080": [10061] Connection refused"	[MsgId: MMSG-16819]
Action.c(29): Notify: The 2nd error message associated with transaction "transaction_open_link" is "Error -26377: No match found for the requested parameter "userSession". Either the specified boundaries were not found in the response or the matched text is longer than current max html parameter size of 256 bytes. The total length of the response is 0 bytes. You can use "web_set_max_html_param_len" to increase the max parameter size."	[MsgId: MMSG-16819]
Action.c(29): Notify: Transaction "transaction_open_link" ended with a "Fail" status (Duration: 2,0270).	[MsgId: MMSG-16873]
Action.c(29): Notify: The 3rd error message associated with transaction "transaction_open_link" is "Error -26374: The above "not found" error(s) may be explained by header and body byte counts being 0 and 0, respectively."	[MsgId: MMSG-16819]
Action.c(29): Notify: Transaction "transaction_open_link" has 3 error message(s).	[MsgId: MMSG-16818]
Action.c(29): Notify: The 1st error message associated with transaction "transaction_open_link" is "Error -27792: Failed to connect to server "localhost:1080": [10061] Connection refused"	[MsgId: MMSG-16819]
Action.c(29): Notify: Transaction "2_cansel_reservation_transaction" ended with a "Fail" status (Duration: 2,0287).	[MsgId: MMSG-16873]
Action.c(29): Notify: The 2nd error message associated with transaction "transaction_open_link" is "Error -26377: No match found for the requested parameter "userSession". Either the specified boundaries were not found in the response or the matched text is longer than current max html parameter size of 256 bytes. The total length of the response is 0 bytes. You can use "web_set_max_html_param_len" to increase the max parameter size."	[MsgId: MMSG-16819]
Action.c(29): Error -26377: No match found for the requested parameter "userSession". Either the specified boundaries were not found in the response or the matched text is longer than current max html parameter size of 256 bytes. The total length of the response is 0 bytes. You can use "web_set_max_html_param_len" to increase the max parameter size.  	[MsgId: MERR-26377]
Action.c(29): Notify: The 2nd error message associated with transaction "transaction_open_link" is "Error -26377: No match found for the requested parameter "userSession". Either the specified boundaries were not found in the response or the matched text is longer than current max html parameter size of 256 bytes. The total length of the response is 0 bytes. You can use "web_set_max_html_param_len" to increase the max parameter size."	[MsgId: MMSG-16819]
Action.c(29): Notify: The 3rd error message associated with transaction "transaction_open_link" is "Error -26374: The above "not found" error(s) may be explained by header and body byte counts being 0 and 0, respectively."	[MsgId: MMSG-16819]
Action.c(29): Notify: The 3rd error message associated with transaction "transaction_open_link" is "Error -26374: The above "not found" error(s) may be explained by header and body byte counts being 0 and 0, respectively."	[MsgId: MMSG-16819]
Action.c(29): Notify: Saving Parameter "userSession = ".	[MsgId: MMSG-13798]
Action.c(29): Error -26374: The above "not found" error(s) may be explained by header and body byte counts being 0 and 0, respectively.  	[MsgId: MERR-26374]
Action.c(29): Notify: Transaction "2_cansel_reservation_transaction" ended with a "Fail" status (Duration: 2,0288).	[MsgId: MMSG-16873]
Action.c(29): Notify: Transaction "2_cansel_reservation_transaction" has 3 error message(s).	[MsgId: MMSG-16818]
Action.c(29): Notify: Transaction "2_cansel_reservation_transaction" ended with a "Fail" status (Duration: 2,0287).	[MsgId: MMSG-16873]
Action.c(29): Notify: The 1st error message associated with transaction "2_cansel_reservation_transaction" is "Error -27792: Failed to connect to server "localhost:1080": [10061] Connection refused"	[MsgId: MMSG-16819]
Action.c(29): web_url("WebTours") highest severity level was "ERROR", 0 body bytes, 0 header bytes  	[MsgId: MMSG-26388]
Action.c(29): Notify: Transaction "2_cansel_reservation_transaction" has 3 error message(s).	[MsgId: MMSG-16818]
Action.c(29): Notify: The 2nd error message associated with transaction "2_cansel_reservation_transaction" is "Error -26377: No match found for the requested parameter "userSession". Either the specified boundaries were not found in the response or the matched text is longer than current max html parameter size of 256 bytes. The total length of the response is 0 bytes. You can use "web_set_max_html_param_len" to increase the max parameter size."	[MsgId: MMSG-16819]
Action.c(29): Notify: The 1st error message associated with transaction "2_cansel_reservation_transaction" is "Error -27792: Failed to connect to server "localhost:1080": [10061] Connection refused"	[MsgId: MMSG-16819]
Action.c(29): Notify: The 3rd error message associated with transaction "2_cansel_reservation_transaction" is "Error -26374: The above "not found" error(s) may be explained by header and body byte counts being 0 and 0, respectively."	[MsgId: MMSG-16819]
Action.c(29): Notify: Transaction "transaction_open_link" ended with a "Fail" status (Duration: 2,0264).	[MsgId: MMSG-16873]
Action.c(29): Notify: The 2nd error message associated with transaction "2_cansel_reservation_transaction" is "Error -26377: No match found for the requested parameter "userSession". Either the specified boundaries were not found in the response or the matched text is longer than current max html parameter size of 256 bytes. The total length of the response is 0 bytes. You can use "web_set_max_html_param_len" to increase the max parameter size."	[MsgId: MMSG-16819]
Action.c(29): Notify: Transaction "transaction_open_link" has 3 error message(s).	[MsgId: MMSG-16818]
Action.c(29): Notify: The 3rd error message associated with transaction "2_cansel_reservation_transaction" is "Error -26374: The above "not found" error(s) may be explained by header and body byte counts being 0 and 0, respectively."	[MsgId: MMSG-16819]
Action.c(29): Notify: The 1st error message associated with transaction "transaction_open_link" is "Error -27792: Failed to connect to server "localhost:1080": [10061] Connection refused"	[MsgId: MMSG-16819]
Action.c(29): Notify: The 2nd error message associated with transaction "transaction_open_link" is "Error -26377: No match found for the requested parameter "userSession". Either the specified boundaries were not found in the response or the matched text is longer than current max html parameter size of 256 bytes. The total length of the response is 0 bytes. You can use "web_set_max_html_param_len" to increase the max parameter size."	[MsgId: MMSG-16819]
Ending action Action.	[MsgId: MMSG-15918]
Ending action Action.	[MsgId: MMSG-15918]
Action.c(29): Notify: The 3rd error message associated with transaction "transaction_open_link" is "Error -26374: The above "not found" error(s) may be explained by header and body byte counts being 0 and 0, respectively."	[MsgId: MMSG-16819]
Ending iteration 1.	[MsgId: MMSG-15965]
Ending iteration 1.	[MsgId: MMSG-15965]
Ending Vuser...	[MsgId: MMSG-15966]
Ending Vuser...	[MsgId: MMSG-15966]
Action.c(29): Notify: Transaction "2_cansel_reservation_transaction" ended with a "Fail" status (Duration: 2,0297).	[MsgId: MMSG-16873]
Starting action vuser_end.	[MsgId: MMSG-15919]
Starting action vuser_end.	[MsgId: MMSG-15919]
Action.c(29): Notify: Transaction "2_cansel_reservation_transaction" has 3 error message(s).	[MsgId: MMSG-16818]
Ending action vuser_end.	[MsgId: MMSG-15918]
Action.c(29): Notify: The 1st error message associated with transaction "2_cansel_reservation_transaction" is "Error -27792: Failed to connect to server "localhost:1080": [10061] Connection refused"	[MsgId: MMSG-16819]
Ending action vuser_end.	[MsgId: MMSG-15918]
Vuser Terminated.	[MsgId: MMSG-15963]
Vuser Terminated.	[MsgId: MMSG-15963]
Action.c(29): Notify: The 2nd error message associated with transaction "2_cansel_reservation_transaction" is "Error -26377: No match found for the requested parameter "userSession". Either the specified boundaries were not found in the response or the matched text is longer than current max html parameter size of 256 bytes. The total length of the response is 0 bytes. You can use "web_set_max_html_param_len" to increase the max parameter size."	[MsgId: MMSG-16819]
Action.c(29): Notify: The 3rd error message associated with transaction "2_cansel_reservation_transaction" is "Error -26374: The above "not found" error(s) may be explained by header and body byte counts being 0 and 0, respectively."	[MsgId: MMSG-16819]
Ending action Action.	[MsgId: MMSG-15918]
Action.c(29): Notify: Transaction "2_cansel_reservation_transaction" has 3 error message(s).	[MsgId: MMSG-16818]
Ending iteration 1.	[MsgId: MMSG-15965]
Action.c(29): Notify: The 1st error message associated with transaction "2_cansel_reservation_transaction" is "Error -27792: Failed to connect to server "localhost:1080": [10061] Connection refused"	[MsgId: MMSG-16819]
Ending Vuser...	[MsgId: MMSG-15966]
Action.c(29): Notify: The 2nd error message associated with transaction "2_cansel_reservation_transaction" is "Error -26377: No match found for the requested parameter "userSession". Either the specified boundaries were not found in the response or the matched text is longer than current max html parameter size of 256 bytes. The total length of the response is 0 bytes. You can use "web_set_max_html_param_len" to increase the max parameter size."	[MsgId: MMSG-16819]
Starting action vuser_end.	[MsgId: MMSG-15919]
Action.c(29): Notify: The 3rd error message associated with transaction "2_cansel_reservation_transaction" is "Error -26374: The above "not found" error(s) may be explained by header and body byte counts being 0 and 0, respectively."	[MsgId: MMSG-16819]
Ending action vuser_end.	[MsgId: MMSG-15918]
Vuser Terminated.	[MsgId: MMSG-15963]
Ending action Action.	[MsgId: MMSG-15918]
Ending iteration 1.	[MsgId: MMSG-15965]
Ending Vuser...	[MsgId: MMSG-15966]
Starting action vuser_end.	[MsgId: MMSG-15919]
Ending action vuser_end.	[MsgId: MMSG-15918]
Vuser Terminated.	[MsgId: MMSG-15963]
Vuser 3 (thread 34808), ended OK."	[MsgId: MMSG-10695]
Vuser 4 (thread 54788), ended OK."	[MsgId: MMSG-10695]
Action.c(29): Error -26377: No match found for the requested parameter "userSession". Either the specified boundaries were not found in the response or the matched text is longer than current max html parameter size of 256 bytes. The total length of the response is 0 bytes. You can use "web_set_max_html_param_len" to increase the max parameter size.  	[MsgId: MERR-26377]
Action.c(29): Notify: Saving Parameter "userSession = ".	[MsgId: MMSG-13798]
Action.c(29): Error -26374: The above "not found" error(s) may be explained by header and body byte counts being 0 and 0, respectively.  	[MsgId: MERR-26374]
Action.c(29): web_url("WebTours") highest severity level was "ERROR", 0 body bytes, 0 header bytes  	[MsgId: MMSG-26388]
Action.c(29): Notify: Transaction "transaction_open_link" ended with a "Fail" status (Duration: 2,0318).	[MsgId: MMSG-16873]
Action.c(29): Notify: Transaction "transaction_open_link" has 3 error message(s).	[MsgId: MMSG-16818]
Action.c(29): Notify: The 1st error message associated with transaction "transaction_open_link" is "Error -27792: Failed to connect to server "localhost:1080": [10061] Connection refused"	[MsgId: MMSG-16819]
Action.c(29): Notify: The 2nd error message associated with transaction "transaction_open_link" is "Error -26377: No match found for the requested parameter "userSession". Either the specified boundaries were not found in the response or the matched text is longer than current max html parameter size of 256 bytes. The total length of the response is 0 bytes. You can use "web_set_max_html_param_len" to increase the max parameter size."	[MsgId: MMSG-16819]
Action.c(29): Notify: The 3rd error message associated with transaction "transaction_open_link" is "Error -26374: The above "not found" error(s) may be explained by header and body byte counts being 0 and 0, respectively."	[MsgId: MMSG-16819]
Action.c(29): Notify: Transaction "2_cansel_reservation_transaction" ended with a "Fail" status (Duration: 2,0341).	[MsgId: MMSG-16873]
Action.c(29): Notify: Transaction "2_cansel_reservation_transaction" has 3 error message(s).	[MsgId: MMSG-16818]
Action.c(29): Notify: The 1st error message associated with transaction "2_cansel_reservation_transaction" is "Error -27792: Failed to connect to server "localhost:1080": [10061] Connection refused"	[MsgId: MMSG-16819]
Action.c(29): Notify: The 2nd error message associated with transaction "2_cansel_reservation_transaction" is "Error -26377: No match found for the requested parameter "userSession". Either the specified boundaries were not found in the response or the matched text is longer than current max html parameter size of 256 bytes. The total length of the response is 0 bytes. You can use "web_set_max_html_param_len" to increase the max parameter size."	[MsgId: MMSG-16819]
Action.c(29): Notify: The 3rd error message associated with transaction "2_cansel_reservation_transaction" is "Error -26374: The above "not found" error(s) may be explained by header and body byte counts being 0 and 0, respectively."	[MsgId: MMSG-16819]
Ending action Action.	[MsgId: MMSG-15918]
Ending iteration 1.	[MsgId: MMSG-15965]
Ending Vuser...	[MsgId: MMSG-15966]
Starting action vuser_end.	[MsgId: MMSG-15919]
Ending action vuser_end.	[MsgId: MMSG-15918]
Vuser Terminated.	[MsgId: MMSG-15963]
Vuser 2 (thread 23844), ended OK."	[MsgId: MMSG-10695]
Vuser 1 (thread 21828), ended OK."	[MsgId: MMSG-10695]
Vuser 0 (thread 55432), ended OK."	[MsgId: MMSG-10695]
