Action.c(130):       <TD COLSPAN="3">\n
Action.c(130):       <b>Flight Details:</b><BR/>  <center>\n
Action.c(130):       05/25/2020\n
Action.c(130):      :  8am : Flight 720 leaves Seattle  for London.<br>  </center>\n
Action.c(130):       </TD>\n
Action.c(130):     </TR>\n
Action.c(130):     \n
Action.c(130):     <TR bgcolor="#EFF2F7">\n
Action.c(130):       <TD COLSPAN="4">\n
Action.c(130):       <hr/>\n
Action.c(130):       </TD>\n
Action.c(130):     </TR>\n
Action.c(130):     \n
Action.c(130):     <!-- Flight #1 -->\n
Action.c(130):     <TR bgcolor="#EFF2F7">\n
Action.c(130):       <TD width="5%" rowspan="2" align="left" valign="top">\n
Action.c(130):     <b>\n
Action.c(130):     <label><input type="checkbox" name="465" value="on" /></label></font></b>\n
Action.c(130):     <input type="hidden" name="flightID" value="288508169-357735-UU"  />\n
Action.c(130):       </TD>\n
Action.c(130):       <TD width="45%" valign="top">\n
Action.c(130):           <b>&nbsp;&nbsp;A Coach class ticket for :</b><br/>\n
Action.c(130):           <center><table border="0" width="85%"><tr><td>\n
Action.c(130):           <li><i>User8 Userovich\n
Action.c(130):           <li><i></i>\n
Action.c(130):           </td></tr></table></center>\n
Action.c(130):       </TD>\n
Action.c(130):       <TD width="5%" >.<br/>.<br/>.<br/>.</TD>\n
Action.c(130):       <TD width="45%" valign=top><b>Invoice sent to:</b><br/>\n
Action.c(130):           <center>\n
Action.c(130):           <Table width="80%" cellspacing="0" > <tr> <td>\n
Action.c(130):               User8 Userovich\n
Action.c(130):     <br/>\n
Action.c(130):               <br/>\n
Action.c(130):               <br/>\n
Action.c(130):               <br/>\n
Action.c(130):               Total Charge: $ 565 <BR/> (CC: x-7789)\n
Action.c(130):           </td> </tr> </table>\n
Action.c(130):           </center>\n
Action.c(130):       </TD>\n
Action.c(130):     </TR>\n
Action.c(130):     <TR bgcolor="#EFF2F7">\n
Action.c(130):       <TD COLSPAN="3">\n
Action.c(130):       <b>Flight Details:</b><BR/>  <center>\n
Action.c(130):       05/25/2020\n
Action.c(130):      :  8am : Flight 720 leaves Seattle  for London.<br>  </center>\n
Action.c(130):       </TD>\n
Action.c(130):     </TR>\n
Action.c(130):     \n
Action.c(130):     <TR bgcolor="#EFF2F7">\n
Action.c(130):       <TD COLSPAN="4">\n
Action.c(130):       <hr/>\n
Action.c(130):       </TD>\n
Action.c(130):     </TR>\n
Action.c(130):     \n
Action.c(130):     <!-- Flight #1 -->\n
Action.c(130):     <TR bgcolor="#EFF2F7">\n
Action.c(130):       <TD width="5%" rowspan="2" align="left" valign="top">\n
Action.c(130):     <b>\n
Action.c(130):     <label><input type="checkbox" name="466" value="on" /></label></font></b>\n
Action.c(130):     <input type="hidden" name="flightID" value="288508169-358505-UU"  />\n
Action.c(130):       </TD>\n
Action.c(130):       <TD width="45%" valign="top">\n
Action.c(130):           <b>&nbsp;&nbsp;A Coach class ticket for :</b><br/>\n
Action.c(130):           <center><table border="0" width="85%"><tr><td>\n
Action.c(130):           <li><i>User8 Userovich\n
Action.c(130):           <li><i></i>\n
Action.c(130):           </td></tr></table></center>\n
Action.c(130):       </TD>\n
Action.c(130):       <TD width="5%" >.<br/>.<br/>.<br/>.</TD>\n
Action.c(130):       <TD width="45%" valign=top><b>Invoice sent to:</b><br/>\n
Action.c(130):           <center>\n
Action.c(130):           <Table width="80%" cellspacing="0" > <tr> <td>\n
Action.c(130):               User8 Userovich\n
Action.c(130):     <br/>\n
Action.c(130):               <br/>\n
Action.c(130):               <br/>\n
Action.c(130):               <br/>\n
Action.c(130):               Total Charge: $ 565 <BR/> (CC: x-7789)\n
Action.c(130):           </td> </tr> </table>\n
Action.c(130):           </center>\n
Action.c(130):       </TD>\n
Action.c(130):     </TR>\n
Action.c(130):     <TR bgcolor="#EFF2F7">\n
Action.c(130):       <TD COLSPAN="3">\n
Action.c(130):       <b>Flight Details:</b><BR/>  <center>\n
Action.c(130):       05/25/2020\n
Action.c(130):      :  8am : Flight 720 leaves Seattle  for London.<br>  </center>\n
Action.c(130):       </TD>\n
Action.c(130):     </TR>\n
Action.c(130):     \n
Action.c(130):     <TR bgcolor="#EFF2F7">\n
Action.c(130):       <TD COLSPAN="4">\n
Action.c(130):       <hr/>\n
Action.c(130):       </TD>\n
Action.c(130):     </TR>\n
Action.c(130):     \n
Action.c(130):     <!-- Flight #1 -->\n
Action.c(130):     <TR bgcolor="#EFF2F7">\n
Action.c(130):       <TD width="5%" rowspan="2" align="left" valign="top">\n
Action.c(130):     <b>\n
Action.c(130):     <label><input type="checkbox" name="467" value="on" /></label></font></b>\n
Action.c(130):     <input type="hidden" name="flightID" value="288508169-359274-UU"  />\n
Action.c(130):       </TD>\n
Action.c(130):       <TD width="45%" valign="top">\n
Action.c(130):           <b>&nbsp;&nbsp;A Coach class ticket for :</b><br/>\n
Action.c(130):           <center><table border="0" width="85%"><tr><td>\n
Action.c(130):           <li><i>User8 Userovich\n
Action.c(130):           <li><i></i>\n
Action.c(130):           </td></tr></table></center>\n
Action.c(130):       </TD>\n
Action.c(130):       <TD width="5%" >.<br/>.<br/>.<br/>.</TD>\n
Action.c(130):       <TD width="45%" valign=top><b>Invoice sent to:</b><br/>\n
Action.c(130):           <center>\n
Action.c(130):           <Table width="80%" cellspacing="0" > <tr> <td>\n
Action.c(130):               User8 Userovich\n
Action.c(130):     <br/>\n
Action.c(130):               <br/>\n
Action.c(130):               <br/>\n
Action.c(130):               <br/>\n
Action.c(130):               Total Charge: $ 565 <BR/> (CC: x-7789)\n
Action.c(130):           </td> </tr> </table>\n
Action.c(130):           </center>\n
Action.c(130):       </TD>\n
Action.c(130):     </TR>\n
Action.c(130):     <TR bgcolor="#EFF2F7">\n
Action.c(130):       <TD COLSPAN="3">\n
Action.c(130):       <b>Flight Details:</b><BR/>  <center>\n
Action.c(130):       05/25/2020\n
Action.c(130):      :  8am : Flight 720 leaves Seattle  for London.<br>  </center>\n
Action.c(130):       </TD>\n
Action.c(130):     </TR>\n
Action.c(130):     \n
Action.c(130):     <TR bgcolor="#EFF2F7">\n
Action.c(130):       <TD COLSPAN="4">\n
Action.c(130):       <hr/>\n
Action.c(130):       </TD>\n
Action.c(130):     </TR>\n
Action.c(130):     \n
Action.c(130):     <!-- Flight #1 -->\n
Action.c(130):     <TR bgcolor="#EFF2F7">\n
Action.c(130):       <TD width="5%" rowspan="2" align="left" valign="top">\n
Action.c(130):     <b>\n
Action.c(130):     <label><input type="checkbox" name="468" value="on" /></label></font></b>\n
Action.c(130):     <input type="hidden" name="flightID" value="288508169-360043-UU"  />\n
Action.c(130):       </TD>\n
Action.c(130):       <TD width="45%" valign="top">\n
Action.c(130):           <b>&nbsp;&nbsp;A Coach class ticket for :</b><br/>\n
Action.c(130):           <center><table border="0" width="85%"><tr><td>\n
Action.c(130):           <li><i>User8 Userovich\n
Action.c(130):           <li><i></i>\n
Action.c(130):           </td></tr></table></center>\n
Action.c(130):       </TD>\n
Action.c(130):       <TD width="5%" >.<br/>.<br/>.<br/>.</TD>\n
Action.c(130):       <TD width="45%" valign=top><b>Invoice sent to:</b><br/>\n
Action.c(130):           <center>\n
Action.c(130):           <Table width="80%" cellspacing="0" > <tr> <td>\n
Action.c(130):               User8 Userovich\n
Action.c(130):     <br/>\n
Action.c(130):               <br/>\n
Action.c(130):               <br/>\n
Action.c(130):               <br/>\n
Action.c(130):               Total Charge: $ 565 <BR/> (CC: x-7789)\n
Action.c(130):           </td> </tr> </table>\n
Action.c(130):           </center>\n
Action.c(130):       </TD>\n
Action.c(130):     </TR>\n
Action.c(130):     <TR bgcolor="#EFF2F7">\n
Action.c(130):       <TD COLSPAN="3">\n
Action.c(130):       <b>Flight Details:</b><BR/>  <center>\n
Action.c(130):       05/25/2020\n
Action.c(130):      :  8am : Flight 720 leaves Seattle  for London.<br>  </center>\n
Action.c(130):       </TD>\n
Action.c(130):     </TR>\n
Action.c(130):     \n
Action.c(130):     <TR bgcolor="#EFF2F7">\n
Action.c(130):       <TD COLSPAN="4">\n
Action.c(130):       <hr/>\n
Action.c(130):       </TD>\n
Action.c(130):     </TR>\n
Action.c(130):     \n
Action.c(130):     <!-- Flight #1 -->\n
Action.c(130):     <TR bgcolor="#EFF2F7">\n
Action.c(130):       <TD width="5%" rowspan="2" align="left" valign="top">\n
Action.c(130):     <b>\n
Action.c(130):     <label><input type="checkbox" name="469" value="on" /></label></font></b>\n
Action.c(130):     <input type="hidden" name="flightID" value="28850483-36081-UU"  />\n
Action.c(130):       </TD>\n
Action.c(130):       <TD width="45%" 
Action.c(130): t=4543336ms: 8-byte chunked response overhead for "http://localhost:1080/cgi-bin/itinerary.pl" (RelFrameId=1, Internal ID=2337)
Action.c(130):     \r\n
Action.c(130):     1000\r\n
Action.c(130): t=4543336ms: 8-byte chunked response overhead for "http://localhost:1080/cgi-bin/itinerary.pl" (RelFrameId=1, Internal ID=2337)
Action.c(130):     \r\n
Action.c(130):     1000\r\n
Action.c(130): t=4543336ms: 8-byte chunked response overhead for "http://localhost:1080/cgi-bin/itinerary.pl" (RelFrameId=1, Internal ID=2337)
Action.c(130):     \r\n
Action.c(130):     1000\r\n
Action.c(130): t=4543336ms: 12263-byte chunked response body for "http://localhost:1080/cgi-bin/itinerary.pl" (RelFrameId=1, Internal ID=2337)
Action.c(130):     valign="top">\n
Action.c(130):           <b>&nbsp;&nbsp;A Coach class ticket for :</b><br/>\n
Action.c(130):           <center><table border="0" width="85%"><tr><td>\n
Action.c(130):           <li><i>User8 Userovich\n
Action.c(130):           <li><i></i>\n
Action.c(130):           </td></tr></table></center>\n
Action.c(130):       </TD>\n
Action.c(130):       <TD width="5%" >.<br/>.<br/>.<br/>.</TD>\n
Action.c(130):       <TD width="45%" valign=top><b>Invoice sent to:</b><br/>\n
Action.c(130):           <center>\n
Action.c(130):           <Table width="80%" cellspacing="0" > <tr> <td>\n
Action.c(130):               User8 Userovich\n
Action.c(130):     <br/>\n
Action.c(130):               <br/>\n
Action.c(130):               <br/>\n
Action.c(130):               <br/>\n
Action.c(130):               Total Charge: $ 60 <BR/> (CC: x-7789)\n
Action.c(130):           </td> </tr> </table>\n
Action.c(130):           </center>\n
Action.c(130):       </TD>\n
Action.c(130):     </TR>\n
Action.c(130):     <TR bgcolor="#EFF2F7">\n
Action.c(130):       <TD COLSPAN="3">\n
Action.c(130):       <b>Flight Details:</b><BR/>  <center>\n
Action.c(130):       05/25/2020\n
Action.c(130):      :  8am : Flight 630 leaves San Francisco  for Los Angeles.<br>  </center>\n
Action.c(130):       </TD>\n
Action.c(130):     </TR>\n
Action.c(130):     \n
Action.c(130):     <TR bgcolor="#EFF2F7">\n
Action.c(130):       <TD COLSPAN="4">\n
Action.c(130):       <hr/>\n
Action.c(130):       </TD>\n
Action.c(130):     </TR>\n
Action.c(130):     \n
Action.c(130):     <!-- Flight #1 -->\n
Action.c(130):     <TR bgcolor="#EFF2F7">\n
Action.c(130):       <TD width="5%" rowspan="2" align="left" valign="top">\n
Action.c(130):     <b>\n
Action.c(130):     <label><input type="checkbox" name="470" value="on" /></label></font></b>\n
Action.c(130):     <input type="hidden" name="flightID" value="28850483-36158-UU"  />\n
Action.c(130):       </TD>\n
Action.c(130):       <TD width="45%" valign="top">\n
Action.c(130):           <b>&nbsp;&nbsp;A Coach class ticket for :</b><br/>\n
Action.c(130):           <center><table border="0" width="85%"><tr><td>\n
Action.c(130):           <li><i>User8 Userovich\n
Action.c(130):           <li><i></i>\n
Action.c(130):           </td></tr></table></center>\n
Action.c(130):       </TD>\n
Action.c(130):       <TD width="5%" >.<br/>.<br/>.<br/>.</TD>\n
Action.c(130):       <TD width="45%" valign=top><b>Invoice sent to:</b><br/>\n
Action.c(130):           <center>\n
Action.c(130):           <Table width="80%" cellspacing="0" > <tr> <td>\n
Action.c(130):               User8 Userovich\n
Action.c(130):     <br/>\n
Action.c(130):               <br/>\n
Action.c(130):               <br/>\n
Action.c(130):               <br/>\n
Action.c(130):               Total Charge: $ 60 <BR/> (CC: x-7789)\n
Action.c(130):           </td> </tr> </table>\n
Action.c(130):           </center>\n
Action.c(130):       </TD>\n
Action.c(130):     </TR>\n
Action.c(130):     <TR bgcolor="#EFF2F7">\n
Action.c(130):       <TD COLSPAN="3">\n
Action.c(130):       <b>Flight Details:</b><BR/>  <center>\n
Action.c(130):       05/25/2020\n
Action.c(130):      :  8am : Flight 630 leaves San Francisco  for Los Angeles.<br>  </center>\n
Action.c(130):       </TD>\n
Action.c(130):     </TR>\n
Action.c(130):     \n
Action.c(130):     <TR bgcolor="#EFF2F7">\n
Action.c(130):       <TD COLSPAN="4">\n
Action.c(130):       <hr/>\n
Action.c(130):       </TD>\n
Action.c(130):     </TR>\n
Action.c(130):     \n
Action.c(130):     <!-- Flight #1 -->\n
Action.c(130):     <TR bgcolor="#EFF2F7">\n
Action.c(130):       <TD width="5%" rowspan="2" align="left" valign="top">\n
Action.c(130):     <b>\n
Action.c(130):     <label><input type="checkbox" name="471" value="on" /></label></font></b>\n
Action.c(130):     <input type="hidden" name="flightID" value="28850483-36235-UU"  />\n
Action.c(130):       </TD>\n
Action.c(130):       <TD width="45%" valign="top">\n
Action.c(130):           <b>&nbsp;&nbsp;A Coach class ticket for :</b><br/>\n
Action.c(130):           <center><table border="0" width="85%"><tr><td>\n
Action.c(130):           <li><i>User8 Userovich\n
Action.c(130):           <li><i></i>\n
Action.c(130):           </td></tr></table></center>\n
Action.c(130):       </TD>\n
Action.c(130):       <TD width="5%" >.<br/>.<br/>.<br/>.</TD>\n
Action.c(130):       <TD width="45%" valign=top><b>Invoice sent to:</b><br/>\n
Action.c(130):           <center>\n
Action.c(130):           <Table width="80%" cellspacing="0" > <tr> <td>\n
Action.c(130):               User8 Userovich\n
Action.c(130):     <br/>\n
Action.c(130):               <br/>\n
Action.c(130):               <br/>\n
Action.c(130):               <br/>\n
Action.c(130):               Total Charge: $ 60 <BR/> (CC: x-7789)\n
Action.c(130):           </td> </tr> </table>\n
Action.c(130):           </center>\n
Action.c(130):       </TD>\n
Action.c(130):     </TR>\n
Action.c(130):     <TR bgcolor="#EFF2F7">\n
Action.c(130):       <TD COLSPAN="3">\n
Action.c(130):       <b>Flight Details:</b><BR/>  <center>\n
Action.c(130):       05/25/2020\n
Action.c(130):      :  8am : Flight 630 leaves San Francisco  for Los Angeles.<br>  </center>\n
Action.c(130):       </TD>\n
Action.c(130):     </TR>\n
Action.c(130):     \n
Action.c(130):     <TR bgcolor="#EFF2F7">\n
Action.c(130):       <TD COLSPAN="4">\n
Action.c(130):       <hr/>\n
Action.c(130):       </TD>\n
Action.c(130):     </TR>\n
Action.c(130):     \n
Action.c(130):     <!-- Flight #1 -->\n
Action.c(130):     <TR bgcolor="#EFF2F7">\n
Action.c(130):       <TD width="5%" rowspan="2" align="left" valign="top">\n
Action.c(130):     <b>\n
Action.c(130):     <label><input type="checkbox" name="472" value="on" /></label></font></b>\n
Action.c(130):     <input type="hidden" name="flightID" value="28850483-36312-UU"  />\n
Action.c(130):       </TD>\n
Action.c(130):       <TD width="45%" valign="top">\n
Action.c(130):           <b>&nbsp;&nbsp;A Coach class ticket for :</b><br/>\n
Action.c(130):           <center><table border="0" width="85%"><tr><td>\n
Action.c(130):           <li><i>User8 Userovich\n
Action.c(130):           <li><i></i>\n
Action.c(130):           </td></tr></table></center>\n
Action.c(130):       </TD>\n
Action.c(130):       <TD width="5%" >.<br/>.<br/>.<br/>.</TD>\n
Action.c(130):       <TD width="45%" valign=top><b>Invoice sent to:</b><br/>\n
Action.c(130):           <center>\n
Action.c(130):           <Table width="80%" cellspacing="0" > <tr> <td>\n
Action.c(130):               User8 Userovich\n
Action.c(130):     <br/>\n
Action.c(130):               <br/>\n
Action.c(130):               <br/>\n
Action.c(130):               <br/>\n
Action.c(130):               Total Charge: $ 60 <BR/> (CC: x-7789)\n
Action.c(130):           </td> </tr> </table>\n
Action.c(130):           </center>\n
Action.c(130):       </TD>\n
Action.c(130):     </TR>\n
Action.c(130):     <TR bgcolor="#EFF2F7">\n
Action.c(130):       <TD COLSPAN="3">\n
Action.c(130):       <b>Flight Details:</b><BR/>  <center>\n
Action.c(130):       05/25/2020\n
Action.c(130):      :  8am : Flight 630 leaves San Francisco  for Los Angeles.<br>  </center>\n
Action.c(130):       </TD>\n
Action.c(130):     </TR>\n
Action.c(130):     \n
Action.c(130):     <TR bgcolor="#EFF2F7">\n
Action.c(130):       <TD COLSPAN="4">\n
Action.c(130):       <hr/>\n
Action.c(130):       </TD>\n
Action.c(130):     </TR>\n
Action.c(130):     \n
Action.c(130):     <!-- Flight #1 -->\n
Action.c(130):     <TR bgcolor="#EFF2F7">\n
Action.c(130):       <TD width="5%" rowspan="2" align="left" valign="top">\n
Action.c(130):     <b>\n
Action.c(130):     <label><input type="checkbox" name="473" value="on" /></label></font></b>\n
Action.c(130):     <input type="hidden" name="flightID" value="28850483-36389-UU"  />\n
Action.c(130):       </TD>\n
Action.c(130):       <TD width="45%" valign="top">\n
Action.c(130):           <b>&nbsp;&nbsp;A Coach class ticket for :</b><br/>\n
Action.c(130):           <center><table border="0" width="85%"><tr><td>\n
Action.c(130):           <li><i>User8 Userovich\n
Action.c(130):           <li><i></i>\n
Action.c(130):           </td></tr></table></center>\n
Action.c(130):       </TD>\n
Action.c(130):       <TD width="5%" >.<br/>.<br/>.<br/>.</TD>\n
Action.c(130):       <TD width="45%" valign=top><b>Invoice sent to:</b><br/>\n
Action.c(130):           <center>\n
Action.c(130):           <Table width="80%" cellspacing="0" > <tr> <td>\n
Action.c(130):               User8 Userovich\n
Action.c(130):     <br/>\n
Action.c(130):               <br/>\n
Action.c(130):               <br/>\n
Action.c(130):               <br/>\n
Action.c(130):               Total Charge: $ 60 <BR/> (CC: x-7789)\n
Action.c(130):           </td> </tr> </table>\n
Action.c(130):           </center>\n
Action.c(130):       </TD>\n
Action.c(130):     </TR>\n
Action.c(130):     <TR bgcolor="#EFF2F7">\n
Action.c(130):       <TD COLSPAN="3">\n
Action.c(130):       <b>Flight Details:</b><BR/>  <center>\n
Action.c(130):       05/25/2020\n
Action.c(130):      :  8am : Flight 630 leaves San Francisco  for Los Angeles.<br>  </center>\n
Action.c(130):       </TD>\n
Action.c(130):     </TR>\n
Action.c(130):     \n
Action.c(130):     <TR bgcolor="#EFF2F7">\n
Action.c(130):       <TD COLSPAN="4">\n
Action.c(130):       <hr/>\n
Action.c(130):       </TD>\n
Action.c(130):     </TR>\n
Action.c(130):     \n
Action.c(130):     <!-- Flight #1 -->\n
Action.c(130):     <TR bgcolor="#EFF2F7">\n
Action.c(130):       <TD width="5%" rowspan="2" align="left" valign="top">\n
Action.c(130):     <b>\n
Action.c(130):     <label><input type="checkbox" name="474" value="on" /></label></font></b>\n
Action.c(130):     <input type="hidden" name="flightID" value="28850483-36466-UU"  />\n
Action.c(130):       </TD>\n
Action.c(130):       <TD width="45%" valign="top">\n
Action.c(130):           <b>&nbsp;&nbsp;A Coach class ticket for :</b><br/>\n
Action.c(130):           <center><table border="0" width="85%"><tr><td>\n
Action.c(130):           <li><i>User8 Userovich\n
Action.c(130):           <li><i></i>\n
Action.c(130):           </td></tr></table></center>\n
Action.c(130):       </TD>\n
Action.c(130):       <TD width="5%" >.<br/>.<br/>.<br/>.</TD>\n
Action.c(130):       <TD width="45%" valign=top><b>Invoice sent to:</b><br/>\n
Action.c(130):           <center>\n
Action.c(130):           <Table width="80%" cellspacing="0" > <tr> <td>\n
Action.c(130):               User8 Userovich\n
Action.c(130):     <br/>\n
Action.c(130):               <br/>\n
Action.c(130):               <br/>\n
Action.c(130):               <br/>\n
Action.c(130):               Total Charge: $ 60 <BR/> (CC: x-7789)\n
Action.c(130):           </td> </tr> </table>\n
Action.c(130):           </center>\n
Action.c(130):       </TD>\n
Action.c(130):     </TR>\n
Action.c(130):     <TR bgcolor="#EFF2F7">\n
Action.c(130):       <TD COLSPAN="3">\n
Action.c(130):       <b>Flight Details:</b><BR/>  <center>\n
Action.c(130):       05/25/2020\n
Action.c(130):      :  8am : Flight 630 leaves San Francisco  for Los Angeles.<br>  </center>\n
Action.c(130):       </TD>\n
Action.c(130):     </TR>\n
Action.c(130):     \n
Action.c(130):     <TR bgcolor="#EFF2F7">\n
Action.c(130):       <TD COLSPAN="4">\n
Action.c(130):       <hr/>\n
Action.c(130):       </TD>\n
Action.c(130):     </TR>\n
Action.c(130):     \n
Action.c(130):     <!-- Flight #1 -->\n
Action.c(130):     <TR bgcolor="#EFF2F7">\n
Action.c(130):       <TD width="5%" rowspan="2" align="left" valign="top">\n
Action.c(130):     <b>\n
Action.c(130):     <label><input type="checkbox" name="475" value="on" /></label></font></b>\n
Action.c(130):     <input type="hidden" name="flightID" value="288501504-365432-UU"  />\n
Action.c(130):       </TD>\n
Action.c(130):       <TD width="45%" valign="top">\n
Action.c(130):           <b>&nbsp;&nbsp;A Coach class ticket for :</b><br/>\n
Action.c(130):           <center><table border="0" width="85%"><tr><td>\n
Action.c(130):           <li><i>User8 Userovich\n
Action.c(130):           <li><i></i>\n
Action.c(130):           </td></tr></table></center>\n
Action.c(130):       </TD>\n
Action.c(130):       <TD width="5%" >.<br/>.<br/>.<br/>.</TD>\n
Action.c(130):       <TD width="45%" valign=top><b>Invoice sent to:</b><br/>\n
Action.c(130):           <center>\n
Action.c(130):           <Table width="80%" cellspacing="0" > <tr> <td>\n
Action.c(130):               User8 Userovich\n
Action.c(130):     <br/>\n
Action.c(130):               <br/>\n
Action.c(130):               <br/>\n
Action.c(130):               <br/>\n
Action.c(130):               Total Charge: $ 621 <BR/> (CC: x-7789)\n
Action.c(130):           </td> </tr> </table>\n
Action.c(130):           </center>\n
Action.c(130):       </TD>\n
Action.c(130):     </TR>\n
Action.c(130):     <TR bgcolor="#EFF2F7">\n
Action.c(130):       <TD COLSPAN="3">\n
Action.c(130):       <b>Flight Details:</b><BR/>  <center>\n
Action.c(130):       05/25/2020\n
Action.c(130):      :  8am : Flight 540 leaves Portland  for Paris.<br>  </center>\n
Action.c(130):       </TD>\n
Action.c(130):     </TR>\n
Action.c(130):     \n
Action.c(130):     <TR bgcolor="#EFF2F7">\n
Action.c(130):       <TD COLSPAN="4">\n
Action.c(130):       <hr/>\n
Action.c(130):       </TD>\n
Action.c(130):     </TR>\n
Action.c(130):     \n
Action.c(130):     <!-- Flight #1 -->\n
Action.c(130):     <TR bgcolor="#EFF2F7">\n
Action.c(130):       <TD width="5%" rowspan="2" align="left" valign="top">\n
Action.c(130):     <b>\n
Action.c(130):     <label><input type="checkbox" name="476" value="on" /></label></font></b>\n
Action.c(130):     <input type="hidden" name="flightID" value="288501504-366201-UU"  />\n
Action.c(130):       </TD>\n
Action.c(130):       <TD width="45%" valign="top">\n
Action.c(130):           <b>&nbsp;&nbsp;A Coach class ticket for :</b><br/>\n
Action.c(130):           <center><table border="0" width="85%"><tr><td>\n
Action.c(130):           <li><i>User8 Userovich\n
Action.c(130):           <li><i></i>\n
Action.c(130):           </td></tr></table></center>\n
Action.c(130):       </TD>\n
Action.c(130):       <TD width="5%" >.<br/>.<br/>.<br/>.</TD>\n
Action.c(130):       <TD width="45%" valign=top><b>Invoice sent to:</b><br/>\n
Action.c(130):           <center>\n
Action.c(130):           <Table width="80%" cellspacing="0" > <tr> <td>\n
Action.c(130):               User8 Userovich\n
Action.c(130):     <br/>\n
Action.c(130):               <br/>\n
Action.c(130):               <br/>\n
Action.c(130):               <br/>\n
Action.c(130):               Total Charge: $ 621 <BR/> (CC: x-7789)\n
Action.c(130):           </td> </tr> </table>\n
Action.c(130):           </center>\n
Action.c(130):       </TD>\n
Action.c(130):     </TR>\n
Action.c(130):     <TR bgcolor="#EFF2F7">\n
Action.c(130):       <TD COLSPAN="3">\n
Action.c(130):       <b>Flight Details:</b><BR/>  <center>\n
Action.c(130):       05/25/2020\n
Action.c(130):      :  8am : Flight 540 leaves Portland  for Paris.<br>  </center>\n
Action.c(130):       </TD>\n
Action.c(130):     </TR>\n
Action.c(130):     \n
Action.c(130):     <TR bgcolor="#EFF2F7">\n
Action.c(130):       <TD COLSPAN="4">\n
Action.c(130):       <hr/>\n
Action.c(130):       </TD>\n
Action.c(130):     </TR>\n
Action.c(130):     \n
Action.c(130):     <!-- Flight #1 -->\n
Action.c(130):     <TR bgcolor="#EFF2F7">\n
Action.c(130):       <TD width="5%" rowspan="2" align="left" valign="top">\n
Action.c(130):     <b>\n
Action.c(130):     <label><input type="checkbox" name="477" value="on" /></label></font></b>\n
Action.c(130):     <input type="hidden" name="flightID" value="288501504-366970-UU"  />\n
Action.c(130):       </TD>\n
Action.c(130):       <TD width="45%" valign="top">\n
Action.c(130):           <b>&nbsp;&nbsp;A Coach class ticket for :</b><br/>\n
Action.c(130):           <center><table border="0" width="85%"><tr><td>\n
Action.c(130):           <li><i>User8 Userovich\n
Action.c(130):           <li><i></i>\n
Action.c(130):           </td></tr></table></center>\n
Action.c(130):       </TD>\n
Action.c(130):       <TD width="5%" >.<br/>.<br/>.<br/>.</TD>\n
Action.c(130):       <TD width="45%" valign=top><b>Invoice sent to:</b><br/>\n
Action.c(130):           <center>\n
Action.c(130):           <Table width="80%" cellspacing="0" > <tr> <td>\n
Action.c(130):               User8 Userovich\n
Action.c(130):     <br/>\n
Action.c(130):               <br/>\n
Action.c(130):               <br/>\n
Action.c(130):               <br/>\n
Action.c(130):               Total Charge: $ 621 <BR/> (CC: x-7789)\n
Action.c(130):           </td> </tr> </table>\n
Action.c(130):           </center>\n
Action.c(130):       </TD>\n
Action.c(130):     </TR>\n
Action.c(130):     <TR bgcolor="#EFF2F7">\n
Action.c(130):       <TD COLSPAN="3">\n
Action.c(130):       <b>Flight Details:</b><BR/>  <center>\n
Action.c(130):       05/25/2020\n
Action.c(130):      :  8am : Flight 540 leaves Portland  for Paris.<br>  </center>\n
Action.c(130):       </TD>\n
Action.c(130):     </TR>\n
Action.c(130):     \n
Action.c(130):     <TR bgcolor="#EFF2F7">\n
Action.c(130):       <TD COLSPAN="4">\n
Action.c(130):       <hr/>\n
Action.c(130):       </TD>\n
Action.c(130):     </TR>\n
Action.c(130):     \n
Action.c(130):     <!-- Flight #1 -->\n
Action.c(130):     <TR bgcolor="#EFF2F7">\n
Action.c(130):       <TD width="5%" rowspan="2" align="left" valign="top">\n
Action.c(130):     <b>\n
Action.c(130):     <label><input type="checkbox" name="478" value="on" /></label></font></b>\n
Action.c(130):     <input type="hidden" name="flightID" value="288501504-367740-UU"  />\n
Action.c(130):       </TD>\n
Action.c(130):       <TD width="45%" valign="top">\n
Action.c(130):           <b>&nbsp;&nbsp;A Coach class ticket for :</b><br/>\n
Action.c(130):           <center><table border="0" width="85%"><tr><td>\n
Action.c(130):           <li><i>User8 Userovich\n
Action.c(130):           <li><i></i>\n
Action.c(130):           </td></tr></table></center>\n
Action.c(130):       </TD>\n
Action.c(130):       <TD width="5%" >.<br/>.<br/>.<br/>.</TD>\n
Action.c(130):       <TD width="45%" valign=top><b>Invoice sent to:</b><br/>\n
Action.c(130):           <center>\n
Action.c(130):           <Table width="80%" cellspacing="0" > <tr> <td>\n
Action.c(130):               User8 Userovich\n
Action.c(130):     <br/>\n
Action.c(130):               <br/>\n
Action.c(130):               <br/>\n
Action.c(130):               <br/>\n
Action.c(130):               Total Charge: $ 621 <BR/> (CC: x-7789)\n
Action.c(130):           </td> </tr> </table>\n
Action.c(130):           </center>\n
Action.c(130):       </TD>\n
Action.c(130):     </TR>\n
Action.c(130):     <TR bgcolor="#EFF2F7">\n
Action.c(130):       <TD COLSPAN="3">\n
Action.c(130):       <b>Flight Details:</b><BR/>  <center>\n
Action.c(130):       05/25/2020\n
Action.c(130):      :  8am : Flight 540 leaves Portland  for Paris.<br>  </center>\n
Action.c(130):       </TD>\n
Action.c(130):     </TR>\n
Action.c(130):     \n
Action.c(130):     <TR bgcolor="#EFF2F7">\n
Action.c(130):       <TD COLSPAN="4">\n
Action.c(130):       <hr/>\n
Action.c(130):       </TD>\n
Action.c(130):     </TR>\n
Action.c(130):     \n
Action.c(130):     <!-- Flight #1 -->\n
Action.c(130):     <TR bgcolor="#EFF2F7">\n
Action.c(130):       <TD width="5%" rowspan="2" align="left" valign="top">\n
Action.c(130):     <b>\n
Action.c(130):     <label><input type="checkbox" name="479" value="on" /></label></font></b>\n
Action.c(130):     <input type="hidden" name="flightID" value="288501504-368509-UU"  />\n
Action.c(130):       </TD>\n
Action.c(130):       <TD width="45%" valign="top">\n
Action.c(130):           <b>&nbsp;&nbsp;A Coach class ticket for :</b><br/>\n
Action.c(130):           <center><table border="0" width="85%"><tr><td>\n
Action.c(130):           <li><i>User8 Userovich\n
Action.c(130):           <li><i></i>\n
Action.c(130):           </td></tr></table></center>\n
Action.c(130):       </TD>\n
Action.c(130):       <TD width="5%" >.<br/>.<br/>.<br/>.</TD>\n
Action.c(130):       <TD width="45%" valign=top><b>Invoice sent to:</b><br/>\n
Action.c(130):           <center>\n
Action.c(130):           <Table width="80%" cellspacing="0" > <tr> <td>\n
Action.c(130):               User8 Userovich\n
Action.c(130):     <br/>\n
Action.c(130):               <br/>\n
Action.c(130):               <br/>\n
Action.c(130):               <br/>\n
Action.c(130):               Total Charge: $ 621 <BR/> (CC: x-7789)\n
Action.c(130):           </td> </tr> </table>\n
Action.c(130):           </center>\n
Action.c(130):       </TD>\n
Action.c(130):     </TR>\n
Action.c(130):     <TR bgcolor="#EFF2F7">\n
Action.c(130):       <TD COLSPAN="3">\n
Action.c(130):       <b>Flight Details:</b><BR/>  <center>\n
Action.c(130):       05/25/2020\n
Action.c(130):      :  8am : Flight 540 leaves Portland  for Paris.<br>  </center>\n
Action.c(130):       </TD>\n
Action.c(130):     </TR>\n
Action.c(130):     \n
Action.c(130):     <TR bgcolor="#EFF2F7">\n
Action.c(130):       <TD COLSPAN="4">\n
Action.c(130):       <hr/>\n
Action.c(130):       </TD>\n
Action.c(130):     </TR>\n
Action.c(130):     \n
Action.c(130):     <!-- Flight #1 -->\n
Action.c(130):     <TR bgcolor="#EFF2F7">\n
Action.c(130):       <TD width="5%" rowspan="2" align="left" valign="top">\n
Action.c(130):     <b>\n
Action.c(130):     <label><input type="checkbox" name="480" value="on" /></label></font></b>\n
Action.c(130):     <input type="hidden" name="flightID" value="288501504-369278-UU"  />\n
Action.c(130):       </TD>\n
Action.c(130):       <TD width="45%" valign="top">\n
Action.c(130):           <b>&nbsp;&nbsp;A Coach class ticket for :</b><br/>\n
Action.c(130):           <center><table border="0" width="85%"><tr><td>\n
Action.c(130):           <li><i>User8 Userovich\n
Action.c(130):           <li><i></i>\n
Action.c(130):           </td></tr></table></center>\n
Action.c(130):       </TD>\n
Action.c(130):       <TD width="5%" >.<br/>.<br/>.<br/>.</TD>\n
Action.c(130):       <TD width="45%" valign=top><b>Invoice sent to:</b><br/>\n
Action.c(130):           <center>\n
Action.c(130):           <Table width="80%" c
Action.c(130): t=4543348ms: 8-byte chunked response overhead for "http://localhost:1080/cgi-bin/itinerary.pl" (RelFrameId=1, Internal ID=2337)
Action.c(130):     \r\n
Action.c(130):     1000\r\n
Action.c(130): t=4543348ms: 8-byte chunked response overhead for "http://localhost:1080/cgi-bin/itinerary.pl" (RelFrameId=1, Internal ID=2337)
Action.c(130):     \r\n
Action.c(130):     6000\r\n
Action.c(130): t=4543348ms: 12271-byte chunked response body for "http://localhost:1080/cgi-bin/itinerary.pl" (RelFrameId=1, Internal ID=2337)
Action.c(130):     ellspacing="0" > <tr> <td>\n
Action.c(130):               User8 Userovich\n
Action.c(130):     <br/>\n
Action.c(130):               <br/>\n
Action.c(130):               <br/>\n
Action.c(130):               <br/>\n
Action.c(130):               Total Charge: $ 621 <BR/> (CC: x-7789)\n
Action.c(130):           </td> </tr> </table>\n
Action.c(130):           </center>\n
Action.c(130):       </TD>\n
Action.c(130):     </TR>\n
Action.c(130):     <TR bgcolor="#EFF2F7">\n
Action.c(130):       <TD COLSPAN="3">\n
Action.c(130):       <b>Flight Details:</b><BR/>  <center>\n
Action.c(130):       05/25/2020\n
Action.c(130):      :  8am : Flight 540 leaves Portland  for Paris.<br>  </center>\n
Action.c(130):       </TD>\n
Action.c(130):     </TR>\n
Action.c(130):     \n
Action.c(130):     <TR bgcolor="#EFF2F7">\n
Action.c(130):       <TD COLSPAN="4">\n
Action.c(130):       <hr/>\n
Action.c(130):       </TD>\n
Action.c(130):     </TR>\n
Action.c(130):     \n
Action.c(130):     <!-- Flight #1 -->\n
Action.c(130):     <TR bgcolor="#EFF2F7">\n
Action.c(130):       <TD width="5%" rowspan="2" align="left" valign="top">\n
Action.c(130):     <b>\n
Action.c(130):     <label><input type="checkbox" name="481" value="on" /></label></font></b>\n
Action.c(130):     <input type="hidden" name="flightID" value="288498171-370047-UU"  />\n
Action.c(130):       </TD>\n
Action.c(130):       <TD width="45%" valign="top">\n
Action.c(130):           <b>&nbsp;&nbsp;A Coach class ticket for :</b><br/>\n
Action.c(130):           <center><table border="0" width="85%"><tr><td>\n
Action.c(130):           <li><i>User8 Userovich\n
Action.c(130):           <li><i></i>\n
Action.c(130):           </td></tr></table></center>\n
Action.c(130):       </TD>\n
Action.c(130):       <TD width="5%" >.<br/>.<br/>.<br/>.</TD>\n
Action.c(130):       <TD width="45%" valign=top><b>Invoice sent to:</b><br/>\n
Action.c(130):           <center>\n
Action.c(130):           <Table width="80%" cellspacing="0" > <tr> <td>\n
Action.c(130):               User8 Userovich\n
Action.c(130):     <br/>\n
Action.c(130):               <br/>\n
Action.c(130):               <br/>\n
Action.c(130):               <br/>\n
Action.c(130):               Total Charge: $ 621 <BR/> (CC: x-7789)\n
Action.c(130):           </td> </tr> </table>\n
Action.c(130):           </center>\n
Action.c(130):       </TD>\n
Action.c(130):     </TR>\n
Action.c(130):     <TR bgcolor="#EFF2F7">\n
Action.c(130):       <TD COLSPAN="3">\n
Action.c(130):       <b>Flight Details:</b><BR/>  <center>\n
Action.c(130):       05/25/2020\n
Action.c(130):      :  8am : Flight 450 leaves Paris  for Portland.<br>  </center>\n
Action.c(130):       </TD>\n
Action.c(130):     </TR>\n
Action.c(130):     \n
Action.c(130):     <TR bgcolor="#EFF2F7">\n
Action.c(130):       <TD COLSPAN="4">\n
Action.c(130):       <hr/>\n
Action.c(130):       </TD>\n
Action.c(130):     </TR>\n
Action.c(130):     \n
Action.c(130):     <!-- Flight #1 -->\n
Action.c(130):     <TR bgcolor="#EFF2F7">\n
Action.c(130):       <TD width="5%" rowspan="2" align="left" valign="top">\n
Action.c(130):     <b>\n
Action.c(130):     <label><input type="checkbox" name="482" value="on" /></label></font></b>\n
Action.c(130):     <input type="hidden" name="flightID" value="288498171-370817-UU"  />\n
Action.c(130):       </TD>\n
Action.c(130):       <TD width="45%" valign="top">\n
Action.c(130):           <b>&nbsp;&nbsp;A Coach class ticket for :</b><br/>\n
Action.c(130):           <center><table border="0" width="85%"><tr><td>\n
Action.c(130):           <li><i>User8 Userovich\n
Action.c(130):           <li><i></i>\n
Action.c(130):           </td></tr></table></center>\n
Action.c(130):       </TD>\n
Action.c(130):       <TD width="5%" >.<br/>.<br/>.<br/>.</TD>\n
Action.c(130):       <TD width="45%" valign=top><b>Invoice sent to:</b><br/>\n
Action.c(130):           <center>\n
Action.c(130):           <Table width="80%" cellspacing="0" > <tr> <td>\n
Action.c(130):               User8 Userovich\n
Action.c(130):     <br/>\n
Action.c(130):               <br/>\n
Action.c(130):               <br/>\n
Action.c(130):               <br/>\n
Action.c(130):               Total Charge: $ 621 <BR/> (CC: x-7789)\n
Action.c(130):           </td> </tr> </table>\n
Action.c(130):           </center>\n
Action.c(130):       </TD>\n
Action.c(130):     </TR>\n
Action.c(130):     <TR bgcolor="#EFF2F7">\n
Action.c(130):       <TD COLSPAN="3">\n
Action.c(130):       <b>Flight Details:</b><BR/>  <center>\n
Action.c(130):       05/25/2020\n
Action.c(130):      :  8am : Flight 450 leaves Paris  for Portland.<br>  </center>\n
Action.c(130):       </TD>\n
Action.c(130):     </TR>\n
Action.c(130):     \n
Action.c(130):     <TR bgcolor="#EFF2F7">\n
Action.c(130):       <TD COLSPAN="4">\n
Action.c(130):       <hr/>\n
Action.c(130):       </TD>\n
Action.c(130):     </TR>\n
Action.c(130):     \n
Action.c(130):     <!-- Flight #1 -->\n
Action.c(130):     <TR bgcolor="#EFF2F7">\n
Action.c(130):       <TD width="5%" rowspan="2" align="left" valign="top">\n
Action.c(130):     <b>\n
Action.c(130):     <label><input type="checkbox" name="483" value="on" /></label></font></b>\n
Action.c(130):     <input type="hidden" name="flightID" value="288498171-371586-UU"  />\n
Action.c(130):       </TD>\n
Action.c(130):       <TD width="45%" valign="top">\n
Action.c(130):           <b>&nbsp;&nbsp;A Coach class ticket for :</b><br/>\n
Action.c(130):           <center><table border="0" width="85%"><tr><td>\n
Action.c(130):           <li><i>User8 Userovich\n
Action.c(130):           <li><i></i>\n
Action.c(130):           </td></tr></table></center>\n
Action.c(130):       </TD>\n
Action.c(130):       <TD width="5%" >.<br/>.<br/>.<br/>.</TD>\n
Action.c(130):       <TD width="45%" valign=top><b>Invoice sent to:</b><br/>\n
Action.c(130):           <center>\n
Action.c(130):           <Table width="80%" cellspacing="0" > <tr> <td>\n
Action.c(130):               User8 Userovich\n
Action.c(130):     <br/>\n
Action.c(130):               <br/>\n
Action.c(130):               <br/>\n
Action.c(130):               <br/>\n
Action.c(130):               Total Charge: $ 621 <BR/> (CC: x-7789)\n
Action.c(130):           </td> </tr> </table>\n
Action.c(130):           </center>\n
Action.c(130):       </TD>\n
Action.c(130):     </TR>\n
Action.c(130):     <TR bgcolor="#EFF2F7">\n
Action.c(130):       <TD COLSPAN="3">\n
Action.c(130):       <b>Flight Details:</b><BR/>  <center>\n
Action.c(130):       05/25/2020\n
Action.c(130):      :  8am : Flight 450 leaves Paris  for Portland.<br>  </center>\n
Action.c(130):       </TD>\n
Action.c(130):     </TR>\n
Action.c(130):     \n
Action.c(130):     <TR bgcolor="#EFF2F7">\n
Action.c(130):       <TD COLSPAN="4">\n
Action.c(130):       <hr/>\n
Action.c(130):       </TD>\n
Action.c(130):     </TR>\n
Action.c(130):     \n
Action.c(130):     <!-- Flight #1 -->\n
Action.c(130):     <TR bgcolor="#EFF2F7">\n
Action.c(130):       <TD width="5%" rowspan="2" align="left" valign="top">\n
Action.c(130):     <b>\n
Action.c(130):     <label><input type="checkbox" name="484" value="on" /></label></font></b>\n
Action.c(130):     <input type="hidden" name="flightID" value="288498171-372355-UU"  />\n
Action.c(130):       </TD>\n
Action.c(130):       <TD width="45%" valign="top">\n
Action.c(130):           <b>&nbsp;&nbsp;A Coach class ticket for :</b><br/>\n
Action.c(130):           <center><table border="0" width="85%"><tr><td>\n
Action.c(130):           <li><i>User8 Userovich\n
Action.c(130):           <li><i></i>\n
Action.c(130):           </td></tr></table></center>\n
Action.c(130):       </TD>\n
Action.c(130):       <TD width="5%" >.<br/>.<br/>.<br/>.</TD>\n
Action.c(130):       <TD width="45%" valign=top><b>Invoice sent to:</b><br/>\n
Action.c(130):           <center>\n
Action.c(130):           <Table width="80%" cellspacing="0" > <tr> <td>\n
Action.c(130):               User8 Userovich\n
Action.c(130):     <br/>\n
Action.c(130):               <br/>\n
Action.c(130):               <br/>\n
Action.c(130):               <br/>\n
Action.c(130):               Total Charge: $ 621 <BR/> (CC: x-7789)\n
Action.c(130):           </td> </tr> </table>\n
Action.c(130):           </center>\n
Action.c(130):       </TD>\n
Action.c(130):     </TR>\n
Action.c(130):     <TR bgcolor="#EFF2F7">\n
Action.c(130):       <TD COLSPAN="3">\n
Action.c(130):       <b>Flight Details:</b><BR/>  <center>\n
Action.c(130):       05/25/2020\n
Action.c(130):      :  8am : Flight 450 leaves Paris  for Portland.<br>  </center>\n
Action.c(130):       </TD>\n
Action.c(130):     </TR>\n
Action.c(130):     \n
Action.c(130):     <TR bgcolor="#EFF2F7">\n
Action.c(130):       <TD COLSPAN="4">\n
Action.c(130):       <hr/>\n
Action.c(130):       </TD>\n
Action.c(130):     </TR>\n
Action.c(130):     \n
Action.c(130):     <!-- Flight #1 -->\n
Action.c(130):     <TR bgcolor="#EFF2F7">\n
Action.c(130):       <TD width="5%" rowspan="2" align="left" valign="top">\n
Action.c(130):     <b>\n
Action.c(130):     <label><input type="checkbox" name="485" value="on" /></label></font></b>\n
Action.c(130):     <input type="hidden" name="flightID" value="288498171-373124-UU"  />\n
Action.c(130):       </TD>\n
Action.c(130):       <TD width="45%" valign="top">\n
Action.c(130):           <b>&nbsp;&nbsp;A Coach class ticket for :</b><br/>\n
Action.c(130):           <center><table border="0" width="85%"><tr><td>\n
Action.c(130):           <li><i>User8 Userovich\n
Action.c(130):           <li><i></i>\n
Action.c(130):           </td></tr></table></center>\n
Action.c(130):       </TD>\n
Action.c(130):       <TD width="5%" >.<br/>.<br/>.<br/>.</TD>\n
Action.c(130):       <TD width="45%" valign=top><b>Invoice sent to:</b><br/>\n
Action.c(130):           <center>\n
Action.c(130):           <Table width="80%" cellspacing="0" > <tr> <td>\n
Action.c(130):               User8 Userovich\n
Action.c(130):     <br/>\n
Action.c(130):               <br/>\n
Action.c(130):               <br/>\n
Action.c(130):               <br/>\n
Action.c(130):               Total Charge: $ 621 <BR/> (CC: x-7789)\n
Action.c(130):           </td> </tr> </table>\n
Action.c(130):           </center>\n
Action.c(130):       </TD>\n
Action.c(130):     </TR>\n
Action.c(130):     <TR bgcolor="#EFF2F7">\n
Action.c(130):       <TD COLSPAN="3">\n
Action.c(130):       <b>Flight Details:</b><BR/>  <center>\n
Action.c(130):       05/25/2020\n
Action.c(130):      :  8am : Flight 450 leaves Paris  for Portland.<br>  </center>\n
Action.c(130):       </TD>\n
Action.c(130):     </TR>\n
Action.c(130):     \n
Action.c(130):     <TR bgcolor="#EFF2F7">\n
Action.c(130):       <TD COLSPAN="4">\n
Action.c(130):       <hr/>\n
Action.c(130):       </TD>\n
Action.c(130):     </TR>\n
Action.c(130):     <TR>\n
Action.c(130):        <TD align="center" COLSPAN="4">\n
Action.c(130):        <b>A total of 485 scheduled flights.</font></b>\n
Action.c(130):        </TD>\n
Action.c(130):     </TR>\n
Action.c(130):     </TABLE>\n
Action.c(130):     \n
Action.c(130):     <TABLE WIDTH="87%" BORDER="0" CELLSPACING="0">\n
Action.c(130):     <TR>\n
Action.c(130):     <TD align="left" width="50%" >\n
Action.c(130):     <input type="image" name="removeFlights" src="/WebTours/images/cancelreservation.gif" bord
Action.c(130):     er="0" /></TD>\n
Action.c(130):     <TD align="right" width="50%" >\n
Action.c(130):     <input type="image" name="removeAllFlights" src="/WebTours/images/cancelallreservations.gi
Action.c(130):     f" border="0" /></TD>\n
Action.c(130):     </TABLE>\n
Action.c(130):     \n
Action.c(130):     <div><input type="hidden" name=".cgifields" value="127"  /><input type="hidden" name=".cgi
Action.c(130):     fields" value="32"  /><input type="hidden" name=".cgifields" value="276"  /><input type="h
Action.c(130):     idden" name=".cgifields" value="90"  /><input type="hidden" name=".cgifields" value="443" 
Action.c(130):      /><input type="hidden" name=".cgifields" value="206"  /><input type="hidden" name=".cgifi
Action.c(130):     elds" value="118"  /><input type="hidden" name=".cgifields" value="71"  /><input type="hid
Action.c(130):     den" name=".cgifields" value="102"  /><input type="hidden" name=".cgifields" value="358"  
Action.c(130):     /><input type="hidden" name=".cgifields" value="331"  /><input type="hidden" name=".cgifie
Action.c(130):     lds" value="16"  /><input type="hidden" name=".cgifields" value="55"  /><input type="hidde
Action.c(130):     n" name=".cgifields" value="84"  /><input type="hidden" name=".cgifields" value="233"  /><
Action.c(130):     input type="hidden" name=".cgifields" value="437"  /><input type="hidden" name=".cgifields
Action.c(130):     " value="463"  /><input type="hidden" name=".cgifields" value="259"  /><input type="hidden
Action.c(130):     " name=".cgifields" value="194"  /><input type="hidden" name=".cgifields" value="57"  /><i
Action.c(130):     nput type="hidden" name=".cgifields" value="458"  /><input type="hidden" name=".cgifields"
Action.c(130):      value="424"  /><input type="hidden" name=".cgifields" value="368"  /><input type="hidden"
Action.c(130):      name=".cgifields" value="451"  /><input type="hidden" name=".cgifields" value="220"  /><i
Action.c(130):     nput type="hidden" name=".cgifields" value="454"  /><input type="hidden" name=".cgifields"
Action.c(130):      value="316"  /><input type="hidden" name=".cgifields" value="163"  /><input type="hidden"
Action.c(130):      name=".cgifields" value="395"  /><input type="hidden" name=".cgifields" value="89"  /><in
Action.c(130):     put type="hidden" name=".cgifields" value="175"  /><input type="hidden" name=".cgifields" 
Action.c(130):     value="31"  /><input type="hidden" name=".cgifields" value="35"  /><input type="hidden" na
Action.c(130):     me=".cgifields" value="11"  /><input type="hidden" name=".cgifields" value="347"  /><input
Action.c(130):      type="hidden" name=".cgifields" value="208"  /><input type="hidden" name=".cgifields" val
Action.c(130):     ue="434"  /><input type="hidden" name=".cgifields" value="93"  /><input type="hidden" name
Action.c(130):     =".cgifields" value="292"  /><input type="hidden" name=".cgifields" value="378"  /><input 
Action.c(130):     type="hidden" name=".cgifields" value="325"  /><input type="hidden" name=".cgifields" valu
Action.c(130):     e="29"  /><input type="hidden" name=".cgifields" value="350"  /><input type="hidden" name=
Action.c(130):     ".cgifields" value="291"  /><input type="hidden" name=".cgifields" value="374"  /><input t
Action.c(130):     ype="hidden" name=".cgifields" value="442"  /><input type="hidden" name=".cgifields" value
Action.c(130):     ="199"  /><input type="hidden" name=".cgifields" value="114"  /><input type="hidden" name=
Action.c(130):     ".cgifields" value="429"  /><input type="hidden" name=".cgifields" value="226"  /><input t
Action.c(130):     ype="hidden" name=".cgifields" value="58"  /><input type="hidden" name=".cgifields" value=
Action.c(130):     "211"  /><input type="hidden" name=".cgifields" value="153"  /><input type="hidden" name="
Action.c(130):     .cgifields" value="15"  /><input type="hidden" name=".cgifields" value="431"  /><input typ
Action.c(130):     e="hidden" name=".cgifields" value="382"  /><input type="hidden" name=".cgifields" value="
Action.c(130):     337"  /><input type="hidden" name=".cgifields" value="409"  /><input type="hidden" name=".
Action.c(130):     cgifields" value="101"  /><input type="hidden" name=".cgifields" value="73"  /><input type
Action.c(130):     ="hidden" name=".cgifields" value="340"  /><input type="hidden" name=".cgifields" value="7
Action.c(130):     6"  /><input type="hidden" name=".cgifields" value="311"  /><input type="hidden" name=".cg
Action.c(130):     ifields" value="62"  /><input type="hidden" name=".cgifields" value="67"  /><input type="h
Action.c(130):     idden" name=".cgifields" value="241"  /><input type="hidden" name=".cgifields" value="198"
Action.c(130):       /><input type="hidden" name=".cgifields" value="139"  /><input type="hidden" name=".cgif
Action.c(130):     ields" value="389"  /><input type="hidden" name=".cgifields" value="129"  /><input type="h
Action.c(130):     idden" name=".cgifields" value="327"  /><input type="hidden" name=".cgifields" value="320"
Action.c(130):       /><input type="hidden" name=".cgifields" value="418"  /><input type="hidden" name=".cgif
Action.c(130):     ields" value="280"  /><input type="hidden" name=".cgifields" value="273"  /><input type="h
Action.c(130):     idden" name=".cgifields" value="471"  /><input type="hidden" name=".cgifields" value="236"
Action.c(130):       /><input type="hidden" name=".cgifields" value="465"  /><input type="hidden" name=".cgif
Action.c(130):     ields" value="361"  /><input type="hidden" name=".cgifields" value="249"  /><input type="h
Action.c(130):     idden" name=".cgifields" value="218"  /><input type="hidden" name=".cgifields" value="202"
Action.c(130):       /><input type="hidden" name=".cgifields" value="168"  /><input type="hidden" name=".cgif
Action.c(130):     ields" value="184"  /><input type="hidden" name=".cgifields" value="135"  /><input type="h
Action.c(130):     idden" name=".cgifields" value="14"  /><input type="hidden" name=".cgifields" value="348" 
Action.c(130):      /><input type="hidden" name=".cgifields" value="145"  /><input type="hidden" name=".cgifi
Action.c(130):     elds" value="49"  /><input type="hidden" name=".cgifields" value="178"  /><input type="hid
Action.c(130):     den" name=".cgifields" value="24"  /><input type="hidden" name=".cgifields" value="285"  /
Action.c(130):     ><input type="hidden" name=".cgifields" value="140"  /><input type="hidden" name=".cgifiel
Action.c(130):     ds" value="124"  /><input type="hidden" name=".cgifields" value="104"  /><input type="hidd
Action.c(130):     en" name=".cgifields" value="131"  /><input type="hidden" name=".cgifields" value="412"  /
Action.c(130):     ><input type="hidden" name=".cgifields" value="181"  /><input type="hidden" name=".cgifiel
Action.c(130):     ds" value="385"  /><input type="hidden" name=".cgifields" value="234"  /><input type="hidd
Action.c(130):     en" name=".cgifields" value="314"  /><input type="hidden" name=".cgifields" value="307"  /
Action.c(130):     ><input type="hidden" name=".cgifields" value="154"  /><input type="hidden" name=".cgifiel
Action.c(130):     ds" value="23"  /><input type="hidden" name=".cgifields" value="388"  /><input type="hidde
Action.c(130):     n" name=".cgifields" value="364"  /><input type="hidden" name=".cgifields" value="96"  /><
Action.c(130):     input type="hidden" name=".cgifields" value="355"  /><input type="hidden" name=".cgifields
Action.c(130):     " value="479"  /><input type="hidden" name=".cgifields" value="159"  /><input type="hidden
Action.c(130):     " name=".cgifields" value="326" 
Action.c(130): Resource "http://localhost:1080/WebTours/images/cancelreservation.gif" is in the cache already and will not be downloaded again  	[MsgId: MMSG-26655]
Action.c(130): Resource "http://localhost:1080/WebTours/images/cancelallreservations.gif" is in the cache already and will not be downloaded again  	[MsgId: MMSG-26655]
Action.c(130): t=4543359ms: 12287-byte chunked response body for "http://localhost:1080/cgi-bin/itinerary.pl" (RelFrameId=1, Internal ID=2337)
Action.c(130):      /><input type="hidden" name=".cgifields" value="160"  /><input type="hidden" name=".cgifi
Action.c(130):     elds" value="47"  /><input type="hidden" name=".cgifields" value="367"  /><input type="hid
Action.c(130):     den" name=".cgifields" value="8"  /><input type="hidden" name=".cgifields" value="98"  /><
Action.c(130):     input type="hidden" name=".cgifields" value="335"  /><input type="hidden" name=".cgifields
Action.c(130):     " value="37"  /><input type="hidden" name=".cgifields" value="43"  /><input type="hidden" 
Action.c(130):     name=".cgifields" value="270"  /><input type="hidden" name=".cgifields" value="485"  /><in
Action.c(130):     put type="hidden" name=".cgifields" value="195"  /><input type="hidden" name=".cgifields" 
Action.c(130):     value="5"  /><input type="hidden" name=".cgifields" value="391"  /><input type="hidden" na
Action.c(130):     me=".cgifields" value="21"  /><input type="hidden" name=".cgifields" value="288"  /><input
Action.c(130):      type="hidden" name=".cgifields" value="193"  /><input type="hidden" name=".cgifields" val
Action.c(130):     ue="460"  /><input type="hidden" name=".cgifields" value="119"  /><input type="hidden" nam
Action.c(130):     e=".cgifields" value="453"  /><input type="hidden" name=".cgifields" value="324"  /><input
Action.c(130):      type="hidden" name=".cgifields" value="180"  /><input type="hidden" name=".cgifields" val
Action.c(130):     ue="244"  /><input type="hidden" name=".cgifields" value="162"  /><input type="hidden" nam
Action.c(130):     e=".cgifields" value="433"  /><input type="hidden" name=".cgifields" value="351"  /><input
Action.c(130):      type="hidden" name=".cgifields" value="410"  /><input type="hidden" name=".cgifields" val
Action.c(130):     ue="246"  /><input type="hidden" name=".cgifields" value="240"  /><input type="hidden" nam
Action.c(130):     e=".cgifields" value="74"  /><input type="hidden" name=".cgifields" value="334"  /><input 
Action.c(130):     type="hidden" name=".cgifields" value="440"  /><input type="hidden" name=".cgifields" valu
Action.c(130):     e="61"  /><input type="hidden" name=".cgifields" value="230"  /><input type="hidden" name=
Action.c(130):     ".cgifields" value="299"  /><input type="hidden" name=".cgifields" value="115"  /><input t
Action.c(130):     ype="hidden" name=".cgifields" value="430"  /><input type="hidden" name=".cgifields" value
Action.c(130):     ="377"  /><input type="hidden" name=".cgifields" value="447"  /><input type="hidden" name=
Action.c(130):     ".cgifields" value="103"  /><input type="hidden" name=".cgifields" value="201"  /><input t
Action.c(130):     ype="hidden" name=".cgifields" value="379"  /><input type="hidden" name=".cgifields" value
Action.c(130):     ="423"  /><input type="hidden" name=".cgifields" value="415"  /><input type="hidden" name=
Action.c(130):     ".cgifields" value="113"  /><input type="hidden" name=".cgifields" value="152"  /><input t
Action.c(130):     ype="hidden" name=".cgifields" value="189"  /><input type="hidden" name=".cgifields" value
Action.c(130):     ="452"  /><input type="hidden" name=".cgifields" value="342"  /><input type="hidden" name=
Action.c(130):     ".cgifields" value="295"  /><input type="hidden" name=".cgifields" value="266"  /><input t
Action.c(130):     ype="hidden" name=".cgifields" value="91"  /><input type="hidden" name=".cgifields" value=
Action.c(130):     "480"  /><input type="hidden" name=".cgifields" value="341"  /><input type="hidden" name="
Action.c(130):     .cgifields" value="438"  /><input type="hidden" name=".cgifields" value="107"  /><input ty
Action.c(130):     pe="hidden" name=".cgifields" value="467"  /><input type="hidden" name=".cgifields" value=
Action.c(130):     "87"  /><input type="hidden" name=".cgifields" value="481"  /><input type="hidden" name=".
Action.c(130):     cgifields" value="474"  /><input type="hidden" name=".cgifields" value="174"  /><input typ
Action.c(130):     e="hidden" name=".cgifields" value="77"  /><input type="hidden" name=".cgifields" value="4
Action.c(130):     44"  /><input type="hidden" name=".cgifields" value="214"  /><input type="hidden" name=".c
Action.c(130):     gifields" value="422"  /><input type="hidden" name=".cgifields" value="221"  /><input type
Action.c(130):     ="hidden" name=".cgifields" value="39"  /><input type="hidden" name=".cgifields" value="64
Action.c(130):     "  /><input type="hidden" name=".cgifields" value="97"  /><input type="hidden" name=".cgif
Action.c(130):     ields" value="417"  /><input type="hidden" name=".cgifields" value="12"  /><input type="hi
Action.c(130):     dden" name=".cgifields" value="41"  /><input type="hidden" name=".cgifields" value="52"  /
Action.c(130):     ><input type="hidden" name=".cgifields" value="312"  /><input type="hidden" name=".cgifiel
Action.c(130):     ds" value="302"  /><input type="hidden" name=".cgifields" value="229"  /><input type="hidd
Action.c(130):     en" name=".cgifields" value="45"  /><input type="hidden" name=".cgifields" value="405"  />
Action.c(130):     <input type="hidden" name=".cgifields" value="260"  /><input type="hidden" name=".cgifield
Action.c(130):     s" value="237"  /><input type="hidden" name=".cgifields" value="370"  /><input type="hidde
Action.c(130):     n" name=".cgifields" value="309"  /><input type="hidden" name=".cgifields" value="188"  />
Action.c(130):     <input type="hidden" name=".cgifields" value="68"  /><input type="hidden" name=".cgifields
Action.c(130):     " value="402"  /><input type="hidden" name=".cgifields" value="315"  /><input type="hidden
Action.c(130):     " name=".cgifields" value="1"  /><input type="hidden" name=".cgifields" value="136"  /><in
Action.c(130):     put type="hidden" name=".cgifields" value="116"  /><input type="hidden" name=".cgifields" 
Action.c(130):     value="416"  /><input type="hidden" name=".cgifields" value="338"  /><input type="hidden" 
Action.c(130):     name=".cgifields" value="144"  /><input type="hidden" name=".cgifields" value="380"  /><in
Action.c(130):     put type="hidden" name=".cgifields" value="100"  /><input type="hidden" name=".cgifields" 
Action.c(130):     value="300"  /><input type="hidden" name=".cgifields" value="222"  /><input type="hidden" 
Action.c(130):     name=".cgifields" value="25"  /><input type="hidden" name=".cgifields" value="286"  /><inp
Action.c(130):     ut type="hidden" name=".cgifields" value="120"  /><input type="hidden" name=".cgifields" v
Action.c(130):     alue="83"  /><input type="hidden" name=".cgifields" value="484"  /><input type="hidden" na
Action.c(130):     me=".cgifields" value="381"  /><input type="hidden" name=".cgifields" value="305"  /><inpu
Action.c(130):     t type="hidden" name=".cgifields" value="308"  /><input type="hidden" name=".cgifields" va
Action.c(130):     lue="392"  /><input type="hidden" name=".cgifields" value="254"  /><input type="hidden" na
Action.c(130):     me=".cgifields" value="177"  /><input type="hidden" name=".cgifields" value="373"  /><inpu
Action.c(130):     t type="hidden" name=".cgifields" value="217"  /><input type="hidden" name=".cgifields" va
Action.c(130):     lue="328"  /><input type="hidden" name=".cgifields" value="239"  /><input type="hidden" na
Action.c(130):     me=".cgifields" value="122"  /><input type="hidden" name=".cgifields" value="143"  /><inpu
Action.c(130):     t type="hidden" name=".cgifields" value="464"  /><input type="hidden" name=".cgifields" va
Action.c(130):     lue="281"  /><input type="hidden" name=".cgifields" value="269"  /><input type="hidden" na
Action.c(130):     me=".cgifields" value="205"  /><input type="hidden" name=".cgifields" value="158"  /><inpu
Action.c(130):     t type="hidden" name=".cgifields" value="42"  /><input type="hidden" name=".cgifields" val
Action.c(130):     ue="22"  /><input type="hidden" name=".cgifields" value="363"  /><input type="hidden" name
Action.c(130):     =".cgifields" value="46"  /><input type="hidden" name=".cgifields" value="399"  /><input t
Action.c(130):     ype="hidden" name=".cgifields" value="235"  /><input type="hidden" name=".cgifields" value
Action.c(130):     ="301"  /><input type="hidden" name=".cgifields" value="6"  /><input type="hidden" name=".
Action.c(130):     cgifields" value="436"  /><input type="hidden" name=".cgifields" value="36"  /><input type
Action.c(130):     ="hidden" name=".cgifields" value="213"  /><input type="hidden" name=".cgifields" value="1
Action.c(130):     83"  /><input type="hidden" name=".cgifields" value="94"  /><input type="hidden" name=".cg
Action.c(130):     ifields" value="51"  /><input type="hidden" name=".cgifields" value="472"  /><input type="
Action.c(130):     hidden" name=".cgifields" value="456"  /><input type="hidden" name=".cgifields" value="439
Action.c(130):     "  /><input type="hidden" name=".cgifields" value="362"  /><input type="hidden" name=".cgi
Action.c(130):     fields" value="317"  /><input type="hidden" name=".cgifields" value="296"  /><input type="
Action.c(130):     hidden" name=".cgifields" value="265"  /><input type="hidden" name=".cgifields" value="411
Action.c(130):     "  /><input type="hidden" name=".cgifields" value="169"  /><input type="hidden" name=".cgi
Action.c(130):     fields" value="132"  /><input type="hidden" name=".cgifields" value="171"  /><input type="
Action.c(130):     hidden" name=".cgifields" value="478"  /><input type="hidden" name=".cgifields" value="398
Action.c(130):     "  /><input type="hidden" name=".cgifields" value="384"  /><input type="hidden" name=".cgi
Action.c(130):     fields" value="386"  /><input type="hidden" name=".cgifields" value="407"  /><input type="
Action.c(130):     hidden" name=".cgifields" value="445"  /><input type="hidden" name=".cgifields" value="200
Action.c(130):     "  /><input type="hidden" name=".cgifields" value="18"  /><input type="hidden" name=".cgif
Action.c(130):     ields" value="376"  /><input type="hidden" name=".cgifields" value="366"  /><input type="h
Action.c(130):     idden" name=".cgifields" value="125"  /><input type="hidden" name=".cgifields" value="329"
Action.c(130):       /><input type="hidden" name=".cgifields" value="44"  /><input type="hidden" name=".cgifi
Action.c(130):     elds" value="27"  /><input type="hidden" name=".cgifields" value="272"  /><input type="hid
Action.c(130):     den" name=".cgifields" value="161"  /><input type="hidden" name=".cgifields" value="190"  
Action.c(130):     /><input type="hidden" name=".cgifields" value="298"  /><input type="hidden" name=".cgifie
Action.c(130):     lds" value="95"  /><input type="hidden" name=".cgifields" value="400"  /><input type="hidd
Action.c(130):     en" name=".cgifields" value="313"  /><input type="hidden" name=".cgifields" value="20"  />
Action.c(130):     <input type="hidden" name=".cgifields" value="109"  /><input type="hidden" name=".cgifield
Action.c(130):     s" value="231"  /><input type="hidden" name=".cgifields" value="243"  /><input type="hidde
Action.c(130):     n" name=".cgifields" value="151"  /><input type="hidden" name=".cgifields" value="148"  />
Action.c(130):     <input type="hidden" name=".cgifields" value="343"  /><input type="hidden" name=".cgifield
Action.c(130):     s" value="468"  /><input type="hidden" name=".cgifields" value="287"  /><input type="hidde
Action.c(130):     n" name=".cgifields" value="475"  /><input type="hidden" name=".cgifields" value="441"  />
Action.c(130):     <input type="hidden" name=".cgifields" value="78"  /><input type="hidden" name=".cgifields
Action.c(130):     " value="413"  /><input type="hidden" name=".cgifields" value="397"  /><input type="hidden
Action.c(130):     " name=".cgifields" value="294"  /><input type="hidden" name=".cgifields" value="349"  /><
Action.c(130):     input type="hidden" name=".cgifields" value="106"  /><input type="hidden" name=".cgifields
Action.c(130):     " value="275"  /><input type="hidden" name=".cgifields" value="157"  /><input type="hidden
Action.c(130):     " name=".cgifields" value="65"  /><input type="hidden" name=".cgifields" value="197"  /><i
Action.c(130):     nput type="hidden" name=".cgifields" value="203"  /><input type="hidden" name=".cgifields"
Action.c(130):      value="261"  /><input type="hidden" name=".cgifields" value="138"  /><input type="hidden"
Action.c(130):      name=".cgifields" value="81"  /><input type="hidden" name=".cgifields" value="137"  /><in
Action.c(130):     put type="hidden" name=".cgifields" value="60"  /><input type="hidden" name=".cgifields" v
Action.c(130):     alue="459"  /><input type="hidden" name=".cgifields" value="432"  /><input type="hidden" n
Action.c(130):     ame=".cgifields" value="321"  /><input type="hidden" name=".cgifields" value="284"  /><inp
Action.c(130):     ut type="hidden" name=".cgifields" value="86"  /><input type="hidden" name=".cgifields" va
Action.c(130):     lue="247"  /><input type="hidden" name=".cgifields" value="371"  /><input type="hidden" na
Action.c(130):     me=".cgifields" value="204"  /><input type="hidden" name=".cgifields" value="289"  /><inpu
Action.c(130):     t type="hidden" name=".cgifields" value="165"  /><input type="hidden" name=".cgifields" va
Action.c(130):     lue="346"  /><input type="hidden" name=".cgifields" value="17"  /><input type="hidden" nam
Action.c(130):     e=".cgifields" value="2"  /><input type="hidden" name=".cgifields" value="435"  /><input t
Action.c(130):     ype="hidden" name=".cgifields" value="427"  /><input type="hidden" name=".cgifields" value
Action.c(130):     ="401"  /><input type="hidden" name=".cgifields" value="186"  /><input type="hidden" name=
Action.c(130):     ".cgifields" value="82"  /><input type="hidden" name=".cgifields" value="110"  /><input ty
Action.c(130):     pe="hidden" name=".cgifields" value="147"  /><input type="hidden" name=".cgifields" value=
Action.c(130):     "333"  /><input type="hidden" name=".cgifields" value="339"  /><input type="hidden" name="
Action.c(130):     .cgifields" value="228"  /><input type="hidden" name=".cgifields" value="323"  /><input ty
Action.c(130):     pe="hidden" name=".cgifields" value="268"  /><input type="hidden" name=".cgifields" value=
Action.c(130):     "345"  /><input type="hidden" name=".cgifields" value="69"  /><input type="hidden" name=".
Action.c(130):     cgifields" value="112"  /><input type="hidden" name=".cgifields" value="319"  /><input typ
Action.c(130):     e="hidden" name=".cgifields" value="172"  /><input type="hidden" name=".cgifields" value="
Action.c(130):     191"  /><input type="hidden" name=".cgifields" value="224"  /><input type="hidden" name=".
Action.c(130):     cgifields" value="187"  /><input type="hidden" name=".cgifields" value="404"  /><input typ
Action.c(130):     e="hidden" name=".cgifields" value="223"  /><input type="hidden" name=".cgifields" value="
Action.c(130):     446"  /><input type="hidden" name=".cgifields" value="282"  /><input type="hidden" name=".
Action.c(130):     cgifields" value="420"  /><input type="hidden" 
Action.c(130): t=4543365ms: 7-byte chunked response overhead for "http://localhost:1080/cgi-bin/itinerary.pl" (RelFrameId=1, Internal ID=2337)
Action.c(130):     \r\n
Action.c(130):     a93\r\n
Action.c(130): t=4543365ms: 7-byte chunked response overhead for "http://localhost:1080/cgi-bin/itinerary.pl" (RelFrameId=1, Internal ID=2337)
Action.c(130):     \r\n
Action.c(130):     0\r\n
Action.c(130):     \r\n
Action.c(130): t=4543365ms: 7869-byte chunked response body for "http://localhost:1080/cgi-bin/itinerary.pl" (RelFrameId=1, Internal ID=2337)
Action.c(130):     name=".cgifields" value="262"  /><input type="hidden" name=".cgifields" value="79"  /><inp
Action.c(130):     ut type="hidden" name=".cgifields" value="121"  /><input type="hidden" name=".cgifields" v
Action.c(130):     alue="212"  /><input type="hidden" name=".cgifields" value="352"  /><input type="hidden" n
Action.c(130):     ame=".cgifields" value="344"  /><input type="hidden" name=".cgifields" value="126"  /><inp
Action.c(130):     ut type="hidden" name=".cgifields" value="238"  /><input type="hidden" name=".cgifields" v
Action.c(130):     alue="426"  /><input type="hidden" name=".cgifields" value="251"  /><input type="hidden" n
Action.c(130):     ame=".cgifields" value="369"  /><input type="hidden" name=".cgifields" value="253"  /><inp
Action.c(130):     ut type="hidden" name=".cgifields" value="279"  /><input type="hidden" name=".cgifields" v
Action.c(130):     alue="176"  /><input type="hidden" name=".cgifields" value="448"  /><input type="hidden" n
Action.c(130):     ame=".cgifields" value="209"  /><input type="hidden" name=".cgifields" value="483"  /><inp
Action.c(130):     ut type="hidden" name=".cgifields" value="357"  /><input type="hidden" name=".cgifields" v
Action.c(130):     alue="216"  /><input type="hidden" name=".cgifields" value="256"  /><input type="hidden" n
Action.c(130):     ame=".cgifields" value="372"  /><input type="hidden" name=".cgifields" value="117"  /><inp
Action.c(130):     ut type="hidden" name=".cgifields" value="170"  /><input type="hidden" name=".cgifields" v
Action.c(130):     alue="33"  /><input type="hidden" name=".cgifields" value="63"  /><input type="hidden" nam
Action.c(130):     e=".cgifields" value="428"  /><input type="hidden" name=".cgifields" value="455"  /><input
Action.c(130):      type="hidden" name=".cgifields" value="7"  /><input type="hidden" name=".cgifields" value
Action.c(130):     ="80"  /><input type="hidden" name=".cgifields" value="26"  /><input type="hidden" name=".
Action.c(130):     cgifields" value="227"  /><input type="hidden" name=".cgifields" value="336"  /><input typ
Action.c(130):     e="hidden" name=".cgifields" value="457"  /><input type="hidden" name=".cgifields" value="
Action.c(130):     99"  /><input type="hidden" name=".cgifields" value="72"  /><input type="hidden" name=".cg
Action.c(130):     ifields" value="179"  /><input type="hidden" name=".cgifields" value="383"  /><input type=
Action.c(130):     "hidden" name=".cgifields" value="264"  /><input type="hidden" name=".cgifields" value="25
Action.c(130):     5"  /><input type="hidden" name=".cgifields" value="297"  /><input type="hidden" name=".cg
Action.c(130):     ifields" value="359"  /><input type="hidden" name=".cgifields" value="182"  /><input type=
Action.c(130):     "hidden" name=".cgifields" value="108"  /><input type="hidden" name=".cgifields" value="27
Action.c(130):     7"  /><input type="hidden" name=".cgifields" value="92"  /><input type="hidden" name=".cgi
Action.c(130):     fields" value="462"  /><input type="hidden" name=".cgifields" value="414"  /><input type="
Action.c(130):     hidden" name=".cgifields" value="232"  /><input type="hidden" name=".cgifields" value="477
Action.c(130):     "  /><input type="hidden" name=".cgifields" value="10"  /><input type="hidden" name=".cgif
Action.c(130):     ields" value="225"  /><input type="hidden" name=".cgifields" value="330"  /><input type="h
Action.c(130):     idden" name=".cgifields" value="142"  /><input type="hidden" name=".cgifields" value="207"
Action.c(130):       /><input type="hidden" name=".cgifields" value="263"  /><input type="hidden" name=".cgif
Action.c(130):     ields" value="394"  /><input type="hidden" name=".cgifields" value="167"  /><input type="h
Action.c(130):     idden" name=".cgifields" value="48"  /><input type="hidden" name=".cgifields" value="360" 
Action.c(130):      /><input type="hidden" name=".cgifields" value="419"  /><input type="hidden" name=".cgifi
Action.c(130):     elds" value="133"  /><input type="hidden" name=".cgifields" value="290"  /><input type="hi
Action.c(130):     dden" name=".cgifields" value="123"  /><input type="hidden" name=".cgifields" value="149" 
Action.c(130):      /><input type="hidden" name=".cgifields" value="304"  /><input type="hidden" name=".cgifi
Action.c(130):     elds" value="50"  /><input type="hidden" name=".cgifields" value="476"  /><input type="hid
Action.c(130):     den" name=".cgifields" value="210"  /><input type="hidden" name=".cgifields" value="406"  
Action.c(130):     /><input type="hidden" name=".cgifields" value="396"  /><input type="hidden" name=".cgifie
Action.c(130):     lds" value="258"  /><input type="hidden" name=".cgifields" value="482"  /><input type="hid
Action.c(130):     den" name=".cgifields" value="173"  /><input type="hidden" name=".cgifields" value="393"  
Action.c(130):     /><input type="hidden" name=".cgifields" value="56"  /><input type="hidden" name=".cgifiel
Action.c(130):     ds" value="66"  /><input type="hidden" name=".cgifields" value="449"  /><input type="hidde
Action.c(130):     n" name=".cgifields" value="19"  /><input type="hidden" name=".cgifields" value="293"  /><
Action.c(130):     input type="hidden" name=".cgifields" value="54"  /><input type="hidden" name=".cgifields"
Action.c(130):      value="365"  /><input type="hidden" name=".cgifields" value="274"  /><input type="hidden"
Action.c(130):      name=".cgifields" value="306"  /><input type="hidden" name=".cgifields" value="470"  /><i
Action.c(130):     nput type="hidden" name=".cgifields" value="70"  /><input type="hidden" name=".cgifields" 
Action.c(130):     value="322"  /><input type="hidden" name=".cgifields" value="469"  /><input type="hidden" 
Action.c(130):     name=".cgifields" value="353"  /><input type="hidden" name=".cgifields" value="166"  /><in
Action.c(130):     put type="hidden" name=".cgifields" value="375"  /><input type="hidden" name=".cgifields" 
Action.c(130):     value="88"  /><input type="hidden" name=".cgifields" value="30"  /><input type="hidden" na
Action.c(130):     me=".cgifields" value="141"  /><input type="hidden" name=".cgifields" value="403"  /><inpu
Action.c(130):     t type="hidden" name=".cgifields" value="128"  /><input type="hidden" name=".cgifields" va
Action.c(130):     lue="466"  /><input type="hidden" name=".cgifields" value="252"  /><input type="hidden" na
Action.c(130):     me=".cgifields" value="28"  /><input type="hidden" name=".cgifields" value="310"  /><input
Action.c(130):      type="hidden" name=".cgifields" value="283"  /><input type="hidden" name=".cgifields" val
Action.c(130):     ue="75"  /><input type="hidden" name=".cgifields" value="40"  /><input type="hidden" name=
Action.c(130):     ".cgifields" value="134"  /><input type="hidden" name=".cgifields" value="156"  /><input t
Action.c(130):     ype="hidden" name=".cgifields" value="303"  /><input type="hidden" name=".cgifields" value
Action.c(130):     ="192"  /><input type="hidden" name=".cgifields" value="250"  /><input type="hidden" name=
Action.c(130):     ".cgifields" value="421"  /><input type="hidden" name=".cgifields" value="59"  /><input ty
Action.c(130):     pe="hidden" name=".cgifields" value="215"  /><input type="hidden" name=".cgifields" value=
Action.c(130):     "450"  /><input type="hidden" name=".cgifields" value="278"  /><input type="hidden" name="
Action.c(130):     .cgifields" value="150"  /><input type="hidden" name=".cgifields" value="271"  /><input ty
Action.c(130):     pe="hidden" name=".cgifields" value="130"  /><input type="hidden" name=".cgifields" value=
Action.c(130):     "155"  /><input type="hidden" name=".cgifields" value="387"  /><input type="hidden" name="
Action.c(130):     .cgifields" value="53"  /><input type="hidden" name=".cgifields" value="245"  /><input typ
Action.c(130):     e="hidden" name=".cgifields" value="267"  /><input type="hidden" name=".cgifields" value="
Action.c(130):     354"  /><input type="hidden" name=".cgifields" value="461"  /><input type="hidden" name=".
Action.c(130):     cgifields" value="219"  /><input type="hidden" name=".cgifields" value="318"  /><input typ
Action.c(130):     e="hidden" name=".cgifields" value="13"  /><input type="hidden" name=".cgifields" value="2
Action.c(130):     57"  /><input type="hidden" name=".cgifields" value="105"  /><input type="hidden" name=".c
Action.c(130):     gifields" value="473"  /><input type="hidden" name=".cgifields" value="85"  /><input type=
Action.c(130):     "hidden" name=".cgifields" value="3"  /><input type="hidden" name=".cgifields" value="185"
Action.c(130):       /><input type="hidden" name=".cgifields" value="390"  /><input type="hidden" name=".cgif
Action.c(130):     ields" value="332"  /><input type="hidden" name=".cgifields" value="248"  /><input type="h
Action.c(130):     idden" name=".cgifields" value="111"  /><input type="hidden" name=".cgifields" value="9"  
Action.c(130):     /><input type="hidden" name=".cgifields" value="146"  /><input type="hidden" name=".cgifie
Action.c(130):     lds" value="425"  /><input type="hidden" name=".cgifields" value="408"  /><input type="hid
Action.c(130):     den" name=".cgifields" value="356"  /><input type="hidden" name=".cgifields" value="38"  /
Action.c(130):     ><input type="hidden" name=".cgifields" value="4"  /><input type="hidden" name=".cgifields
Action.c(130):     " value="34"  /><input type="hidden" name=".cgifields" value="164"  /><input type="hidden"
Action.c(130):      name=".cgifields" value="196"  /><input type="hidden" name=".cgifields" value="242"  /></
Action.c(130):     div></form>\n
Action.c(130):     \n
Action.c(130):     </center>\n
Action.c(130):     \n
Action.c(130):     </body>\n
Action.c(130):     </html>
Action.c(130): t=4543381ms: Request done "http://localhost:1080/cgi-bin/itinerary.pl"  	[MsgId: MMSG-26000]
Action.c(130): Registered web_reg_find successful for "Text=Flights List" (count=1)  	[MsgId: MMSG-26364]
Action.c(130): web_submit_form("itinerary.pl") was successful, 551447 body bytes, 256 header bytes, 1043 chunking overhead bytes  	[MsgId: MMSG-26385]
Action.c(138): Notify: Transaction "transaction_delete_reservation" ended with a "Pass" status (Duration: 0,9327 Wasted Time: 0,0020).	[MsgId: MMSG-16871]
Action.c(140): lr_think_time: 5,00 seconds.	[MsgId: MMSG-15948]
Action.c(142): Notify: Transaction "transaction_logout" started.	[MsgId: MMSG-16999]
Action.c(144): web_remove_auto_header("Sec-Fetch-User") started  	[MsgId: MMSG-26355]
Action.c(144): Previous automatically added web header for "Sec-Fetch-User" removed  	[MsgId: MMSG-26587]
Action.c(144): web_remove/revert_auto_header("Sec-Fetch-User") was successful  	[MsgId: MMSG-26392]
Action.c(146): web_add_header("Sec-Fetch-User") started  	[MsgId: MMSG-26355]
Action.c(146): An unrecognized header ("Sec-Fetch-User") is being added  	[MsgId: MMSG-26595]
Action.c(146): "Sec-Fetch-User: ?1" header registered for adding to requests from the immediately following Action function  	[MsgId: MMSG-26506]
Action.c(146): web_add_header("Sec-Fetch-User") was successful  	[MsgId: MMSG-26392]
Action.c(149): web_reg_find started  	[MsgId: MMSG-26355]
Action.c(149): Registering web_reg_find was successful  	[MsgId: MMSG-26390]
Action.c(152): web_url("SignOff Button") started  	[MsgId: MMSG-26355]
Action.c(152): t=4548382ms: Closed connection [0] to localhost:1080 after completing 1 request(s)  	[MsgId: MMSG-26000]
Action.c(152): t=4548382ms: Connecting [0] to host 127.0.0.1:1080  	[MsgId: MMSG-26000]
Action.c(152): t=4548383ms: Connected socket [0] from 127.0.0.1:7753 to 127.0.0.1:1080 in 0 ms  	[MsgId: MMSG-26000]
Action.c(152): t=4548383ms: 668-byte request headers for "http://localhost:1080/cgi-bin/welcome.pl?signOff=1" (RelFrameId=1, Internal ID=2338)
Action.c(152):     GET /cgi-bin/welcome.pl?signOff=1 HTTP/1.1\r\n
Action.c(152):     Referer: http://localhost:1080/cgi-bin/nav.pl?page=menu&in=itinerary\r\n
Action.c(152):     Sec-Fetch-User: ?1\r\n
Action.c(152):     Sec-Fetch-Site: same-origin\r\n
Action.c(152):     Sec-Fetch-Dest: frame\r\n
Action.c(152):     Sec-Fetch-Mode: navigate\r\n
Action.c(152):     Upgrade-Insecure-Requests: 1\r\n
Action.c(152):     User-Agent: Mozilla/5.0 (Windows NT 10.0; Win64; x64) AppleWebKit/537.36 (KHTML, like Geck
Action.c(152):     o) Chrome/81.0.4044.129 Safari/537.36\r\n
Action.c(152):     Accept-Encoding: gzip, deflate, br\r\n
Action.c(152):     Accept-Language: ru-RU,ru;q=0.9,en-US;q=0.8,en;q=0.7\r\n
Action.c(152):     Accept: */*\r\n
Action.c(152):     Connection: Keep-Alive\r\n
Action.c(152):     Host: localhost:1080\r\n
Action.c(152):     Cookie: MSO=SID&1590416352; MTUserInfo=firstName&User8&address2&&username&user8&hash&120&l
Action.c(152):     astName&Userovich%0A&address1&&creditCard&&expDate&%0A\r\n
Action.c(152):     \r\n
Action.c(152): t=4548448ms: 328-byte response headers for "http://localhost:1080/cgi-bin/welcome.pl?signOff=1" (RelFrameId=1, Internal ID=2338)
Action.c(152):     HTTP/1.1 200 OK\r\n
Action.c(152):     Date: Mon, 25 May 2020 14:19:34 GMT\r\n
Action.c(152):     Server: Apache/2.2.21 (Win32)\r\n
Action.c(152):     Set-Cookie: MSO=SID&1590416374; path=/\r\n
Action.c(152):     Set-Cookie: MTUserInfo=; path=/; expires=Sun, 24-May-2020 14:19:34 GMT\r\n
Action.c(152):     Keep-Alive: timeout=5, max=100\r\n
Action.c(152):     Connection: Keep-Alive\r\n
Action.c(152):     Transfer-Encoding: chunked\r\n
Action.c(152):     Content-Type: text/html; charset=ISO-8859-1\r\n
Action.c(152):     \r\n
Action.c(152): t=4548449ms: 5-byte chunked response overhead for "http://localhost:1080/cgi-bin/welcome.pl?signOff=1" (RelFrameId=1, Internal ID=2338)
Action.c(152):     2ae\r\n
Action.c(152): t=4548449ms: 2-byte chunked response overhead for "http://localhost:1080/cgi-bin/welcome.pl?signOff=1" (RelFrameId=1, Internal ID=2338)
Action.c(152):     \r\n
Action.c(152): t=4548449ms: 686-byte chunked response body for "http://localhost:1080/cgi-bin/welcome.pl?signOff=1" (RelFrameId=1, Internal ID=2338)
Action.c(152):     <!-- \n
Action.c(152):      A Session ID has been created and loaded into a cookie called MSO.\n
Action.c(152):      Also, the server options have been loaded into the cookie called\n
Action.c(152):      MSO as well.  The server options can be set via the Admin page.\n
Action.c(152):      --->\n
Action.c(152):     \n
Action.c(152):     <html>\n
Action.c(152):     <title>Web Tours</title>\n
Action.c(152):        <!-- Frame Set -->\n
Action.c(152):        <frameset cols="160,*" border="1" frameborder="1">\n
Action.c(152):           <!-- Navigation Frame -->\n
Action.c(152):           <frame src="nav.pl?in=home" name="navbar" marginheight="2" marginwidth="2" \n
Action.c(152):                 noresize="noresize" scrolling="auto"/>\n
Action.c(152):           <!-- Home Frame -->\n
Action.c(152):           <frame src="/WebTours/home.html" name="info" marginheight="2" marginwidth="2" \n
Action.c(152):                 noresize="noresize" scrolling="auto"/>\n
Action.c(152):        </frameset>\n
Action.c(152):     </html>\n
Action.c(152):     \n
Action.c(152):     </body>\n
Action.c(152):     </html>
Action.c(152): Detected non-resource "http://localhost:1080/cgi-bin/nav.pl?in=home" in "http://localhost:1080/cgi-bin/welcome.pl?signOff=1"  	[MsgId: MMSG-26574]
Action.c(152): Detected non-resource "http://localhost:1080/WebTours/home.html" in "http://localhost:1080/cgi-bin/welcome.pl?signOff=1"  	[MsgId: MMSG-26574]
Action.c(152): Retrieving data from cache for "http://localhost:1080/WebTours/home.html"  	[MsgId: MMSG-26558]
Action.c(152): t=4548450ms: 1361-byte response body retrieved from cache for "http://localhost:1080/WebTours/home.html" (RelFrameId=1.2, Internal ID=2340)
Action.c(152):     <HTML>\n
Action.c(152):     <HEAD>\n
Action.c(152):     \t<title>Web Tours</title>\n
Action.c(152):     </HEAD>\n
Action.c(152):     <style>\n
Action.c(152):     \tblockquote {font-family: tahoma; font-size : 10pt}\n
Action.c(152):     \tH1 {font-family: tahoma; font-size : 22pt; color: #003366}\n
Action.c(152):     \tsmall {font-family: tahoma; font-size : 8pt}\n
Action.c(152):     \tH3{font-family: tahoma; font-size : 10pt; color: black}\n
Action.c(152):     \tA {FONT-WEIGHT: bold; FONT-SIZE: 10pt; COLOR: black; FONT-FAMILY: Tahoma; TEXT-DECORATIO
Action.c(152):     N: none}\n
Action.c(152):     \tA:hover{ FONT-WEIGHT: bold; FONT-SIZE: 10pt; COLOR: #993333; FONT-FAMILY: Tahoma;TEXT-DE
Action.c(152):     CORATION: underline}\n
Action.c(152):     \tTD {font-family: tahoma; font-size : 10pt; color: black}\n
Action.c(152):     </style>\n
Action.c(152):     <body bgcolor="#e0e7f1">\n
Action.c(152):     <BR/>\n
Action.c(152):     <BR/>\n
Action.c(152):     <BR/>\n
Action.c(152):     <br/>\n
Action.c(152):     <table border="0">\n
Action.c(152):     <tr><td></td></tr>\n
Action.c(152):     <TR><TD></TD></TR>\n
Action.c(152):     <TR><TD>\n
Action.c(152):     <blockquote>\n
Action.c(152):     <H1><b>Web Tours</b></H1>\n
Action.c(152):     Welcome to the Web Tours site.\n
Action.c(152):     <br/>\n
Action.c(152):     To make reservations,please enter your account information to the left.\n
Action.c(152):     <br/>\n
Action.c(152):     If you haven't registered yet, <A href="/cgi-bin/login.pl?username=&amp;password=&amp;getI
Action.c(152):     nfo=true" ><B>sign up now</B></A> to get access to all our resources.\n
Action.c(152):     <br/>\n
Action.c(152):     To configure the server options, use <A href="/cgi-bin/admin.pl" target="body" ><b>adminis
Action.c(152):     tration</b></A> link.\n
Action.c(152):     <br/><br/><br/><br/><br/><br/>\n
Action.c(152):     <br/><small>\n
Action.c(152):     This product uses parts of the SMT Kernel, Copyright (c) 1991-99 <A href="http://www.imati
Action.c(152):     x.com" target="new"><B><small>iMatix Corporation</small></B></A> \n
Action.c(152):     </small>\n
Action.c(152):     </blockquote></TD>\n
Action.c(152):     <TD></TD></TR>\n
Action.c(152):     </table>\n
Action.c(152):     </body>\n
Action.c(152):     </HTML>\n
Action.c(152): t=4548452ms: 5-byte chunked response overhead for "http://localhost:1080/cgi-bin/welcome.pl?signOff=1" (RelFrameId=1, Internal ID=2338)
Action.c(152):     0\r\n
Action.c(152):     \r\n
Action.c(152): t=4548452ms: Request done "http://localhost:1080/cgi-bin/welcome.pl?signOff=1"  	[MsgId: MMSG-26000]
Action.c(152): t=4548452ms: Connecting [1] to host 127.0.0.1:1080  	[MsgId: MMSG-26000]
Action.c(152): t=4548453ms: Connected socket [1] from 127.0.0.1:7754 to 127.0.0.1:1080 in 1 ms  	[MsgId: MMSG-26000]
Action.c(152): t=4548453ms: 535-byte request headers for "http://localhost:1080/cgi-bin/nav.pl?in=home" (RelFrameId=1.1, Internal ID=2339)
Action.c(152):     GET /cgi-bin/nav.pl?in=home HTTP/1.1\r\n
Action.c(152):     Referer: http://localhost:1080/cgi-bin/welcome.pl?signOff=1\r\n
Action.c(152):     Sec-Fetch-User: ?1\r\n
Action.c(152):     Sec-Fetch-Site: same-origin\r\n
Action.c(152):     Sec-Fetch-Dest: frame\r\n
Action.c(152):     Sec-Fetch-Mode: navigate\r\n
Action.c(152):     Upgrade-Insecure-Requests: 1\r\n
Action.c(152):     User-Agent: Mozilla/5.0 (Windows NT 10.0; Win64; x64) AppleWebKit/537.36 (KHTML, like Geck
Action.c(152):     o) Chrome/81.0.4044.129 Safari/537.36\r\n
Action.c(152):     Accept-Encoding: gzip, deflate, br\r\n
Action.c(152):     Accept-Language: ru-RU,ru;q=0.9,en-US;q=0.8,en;q=0.7\r\n
Action.c(152):     Accept: */*\r\n
Action.c(152):     Connection: Keep-Alive\r\n
Action.c(152):     Host: localhost:1080\r\n
Action.c(152):     Cookie: MSO=SID&1590416374\r\n
Action.c(152):     \r\n
Action.c(152): t=4548529ms: 256-byte response headers for "http://localhost:1080/cgi-bin/nav.pl?in=home" (RelFrameId=1.1, Internal ID=2339)
Action.c(152):     HTTP/1.1 200 OK\r\n
Action.c(152):     Date: Mon, 25 May 2020 14:19:34 GMT\r\n
Action.c(152):     Server: Apache/2.2.21 (Win32)\r\n
Action.c(152):     Expires: Sun, 24 May 2020 14:19:34 GMT\r\n
Action.c(152):     Keep-Alive: timeout=5, max=100\r\n
Action.c(152):     Connection: Keep-Alive\r\n
Action.c(152):     Transfer-Encoding: chunked\r\n
Action.c(152):     Content-Type: text/html; charset=ISO-8859-1\r\n
Action.c(152):     \r\n
Action.c(152): t=4548530ms: 5-byte chunked response overhead for "http://localhost:1080/cgi-bin/nav.pl?in=home" (RelFrameId=1.1, Internal ID=2339)
Action.c(152):     5d1\r\n
Action.c(152): t=4548530ms: 2-byte chunked response overhead for "http://localhost:1080/cgi-bin/nav.pl?in=home" (RelFrameId=1.1, Internal ID=2339)
Action.c(152):     \r\n
Action.c(152): t=4548530ms: 1489-byte chunked response body for "http://localhost:1080/cgi-bin/nav.pl?in=home" (RelFrameId=1.1, Internal ID=2339)
Action.c(152):     <!DOCTYPE html\n
Action.c(152):     \tPUBLIC "-//W3C//DTD XHTML 1.0 Transitional//EN"\n
Action.c(152):     \t "http://www.w3.org/TR/xhtml1/DTD/xhtml1-transitional.dtd">\n
Action.c(152):     <html xmlns="http://www.w3.org/1999/xhtml" lang="en-US" xml:lang="en-US">\n
Action.c(152):     <head>\n
Action.c(152):     <title>Web Tours Navigation Bar</title>\n
Action.c(152):     <meta http-equiv="Content-Type" content="text/html; charset=iso-8859-1" />\n
Action.c(152):     </head>\n
Action.c(152):     <body bgcolor="#E0E7F1">\n
Action.c(152):     <style>\n
Action.c(152):     blockquote {font-family: tahoma; font-size : 10pt}\n
Action.c(152):     H1 {font-family: tahoma; font-size : 22pt; color: #993333}\n
Action.c(152):     H3 {font-family: tahoma; font-size : 10pt; color: black}\n
Action.c(152):     small {font-family: tahoma; font-size : 8pt}\n
Action.c(152):     </style>\n
Action.c(152):     <form method="post" action="/cgi-bin/login.pl" target="body">\n
Action.c(152):     <input type="hidden" name="userSession" value="128830.811988659zzczHDtpiQVzzzzHDQHzAptAQDf
Action.c(152):     "/>\n
Action.c(152):     <table border="0"><tr><td>&nbsp;</td>\n
Action.c(152):     <td>&nbsp;</td></tr>\n
Action.c(152):     <tr><td>&nbsp;</td>\n
Action.c(152):     <td>&nbsp;</td></tr>\n
Action.c(152):     <tr><td>&nbsp;</td>\n
Action.c(152):     <td><small>&nbsp;Username</small></td></tr>\n
Action.c(152):     <tr><td>&nbsp;</td>\n
Action.c(152):     <td><input type="text" name="username" value="" size="14" maxlength="14"/></td></tr>\n
Action.c(152):     <tr><td>&nbsp;</td>\n
Action.c(152):     <td><small>&nbsp;Password</small></td>\n
Action.c(152):     <tr><td>&nbsp;</td>\n
Action.c(152):     <td><input type="password" name="password" value="" size="14" maxlength="14"/></td></tr>\n
Action.c(152):     <tr><td>&nbsp;</td>\n
Action.c(152):     <td>&nbsp;</td></tr>\n
Action.c(152):     <tr><td>&nbsp;</td>\n
Action.c(152):     <td><input type="image" name="login" value="Login" alt="Login" border="1" \n
Action.c(152):     src="/WebTours/images/mer_login.gif"/></td></tr>\n
Action.c(152):     <tr><td>&nbsp;</td><td>&nbsp;</td></tr>\n
Action.c(152):     </table><input type="hidden" name="JSFormSubmit" value="off"/>\n
Action.c(152):     </form>\n
Action.c(152):     \n
Action.c(152):     </body>\n
Action.c(152):     </html>\n
Action.c(152): Resource "http://localhost:1080/WebTours/images/mer_login.gif" is in the cache already and will not be downloaded again  	[MsgId: MMSG-26655]
Action.c(152): t=4548532ms: 5-byte chunked response overhead for "http://localhost:1080/cgi-bin/nav.pl?in=home" (RelFrameId=1.1, Internal ID=2339)
Action.c(152):     0\r\n
Action.c(152):     \r\n
Action.c(152): t=4548533ms: Request done "http://localhost:1080/cgi-bin/nav.pl?in=home"  	[MsgId: MMSG-26000]
Action.c(152): Registered web_reg_find successful for "Text=A Session ID has been created and loaded into" (count=1)  	[MsgId: MMSG-26364]
Action.c(152): web_url("SignOff Button") was successful, 2175 body bytes, 584 header bytes, 24 chunking overhead bytes  	[MsgId: MMSG-26385]
Action.c(162): Notify: Transaction "transaction_logout" ended with a "Pass" status (Duration: 0,1515 Wasted Time: 0,0000).	[MsgId: MMSG-16871]
Action.c(164): Notify: Transaction "2_cansel_reservation_transaction" ended with a "Pass" status (Duration: 22,0075 Think Time: 20,0026 Wasted Time: 0,0033).	[MsgId: MMSG-16870]
Ending action Action.	[MsgId: MMSG-15918]
Action was aborted.	[MsgId: MMSG-10694]
Ending Vuser...	[MsgId: MMSG-15966]
Starting action vuser_end.	[MsgId: MMSG-15919]
Ending action vuser_end.	[MsgId: MMSG-15918]
Vuser Terminated.	[MsgId: MMSG-15963]
t=4548534ms: Closed connection [0] to localhost:1080 after completing 1 request(s)  	[MsgId: MMSG-26000]
t=4548534ms: Closed connection [1] to localhost:1080 after completing 1 request(s)  	[MsgId: MMSG-26000]
HTML-Mode memory management statistics: Reusable=94, NonReusable=0, CsMemBlockSize=4096, checks disabled  	[MsgId: MMSG-26000]
Vuser 2 (thread 131496), ended OK."	[MsgId: MMSG-10695]
